[35m[Appium][39m Welcome to Appium v1.16.0
[35m[Appium][39m Non-default server args:
[35m[Appium][39m   port: 4725
[35m[Appium][39m   sessionOverride: true
[35m[Appium][39m   udid: 6703ad9e
[35m[Appium][39m Deprecated server args:
[35m[Appium][39m   [31m-U,--udid[39m => --default-capabilities '{"udid":"6703ad9e"}'
[35m[Appium][39m Default capabilities, which will be added to each request unless overridden by desired capabilities:
[35m[Appium][39m   udid: 6703ad9e
[35m[Appium][39m Appium REST http interface listener started on 0.0.0.0:4725
[35m[HTTP][39m [37m-->[39m [37mPOST[39m [37m/wd/hub/session[39m
[35m[HTTP][39m [90m{"capabilities":{"firstMatch":[{"platformName":"Android","appium:appPackage":"com.argrace.oem","appium:appActivity":".MainActivity","appium:noReset":true,"appium:deviceName":"Mi","appium:unicodeKeyboard":true,"appium:resetKeyboard":true}]},"desiredCapabilities":{"platformName":"Android","appPackage":"com.argrace.oem","appActivity":".MainActivity","noReset":true,"deviceName":"Mi","unicodeKeyboard":true,"resetKeyboard":true}}[39m
[debug] [35m[W3C][39m Calling AppiumDriver.createSession() with args: [{"platformName":"Android","appPackage":"com.argrace.oem","appActivity":".MainActivity","noReset":true,"deviceName":"Mi","unicodeKeyboard":true,"resetKeyboard":true},null,{"firstMatch":[{"platformName":"Android","appium:appPackage":"com.argrace.oem","appium:appActivity":".MainActivity","appium:noReset":true,"appium:deviceName":"Mi","appium:unicodeKeyboard":true,"appium:resetKeyboard":true}]}]
[debug] [35m[BaseDriver][39m Event 'newSessionRequested' logged at 1587555056703 (19:30:56 GMT+0800 (China Standard Time))
[35m[BaseDriver][39m The capabilities ["udid"] are not standard capabilities and should have an extension prefix
[35m[Appium][39m 
[35m[Appium][39m ======================================================================
[35m[Appium][39m   DEPRECATION WARNING:
[35m[Appium][39m 
[35m[Appium][39m   The 'automationName' capability was not provided in the desired 
[35m[Appium][39m   capabilities for this Android session
[35m[Appium][39m 
[35m[Appium][39m   Setting 'automationName=UiAutomator2' by default and using the 
[35m[Appium][39m   UiAutomator2 Driver
[35m[Appium][39m 
[35m[Appium][39m   The next major version of Appium (2.x) will **require** the 
[35m[Appium][39m   'automationName' capability to be set for all sessions on all 
[35m[Appium][39m   platforms
[35m[Appium][39m 
[35m[Appium][39m   In previous versions (Appium <= 1.13.x), the default was 
[35m[Appium][39m   'automationName=UiAutomator1'
[35m[Appium][39m 
[35m[Appium][39m   If you wish to use that automation instead of UiAutomator2, please 
[35m[Appium][39m   add 'automationName=UiAutomator1' to your desired capabilities
[35m[Appium][39m 
[35m[Appium][39m   For more information about drivers, please visit 
[35m[Appium][39m   http://appium.io/docs/en/about-appium/intro/ and explore the 
[35m[Appium][39m   'Drivers' menu
[35m[Appium][39m 
[35m[Appium][39m ======================================================================
[35m[Appium][39m 
[35m[Appium][39m Appium v1.16.0 creating new AndroidUiautomator2Driver (v1.40.0) session
[debug] [35m[BaseDriver][39m W3C capabilities and MJSONWP desired capabilities were provided
[debug] [35m[BaseDriver][39m Creating session with W3C capabilities: {
[debug] [35m[BaseDriver][39m   "alwaysMatch": {
[debug] [35m[BaseDriver][39m     "platformName": "Android",
[debug] [35m[BaseDriver][39m     "appium:udid": "6703ad9e",
[debug] [35m[BaseDriver][39m     "appium:appPackage": "com.argrace.oem",
[debug] [35m[BaseDriver][39m     "appium:appActivity": ".MainActivity",
[debug] [35m[BaseDriver][39m     "appium:noReset": true,
[debug] [35m[BaseDriver][39m     "appium:deviceName": "Mi",
[debug] [35m[BaseDriver][39m     "appium:unicodeKeyboard": true,
[debug] [35m[BaseDriver][39m     "appium:resetKeyboard": true
[debug] [35m[BaseDriver][39m   },
[debug] [35m[BaseDriver][39m   "firstMatch": [
[debug] [35m[BaseDriver][39m     {}
[debug] [35m[BaseDriver][39m   ]
[debug] [35m[BaseDriver][39m }
[35m[BaseDriver][39m Session created with session id: eef0b46b-9f92-4c19-b3dd-048a7d67ccf2
[35m[UiAutomator2][39m Starting 'com.argrace.oem' directly on the device
[35m[ADB][39m Found 1 'build-tools' folders under '/Users/hfy/Library/Android/sdk/' (newest first):
[35m[ADB][39m     /Users/hfy/Library/Android/sdk/build-tools/29.0.3
[35m[ADB][39m Using 'adb' from '/Users/hfy/Library/Android/sdk/platform-tools/adb'
[35m[AndroidDriver][39m Retrieving device list
[debug] [35m[ADB][39m Trying to find a connected android device
[debug] [35m[ADB][39m Getting connected devices...
[debug] [35m[ADB][39m Connected devices: [{"udid":"6703ad9e","state":"device"},{"udid":"CLB0218707013241","state":"device"}]
[35m[AndroidDriver][39m Using device: 6703ad9e
[35m[ADB][39m Using 'adb' from '/Users/hfy/Library/Android/sdk/platform-tools/adb'
[debug] [35m[ADB][39m Setting device id to 6703ad9e
[debug] [35m[ADB][39m Running '/Users/hfy/Library/Android/sdk/platform-tools/adb -P 5037 -s 6703ad9e shell getprop ro.build.version.sdk'
[debug] [35m[ADB][39m Current device property 'ro.build.version.sdk': 28
[debug] [35m[ADB][39m Running '/Users/hfy/Library/Android/sdk/platform-tools/adb -P 5037 -s 6703ad9e shell getprop ro.build.version.release'
[debug] [35m[ADB][39m Current device property 'ro.build.version.release': 9
[debug] [35m[ADB][39m Device API level: 28
[35m[UiAutomator2][39m Relaxing hidden api policy
[debug] [35m[ADB][39m Running '/Users/hfy/Library/Android/sdk/platform-tools/adb -P 5037 -s 6703ad9e shell settings put global hidden_api_policy_pre_p_apps 1'
[debug] [35m[ADB][39m Running '/Users/hfy/Library/Android/sdk/platform-tools/adb -P 5037 -s 6703ad9e shell settings put global hidden_api_policy_p_apps 1'
[debug] [35m[ADB][39m Running '/Users/hfy/Library/Android/sdk/platform-tools/adb -P 5037 -s 6703ad9e shell settings put global hidden_api_policy 1'
[35m[AndroidDriver][39m No app sent in, not parsing package/activity
[debug] [35m[ADB][39m Running '/Users/hfy/Library/Android/sdk/platform-tools/adb -P 5037 -s 6703ad9e wait-for-device'
[debug] [35m[ADB][39m Running '/Users/hfy/Library/Android/sdk/platform-tools/adb -P 5037 -s 6703ad9e shell echo ping'
[debug] [35m[AndroidDriver][39m Pushing settings apk to device...
[debug] [35m[ADB][39m Getting install status for io.appium.settings
[debug] [35m[ADB][39m Running '/Users/hfy/Library/Android/sdk/platform-tools/adb -P 5037 -s 6703ad9e shell dumpsys package io.appium.settings'
[debug] [35m[ADB][39m 'io.appium.settings' is installed
[debug] [35m[ADB][39m Getting package info for 'io.appium.settings'
[debug] [35m[ADB][39m Running '/Users/hfy/Library/Android/sdk/platform-tools/adb -P 5037 -s 6703ad9e shell dumpsys package io.appium.settings'
[debug] [35m[ADB][39m The version name of the installed 'io.appium.settings' is greater or equal to the application version name ('2.15.0' >= '2.15.0')
[debug] [35m[ADB][39m There is no need to install/upgrade '/usr/local/lib/node_modules/appium/node_modules/io.appium.settings/apks/settings_apk-debug.apk'
[debug] [35m[ADB][39m Getting IDs of all 'io.appium.settings' processes
[debug] [35m[ADB][39m Running '/Users/hfy/Library/Android/sdk/platform-tools/adb -P 5037 -s 6703ad9e shell 'pgrep --help; echo $?''
[debug] [35m[ADB][39m Running '/Users/hfy/Library/Android/sdk/platform-tools/adb -P 5037 -s 6703ad9e shell pgrep -f io\\.appium\\.settings'
[debug] [35m[AndroidDriver][39m io.appium.settings is already running. There is no need to reset its permissions.
[debug] [35m[ADB][39m Running '/Users/hfy/Library/Android/sdk/platform-tools/adb -P 5037 -s 6703ad9e shell appops set io.appium.settings android\:mock_location allow'
[debug] [35m[Logcat][39m Starting logcat capture
[debug] [35m[AndroidDriver][39m Enabling Unicode keyboard support
[debug] [35m[ADB][39m Running '/Users/hfy/Library/Android/sdk/platform-tools/adb -P 5037 -s 6703ad9e shell settings get secure default_input_method'
[debug] [35m[AndroidDriver][39m Unsetting previous IME io.appium.settings/.UnicodeIME
[debug] [35m[AndroidDriver][39m Setting IME to 'io.appium.settings/.UnicodeIME'
[debug] [35m[ADB][39m Running '/Users/hfy/Library/Android/sdk/platform-tools/adb -P 5037 -s 6703ad9e shell ime enable io.appium.settings/.UnicodeIME'
[debug] [35m[ADB][39m Running '/Users/hfy/Library/Android/sdk/platform-tools/adb -P 5037 -s 6703ad9e shell ime set io.appium.settings/.UnicodeIME'
[debug] [35m[UiAutomator2][39m Forwarding UiAutomator2 Server port 6790 to 8203
[debug] [35m[ADB][39m Forwarding system: 8203 to device: 6790
[debug] [35m[ADB][39m Running '/Users/hfy/Library/Android/sdk/platform-tools/adb -P 5037 -s 6703ad9e forward tcp\:8203 tcp\:6790'
[debug] [35m[ADB][39m Getting install status for io.appium.uiautomator2.server
[debug] [35m[ADB][39m Running '/Users/hfy/Library/Android/sdk/platform-tools/adb -P 5037 -s 6703ad9e shell dumpsys package io.appium.uiautomator2.server'
[debug] [35m[ADB][39m 'io.appium.uiautomator2.server' is installed
[debug] [35m[ADB][39m Getting package info for 'io.appium.uiautomator2.server'
[debug] [35m[ADB][39m Running '/Users/hfy/Library/Android/sdk/platform-tools/adb -P 5037 -s 6703ad9e shell dumpsys package io.appium.uiautomator2.server'
[debug] [35m[ADB][39m The version name of the installed 'io.appium.uiautomator2.server' is greater or equal to the application version name ('4.5.2' >= '4.5.2')
[debug] [35m[UiAutomator2][39m io.appium.uiautomator2.server installation state: sameVersionInstalled
[debug] [35m[ADB][39m Checking app cert for /usr/local/lib/node_modules/appium/node_modules/appium-uiautomator2-server/apks/appium-uiautomator2-server-v4.5.2.apk
[35m[ADB][39m Using 'apksigner' from '/Users/hfy/Library/Android/sdk/build-tools/29.0.3/apksigner'
[debug] [35m[ADB][39m Starting '/Users/hfy/Library/Android/sdk/build-tools/29.0.3/apksigner' with args '["verify","--print-certs","/usr/local/lib/node_modules/appium/node_modules/appium-uiautomator2-server/apks/appium-uiautomator2-server-v4.5.2.apk"]'
[debug] [35m[ADB][39m apksigner stdout: Signer #1 certificate DN: EMAILADDRESS=android@android.com, CN=Android, OU=Android, O=Android, L=Mountain View, ST=California, C=US
[debug] [35m[ADB][39m Signer #1 certificate SHA-256 digest: a40da80a59d170caa950cf15c18c454d47a39b26989d8b640ecd745ba71bf5dc
[debug] [35m[ADB][39m Signer #1 certificate SHA-1 digest: 61ed377e85d386a8dfee6b864bd85b0bfaa5af81
[debug] [35m[ADB][39m Signer #1 certificate MD5 digest: e89b158e4bcf988ebd09eb83f5378e87
[debug] [35m[ADB][39m 
[debug] [35m[ADB][39m '/usr/local/lib/node_modules/appium/node_modules/appium-uiautomator2-server/apks/appium-uiautomator2-server-v4.5.2.apk' is already signed.
[debug] [35m[ADB][39m Getting install status for io.appium.uiautomator2.server.test
[debug] [35m[ADB][39m Running '/Users/hfy/Library/Android/sdk/platform-tools/adb -P 5037 -s 6703ad9e shell dumpsys package io.appium.uiautomator2.server.test'
[debug] [35m[ADB][39m 'io.appium.uiautomator2.server.test' is installed
[debug] [35m[ADB][39m Checking app cert for /usr/local/lib/node_modules/appium/node_modules/appium-uiautomator2-server/apks/appium-uiautomator2-server-debug-androidTest.apk
[debug] [35m[ADB][39m Starting '/Users/hfy/Library/Android/sdk/build-tools/29.0.3/apksigner' with args '["verify","--print-certs","/usr/local/lib/node_modules/appium/node_modules/appium-uiautomator2-server/apks/appium-uiautomator2-server-debug-androidTest.apk"]'
[debug] [35m[ADB][39m apksigner stdout: Signer #1 certificate DN: EMAILADDRESS=android@android.com, CN=Android, OU=Android, O=Android, L=Mountain View, ST=California, C=US
[debug] [35m[ADB][39m Signer #1 certificate SHA-256 digest: a40da80a59d170caa950cf15c18c454d47a39b26989d8b640ecd745ba71bf5dc
[debug] [35m[ADB][39m Signer #1 certificate SHA-1 digest: 61ed377e85d386a8dfee6b864bd85b0bfaa5af81
[debug] [35m[ADB][39m Signer #1 certificate MD5 digest: e89b158e4bcf988ebd09eb83f5378e87
[debug] [35m[ADB][39m 
[debug] [35m[ADB][39m '/usr/local/lib/node_modules/appium/node_modules/appium-uiautomator2-server/apks/appium-uiautomator2-server-debug-androidTest.apk' is already signed.
[35m[UiAutomator2][39m Server packages are not going to be (re)installed
[debug] [35m[UiAutomator2][39m Waiting up to 30000ms for services to be available
[debug] [35m[ADB][39m Running '/Users/hfy/Library/Android/sdk/platform-tools/adb -P 5037 -s 6703ad9e shell pm list instrumentation'
[debug] [35m[UiAutomator2][39m Instrumentation target 'io.appium.uiautomator2.server.test/androidx.test.runner.AndroidJUnitRunner' is available
[debug] [35m[UiAutomator2][39m No app capability. Assuming it is already on the device
[debug] [35m[UiAutomator2][39m Performing shallow cleanup of automation leftovers
[debug] [35m[UiAutomator2][39m No obsolete sessions have been detected (Error: socket hang up)
[debug] [35m[ADB][39m Running '/Users/hfy/Library/Android/sdk/platform-tools/adb -P 5037 -s 6703ad9e shell am force-stop io.appium.uiautomator2.server.test'
[35m[UiAutomator2][39m Starting UIAutomator2 server 4.5.2
[35m[UiAutomator2][39m Using UIAutomator2 server from '/usr/local/lib/node_modules/appium/node_modules/appium-uiautomator2-server/apks/appium-uiautomator2-server-v4.5.2.apk' and test from '/usr/local/lib/node_modules/appium/node_modules/appium-uiautomator2-server/apks/appium-uiautomator2-server-debug-androidTest.apk'
[35m[UiAutomator2][39m Waiting up to 30000ms for UiAutomator2 to be online...
[debug] [35m[ADB][39m Creating ADB subprocess with args: ["-P",5037,"-s","6703ad9e","shell","am","instrument","-w","io.appium.uiautomator2.server.test/androidx.test.runner.AndroidJUnitRunner"]
[debug] [35m[WD Proxy][39m Matched '/status' to command name 'getStatus'
[debug] [35m[WD Proxy][39m Proxying [GET /status] to [GET http://127.0.0.1:8203/wd/hub/status] with no body
[35m[WD Proxy][39m Got an unexpected response with status undefined: {"code":"ECONNRESET"}
[debug] [35m[WD Proxy][39m Matched '/status' to command name 'getStatus'
[debug] [35m[WD Proxy][39m Proxying [GET /status] to [GET http://127.0.0.1:8203/wd/hub/status] with no body
[35m[WD Proxy][39m Got an unexpected response with status undefined: {"code":"ECONNRESET"}
[debug] [35m[Instrumentation][39m io.appium.uiautomator2.server.test.AppiumUiAutomator2Server:
[debug] [35m[WD Proxy][39m Matched '/status' to command name 'getStatus'
[debug] [35m[WD Proxy][39m Proxying [GET /status] to [GET http://127.0.0.1:8203/wd/hub/status] with no body
[35m[WD Proxy][39m Got an unexpected response with status undefined: {"code":"ECONNRESET"}
[debug] [35m[WD Proxy][39m Matched '/status' to command name 'getStatus'
[debug] [35m[WD Proxy][39m Proxying [GET /status] to [GET http://127.0.0.1:8203/wd/hub/status] with no body
[35m[WD Proxy][39m Got an unexpected response with status undefined: {"code":"ECONNRESET"}
[debug] [35m[WD Proxy][39m Matched '/status' to command name 'getStatus'
[debug] [35m[WD Proxy][39m Proxying [GET /status] to [GET http://127.0.0.1:8203/wd/hub/status] with no body
[debug] [35m[WD Proxy][39m Got response with status 200: {"sessionId":"None","value":{"ready":true,"message":"UiAutomator2 Server is ready to accept commands"}}
[debug] [35m[UiAutomator2][39m The initialization of the instrumentation process took 5207ms
[debug] [35m[WD Proxy][39m Matched '/session' to command name 'createSession'
[debug] [35m[WD Proxy][39m Proxying [POST /session] to [POST http://127.0.0.1:8203/wd/hub/session] with body: {"capabilities":{"firstMatch":[{"platform":"LINUX","webStorageEnabled":false,"takesScreenshot":true,"javascriptEnabled":true,"databaseEnabled":false,"networkConnectionEnabled":true,"locationContextEnabled":false,"warnings":{},"desired":{"platformName":"Android","udid":"6703ad9e","appPackage":"com.argrace.oem","appActivity":".MainActivity","noReset":true,"deviceName":"Mi","unicodeKeyboard":true,"resetKeyboard":true},"platformName":"Android","udid":"6703ad9e","appPackage":"com.argrace.oem","appActivity":".MainActivity","noReset":true,"deviceName":"6703ad9e","unicodeKeyboard":true,"resetKeyboard":true,"deviceUDID":"6703ad9e"}],"alwaysMatch":{}}}
[debug] [35m[WD Proxy][39m Got response with status 200: {"sessionId":"aff14b79-4944-4dbd-b1df-6856794f0b92","value":{"sessionId":"aff14b79-4944-4dbd-b1df-6856794f0b92","capabilities":{"firstMatch":[{"platform":"LINUX","webStorageEnabled":false,"takesScreenshot":true,"javascriptEnabled":true,"databaseEnabled":false,"networkConnectionEnabled":true,"locationContextEnabled":false,"warnings":{},"desired":{"platformName":"Android","udid":"6703ad9e","appPackage":"com.argrace.oem","appActivity":".MainActivity","noReset":true,"deviceName":"Mi","unicodeKeyboard":true,"resetKeyboard":true},"platformName":"Android","udid":"6703ad9e","appPackage":"com.argrace.oem","appActivity":".MainActivity","noReset":true,"deviceName":"6703ad9e","unicodeKeyboard":true,"resetKeyboard":true,"deviceUDID":"6703ad9e"}],"alwaysMatch":{}}}}
[35m[WD Proxy][39m Determined the downstream protocol as 'W3C'
[debug] [35m[WD Proxy][39m Proxying [GET /appium/device/info] to [GET http://127.0.0.1:8203/wd/hub/session/aff14b79-4944-4dbd-b1df-6856794f0b92/appium/device/info] with no body
[debug] [35m[WD Proxy][39m Got response with status 200: {"sessionId":"aff14b79-4944-4dbd-b1df-6856794f0b92","value":{"androidId":"079595e9f3b52cb2","manufacturer":"vivo","model":"vivo X21A","brand":"vivo","apiVersion":"28","platformVersion":"9","carrierName":"","realDisplaySize":"1080x2280","displayDensity":480,"networks":[{"type":1,"typeName":"WIFI","subtype":0,"subtypeName":"","isConnected":true,"detailedState":"CONNECTED","state":"CONNECTED","extraInfo":null,"isAvailable":true,"isFailover":false,"isRoaming":false,"capabilities":{"transportTypes":"TRANSPORT_WIFI","networkCapabilities":"NET_CAPABILITY_NOT_METERED,NET_CAPABILITY_INTERNET,NET_CAPABILITY_NOT_RESTRICTED,NET_CAPABILITY_TRUSTED,NET_CAPABILITY_NOT_VPN,NET_CAPABILITY_VALIDATED,NET_CAPABILITY_NOT_ROAMING,NET_CAPABILITY_FOREGROUND,NET_CAPABILITY_NOT_CONGESTED,NET_CAPABILITY_NOT_SUSPENDED","linkUpstreamBandwidthKbps":1048576,"linkDownBandwidthKbps":1048576,"signalStrength":-48,"networkSpecifier":null,"SSID":null}}],"locale":"zh_CN","timeZone":"Asia\/Shanghai","bluetooth":{"state":"OFF"}}}
[debug] [35m[ADB][39m Running '/Users/hfy/Library/Android/sdk/platform-tools/adb -P 5037 -s 6703ad9e shell dumpsys window'
[35m[AndroidDriver][39m Screen already unlocked, doing nothing
[35m[UiAutomator2][39m Starting 'com.argrace.oem/.MainActivity and waiting for 'com.argrace.oem/.MainActivity'
[debug] [35m[ADB][39m Running '/Users/hfy/Library/Android/sdk/platform-tools/adb -P 5037 -s 6703ad9e shell am start -W -n com.argrace.oem/.MainActivity -S -a android.intent.action.MAIN -c android.intent.category.LAUNCHER -f 0x10200000'
[debug] [35m[WD Proxy][39m Proxying [GET /appium/device/pixel_ratio] to [GET http://127.0.0.1:8203/wd/hub/session/aff14b79-4944-4dbd-b1df-6856794f0b92/appium/device/pixel_ratio] with body: {}
[debug] [35m[WD Proxy][39m Got response with status 200: {"sessionId":"aff14b79-4944-4dbd-b1df-6856794f0b92","value":3}
[debug] [35m[WD Proxy][39m Matched '/appium/device/system_bars' to command name 'getSystemBars'
[debug] [35m[WD Proxy][39m Proxying [GET /appium/device/system_bars] to [GET http://127.0.0.1:8203/wd/hub/session/aff14b79-4944-4dbd-b1df-6856794f0b92/appium/device/system_bars] with body: {}
[debug] [35m[WD Proxy][39m Got response with status 200: {"sessionId":"aff14b79-4944-4dbd-b1df-6856794f0b92","value":{"statusBar":84}}
[debug] [35m[WD Proxy][39m Matched '/window/current/size' to command name 'getWindowSize'
[debug] [35m[WD Proxy][39m Proxying [GET /window/current/size] to [GET http://127.0.0.1:8203/wd/hub/session/aff14b79-4944-4dbd-b1df-6856794f0b92/window/current/size] with body: {}
[debug] [35m[WD Proxy][39m Got response with status 200: {"sessionId":"aff14b79-4944-4dbd-b1df-6856794f0b92","value":{"height":2075,"width":1080}}
[35m[Appium][39m New AndroidUiautomator2Driver session created successfully, session eef0b46b-9f92-4c19-b3dd-048a7d67ccf2 added to master session list
[debug] [35m[BaseDriver][39m Event 'newSessionStarted' logged at 1587555067535 (19:31:07 GMT+0800 (China Standard Time))
[debug] [35m[W3C (eef0b46b)][39m Cached the protocol value 'W3C' for the new session eef0b46b-9f92-4c19-b3dd-048a7d67ccf2
[debug] [35m[W3C (eef0b46b)][39m Responding to client with driver.createSession() result: {"capabilities":{"platform":"LINUX","webStorageEnabled":false,"takesScreenshot":true,"javascriptEnabled":true,"databaseEnabled":false,"networkConnectionEnabled":true,"locationContextEnabled":false,"warnings":{},"desired":{"platformName":"Android","udid":"6703ad9e","appPackage":"com.argrace.oem","appActivity":".MainActivity","noReset":true,"deviceName":"Mi","unicodeKeyboard":true,"resetKeyboard":true},"platformName":"Android","udid":"6703ad9e","appPackage":"com.argrace.oem","appActivity":".MainActivity","noReset":true,"deviceName":"6703ad9e","unicodeKeyboard":true,"resetKeyboard":true,"deviceUDID":"6703ad9e","deviceApiLevel":28,"platformVersion":"9","deviceScreenSize":"1080x2280","deviceScreenDensity":480,"deviceModel":"vivo X21A","deviceManufacturer":"vivo","pixelRatio":3,"statBarHeight":84,"viewportRect":{"left":0,"top":84,"width":1080,"height":1991}}}
[35m[HTTP][39m [37m<-- POST /wd/hub/session [39m[32m200[39m [90m10837 ms - 926[39m
[35m[HTTP][39m [90m[39m
[35m[HTTP][39m [37m-->[39m [37mPOST[39m [37m/wd/hub/session/eef0b46b-9f92-4c19-b3dd-048a7d67ccf2/timeouts[39m
[35m[HTTP][39m [90m{"implicit":20000}[39m
[debug] [35m[W3C (eef0b46b)][39m Calling AppiumDriver.timeouts() with args: [null,null,null,null,20000,"eef0b46b-9f92-4c19-b3dd-048a7d67ccf2"]
[debug] [35m[BaseDriver][39m W3C timeout argument: {"implicit":20000}}
[debug] [35m[BaseDriver][39m Set implicit wait to 20000ms
[debug] [35m[W3C (eef0b46b)][39m Responding to client with driver.timeouts() result: null
[35m[HTTP][39m [37m<-- POST /wd/hub/session/eef0b46b-9f92-4c19-b3dd-048a7d67ccf2/timeouts [39m[32m200[39m [90m4 ms - 14[39m
[35m[HTTP][39m [90m[39m
[35m[HTTP][39m [37m-->[39m [37mPOST[39m [37m/wd/hub/session/eef0b46b-9f92-4c19-b3dd-048a7d67ccf2/element[39m
[35m[HTTP][39m [90m{"using":"xpath","value":"//android.widget.TextView[@text=\"首页\"]"}[39m
[debug] [35m[W3C (eef0b46b)][39m Calling AppiumDriver.findElement() with args: ["xpath","//android.widget.TextView[@text=\"首页\"]","eef0b46b-9f92-4c19-b3dd-048a7d67ccf2"]
[debug] [35m[BaseDriver][39m Valid locator strategies for this request: xpath, id, class name, accessibility id, -android uiautomator
[debug] [35m[BaseDriver][39m Waiting up to 20000 ms for condition
[debug] [35m[WD Proxy][39m Matched '/element' to command name 'findElement'
[debug] [35m[WD Proxy][39m Proxying [POST /element] to [POST http://127.0.0.1:8203/wd/hub/session/aff14b79-4944-4dbd-b1df-6856794f0b92/element] with body: {"strategy":"xpath","selector":"//android.widget.TextView[@text=\"首页\"]","context":"","multiple":false}
[35m[WD Proxy][39m Got an unexpected response with status 404: {"sessionId":"aff14b79-4944-4dbd-b1df-6856794f0b92","value":{"error":"no such element","message":"An element could not be located on the page using the given search parameters","stacktrace":"io.appium.uiautomator2.common.exceptions.ElementNotFoundException: An element could not be located on the page using the given search parameters\n\tat io.appium.uiautomator2.handler.FindElement.findElement(FindElement.java:102)\n\tat io.appium.uiautomator2.handler.FindElement.safeHandle(FindElement.java:72)\n\tat io.appium.uiautomator2.handler.request.SafeRequestHandler.handle(SafeRequestHandler.java:38)\n\tat io.appium.uiautomator2.server.AppiumServlet.handleRequest(AppiumServlet.java:252)\n\tat io.appium.uiautomator2.server.AppiumServlet.handleHttpRequest(AppiumServlet.java:242)\n\tat io.appium.uiautomator2.http.ServerHandler.channelRead(ServerHandler.java:51)\n\tat io.netty.channel.AbstractChannelHandlerContext.invokeChannelRead(AbstractChannelHandlerContext.java:366)\n\tat io.netty.channel.AbstractChannelHandlerCon...
[debug] [35m[W3C][39m Matched W3C error code 'no such element' to NoSuchElementError
[debug] [35m[BaseDriver][39m Waited for 1291 ms so far
[debug] [35m[WD Proxy][39m Matched '/element' to command name 'findElement'
[debug] [35m[WD Proxy][39m Proxying [POST /element] to [POST http://127.0.0.1:8203/wd/hub/session/aff14b79-4944-4dbd-b1df-6856794f0b92/element] with body: {"strategy":"xpath","selector":"//android.widget.TextView[@text=\"首页\"]","context":"","multiple":false}
[debug] [35m[WD Proxy][39m Got response with status 200: {"sessionId":"aff14b79-4944-4dbd-b1df-6856794f0b92","value":{"ELEMENT":"c9a9b14f-b29c-4671-8860-bed9bd5d368e","element-6066-11e4-a52e-4f735466cecf":"c9a9b14f-b29c-4671-8860-bed9bd5d368e"}}
[debug] [35m[W3C (eef0b46b)][39m Responding to client with driver.findElement() result: {"element-6066-11e4-a52e-4f735466cecf":"c9a9b14f-b29c-4671-8860-bed9bd5d368e","ELEMENT":"c9a9b14f-b29c-4671-8860-bed9bd5d368e"}
[35m[HTTP][39m [37m<-- POST /wd/hub/session/eef0b46b-9f92-4c19-b3dd-048a7d67ccf2/element [39m[32m200[39m [90m4226 ms - 137[39m
[35m[HTTP][39m [90m[39m
[35m[HTTP][39m [37m-->[39m [37mGET[39m [37m/wd/hub/session/eef0b46b-9f92-4c19-b3dd-048a7d67ccf2/element/c9a9b14f-b29c-4671-8860-bed9bd5d368e/displayed[39m
[35m[HTTP][39m [90m{}[39m
[debug] [35m[W3C (eef0b46b)][39m Calling AppiumDriver.elementDisplayed() with args: ["c9a9b14f-b29c-4671-8860-bed9bd5d368e","eef0b46b-9f92-4c19-b3dd-048a7d67ccf2"]
[debug] [35m[WD Proxy][39m Matched '/element/c9a9b14f-b29c-4671-8860-bed9bd5d368e/attribute/displayed' to command name 'getAttribute'
[debug] [35m[WD Proxy][39m Proxying [GET /element/c9a9b14f-b29c-4671-8860-bed9bd5d368e/attribute/displayed] to [GET http://127.0.0.1:8203/wd/hub/session/aff14b79-4944-4dbd-b1df-6856794f0b92/element/c9a9b14f-b29c-4671-8860-bed9bd5d368e/attribute/displayed] with body: {}
[debug] [35m[WD Proxy][39m Got response with status 200: {"sessionId":"aff14b79-4944-4dbd-b1df-6856794f0b92","value":"true"}
[debug] [35m[W3C (eef0b46b)][39m Responding to client with driver.elementDisplayed() result: true
[35m[HTTP][39m [37m<-- GET /wd/hub/session/eef0b46b-9f92-4c19-b3dd-048a7d67ccf2/element/c9a9b14f-b29c-4671-8860-bed9bd5d368e/displayed [39m[32m200[39m [90m43 ms - 14[39m
[35m[HTTP][39m [90m[39m
[35m[HTTP][39m [37m-->[39m [37mPOST[39m [37m/wd/hub/session/eef0b46b-9f92-4c19-b3dd-048a7d67ccf2/element/c9a9b14f-b29c-4671-8860-bed9bd5d368e/click[39m
[35m[HTTP][39m [90m{"id":"c9a9b14f-b29c-4671-8860-bed9bd5d368e"}[39m
[debug] [35m[W3C (eef0b46b)][39m Calling AppiumDriver.click() with args: ["c9a9b14f-b29c-4671-8860-bed9bd5d368e","eef0b46b-9f92-4c19-b3dd-048a7d67ccf2"]
[debug] [35m[WD Proxy][39m Matched '/element/c9a9b14f-b29c-4671-8860-bed9bd5d368e/click' to command name 'click'
[debug] [35m[WD Proxy][39m Proxying [POST /element/c9a9b14f-b29c-4671-8860-bed9bd5d368e/click] to [POST http://127.0.0.1:8203/wd/hub/session/aff14b79-4944-4dbd-b1df-6856794f0b92/element/c9a9b14f-b29c-4671-8860-bed9bd5d368e/click] with body: {"element":"c9a9b14f-b29c-4671-8860-bed9bd5d368e"}
[debug] [35m[WD Proxy][39m Got response with status 200: {"sessionId":"aff14b79-4944-4dbd-b1df-6856794f0b92","value":null}
[debug] [35m[W3C (eef0b46b)][39m Responding to client with driver.click() result: null
[35m[HTTP][39m [37m<-- POST /wd/hub/session/eef0b46b-9f92-4c19-b3dd-048a7d67ccf2/element/c9a9b14f-b29c-4671-8860-bed9bd5d368e/click [39m[32m200[39m [90m65 ms - 14[39m
[35m[HTTP][39m [90m[39m
[35m[HTTP][39m [37m-->[39m [37mPOST[39m [37m/wd/hub/session/eef0b46b-9f92-4c19-b3dd-048a7d67ccf2/element[39m
[35m[HTTP][39m [90m{"using":"xpath","value":"//android.widget.TextView[@text=\"客厅\"]"}[39m
[debug] [35m[W3C (eef0b46b)][39m Calling AppiumDriver.findElement() with args: ["xpath","//android.widget.TextView[@text=\"客厅\"]","eef0b46b-9f92-4c19-b3dd-048a7d67ccf2"]
[debug] [35m[BaseDriver][39m Valid locator strategies for this request: xpath, id, class name, accessibility id, -android uiautomator
[debug] [35m[BaseDriver][39m Waiting up to 20000 ms for condition
[debug] [35m[WD Proxy][39m Matched '/element' to command name 'findElement'
[debug] [35m[WD Proxy][39m Proxying [POST /element] to [POST http://127.0.0.1:8203/wd/hub/session/aff14b79-4944-4dbd-b1df-6856794f0b92/element] with body: {"strategy":"xpath","selector":"//android.widget.TextView[@text=\"客厅\"]","context":"","multiple":false}
[debug] [35m[WD Proxy][39m Got response with status 200: {"sessionId":"aff14b79-4944-4dbd-b1df-6856794f0b92","value":{"ELEMENT":"5adc2549-e84a-48c3-b82a-44750b3c2172","element-6066-11e4-a52e-4f735466cecf":"5adc2549-e84a-48c3-b82a-44750b3c2172"}}
[debug] [35m[W3C (eef0b46b)][39m Responding to client with driver.findElement() result: {"element-6066-11e4-a52e-4f735466cecf":"5adc2549-e84a-48c3-b82a-44750b3c2172","ELEMENT":"5adc2549-e84a-48c3-b82a-44750b3c2172"}
[35m[HTTP][39m [37m<-- POST /wd/hub/session/eef0b46b-9f92-4c19-b3dd-048a7d67ccf2/element [39m[32m200[39m [90m973 ms - 137[39m
[35m[HTTP][39m [90m[39m
[35m[HTTP][39m [37m-->[39m [37mGET[39m [37m/wd/hub/session/eef0b46b-9f92-4c19-b3dd-048a7d67ccf2/element/5adc2549-e84a-48c3-b82a-44750b3c2172/displayed[39m
[35m[HTTP][39m [90m{}[39m
[debug] [35m[W3C (eef0b46b)][39m Calling AppiumDriver.elementDisplayed() with args: ["5adc2549-e84a-48c3-b82a-44750b3c2172","eef0b46b-9f92-4c19-b3dd-048a7d67ccf2"]
[debug] [35m[WD Proxy][39m Matched '/element/5adc2549-e84a-48c3-b82a-44750b3c2172/attribute/displayed' to command name 'getAttribute'
[debug] [35m[WD Proxy][39m Proxying [GET /element/5adc2549-e84a-48c3-b82a-44750b3c2172/attribute/displayed] to [GET http://127.0.0.1:8203/wd/hub/session/aff14b79-4944-4dbd-b1df-6856794f0b92/element/5adc2549-e84a-48c3-b82a-44750b3c2172/attribute/displayed] with body: {}
[debug] [35m[WD Proxy][39m Got response with status 200: {"sessionId":"aff14b79-4944-4dbd-b1df-6856794f0b92","value":"true"}
[debug] [35m[W3C (eef0b46b)][39m Responding to client with driver.elementDisplayed() result: true
[35m[HTTP][39m [37m<-- GET /wd/hub/session/eef0b46b-9f92-4c19-b3dd-048a7d67ccf2/element/5adc2549-e84a-48c3-b82a-44750b3c2172/displayed [39m[32m200[39m [90m38 ms - 14[39m
[35m[HTTP][39m [90m[39m
[35m[HTTP][39m [37m-->[39m [37mPOST[39m [37m/wd/hub/session/eef0b46b-9f92-4c19-b3dd-048a7d67ccf2/element/5adc2549-e84a-48c3-b82a-44750b3c2172/click[39m
[35m[HTTP][39m [90m{"id":"5adc2549-e84a-48c3-b82a-44750b3c2172"}[39m
[debug] [35m[W3C (eef0b46b)][39m Calling AppiumDriver.click() with args: ["5adc2549-e84a-48c3-b82a-44750b3c2172","eef0b46b-9f92-4c19-b3dd-048a7d67ccf2"]
[debug] [35m[WD Proxy][39m Matched '/element/5adc2549-e84a-48c3-b82a-44750b3c2172/click' to command name 'click'
[debug] [35m[WD Proxy][39m Proxying [POST /element/5adc2549-e84a-48c3-b82a-44750b3c2172/click] to [POST http://127.0.0.1:8203/wd/hub/session/aff14b79-4944-4dbd-b1df-6856794f0b92/element/5adc2549-e84a-48c3-b82a-44750b3c2172/click] with body: {"element":"5adc2549-e84a-48c3-b82a-44750b3c2172"}
[debug] [35m[WD Proxy][39m Got response with status 200: {"sessionId":"aff14b79-4944-4dbd-b1df-6856794f0b92","value":null}
[debug] [35m[W3C (eef0b46b)][39m Responding to client with driver.click() result: null
[35m[HTTP][39m [37m<-- POST /wd/hub/session/eef0b46b-9f92-4c19-b3dd-048a7d67ccf2/element/5adc2549-e84a-48c3-b82a-44750b3c2172/click [39m[32m200[39m [90m61 ms - 14[39m
[35m[HTTP][39m [90m[39m
[35m[HTTP][39m [37m-->[39m [37mGET[39m [37m/wd/hub/session/eef0b46b-9f92-4c19-b3dd-048a7d67ccf2/screenshot[39m
[35m[HTTP][39m [90m{}[39m
[debug] [35m[W3C (eef0b46b)][39m Calling AppiumDriver.getScreenshot() with args: ["eef0b46b-9f92-4c19-b3dd-048a7d67ccf2"]
[debug] [35m[WD Proxy][39m Matched '/screenshot' to command name 'getScreenshot'
[debug] [35m[WD Proxy][39m Proxying [GET /screenshot] to [GET http://127.0.0.1:8203/wd/hub/session/aff14b79-4944-4dbd-b1df-6856794f0b92/screenshot] with no body
[debug] [35m[WD Proxy][39m Got response with status 200: {"sessionId":"aff14b79-4944-4dbd-b1df-6856794f0b92","value":"iVBORw0KGgoAAAANSUhEUgAABDgAAAjoCAYAAAA5jhrUAAAABHNCSVQICAgIfAhkiAAAIABJREFU\neJzs3Xd4VFX6B\/DvmZbeBSQQCIQeQVA6iyDgoruLLCwrFiygICKgriIiFkRsYAMUFBV\/KNgbFkB6\nr1F6DxBCM0D6pE07vz9u5pLJTCaTyUwK+X6eh+fJ3Dlz75lhMpn73ve8r5BSShARERERERER1WKa\n6p4AEREREREREVFlMcBBRERERERERLUeAxxEREREREREVOsxwEFEREREREREtR4DHERERERERERU\n6zHAQURERERERES1HgMcRERERERERFTrMcBBRERERERERLUeAxxEREREREREVOsxwEFERERERERE\ntR4DHERERERERERU6+mqewJERERERHR1kDYzYDMB1iJAmgGbGZA2SJsVgA2iuidIVAESAKCB0GgB\noQE0ekDoAW0AoDFAaPTVPEMqTUgpZXVPgoiIiIiIaiMJWAshLfmAtQCQVkibDUIAKD7NkMWniQxu\nUG1kP1kW9newEOo7Wmh0gDYIQhcMaAPBd3n1Y4CDiIiIiIgqxmYGLHmQljzAZoGUNghISEie4lGd\nIKEEPSQEhNAAGh2ELgRSGwyhNVT39OosBjiIiIiIiMgzNhOkOVfJ2JBWCGnDlWvcRHWZgBQaCKEF\ndMEQ+jBAw0BHVWOAg4iIiIiI3LNZIM25gDVfqbMhrczUIHJBAhBCCymUjA4l0MHSl1WFAQ4iIiIi\nInJNSsBaAGnOgbQWAdLCwAaRByQACB2ENgDQh0Fog6EUpyF\/YiiJiIiIiIicSStgzoW0GCGtJggu\nRSHymAAAaYG0WCGkBdCZAX0YILTVPbWrGgMcRERERETkyGaCNOWoS1J43ZnIOwKyOPvJpmRA6cNZ\nm8OPuESFiIiIiIiusBUCp...
[debug] [35m[W3C (eef0b46b)][39m Responding to client with driver.getScreenshot() result: "iVBORw0KGgoAAAANSUhEUgAABDgAAAjoCAYAAAA5jhrUAAAABHNCSVQICAgIfAhkiAAAIABJREFU\neJzs3Xd4VFX6B/DvmZbeBSQQCIQeQVA6iyDgoruLLCwrFiygICKgriIiFkRsYAMUFBV/KNgbFkB6\nr1F6DxBCM0D6pE07vz9u5pLJTCaTyUwK+X6eh+fJ3Dlz75lhMpn73ve8r5BSShARERERERER1WKa\n6p4AEREREREREVFlMcBBRERERERERLUeAxxEREREREREVOsxwEFEREREREREtR4DHERERERERERU\n6zHAQURERERERES1HgMcRERERERERFTrMcBBRERERERERLUeAxxEREREREREVOsxwEFERERERERE\ntR4DHERERERERERU6+mqewJERERERHR1kDYzYDMB1iJAmgGbGZA2SJsVgA2iuidIVAESAKCB0GgB\noQE0ekDoAW0AoDFAaPTVPEMqTUgpZXVPgoiIiIiIaiMJWAshLfmAtQCQVkibDUIAKD7NkMWniQxu\nUG1kP1kW9newEOo7Wmh0gDYIQhcMaAPBd3n1Y4CDiIiIiIgqxmYGLHmQljzAZoGUNghISEie4lGd\nIKEEPSQEhNAAGh2ELgRSGwyhNVT39OosBjiIiIiIiMgzNhOkOVfJ2JBWCGnDlWvcRHWZgBQaCKEF\ndMEQ+jBAw0BHVWOAg4iIiIiI3LNZIM25gDVfqbMhrczUIHJBAhBCCymUjA4l0MHSl1WFAQ4iIiIi\nInJNSsBaAGnOgbQWAdLCwAaRByQACB2ENgDQh0Fog6EUpyF/YiiJiIiIiIicSStgzoW0GCGtJggu\nRSHymAAAaYG0WCGkBdCZAX0YILTVPbWrGgMcRERERETkyGaCNOWoS1J43ZnIOwKyOPvJpmRA6cNZ\nm8OPuESFiIiIiIiusBUCphzYzHkAbAxuEPmActKtgdAFQwREAJrAap7R1YkBDiIiIiIiAgBIawFg\nyoa05H...
[35m[HTTP][39m [37m<-- GET /wd/hub/session/eef0b46b-9f92-4c19-b3dd-048a7d67ccf2/screenshot [39m[32m200[39m [90m1522 ms - 1155176[39m
[35m[HTTP][39m [90m[39m
[35m[HTTP][39m [37m-->[39m [37mPOST[39m [37m/wd/hub/session/eef0b46b-9f92-4c19-b3dd-048a7d67ccf2/element[39m
[35m[HTTP][39m [90m{"using":"xpath","value":"//android.widget.TextView[@text=\"常用设备\"]"}[39m
[debug] [35m[W3C (eef0b46b)][39m Calling AppiumDriver.findElement() with args: ["xpath","//android.widget.TextView[@text=\"常用设备\"]","eef0b46b-9f92-4c19-b3dd-048a7d67ccf2"]
[debug] [35m[BaseDriver][39m Valid locator strategies for this request: xpath, id, class name, accessibility id, -android uiautomator
[debug] [35m[BaseDriver][39m Waiting up to 20000 ms for condition
[debug] [35m[WD Proxy][39m Matched '/element' to command name 'findElement'
[debug] [35m[WD Proxy][39m Proxying [POST /element] to [POST http://127.0.0.1:8203/wd/hub/session/aff14b79-4944-4dbd-b1df-6856794f0b92/element] with body: {"strategy":"xpath","selector":"//android.widget.TextView[@text=\"常用设备\"]","context":"","multiple":false}
[debug] [35m[WD Proxy][39m Got response with status 200: {"sessionId":"aff14b79-4944-4dbd-b1df-6856794f0b92","value":{"ELEMENT":"362261d4-f1ef-4f6f-b910-06695f2045c7","element-6066-11e4-a52e-4f735466cecf":"362261d4-f1ef-4f6f-b910-06695f2045c7"}}
[debug] [35m[W3C (eef0b46b)][39m Responding to client with driver.findElement() result: {"element-6066-11e4-a52e-4f735466cecf":"362261d4-f1ef-4f6f-b910-06695f2045c7","ELEMENT":"362261d4-f1ef-4f6f-b910-06695f2045c7"}
[35m[HTTP][39m [37m<-- POST /wd/hub/session/eef0b46b-9f92-4c19-b3dd-048a7d67ccf2/element [39m[32m200[39m [90m795 ms - 137[39m
[35m[HTTP][39m [90m[39m
[35m[HTTP][39m [37m-->[39m [37mGET[39m [37m/wd/hub/session/eef0b46b-9f92-4c19-b3dd-048a7d67ccf2/element/362261d4-f1ef-4f6f-b910-06695f2045c7/displayed[39m
[35m[HTTP][39m [90m{}[39m
[debug] [35m[W3C (eef0b46b)][39m Calling AppiumDriver.elementDisplayed() with args: ["362261d4-f1ef-4f6f-b910-06695f2045c7","eef0b46b-9f92-4c19-b3dd-048a7d67ccf2"]
[debug] [35m[WD Proxy][39m Matched '/element/362261d4-f1ef-4f6f-b910-06695f2045c7/attribute/displayed' to command name 'getAttribute'
[debug] [35m[WD Proxy][39m Proxying [GET /element/362261d4-f1ef-4f6f-b910-06695f2045c7/attribute/displayed] to [GET http://127.0.0.1:8203/wd/hub/session/aff14b79-4944-4dbd-b1df-6856794f0b92/element/362261d4-f1ef-4f6f-b910-06695f2045c7/attribute/displayed] with body: {}
[debug] [35m[WD Proxy][39m Got response with status 200: {"sessionId":"aff14b79-4944-4dbd-b1df-6856794f0b92","value":"true"}
[debug] [35m[W3C (eef0b46b)][39m Responding to client with driver.elementDisplayed() result: true
[35m[HTTP][39m [37m<-- GET /wd/hub/session/eef0b46b-9f92-4c19-b3dd-048a7d67ccf2/element/362261d4-f1ef-4f6f-b910-06695f2045c7/displayed [39m[32m200[39m [90m32 ms - 14[39m
[35m[HTTP][39m [90m[39m
[35m[HTTP][39m [37m-->[39m [37mPOST[39m [37m/wd/hub/session/eef0b46b-9f92-4c19-b3dd-048a7d67ccf2/element/362261d4-f1ef-4f6f-b910-06695f2045c7/click[39m
[35m[HTTP][39m [90m{"id":"362261d4-f1ef-4f6f-b910-06695f2045c7"}[39m
[debug] [35m[W3C (eef0b46b)][39m Calling AppiumDriver.click() with args: ["362261d4-f1ef-4f6f-b910-06695f2045c7","eef0b46b-9f92-4c19-b3dd-048a7d67ccf2"]
[debug] [35m[WD Proxy][39m Matched '/element/362261d4-f1ef-4f6f-b910-06695f2045c7/click' to command name 'click'
[debug] [35m[WD Proxy][39m Proxying [POST /element/362261d4-f1ef-4f6f-b910-06695f2045c7/click] to [POST http://127.0.0.1:8203/wd/hub/session/aff14b79-4944-4dbd-b1df-6856794f0b92/element/362261d4-f1ef-4f6f-b910-06695f2045c7/click] with body: {"element":"362261d4-f1ef-4f6f-b910-06695f2045c7"}
[debug] [35m[WD Proxy][39m Got response with status 200: {"sessionId":"aff14b79-4944-4dbd-b1df-6856794f0b92","value":null}
[debug] [35m[W3C (eef0b46b)][39m Responding to client with driver.click() result: null
[35m[HTTP][39m [37m<-- POST /wd/hub/session/eef0b46b-9f92-4c19-b3dd-048a7d67ccf2/element/362261d4-f1ef-4f6f-b910-06695f2045c7/click [39m[32m200[39m [90m54 ms - 14[39m
[35m[HTTP][39m [90m[39m
[35m[HTTP][39m [37m-->[39m [37mGET[39m [37m/wd/hub/session/eef0b46b-9f92-4c19-b3dd-048a7d67ccf2/screenshot[39m
[35m[HTTP][39m [90m{}[39m
[debug] [35m[W3C (eef0b46b)][39m Calling AppiumDriver.getScreenshot() with args: ["eef0b46b-9f92-4c19-b3dd-048a7d67ccf2"]
[debug] [35m[WD Proxy][39m Matched '/screenshot' to command name 'getScreenshot'
[debug] [35m[WD Proxy][39m Proxying [GET /screenshot] to [GET http://127.0.0.1:8203/wd/hub/session/aff14b79-4944-4dbd-b1df-6856794f0b92/screenshot] with no body
[debug] [35m[WD Proxy][39m Got response with status 200: {"sessionId":"aff14b79-4944-4dbd-b1df-6856794f0b92","value":"iVBORw0KGgoAAAANSUhEUgAABDgAAAjoCAYAAAA5jhrUAAAABHNCSVQICAgIfAhkiAAAIABJREFU\neJzs3Xl8E3X6B\/DPd2aSpknT+6KlBwVKAUFA5FIOORbwllVcXV3FC12vdVc8UFbXVRfPFXTxp4u6\nul7rha4rKIcgeHBXRe6r9KT3meaame\/vj7TTpmnSpE2bQp\/36+XLTvqdmW9Cm2aeeb7PwzjnHIQQ\nQgghhBBCCCGnMCHUEyCEEEIIIYQQQgjpKgpwEEIIIYQQQggh5JRHAQ5CCCGEEEIIIYSc8ijAQQgh\nhBBCCCGEkFMeBTgIIYQQQgghhBByyqMAByGEEEIIIYQQQk55FOAghBBCCCGEEELIKY8CHIQQQggh\nhBBCCDnlUYCDEEIIIYQQQgghpzwKcBBCCCGEEEIIIeSURwEOQgghhBBCCCGEnPKkUE+AEEIIIYQQ\ncjrg4NZSKLUHwOqPQm3MBxqLodqrwOUGcGcjGNRQT5IQv3EIYDojmBQBpo8FM6VAMKaDmwdCjMoB\nC08CwEI9TdIK45zzUE+CEEIIIYQQcgpSHFBr9kCp2AFetQuwlUKVbQBXXcEMVYHKVTBwAHTZQU5F\nDBwMAhMAQQSHAAgCmBAGITwZiD0LYvzZEKJHAKI+1JPt8yjAQQghhBBCCAkIbyyEcnIj1LLvwK2l\n4LIFUOwAV0CBDNI3MICJgBgGJpnAwpMgJJ4DIXEqhIj0UE+uz6IAByGEEEIIIcQvasMxqEVfQa3c\nCW4rA3fUAVwO9bQICT0mgekjwQwJYLFjIPY\/H0JEVqhn1edQgIMQQgghhBDiE7eVQylcA7Xie\/DG\nQqj2WqqnQUg7OAQI+kjA2B9i4jkQU+eCGRJCPa0+gwIchBBCCCGEkPZxBWrZ95CL1oDXHYBqLafA\nBiF+4BAghCdAiMqBmDI...
[debug] [35m[W3C (eef0b46b)][39m Responding to client with driver.getScreenshot() result: "iVBORw0KGgoAAAANSUhEUgAABDgAAAjoCAYAAAA5jhrUAAAABHNCSVQICAgIfAhkiAAAIABJREFU\neJzs3Xl8E3X6B/DPd2aSpknT+6KlBwVKAUFA5FIOORbwllVcXV3FC12vdVc8UFbXVRfPFXTxp4u6\nul7rha4rKIcgeHBXRe6r9KT3meaame/vj7TTpmnSpE2bQp/36+XLTvqdmW9Cm2aeeb7PwzjnHIQQ\nQgghhBBCCCGnMCHUEyCEEEIIIYQQQgjpKgpwEEIIIYQQQggh5JRHAQ5CCCGEEEIIIYSc8ijAQQgh\nhBBCCCGEkFMeBTgIIYQQQgghhBByyqMAByGEEEIIIYQQQk55FOAghBBCCCGEEELIKY8CHIQQQggh\nhBBCCDnlUYCDEEIIIYQQQgghpzwKcBBCCCGEEEIIIeSURwEOQgghhBBCCCGEnPKkUE+AEEIIIYQQ\ncjrg4NZSKLUHwOqPQm3MBxqLodqrwOUGcGcjGNRQT5IQv3EIYDojmBQBpo8FM6VAMKaDmwdCjMoB\nC08CwEI9TdIK45zzUE+CEEIIIYQQcgpSHFBr9kCp2AFetQuwlUKVbQBXXcEMVYHKVTBwAHTZQU5F\nDBwMAhMAQQSHAAgCmBAGITwZiD0LYvzZEKJHAKI+1JPt8yjAQQghhBBCCAkIbyyEcnIj1LLvwK2l\n4LIFUOwAV0CBDNI3MICJgBgGJpnAwpMgJJ4DIXEqhIj0UE+uz6IAByGEEEIIIcQvasMxqEVfQa3c\nCW4rA3fUAVwO9bQICT0mgekjwQwJYLFjIPY/H0JEVqhn1edQgIMQQgghhBDiE7eVQylcA7Xie/DG\nQqj2WqqnQUg7OAQI+kjA2B9i4jkQU+eCGRJCPa0+gwIchBBCCCGEkPZxBWrZ95CL1oDXHYBqLafA\nBiF+4BAghCdAiMqBmDIHQuI5riUtpFtRFxVCCCGEEEKIJ2cdlMLPoZZ+A7XuCKDYqV8EIX5iUF1d\nhRw14L...
[35m[HTTP][39m [37m<-- GET /wd/hub/session/eef0b46b-9f92-4c19-b3dd-048a7d67ccf2/screenshot [39m[32m200[39m [90m1463 ms - 1204378[39m
[35m[HTTP][39m [90m[39m
[35m[HTTP][39m [37m-->[39m [37mPOST[39m [37m/wd/hub/session/eef0b46b-9f92-4c19-b3dd-048a7d67ccf2/element[39m
[35m[HTTP][39m [90m{"using":"xpath","value":"//android.widget.TextView[@text=\"客厅\"]"}[39m
[debug] [35m[W3C (eef0b46b)][39m Calling AppiumDriver.findElement() with args: ["xpath","//android.widget.TextView[@text=\"客厅\"]","eef0b46b-9f92-4c19-b3dd-048a7d67ccf2"]
[debug] [35m[BaseDriver][39m Valid locator strategies for this request: xpath, id, class name, accessibility id, -android uiautomator
[debug] [35m[BaseDriver][39m Waiting up to 20000 ms for condition
[debug] [35m[WD Proxy][39m Matched '/element' to command name 'findElement'
[debug] [35m[WD Proxy][39m Proxying [POST /element] to [POST http://127.0.0.1:8203/wd/hub/session/aff14b79-4944-4dbd-b1df-6856794f0b92/element] with body: {"strategy":"xpath","selector":"//android.widget.TextView[@text=\"客厅\"]","context":"","multiple":false}
[debug] [35m[WD Proxy][39m Got response with status 200: {"sessionId":"aff14b79-4944-4dbd-b1df-6856794f0b92","value":{"ELEMENT":"5dba5a77-cde7-4dde-8cbd-0c7f01abd367","element-6066-11e4-a52e-4f735466cecf":"5dba5a77-cde7-4dde-8cbd-0c7f01abd367"}}
[debug] [35m[W3C (eef0b46b)][39m Responding to client with driver.findElement() result: {"element-6066-11e4-a52e-4f735466cecf":"5dba5a77-cde7-4dde-8cbd-0c7f01abd367","ELEMENT":"5dba5a77-cde7-4dde-8cbd-0c7f01abd367"}
[35m[HTTP][39m [37m<-- POST /wd/hub/session/eef0b46b-9f92-4c19-b3dd-048a7d67ccf2/element [39m[32m200[39m [90m702 ms - 137[39m
[35m[HTTP][39m [90m[39m
[35m[HTTP][39m [37m-->[39m [37mGET[39m [37m/wd/hub/session/eef0b46b-9f92-4c19-b3dd-048a7d67ccf2/element/5dba5a77-cde7-4dde-8cbd-0c7f01abd367/displayed[39m
[35m[HTTP][39m [90m{}[39m
[debug] [35m[W3C (eef0b46b)][39m Calling AppiumDriver.elementDisplayed() with args: ["5dba5a77-cde7-4dde-8cbd-0c7f01abd367","eef0b46b-9f92-4c19-b3dd-048a7d67ccf2"]
[debug] [35m[WD Proxy][39m Matched '/element/5dba5a77-cde7-4dde-8cbd-0c7f01abd367/attribute/displayed' to command name 'getAttribute'
[debug] [35m[WD Proxy][39m Proxying [GET /element/5dba5a77-cde7-4dde-8cbd-0c7f01abd367/attribute/displayed] to [GET http://127.0.0.1:8203/wd/hub/session/aff14b79-4944-4dbd-b1df-6856794f0b92/element/5dba5a77-cde7-4dde-8cbd-0c7f01abd367/attribute/displayed] with body: {}
[debug] [35m[WD Proxy][39m Got response with status 200: {"sessionId":"aff14b79-4944-4dbd-b1df-6856794f0b92","value":"true"}
[debug] [35m[W3C (eef0b46b)][39m Responding to client with driver.elementDisplayed() result: true
[35m[HTTP][39m [37m<-- GET /wd/hub/session/eef0b46b-9f92-4c19-b3dd-048a7d67ccf2/element/5dba5a77-cde7-4dde-8cbd-0c7f01abd367/displayed [39m[32m200[39m [90m68 ms - 14[39m
[35m[HTTP][39m [90m[39m
[35m[HTTP][39m [37m-->[39m [37mPOST[39m [37m/wd/hub/session/eef0b46b-9f92-4c19-b3dd-048a7d67ccf2/element/5dba5a77-cde7-4dde-8cbd-0c7f01abd367/click[39m
[35m[HTTP][39m [90m{"id":"5dba5a77-cde7-4dde-8cbd-0c7f01abd367"}[39m
[debug] [35m[W3C (eef0b46b)][39m Calling AppiumDriver.click() with args: ["5dba5a77-cde7-4dde-8cbd-0c7f01abd367","eef0b46b-9f92-4c19-b3dd-048a7d67ccf2"]
[debug] [35m[WD Proxy][39m Matched '/element/5dba5a77-cde7-4dde-8cbd-0c7f01abd367/click' to command name 'click'
[debug] [35m[WD Proxy][39m Proxying [POST /element/5dba5a77-cde7-4dde-8cbd-0c7f01abd367/click] to [POST http://127.0.0.1:8203/wd/hub/session/aff14b79-4944-4dbd-b1df-6856794f0b92/element/5dba5a77-cde7-4dde-8cbd-0c7f01abd367/click] with body: {"element":"5dba5a77-cde7-4dde-8cbd-0c7f01abd367"}
[debug] [35m[WD Proxy][39m Got response with status 200: {"sessionId":"aff14b79-4944-4dbd-b1df-6856794f0b92","value":null}
[debug] [35m[W3C (eef0b46b)][39m Responding to client with driver.click() result: null
[35m[HTTP][39m [37m<-- POST /wd/hub/session/eef0b46b-9f92-4c19-b3dd-048a7d67ccf2/element/5dba5a77-cde7-4dde-8cbd-0c7f01abd367/click [39m[32m200[39m [90m59 ms - 14[39m
[35m[HTTP][39m [90m[39m
[35m[HTTP][39m [37m-->[39m [37mGET[39m [37m/wd/hub/session/eef0b46b-9f92-4c19-b3dd-048a7d67ccf2/screenshot[39m
[35m[HTTP][39m [90m{}[39m
[debug] [35m[W3C (eef0b46b)][39m Calling AppiumDriver.getScreenshot() with args: ["eef0b46b-9f92-4c19-b3dd-048a7d67ccf2"]
[debug] [35m[WD Proxy][39m Matched '/screenshot' to command name 'getScreenshot'
[debug] [35m[WD Proxy][39m Proxying [GET /screenshot] to [GET http://127.0.0.1:8203/wd/hub/session/aff14b79-4944-4dbd-b1df-6856794f0b92/screenshot] with no body
[debug] [35m[WD Proxy][39m Got response with status 200: {"sessionId":"aff14b79-4944-4dbd-b1df-6856794f0b92","value":"iVBORw0KGgoAAAANSUhEUgAABDgAAAjoCAYAAAA5jhrUAAAABHNCSVQICAgIfAhkiAAAIABJREFU\neJzs3Xl4U1X+P\/D3uUmaNOleSmkLpRRosQVZZGfYYQqKqOi4+yjjKDruM+I6zIyMOu4O6ujX5aej\nwowzqIgLiMi+ll2lZaelLS0t3ZumaZvc+\/sj9NKQpVvShb5fz+Njc3PuuSehTe793HM+H6EoigIi\nIiIiIiIioi5M6ugBEBERERERERG1FQMcRERERERERNTlMcBBRERERERERF0eAxxERERERERE1OUx\nwEFEREREREREXR4DHERERERERETU5THAQURERERERERdHgMcRERERERERNTlMcBBRERERERERF0e\nAxxERERERERE1OUxwEFEREREREREXZ62owdAREREREQXCVs1ZGsJRH0Z5LpKwFYF2K1Q5DpAtgGK\n0tEjJGo+IQBJCyEFAJpAQBsEKSAEii4ckiES0Jo6eoR0AaEo\/JQhIiIiIqJWUOxQrGehWAqgWAsA\nW7Vjm6IAigIBBQoUBjaoaxMCAgIKhONnIQChAbQmiMAYx3+GKMc26lAMcBARERERUYso9ZVQqnOg\nWPKA+mooSj0g2wFF7uihEbUfIUFIGkDoIHQmwNgbwtgHIiC0o0fWbTHAQUREREREzaLUlUMxn4RS\ncwawVUOx1zGoQQQ4gh2aAEBjhDD2ggjqDxEQ1tGj6nYY4CAiIiIiIu\/sFsiVJ4Ca047cGnIdl50Q\nuSMEIAVA6IIhjL0hhfQHNMaOHlW3wQAHERERERG5p8hQavIhV50Aakug2CwMbBA1hxCAJhCSoQdE\nUCKEMQ4QLGLqbwxwEBERERGRK7kWStVxKNU5kK1lgGLv6BERdT1CA6EPgzDFQwoZCEj6jh7RRY1l\nYomIiIiIyIlSVw6l8jgU...
[debug] [35m[W3C (eef0b46b)][39m Responding to client with driver.getScreenshot() result: "iVBORw0KGgoAAAANSUhEUgAABDgAAAjoCAYAAAA5jhrUAAAABHNCSVQICAgIfAhkiAAAIABJREFU\neJzs3Xl4U1X+P/D3uUmaNOleSmkLpRRosQVZZGfYYQqKqOi4+yjjKDruM+I6zIyMOu4O6ujX5aej\nwowzqIgLiMi+ll2lZaelLS0t3ZumaZvc+/sj9NKQpVvShb5fz+Njc3PuuSehTe793HM+H6EoigIi\nIiIiIiIioi5M6ugBEBERERERERG1FQMcRERERERERNTlMcBBRERERERERF0eAxxERERERERE1OUx\nwEFEREREREREXR4DHERERERERETU5THAQURERERERERdHgMcRERERERERNTlMcBBRERERERERF0e\nAxxERERERERE1OUxwEFEREREREREXZ62owdAREREREQXCVs1ZGsJRH0Z5LpKwFYF2K1Q5DpAtgGK\n0tEjJGo+IQBJCyEFAJpAQBsEKSAEii4ckiES0Jo6eoR0AaEo/JQhIiIiIqJWUOxQrGehWAqgWAsA\nW7Vjm6IAigIBBQoUBjaoaxMCAgIKhONnIQChAbQmiMAYx3+GKMc26lAMcBARERERUYso9ZVQqnOg\nWPKA+mooSj0g2wFF7uihEbUfIUFIGkDoIHQmwNgbwtgHIiC0o0fWbTHAQUREREREzaLUlUMxn4RS\ncwawVUOx1zGoQQQ4gh2aAEBjhDD2ggjqDxEQ1tGj6nYY4CAiIiIiIu/sFsiVJ4Ca047cGnIdl50Q\nuSMEIAVA6IIhjL0hhfQHNMaOHlW3wQAHERERERG5p8hQavIhV50Aakug2CwMbBA1hxCAJhCSoQdE\nUCKEMQ4QLGLqbwxwEBERERGRK7kWStVxKNU5kK1lgGLv6BERdT1CA6EPgzDFQwoZCEj6jh7RRY1l\nYomIiIiIyIlSVw6l8jgUSw5nbRC1hWKHUlsK2K2Q7VaI4AHMzeFHnMFBRERERETn1Z6FXHEUiiUX\nir2+o0...
[35m[HTTP][39m [37m<-- GET /wd/hub/session/eef0b46b-9f92-4c19-b3dd-048a7d67ccf2/screenshot [39m[32m200[39m [90m1360 ms - 1156704[39m
[35m[HTTP][39m [90m[39m
[35m[HTTP][39m [37m-->[39m [37mPOST[39m [37m/wd/hub/session/eef0b46b-9f92-4c19-b3dd-048a7d67ccf2/element[39m
[35m[HTTP][39m [90m{"using":"xpath","value":"//android.widget.TextView[@text=\"常用设备\"]"}[39m
[debug] [35m[W3C (eef0b46b)][39m Calling AppiumDriver.findElement() with args: ["xpath","//android.widget.TextView[@text=\"常用设备\"]","eef0b46b-9f92-4c19-b3dd-048a7d67ccf2"]
[debug] [35m[BaseDriver][39m Valid locator strategies for this request: xpath, id, class name, accessibility id, -android uiautomator
[debug] [35m[BaseDriver][39m Waiting up to 20000 ms for condition
[debug] [35m[WD Proxy][39m Matched '/element' to command name 'findElement'
[debug] [35m[WD Proxy][39m Proxying [POST /element] to [POST http://127.0.0.1:8203/wd/hub/session/aff14b79-4944-4dbd-b1df-6856794f0b92/element] with body: {"strategy":"xpath","selector":"//android.widget.TextView[@text=\"常用设备\"]","context":"","multiple":false}
[debug] [35m[WD Proxy][39m Got response with status 200: {"sessionId":"aff14b79-4944-4dbd-b1df-6856794f0b92","value":{"ELEMENT":"2371d933-fd9f-4c81-b9bd-4526e3785efe","element-6066-11e4-a52e-4f735466cecf":"2371d933-fd9f-4c81-b9bd-4526e3785efe"}}
[debug] [35m[W3C (eef0b46b)][39m Responding to client with driver.findElement() result: {"element-6066-11e4-a52e-4f735466cecf":"2371d933-fd9f-4c81-b9bd-4526e3785efe","ELEMENT":"2371d933-fd9f-4c81-b9bd-4526e3785efe"}
[35m[HTTP][39m [37m<-- POST /wd/hub/session/eef0b46b-9f92-4c19-b3dd-048a7d67ccf2/element [39m[32m200[39m [90m698 ms - 137[39m
[35m[HTTP][39m [90m[39m
[35m[HTTP][39m [37m-->[39m [37mGET[39m [37m/wd/hub/session/eef0b46b-9f92-4c19-b3dd-048a7d67ccf2/element/2371d933-fd9f-4c81-b9bd-4526e3785efe/displayed[39m
[35m[HTTP][39m [90m{}[39m
[debug] [35m[W3C (eef0b46b)][39m Calling AppiumDriver.elementDisplayed() with args: ["2371d933-fd9f-4c81-b9bd-4526e3785efe","eef0b46b-9f92-4c19-b3dd-048a7d67ccf2"]
[debug] [35m[WD Proxy][39m Matched '/element/2371d933-fd9f-4c81-b9bd-4526e3785efe/attribute/displayed' to command name 'getAttribute'
[debug] [35m[WD Proxy][39m Proxying [GET /element/2371d933-fd9f-4c81-b9bd-4526e3785efe/attribute/displayed] to [GET http://127.0.0.1:8203/wd/hub/session/aff14b79-4944-4dbd-b1df-6856794f0b92/element/2371d933-fd9f-4c81-b9bd-4526e3785efe/attribute/displayed] with body: {}
[debug] [35m[WD Proxy][39m Got response with status 200: {"sessionId":"aff14b79-4944-4dbd-b1df-6856794f0b92","value":"true"}
[debug] [35m[W3C (eef0b46b)][39m Responding to client with driver.elementDisplayed() result: true
[35m[HTTP][39m [37m<-- GET /wd/hub/session/eef0b46b-9f92-4c19-b3dd-048a7d67ccf2/element/2371d933-fd9f-4c81-b9bd-4526e3785efe/displayed [39m[32m200[39m [90m28 ms - 14[39m
[35m[HTTP][39m [90m[39m
[35m[HTTP][39m [37m-->[39m [37mPOST[39m [37m/wd/hub/session/eef0b46b-9f92-4c19-b3dd-048a7d67ccf2/element/2371d933-fd9f-4c81-b9bd-4526e3785efe/click[39m
[35m[HTTP][39m [90m{"id":"2371d933-fd9f-4c81-b9bd-4526e3785efe"}[39m
[debug] [35m[W3C (eef0b46b)][39m Calling AppiumDriver.click() with args: ["2371d933-fd9f-4c81-b9bd-4526e3785efe","eef0b46b-9f92-4c19-b3dd-048a7d67ccf2"]
[debug] [35m[WD Proxy][39m Matched '/element/2371d933-fd9f-4c81-b9bd-4526e3785efe/click' to command name 'click'
[debug] [35m[WD Proxy][39m Proxying [POST /element/2371d933-fd9f-4c81-b9bd-4526e3785efe/click] to [POST http://127.0.0.1:8203/wd/hub/session/aff14b79-4944-4dbd-b1df-6856794f0b92/element/2371d933-fd9f-4c81-b9bd-4526e3785efe/click] with body: {"element":"2371d933-fd9f-4c81-b9bd-4526e3785efe"}
[debug] [35m[WD Proxy][39m Got response with status 200: {"sessionId":"aff14b79-4944-4dbd-b1df-6856794f0b92","value":null}
[debug] [35m[W3C (eef0b46b)][39m Responding to client with driver.click() result: null
[35m[HTTP][39m [37m<-- POST /wd/hub/session/eef0b46b-9f92-4c19-b3dd-048a7d67ccf2/element/2371d933-fd9f-4c81-b9bd-4526e3785efe/click [39m[32m200[39m [90m56 ms - 14[39m
[35m[HTTP][39m [90m[39m
[35m[HTTP][39m [37m-->[39m [37mGET[39m [37m/wd/hub/session/eef0b46b-9f92-4c19-b3dd-048a7d67ccf2/screenshot[39m
[35m[HTTP][39m [90m{}[39m
[debug] [35m[W3C (eef0b46b)][39m Calling AppiumDriver.getScreenshot() with args: ["eef0b46b-9f92-4c19-b3dd-048a7d67ccf2"]
[debug] [35m[WD Proxy][39m Matched '/screenshot' to command name 'getScreenshot'
[debug] [35m[WD Proxy][39m Proxying [GET /screenshot] to [GET http://127.0.0.1:8203/wd/hub/session/aff14b79-4944-4dbd-b1df-6856794f0b92/screenshot] with no body
[debug] [35m[WD Proxy][39m Got response with status 200: {"sessionId":"aff14b79-4944-4dbd-b1df-6856794f0b92","value":"iVBORw0KGgoAAAANSUhEUgAABDgAAAjoCAYAAAA5jhrUAAAABHNCSVQICAgIfAhkiAAAIABJREFU\neJzs3Xd4VGXaP\/Dvc6bPJJk0SggkIYQQOkEEBOkgoKCIvHZWsbu29V2xrr\/d9VUXu4KvvpbFBqsr\nKrBKUaSjdIJAkJ6QEEhCSJ1ezvP742ROZjIlkzBp5P5cFxfMzDlnnhlS5tznLoxzzkEIIYQQQggh\nhBDSjgmtvQBCCCGEEEIIIYSQi0UBDkIIIYQQQgghhLR7FOAghBBCCCGEEEJIu0cBDkIIIYQQQggh\nhLR7FOAghBBCCCGEEEJIu0cBDkIIIYQQQgghhLR7FOAghBBCCCGEEEJIu0cBDkIIIYQQQgghhLR7\nFOAghBBCCCGEEEJIu0cBDkIIIYQQQgghhLR7FOAghBBCCCGEEEJIu6ds7QUQQgghhBBCLhFuG7iz\nGtxZA7jMgNsGuO3g3AVwF8B5a6+QkPAxBjAlGFMCCg2g0AJKA5gqGkwVI90mbQrjnH7KEEIIIYQQ\nQpqAi+COSnD7BcBRAbit4KIbAJf+cA4wUGCDtG+MSV\/SjAFgAGNgTAEodIA6DkyTAKaOBRgVSLQ2\nCnAQQgghhBBCGsdtAbeWgNvKwN1WQHQB3BPYIKSjYABTAIISTKED0yYC2s5gSkNrL6zDogAHIYQQ\nQgghJCzcaQK3ngMc5VI5itsBCmoQAgAMTKEGFzRgmngwXTcwVVRrL6rDoQAHIYQQQgghJCTutoFb\nzgH2MnCXGeBOKjshJBDGAKaSsji0iWC6JDDq1dFiKMBBCCGEEEIICYKD285LWRvOanC3jQIbhISD\nMUDQQFAbAV0SmLYTpIY0pDnRFBVCCCGEEEKIP9EJbikCt5WCO6sBLrb2ighpPzgH3DaINgeY2w64\nLGD6boCgbu2VXdIowEEII...
[debug] [35m[W3C (eef0b46b)][39m Responding to client with driver.getScreenshot() result: "iVBORw0KGgoAAAANSUhEUgAABDgAAAjoCAYAAAA5jhrUAAAABHNCSVQICAgIfAhkiAAAIABJREFU\neJzs3Xd4VGXaP/Dvc6bPJJk0SggkIYQQOkEEBOkgoKCIvHZWsbu29V2xrr/d9VUXu4KvvpbFBqsr\nKrBKUaSjdIJAkJ6QEEhCSJ1ezvP742ROZjIlkzBp5P5cFxfMzDlnnhlS5tznLoxzzkEIIYQQQggh\nhBDSjgmtvQBCCCGEEEIIIYSQi0UBDkIIIYQQQgghhLR7FOAghBBCCCGEEEJIu0cBDkIIIYQQQggh\nhLR7FOAghBBCCCGEEEJIu0cBDkIIIYQQQgghhLR7FOAghBBCCCGEEEJIu0cBDkIIIYQQQgghhLR7\nFOAghBBCCCGEEEJIu0cBDkIIIYQQQgghhLR7FOAghBBCCCGEEEJIu6ds7QUQQgghhBBCLhFuG7iz\nGtxZA7jMgNsGuO3g3AVwF8B5a6+QkPAxBjAlGFMCCg2g0AJKA5gqGkwVI90mbQrjnH7KEEIIIYQQ\nQpqAi+COSnD7BcBRAbit4KIbAJf+cA4wUGCDtG+MSV/SjAFgAGNgTAEodIA6DkyTAKaOBRgVSLQ2\nCnAQQgghhBBCGsdtAbeWgNvKwN1WQHQB3BPYIKSjYABTAIISTKED0yYC2s5gSkNrL6zDogAHIYQQ\nQgghJCzcaQK3ngMc5VI5itsBCmoQAgAMTKEGFzRgmngwXTcwVVRrL6rDoQAHIYQQQgghJCTutoFb\nzgH2MnCXGeBOKjshJBDGAKaSsji0iWC6JDDq1dFiKMBBCCGEEEIICYKD285LWRvOanC3jQIbhISD\nMUDQQFAbAV0SmLYTpIY0pDnRFBVCCCGEEEKIP9EJbikCt5WCO6sBLrb2ighpPzgH3DaINgeY2w64\nLGD6boCgbu2VXdIowEEIIYQQQgjxwZ0mcEsRYCsFFylrg5Am4yK4swpw2wHRDuiSqTdHM6ISFUII\nIYQQQo...
[35m[HTTP][39m [37m<-- GET /wd/hub/session/eef0b46b-9f92-4c19-b3dd-048a7d67ccf2/screenshot [39m[32m200[39m [90m1398 ms - 1204722[39m
[35m[HTTP][39m [90m[39m
[35m[HTTP][39m [37m-->[39m [37mPOST[39m [37m/wd/hub/session/eef0b46b-9f92-4c19-b3dd-048a7d67ccf2/element[39m
[35m[HTTP][39m [90m{"using":"xpath","value":"//android.widget.TextView[@text=\"客厅\"]"}[39m
[debug] [35m[W3C (eef0b46b)][39m Calling AppiumDriver.findElement() with args: ["xpath","//android.widget.TextView[@text=\"客厅\"]","eef0b46b-9f92-4c19-b3dd-048a7d67ccf2"]
[debug] [35m[BaseDriver][39m Valid locator strategies for this request: xpath, id, class name, accessibility id, -android uiautomator
[debug] [35m[BaseDriver][39m Waiting up to 20000 ms for condition
[debug] [35m[WD Proxy][39m Matched '/element' to command name 'findElement'
[debug] [35m[WD Proxy][39m Proxying [POST /element] to [POST http://127.0.0.1:8203/wd/hub/session/aff14b79-4944-4dbd-b1df-6856794f0b92/element] with body: {"strategy":"xpath","selector":"//android.widget.TextView[@text=\"客厅\"]","context":"","multiple":false}
[debug] [35m[WD Proxy][39m Got response with status 200: {"sessionId":"aff14b79-4944-4dbd-b1df-6856794f0b92","value":{"ELEMENT":"41ab3604-5c7c-486a-96d1-00bbdfd99b6c","element-6066-11e4-a52e-4f735466cecf":"41ab3604-5c7c-486a-96d1-00bbdfd99b6c"}}
[debug] [35m[W3C (eef0b46b)][39m Responding to client with driver.findElement() result: {"element-6066-11e4-a52e-4f735466cecf":"41ab3604-5c7c-486a-96d1-00bbdfd99b6c","ELEMENT":"41ab3604-5c7c-486a-96d1-00bbdfd99b6c"}
[35m[HTTP][39m [37m<-- POST /wd/hub/session/eef0b46b-9f92-4c19-b3dd-048a7d67ccf2/element [39m[32m200[39m [90m637 ms - 137[39m
[35m[HTTP][39m [90m[39m
[35m[HTTP][39m [37m-->[39m [37mGET[39m [37m/wd/hub/session/eef0b46b-9f92-4c19-b3dd-048a7d67ccf2/element/41ab3604-5c7c-486a-96d1-00bbdfd99b6c/displayed[39m
[35m[HTTP][39m [90m{}[39m
[debug] [35m[W3C (eef0b46b)][39m Calling AppiumDriver.elementDisplayed() with args: ["41ab3604-5c7c-486a-96d1-00bbdfd99b6c","eef0b46b-9f92-4c19-b3dd-048a7d67ccf2"]
[debug] [35m[WD Proxy][39m Matched '/element/41ab3604-5c7c-486a-96d1-00bbdfd99b6c/attribute/displayed' to command name 'getAttribute'
[debug] [35m[WD Proxy][39m Proxying [GET /element/41ab3604-5c7c-486a-96d1-00bbdfd99b6c/attribute/displayed] to [GET http://127.0.0.1:8203/wd/hub/session/aff14b79-4944-4dbd-b1df-6856794f0b92/element/41ab3604-5c7c-486a-96d1-00bbdfd99b6c/attribute/displayed] with body: {}
[debug] [35m[WD Proxy][39m Got response with status 200: {"sessionId":"aff14b79-4944-4dbd-b1df-6856794f0b92","value":"true"}
[debug] [35m[W3C (eef0b46b)][39m Responding to client with driver.elementDisplayed() result: true
[35m[HTTP][39m [37m<-- GET /wd/hub/session/eef0b46b-9f92-4c19-b3dd-048a7d67ccf2/element/41ab3604-5c7c-486a-96d1-00bbdfd99b6c/displayed [39m[32m200[39m [90m28 ms - 14[39m
[35m[HTTP][39m [90m[39m
[35m[HTTP][39m [37m-->[39m [37mPOST[39m [37m/wd/hub/session/eef0b46b-9f92-4c19-b3dd-048a7d67ccf2/element/41ab3604-5c7c-486a-96d1-00bbdfd99b6c/click[39m
[35m[HTTP][39m [90m{"id":"41ab3604-5c7c-486a-96d1-00bbdfd99b6c"}[39m
[debug] [35m[W3C (eef0b46b)][39m Calling AppiumDriver.click() with args: ["41ab3604-5c7c-486a-96d1-00bbdfd99b6c","eef0b46b-9f92-4c19-b3dd-048a7d67ccf2"]
[debug] [35m[WD Proxy][39m Matched '/element/41ab3604-5c7c-486a-96d1-00bbdfd99b6c/click' to command name 'click'
[debug] [35m[WD Proxy][39m Proxying [POST /element/41ab3604-5c7c-486a-96d1-00bbdfd99b6c/click] to [POST http://127.0.0.1:8203/wd/hub/session/aff14b79-4944-4dbd-b1df-6856794f0b92/element/41ab3604-5c7c-486a-96d1-00bbdfd99b6c/click] with body: {"element":"41ab3604-5c7c-486a-96d1-00bbdfd99b6c"}
[debug] [35m[WD Proxy][39m Got response with status 200: {"sessionId":"aff14b79-4944-4dbd-b1df-6856794f0b92","value":null}
[debug] [35m[W3C (eef0b46b)][39m Responding to client with driver.click() result: null
[35m[HTTP][39m [37m<-- POST /wd/hub/session/eef0b46b-9f92-4c19-b3dd-048a7d67ccf2/element/41ab3604-5c7c-486a-96d1-00bbdfd99b6c/click [39m[32m200[39m [90m58 ms - 14[39m
[35m[HTTP][39m [90m[39m
[35m[HTTP][39m [37m-->[39m [37mGET[39m [37m/wd/hub/session/eef0b46b-9f92-4c19-b3dd-048a7d67ccf2/screenshot[39m
[35m[HTTP][39m [90m{}[39m
[debug] [35m[W3C (eef0b46b)][39m Calling AppiumDriver.getScreenshot() with args: ["eef0b46b-9f92-4c19-b3dd-048a7d67ccf2"]
[debug] [35m[WD Proxy][39m Matched '/screenshot' to command name 'getScreenshot'
[debug] [35m[WD Proxy][39m Proxying [GET /screenshot] to [GET http://127.0.0.1:8203/wd/hub/session/aff14b79-4944-4dbd-b1df-6856794f0b92/screenshot] with no body
[debug] [35m[WD Proxy][39m Got response with status 200: {"sessionId":"aff14b79-4944-4dbd-b1df-6856794f0b92","value":"iVBORw0KGgoAAAANSUhEUgAABDgAAAjoCAYAAAA5jhrUAAAABHNCSVQICAgIfAhkiAAAIABJREFU\neJzs3Xd4FFXbBvB7drakV6QkBAKhhF4EQpEOYgEVXgtYXkVFVFAs9KKo6IuIIqCo4IeKICggotKk\nF+kQFEOHhCQEEkIa6bs78\/2xZtjNlmySTTYh9++6vMzOnjlzNglJ5t5zniPIsiyDiIiIiIiIiKga\nU7l7AERERERERERE5cWAg4iIiIiIiIiqPQYcRERERERERFTtMeAgIiIiIiIiomqPAQcRERERERER\nVXsMOIiIiIiIiIio2mPAQURERERERETVHgMOIiIiIiIiIqr2GHAQERERERERUbXHgIOIiIiIiIiI\nqj0GHERERERERERU7andPQAiIiIiIrodyJBzEmBM+wtCZgwMWechZF+GMT8Fsj4T0GcDstHdgyRy\nniACGh8IGn8Iujsg+IZD7dcUsn8riEHtIHiHARDcPUoyI8iyLLt7EEREREREVA0ZCyClHobx2k5I\nyXsg5yZANuRBlo0QZCMgGyHLEiBLAHjbQdWRAAgqCIIKEETIgghBJQIqD4jeDSDU7QWxTl+oanUB\nRJ27B1vjMeAgIiIiIqJSkbMvwhj\/KwxXNkPOTYSsvwkY8wDJAAYZVDMIgEoNQfQENL5QedWHKmQQ\nxLAhUPk1dffgaiwGHERERERE5BQp6zSMsT9CurYbUu4VyAXpgKx397CI3E\/QQNAFQuUVAqFOT6gb\nPw6VXwt3j6rGYcBBREREREQOyblJMFxaCenqH5CyL0EuSGM9DSJbBBGCLhCCd2OIoYOgbjQCgleI\nu0dVYzDgICIiIiIi22QDjFf+gCFuFeS0aEi5SQw2iJwhiBA860EV3AHq8OEQQwcBAvf4qGj8DBMR\nERERkbWCNBgufQ8p8XcY0...
[debug] [35m[W3C (eef0b46b)][39m Responding to client with driver.getScreenshot() result: "iVBORw0KGgoAAAANSUhEUgAABDgAAAjoCAYAAAA5jhrUAAAABHNCSVQICAgIfAhkiAAAIABJREFU\neJzs3Xd4FFXbBvB7drakV6QkBAKhhF4EQpEOYgEVXgtYXkVFVFAs9KKo6IuIIqCo4IeKICggotKk\nF+kQFEOHhCQEEkIa6bs78/2xZtjNlmySTTYh9++6vMzOnjlzNglJ5t5zniPIsiyDiIiIiIiIiKga\nU7l7AERERERERERE5cWAg4iIiIiIiIiqPQYcRERERERERFTtMeAgIiIiIiIiomqPAQcRERERERER\nVXsMOIiIiIiIiIio2mPAQURERERERETVHgMOIiIiIiIiIqr2GHAQERERERERUbXHgIOIiIiIiIiI\nqj0GHERERERERERU7andPQAiIiIiIrodyJBzEmBM+wtCZgwMWechZF+GMT8Fsj4T0GcDstHdgyRy\nniACGh8IGn8Iujsg+IZD7dcUsn8riEHtIHiHARDcPUoyI8iyLLt7EEREREREVA0ZCyClHobx2k5I\nyXsg5yZANuRBlo0QZCMgGyHLEiBLAHjbQdWRAAgqCIIKEETIgghBJQIqD4jeDSDU7QWxTl+oanUB\nRJ27B1vjMeAgIiIiIqJSkbMvwhj/KwxXNkPOTYSsvwkY8wDJAAYZVDMIgEoNQfQENL5QedWHKmQQ\nxLAhUPk1dffgaiwGHERERERE5BQp6zSMsT9CurYbUu4VyAXpgKx397CI3E/QQNAFQuUVAqFOT6gb\nPw6VXwt3j6rGYcBBREREREQOyblJMFxaCenqH5CyL0EuSGM9DSJbBBGCLhCCd2OIoYOgbjQCgleI\nu0dVYzDgICIiIiIi22QDjFf+gCFuFeS0aEi5SQw2iJwhiBA860EV3AHq8OEQQwcBAvf4qGj8DBMR\nERERkbWCNBgufQ8p8XcY008Cxnx3j4io+pCNkHMTYSxIhZybBCnrPDQR/wV0Qe4e2W2NAQcRERER\nEVmQMk...
[35m[HTTP][39m [37m<-- GET /wd/hub/session/eef0b46b-9f92-4c19-b3dd-048a7d67ccf2/screenshot [39m[32m200[39m [90m1377 ms - 1155882[39m
[35m[HTTP][39m [90m[39m
[35m[HTTP][39m [37m-->[39m [37mPOST[39m [37m/wd/hub/session/eef0b46b-9f92-4c19-b3dd-048a7d67ccf2/element[39m
[35m[HTTP][39m [90m{"using":"xpath","value":"//android.widget.TextView[@text=\"常用设备\"]"}[39m
[debug] [35m[W3C (eef0b46b)][39m Calling AppiumDriver.findElement() with args: ["xpath","//android.widget.TextView[@text=\"常用设备\"]","eef0b46b-9f92-4c19-b3dd-048a7d67ccf2"]
[debug] [35m[BaseDriver][39m Valid locator strategies for this request: xpath, id, class name, accessibility id, -android uiautomator
[debug] [35m[BaseDriver][39m Waiting up to 20000 ms for condition
[debug] [35m[WD Proxy][39m Matched '/element' to command name 'findElement'
[debug] [35m[WD Proxy][39m Proxying [POST /element] to [POST http://127.0.0.1:8203/wd/hub/session/aff14b79-4944-4dbd-b1df-6856794f0b92/element] with body: {"strategy":"xpath","selector":"//android.widget.TextView[@text=\"常用设备\"]","context":"","multiple":false}
[debug] [35m[WD Proxy][39m Got response with status 200: {"sessionId":"aff14b79-4944-4dbd-b1df-6856794f0b92","value":{"ELEMENT":"f5c25020-66c3-4d99-8e57-bde560a23281","element-6066-11e4-a52e-4f735466cecf":"f5c25020-66c3-4d99-8e57-bde560a23281"}}
[debug] [35m[W3C (eef0b46b)][39m Responding to client with driver.findElement() result: {"element-6066-11e4-a52e-4f735466cecf":"f5c25020-66c3-4d99-8e57-bde560a23281","ELEMENT":"f5c25020-66c3-4d99-8e57-bde560a23281"}
[35m[HTTP][39m [37m<-- POST /wd/hub/session/eef0b46b-9f92-4c19-b3dd-048a7d67ccf2/element [39m[32m200[39m [90m843 ms - 137[39m
[35m[HTTP][39m [90m[39m
[35m[HTTP][39m [37m-->[39m [37mGET[39m [37m/wd/hub/session/eef0b46b-9f92-4c19-b3dd-048a7d67ccf2/element/f5c25020-66c3-4d99-8e57-bde560a23281/displayed[39m
[35m[HTTP][39m [90m{}[39m
[debug] [35m[W3C (eef0b46b)][39m Calling AppiumDriver.elementDisplayed() with args: ["f5c25020-66c3-4d99-8e57-bde560a23281","eef0b46b-9f92-4c19-b3dd-048a7d67ccf2"]
[debug] [35m[WD Proxy][39m Matched '/element/f5c25020-66c3-4d99-8e57-bde560a23281/attribute/displayed' to command name 'getAttribute'
[debug] [35m[WD Proxy][39m Proxying [GET /element/f5c25020-66c3-4d99-8e57-bde560a23281/attribute/displayed] to [GET http://127.0.0.1:8203/wd/hub/session/aff14b79-4944-4dbd-b1df-6856794f0b92/element/f5c25020-66c3-4d99-8e57-bde560a23281/attribute/displayed] with body: {}
[debug] [35m[WD Proxy][39m Got response with status 200: {"sessionId":"aff14b79-4944-4dbd-b1df-6856794f0b92","value":"true"}
[debug] [35m[W3C (eef0b46b)][39m Responding to client with driver.elementDisplayed() result: true
[35m[HTTP][39m [37m<-- GET /wd/hub/session/eef0b46b-9f92-4c19-b3dd-048a7d67ccf2/element/f5c25020-66c3-4d99-8e57-bde560a23281/displayed [39m[32m200[39m [90m25 ms - 14[39m
[35m[HTTP][39m [90m[39m
[35m[HTTP][39m [37m-->[39m [37mPOST[39m [37m/wd/hub/session/eef0b46b-9f92-4c19-b3dd-048a7d67ccf2/element/f5c25020-66c3-4d99-8e57-bde560a23281/click[39m
[35m[HTTP][39m [90m{"id":"f5c25020-66c3-4d99-8e57-bde560a23281"}[39m
[debug] [35m[W3C (eef0b46b)][39m Calling AppiumDriver.click() with args: ["f5c25020-66c3-4d99-8e57-bde560a23281","eef0b46b-9f92-4c19-b3dd-048a7d67ccf2"]
[debug] [35m[WD Proxy][39m Matched '/element/f5c25020-66c3-4d99-8e57-bde560a23281/click' to command name 'click'
[debug] [35m[WD Proxy][39m Proxying [POST /element/f5c25020-66c3-4d99-8e57-bde560a23281/click] to [POST http://127.0.0.1:8203/wd/hub/session/aff14b79-4944-4dbd-b1df-6856794f0b92/element/f5c25020-66c3-4d99-8e57-bde560a23281/click] with body: {"element":"f5c25020-66c3-4d99-8e57-bde560a23281"}
[debug] [35m[WD Proxy][39m Got response with status 200: {"sessionId":"aff14b79-4944-4dbd-b1df-6856794f0b92","value":null}
[debug] [35m[W3C (eef0b46b)][39m Responding to client with driver.click() result: null
[35m[HTTP][39m [37m<-- POST /wd/hub/session/eef0b46b-9f92-4c19-b3dd-048a7d67ccf2/element/f5c25020-66c3-4d99-8e57-bde560a23281/click [39m[32m200[39m [90m46 ms - 14[39m
[35m[HTTP][39m [90m[39m
[35m[HTTP][39m [37m-->[39m [37mGET[39m [37m/wd/hub/session/eef0b46b-9f92-4c19-b3dd-048a7d67ccf2/screenshot[39m
[35m[HTTP][39m [90m{}[39m
[debug] [35m[W3C (eef0b46b)][39m Calling AppiumDriver.getScreenshot() with args: ["eef0b46b-9f92-4c19-b3dd-048a7d67ccf2"]
[debug] [35m[WD Proxy][39m Matched '/screenshot' to command name 'getScreenshot'
[debug] [35m[WD Proxy][39m Proxying [GET /screenshot] to [GET http://127.0.0.1:8203/wd/hub/session/aff14b79-4944-4dbd-b1df-6856794f0b92/screenshot] with no body
[debug] [35m[WD Proxy][39m Got response with status 200: {"sessionId":"aff14b79-4944-4dbd-b1df-6856794f0b92","value":"iVBORw0KGgoAAAANSUhEUgAABDgAAAjoCAYAAAA5jhrUAAAABHNCSVQICAgIfAhkiAAAIABJREFU\neJzs3XlYVOXbB\/DvGTaRHVxSQw1FUXINcV9S3HIpfc3SzNJyKy395Yqa5JapLWpJmtmVaZm5l7vm\nniLuihsuCKSBCoiDgg5z3j+GOc6ZjZlhhkW+n+vqijlzznOeGRbn3Od+7lsQRVEEEREREREREVEJ\npijqCRARERERERERFRQDHERERERERERU4jHAQUREREREREQlHgMcRERERERERFTiMcBBRERERERE\nRCUeAxxEREREREREVOIxwEFEREREREREJR4DHERERERERERU4jHAQUREREREREQlHgMcRERERERE\nRFTiMcBBRERERERERCWec1FPgIiIiIiInhGiCEDnP1HUbIYIoSjnRWQjEYCg\/ekVBAA6\/wn8qS5u\nBFHM+6tDRERERERkJVFUQ4AIiGpAAESRwQx6tokABEHI+0IBEQIEgYsjigMGOIiIiIiIyEqagIYm\nuMEMDSq9tBkemqCHAhAUAH8bigwDHEREREREZKG8TI28bA3wUoLoKZ2sDgY6igYDHEREREREZJ4o\nAsjL2GBgg8gszW+HdtmKgrU6ChEDHEREREREZJqoBqDWKSBKRJbRFiLVZnSQo7GLChERERERGSfm\n5gU4GNggsp4o7ywkOBX1hJ55DHAQEREREZEenVobDG4QFVDe7xPA2hwOxiUqRERERESkQwTUuRCh\n5mUYkR1pOq4oAIUTGORwDC4EIiIiIiKiPKJmWQqDG0R2p\/mdUuf9jjHPwBEY4CAiIiIiIkjBDW0q\nPRE5hsggh6MwwEFEREREVOoxuEFUqBjkcAgWGdWTnp6OI0eOIC0tzabjPTw8UKtWLYSGhtp5ZkRE\nREREDiCKEMVcCGBwg6hQ...
[debug] [35m[W3C (eef0b46b)][39m Responding to client with driver.getScreenshot() result: "iVBORw0KGgoAAAANSUhEUgAABDgAAAjoCAYAAAA5jhrUAAAABHNCSVQICAgIfAhkiAAAIABJREFU\neJzs3XlYVOXbB/DvGTaRHVxSQw1FUXINcV9S3HIpfc3SzNJyKy395Yqa5JapLWpJmtmVaZm5l7vm\nniLuihsuCKSBCoiDgg5z3j+GOc6ZjZlhhkW+n+vqijlzznOeGRbn3Od+7lsQRVEEEREREREREVEJ\npijqCRARERERERERFRQDHERERERERERU4jHAQUREREREREQlHgMcRERERERERFTiMcBBRERERERE\nRCUeAxxEREREREREVOIxwEFEREREREREJR4DHERERERERERU4jHAQUREREREREQlHgMcRERERERE\nRFTiMcBBRERERERERCWec1FPgIiIiIiInhGiCEDnP1HUbIYIoSjnRWQjEYCg/ekVBAA6/wn8qS5u\nBFHM+6tDRERERERkJVFUQ4AIiGpAAESRwQx6tokABEHI+0IBEQIEgYsjigMGOIiIiIiIyEqagIYm\nuMEMDSq9tBkemqCHAhAUAH8bigwDHEREREREZKG8TI28bA3wUoLoKZ2sDgY6igYDHEREREREZJ4o\nAsjL2GBgg8gszW+HdtmKgrU6ChEDHEREREREZJqoBqDWKSBKRJbRFiLVZnSQo7GLChERERERGSfm\n5gU4GNggsp4o7ywkOBX1hJ55DHAQEREREZEenVobDG4QFVDe7xPA2hwOxiUqRERERESkQwTUuRCh\n5mUYkR1pOq4oAIUTGORwDC4EIiIiIiKiPKJmWQqDG0R2p/mdUuf9jjHPwBEY4CAiIiIiIkjBDW0q\nPRE5hsggh6MwwEFEREREVOoxuEFUqBjkcAgWGdWTnp6OI0eOIC0tzabjPTw8UKtWLYSGhtp5ZkRE\nREREDiCKEMVcCGBwg6hQiWpoFq4o8trJUkGxyKiOzMxMbN++HY8fPy7wWGFhYQgJCbHDrKgkSk1N\nxd69ey...
[35m[HTTP][39m [37m<-- GET /wd/hub/session/eef0b46b-9f92-4c19-b3dd-048a7d67ccf2/screenshot [39m[32m200[39m [90m1446 ms - 1202506[39m
[35m[HTTP][39m [90m[39m
[35m[HTTP][39m [37m-->[39m [37mGET[39m [37m/wd/hub/session/eef0b46b-9f92-4c19-b3dd-048a7d67ccf2/screenshot[39m
[35m[HTTP][39m [90m{}[39m
[debug] [35m[W3C (eef0b46b)][39m Calling AppiumDriver.getScreenshot() with args: ["eef0b46b-9f92-4c19-b3dd-048a7d67ccf2"]
[debug] [35m[WD Proxy][39m Matched '/screenshot' to command name 'getScreenshot'
[debug] [35m[WD Proxy][39m Proxying [GET /screenshot] to [GET http://127.0.0.1:8203/wd/hub/session/aff14b79-4944-4dbd-b1df-6856794f0b92/screenshot] with no body
[debug] [35m[WD Proxy][39m Got response with status 200: {"sessionId":"aff14b79-4944-4dbd-b1df-6856794f0b92","value":"iVBORw0KGgoAAAANSUhEUgAABDgAAAjoCAYAAAA5jhrUAAAABHNCSVQICAgIfAhkiAAAIABJREFU\neJzs3Xd8FHX6B\/DPzGxJbwSBhIQQAgRCl650EFFB4aeCHp6iAnqinnciXbEjehb04EQPT8UKiooU\nKdI11KD0EghJCCSENNK2zMzvjyVLNluySTbZhHzer5cvd2e\/851nAySZZ7\/f5xFUVVVBRERERERE\nRNSAid4OgIiIiIiIiIioppjgICIiIiIiIqIGjwkOIiIiIiIiImrwmOAgIiIiIiIiogaPCQ4iIiIi\nIiIiavCY4CAiIiIiIiKiBo8JDiIiIiIiIiJq8JjgICIiIiIiIqIGjwkOIiIiIiIiImrwmOAgIiIi\nIiIiogaPCQ4iIiIiIiIiavA03g6AiIiIiIiuByrUojTIOX9AyD8Cc8EpCIXnIJdmQTXlA6ZCQJW9\nHSSR+wQJ0AZA0AZD0DeFEBgDTVBbqMEJkMK6QvCPAiB4O0oqR1BVVfV2EERERERE1ADJBijZeyBf\n3AIlczvU4jSo5hKoqgxBlQFVhqoqgKoA4G0HNUQCIIgQBBEQJKiCBEGUANEHkn80hOYDITUbAjG8\nNyDpvR1so8cEBxERERERVYlamAw59SeYz6+HWpwO1XQFkEsAxQwmMqhxEABRA0HyBbSBEP1aQowY\nCSlqNMSgtt4OrtFigoOIiIiIiNyiFByDfPYbKBe3QSk+D9WQC6gmb4dF5H2CFoI+FKJfBIRmA6CJ\nvR9iUAdvR9XoMMFBREREREQuqcUZMJ\/5CsqFDVAKz0A15LCeBpEjggRBHwrBPxZS5EhoWt8HwS\/C\n21E1GkxwEBERERGRY6oZ8vkNMKd8DTUnCUpxBhMbRO4QJAi+LSA26Q5NzARIkSMBgT0+ahu\/wkRE\nREREZM+QA\/OZz6Gk\...
[debug] [35m[W3C (eef0b46b)][39m Responding to client with driver.getScreenshot() result: "iVBORw0KGgoAAAANSUhEUgAABDgAAAjoCAYAAAA5jhrUAAAABHNCSVQICAgIfAhkiAAAIABJREFU\neJzs3Xd8FHX6B/DPzGxJbwSBhIQQAgRCl650EFFB4aeCHp6iAnqinnciXbEjehb04EQPT8UKiooU\nKdI11KD0EghJCCSENNK2zMzvjyVLNluySTbZhHzer5cvd2e/851nAySZZ7/f5xFUVVVBRERERERE\nRNSAid4OgIiIiIiIiIioppjgICIiIiIiIqIGjwkOIiIiIiIiImrwmOAgIiIiIiIiogaPCQ4iIiIi\nIiIiavCY4CAiIiIiIiKiBo8JDiIiIiIiIiJq8JjgICIiIiIiIqIGjwkOIiIiIiIiImrwmOAgIiIi\nIiIiogaPCQ4iIiIiIiIiavA03g6AiIiIiIiuByrUojTIOX9AyD8Cc8EpCIXnIJdmQTXlA6ZCQJW9\nHSSR+wQJ0AZA0AZD0DeFEBgDTVBbqMEJkMK6QvCPAiB4O0oqR1BVVfV2EERERERE1ADJBijZeyBf\n3AIlczvU4jSo5hKoqgxBlQFVhqoqgKoA4G0HNUQCIIgQBBEQJKiCBEGUANEHkn80hOYDITUbAjG8\nNyDpvR1so8cEBxERERERVYlamAw59SeYz6+HWpwO1XQFkEsAxQwmMqhxEABRA0HyBbSBEP1aQowY\nCSlqNMSgtt4OrtFigoOIiIiIiNyiFByDfPYbKBe3QSk+D9WQC6gmb4dF5H2CFoI+FKJfBIRmA6CJ\nvR9iUAdvR9XoMMFBREREREQuqcUZMJ/5CsqFDVAKz0A15LCeBpEjggRBHwrBPxZS5EhoWt8HwS/C\n21E1GkxwEBERERGRY6oZ8vkNMKd8DTUnCUpxBhMbRO4QJAi+LSA26Q5NzARIkSMBgT0+ahu/wkRE\nREREZM+QA/OZz6Gk/ww59xAgl3o7IqKGQ5WhFqdDNmRDLc6AUnAK2jZ/BfRh3o7susYEBxERERER\n2VDyj0...
[35m[HTTP][39m [37m<-- GET /wd/hub/session/eef0b46b-9f92-4c19-b3dd-048a7d67ccf2/screenshot [39m[32m200[39m [90m1405 ms - 1203380[39m
[35m[HTTP][39m [90m[39m
[35m[HTTP][39m [37m-->[39m [37mPOST[39m [37m/wd/hub/session/eef0b46b-9f92-4c19-b3dd-048a7d67ccf2/element[39m
[35m[HTTP][39m [90m{"using":"xpath","value":"//android.widget.TextView[@text=\"我的\"]"}[39m
[debug] [35m[W3C (eef0b46b)][39m Calling AppiumDriver.findElement() with args: ["xpath","//android.widget.TextView[@text=\"我的\"]","eef0b46b-9f92-4c19-b3dd-048a7d67ccf2"]
[debug] [35m[BaseDriver][39m Valid locator strategies for this request: xpath, id, class name, accessibility id, -android uiautomator
[debug] [35m[BaseDriver][39m Waiting up to 20000 ms for condition
[debug] [35m[WD Proxy][39m Matched '/element' to command name 'findElement'
[debug] [35m[WD Proxy][39m Proxying [POST /element] to [POST http://127.0.0.1:8203/wd/hub/session/aff14b79-4944-4dbd-b1df-6856794f0b92/element] with body: {"strategy":"xpath","selector":"//android.widget.TextView[@text=\"我的\"]","context":"","multiple":false}
[debug] [35m[WD Proxy][39m Got response with status 200: {"sessionId":"aff14b79-4944-4dbd-b1df-6856794f0b92","value":{"ELEMENT":"b6568a11-79e9-4a1b-9da6-20f48a8cc186","element-6066-11e4-a52e-4f735466cecf":"b6568a11-79e9-4a1b-9da6-20f48a8cc186"}}
[debug] [35m[W3C (eef0b46b)][39m Responding to client with driver.findElement() result: {"element-6066-11e4-a52e-4f735466cecf":"b6568a11-79e9-4a1b-9da6-20f48a8cc186","ELEMENT":"b6568a11-79e9-4a1b-9da6-20f48a8cc186"}
[35m[HTTP][39m [37m<-- POST /wd/hub/session/eef0b46b-9f92-4c19-b3dd-048a7d67ccf2/element [39m[32m200[39m [90m990 ms - 137[39m
[35m[HTTP][39m [90m[39m
[35m[HTTP][39m [37m-->[39m [37mGET[39m [37m/wd/hub/session/eef0b46b-9f92-4c19-b3dd-048a7d67ccf2/element/b6568a11-79e9-4a1b-9da6-20f48a8cc186/displayed[39m
[35m[HTTP][39m [90m{}[39m
[debug] [35m[W3C (eef0b46b)][39m Calling AppiumDriver.elementDisplayed() with args: ["b6568a11-79e9-4a1b-9da6-20f48a8cc186","eef0b46b-9f92-4c19-b3dd-048a7d67ccf2"]
[debug] [35m[WD Proxy][39m Matched '/element/b6568a11-79e9-4a1b-9da6-20f48a8cc186/attribute/displayed' to command name 'getAttribute'
[debug] [35m[WD Proxy][39m Proxying [GET /element/b6568a11-79e9-4a1b-9da6-20f48a8cc186/attribute/displayed] to [GET http://127.0.0.1:8203/wd/hub/session/aff14b79-4944-4dbd-b1df-6856794f0b92/element/b6568a11-79e9-4a1b-9da6-20f48a8cc186/attribute/displayed] with body: {}
[debug] [35m[WD Proxy][39m Got response with status 200: {"sessionId":"aff14b79-4944-4dbd-b1df-6856794f0b92","value":"true"}
[debug] [35m[W3C (eef0b46b)][39m Responding to client with driver.elementDisplayed() result: true
[35m[HTTP][39m [37m<-- GET /wd/hub/session/eef0b46b-9f92-4c19-b3dd-048a7d67ccf2/element/b6568a11-79e9-4a1b-9da6-20f48a8cc186/displayed [39m[32m200[39m [90m32 ms - 14[39m
[35m[HTTP][39m [90m[39m
[35m[HTTP][39m [37m-->[39m [37mPOST[39m [37m/wd/hub/session/eef0b46b-9f92-4c19-b3dd-048a7d67ccf2/element/b6568a11-79e9-4a1b-9da6-20f48a8cc186/click[39m
[35m[HTTP][39m [90m{"id":"b6568a11-79e9-4a1b-9da6-20f48a8cc186"}[39m
[debug] [35m[W3C (eef0b46b)][39m Calling AppiumDriver.click() with args: ["b6568a11-79e9-4a1b-9da6-20f48a8cc186","eef0b46b-9f92-4c19-b3dd-048a7d67ccf2"]
[debug] [35m[WD Proxy][39m Matched '/element/b6568a11-79e9-4a1b-9da6-20f48a8cc186/click' to command name 'click'
[debug] [35m[WD Proxy][39m Proxying [POST /element/b6568a11-79e9-4a1b-9da6-20f48a8cc186/click] to [POST http://127.0.0.1:8203/wd/hub/session/aff14b79-4944-4dbd-b1df-6856794f0b92/element/b6568a11-79e9-4a1b-9da6-20f48a8cc186/click] with body: {"element":"b6568a11-79e9-4a1b-9da6-20f48a8cc186"}
[debug] [35m[WD Proxy][39m Got response with status 200: {"sessionId":"aff14b79-4944-4dbd-b1df-6856794f0b92","value":null}
[debug] [35m[W3C (eef0b46b)][39m Responding to client with driver.click() result: null
[35m[HTTP][39m [37m<-- POST /wd/hub/session/eef0b46b-9f92-4c19-b3dd-048a7d67ccf2/element/b6568a11-79e9-4a1b-9da6-20f48a8cc186/click [39m[32m200[39m [90m48 ms - 14[39m
[35m[HTTP][39m [90m[39m
[35m[HTTP][39m [37m-->[39m [37mPOST[39m [37m/wd/hub/session/eef0b46b-9f92-4c19-b3dd-048a7d67ccf2/element[39m
[35m[HTTP][39m [90m{"using":"xpath","value":"//android.widget.TextView[@text=\"4套房屋\"]"}[39m
[debug] [35m[W3C (eef0b46b)][39m Calling AppiumDriver.findElement() with args: ["xpath","//android.widget.TextView[@text=\"4套房屋\"]","eef0b46b-9f92-4c19-b3dd-048a7d67ccf2"]
[debug] [35m[BaseDriver][39m Valid locator strategies for this request: xpath, id, class name, accessibility id, -android uiautomator
[debug] [35m[BaseDriver][39m Waiting up to 20000 ms for condition
[debug] [35m[WD Proxy][39m Matched '/element' to command name 'findElement'
[debug] [35m[WD Proxy][39m Proxying [POST /element] to [POST http://127.0.0.1:8203/wd/hub/session/aff14b79-4944-4dbd-b1df-6856794f0b92/element] with body: {"strategy":"xpath","selector":"//android.widget.TextView[@text=\"4套房屋\"]","context":"","multiple":false}
[35m[WD Proxy][39m Got an unexpected response with status 404: {"sessionId":"aff14b79-4944-4dbd-b1df-6856794f0b92","value":{"error":"no such element","message":"An element could not be located on the page using the given search parameters","stacktrace":"io.appium.uiautomator2.common.exceptions.ElementNotFoundException: An element could not be located on the page using the given search parameters\n\tat io.appium.uiautomator2.handler.FindElement.findElement(FindElement.java:102)\n\tat io.appium.uiautomator2.handler.FindElement.safeHandle(FindElement.java:72)\n\tat io.appium.uiautomator2.handler.request.SafeRequestHandler.handle(SafeRequestHandler.java:38)\n\tat io.appium.uiautomator2.server.AppiumServlet.handleRequest(AppiumServlet.java:252)\n\tat io.appium.uiautomator2.server.AppiumServlet.handleHttpRequest(AppiumServlet.java:242)\n\tat io.appium.uiautomator2.http.ServerHandler.channelRead(ServerHandler.java:51)\n\tat io.netty.channel.AbstractChannelHandlerContext.invokeChannelRead(AbstractChannelHandlerContext.java:366)\n\tat io.netty.channel.AbstractChannelHandlerCon...
[debug] [35m[W3C][39m Matched W3C error code 'no such element' to NoSuchElementError
[debug] [35m[BaseDriver][39m Waited for 374 ms so far
[debug] [35m[WD Proxy][39m Matched '/element' to command name 'findElement'
[debug] [35m[WD Proxy][39m Proxying [POST /element] to [POST http://127.0.0.1:8203/wd/hub/session/aff14b79-4944-4dbd-b1df-6856794f0b92/element] with body: {"strategy":"xpath","selector":"//android.widget.TextView[@text=\"4套房屋\"]","context":"","multiple":false}
[debug] [35m[WD Proxy][39m Got response with status 200: {"sessionId":"aff14b79-4944-4dbd-b1df-6856794f0b92","value":{"ELEMENT":"4c0d242d-a463-4568-93d2-74b79c1fdf4b","element-6066-11e4-a52e-4f735466cecf":"4c0d242d-a463-4568-93d2-74b79c1fdf4b"}}
[debug] [35m[W3C (eef0b46b)][39m Responding to client with driver.findElement() result: {"element-6066-11e4-a52e-4f735466cecf":"4c0d242d-a463-4568-93d2-74b79c1fdf4b","ELEMENT":"4c0d242d-a463-4568-93d2-74b79c1fdf4b"}
[35m[HTTP][39m [37m<-- POST /wd/hub/session/eef0b46b-9f92-4c19-b3dd-048a7d67ccf2/element [39m[32m200[39m [90m1339 ms - 137[39m
[35m[HTTP][39m [90m[39m
[35m[HTTP][39m [37m-->[39m [37mGET[39m [37m/wd/hub/session/eef0b46b-9f92-4c19-b3dd-048a7d67ccf2/element/4c0d242d-a463-4568-93d2-74b79c1fdf4b/displayed[39m
[35m[HTTP][39m [90m{}[39m
[debug] [35m[W3C (eef0b46b)][39m Calling AppiumDriver.elementDisplayed() with args: ["4c0d242d-a463-4568-93d2-74b79c1fdf4b","eef0b46b-9f92-4c19-b3dd-048a7d67ccf2"]
[debug] [35m[WD Proxy][39m Matched '/element/4c0d242d-a463-4568-93d2-74b79c1fdf4b/attribute/displayed' to command name 'getAttribute'
[debug] [35m[WD Proxy][39m Proxying [GET /element/4c0d242d-a463-4568-93d2-74b79c1fdf4b/attribute/displayed] to [GET http://127.0.0.1:8203/wd/hub/session/aff14b79-4944-4dbd-b1df-6856794f0b92/element/4c0d242d-a463-4568-93d2-74b79c1fdf4b/attribute/displayed] with body: {}
[debug] [35m[WD Proxy][39m Got response with status 200: {"sessionId":"aff14b79-4944-4dbd-b1df-6856794f0b92","value":"true"}
[debug] [35m[W3C (eef0b46b)][39m Responding to client with driver.elementDisplayed() result: true
[35m[HTTP][39m [37m<-- GET /wd/hub/session/eef0b46b-9f92-4c19-b3dd-048a7d67ccf2/element/4c0d242d-a463-4568-93d2-74b79c1fdf4b/displayed [39m[32m200[39m [90m23 ms - 14[39m
[35m[HTTP][39m [90m[39m
[35m[HTTP][39m [37m-->[39m [37mPOST[39m [37m/wd/hub/session/eef0b46b-9f92-4c19-b3dd-048a7d67ccf2/element/4c0d242d-a463-4568-93d2-74b79c1fdf4b/click[39m
[35m[HTTP][39m [90m{"id":"4c0d242d-a463-4568-93d2-74b79c1fdf4b"}[39m
[debug] [35m[W3C (eef0b46b)][39m Calling AppiumDriver.click() with args: ["4c0d242d-a463-4568-93d2-74b79c1fdf4b","eef0b46b-9f92-4c19-b3dd-048a7d67ccf2"]
[debug] [35m[WD Proxy][39m Matched '/element/4c0d242d-a463-4568-93d2-74b79c1fdf4b/click' to command name 'click'
[debug] [35m[WD Proxy][39m Proxying [POST /element/4c0d242d-a463-4568-93d2-74b79c1fdf4b/click] to [POST http://127.0.0.1:8203/wd/hub/session/aff14b79-4944-4dbd-b1df-6856794f0b92/element/4c0d242d-a463-4568-93d2-74b79c1fdf4b/click] with body: {"element":"4c0d242d-a463-4568-93d2-74b79c1fdf4b"}
[debug] [35m[WD Proxy][39m Got response with status 200: {"sessionId":"aff14b79-4944-4dbd-b1df-6856794f0b92","value":null}
[debug] [35m[W3C (eef0b46b)][39m Responding to client with driver.click() result: null
[35m[HTTP][39m [37m<-- POST /wd/hub/session/eef0b46b-9f92-4c19-b3dd-048a7d67ccf2/element/4c0d242d-a463-4568-93d2-74b79c1fdf4b/click [39m[32m200[39m [90m39 ms - 14[39m
[35m[HTTP][39m [90m[39m
[35m[HTTP][39m [37m-->[39m [37mGET[39m [37m/wd/hub/session/eef0b46b-9f92-4c19-b3dd-048a7d67ccf2/screenshot[39m
[35m[HTTP][39m [90m{}[39m
[debug] [35m[W3C (eef0b46b)][39m Calling AppiumDriver.getScreenshot() with args: ["eef0b46b-9f92-4c19-b3dd-048a7d67ccf2"]
[debug] [35m[WD Proxy][39m Matched '/screenshot' to command name 'getScreenshot'
[debug] [35m[WD Proxy][39m Proxying [GET /screenshot] to [GET http://127.0.0.1:8203/wd/hub/session/aff14b79-4944-4dbd-b1df-6856794f0b92/screenshot] with no body
[debug] [35m[WD Proxy][39m Got response with status 200: {"sessionId":"aff14b79-4944-4dbd-b1df-6856794f0b92","value":"iVBORw0KGgoAAAANSUhEUgAABDgAAAjoCAYAAAA5jhrUAAAABHNCSVQICAgIfAhkiAAAIABJREFU\neJzs3XdYU2f7B\/DvScJGFAcqKioq4qirbutGqauOWketr1JX66q2oIj6K1rrqq2KVF9nq9XaVlu1\n7q1o65a6qHWBiCCIoMgmyfn9QclLSAIBEpLA93NdXJrnnPOc+zCSnDvPcz+CKIoiiIiIiIiIiIgs\nmMTUARARERERERERFRcTHERERERERERk8ZjgICIiIiIiIiKLxwQHEREREREREVk8JjiIiIiIiIiI\nyOIxwUFEREREREREFo8JDiIiIiIiIiKyeExwEBEREREREZHFY4KDiIiIiIiIiCweExxERERERERE\nZPGY4CAiIiIiIiIiiyczdQBERERERFQaiBBTnkCRcAPCqzuQJ92HkPwYivQ4iFmvgKxkQFSYOkgi\n\/QlSwMoRglV5SGxdAMfakDk1gFi+CaQVm0NwqAVAMHWUlIsgiqJo6iCIiIiIiMgCKTKgjL8MxbPT\nUMaGQEx9AlGeBlFUQBAVgKiAKCoBUQmAtx1kiQRAkEAQJIAghShIIUikgMQWUgc3CNW6QFq1OySV\n2wJSG1MHW+YxwUFERERERIUiJj+EIvJ3yJ8egZgaBTHrNaBIA5RyMJFBZYMASGQQpHaAVTlI7GtC\n4uoNaa0BkDg1MHVwZRYTHEREREREpBdl0t9QhP8M5bOzUKY+hZiRCIhZpg6LyPQEKwg2zpDYu0Ko\n2hky9\/chcWpk6qjKHCY4iIiIiIgoX2JqNOSPdkIZcwzK5EcQMxJYT4NIG0EKwcYZgoM7pDW8Ias7\nEoK9q6mjKjOY4CAiIiIiIu1EORRPj0Ee8RPEhFAoU6OZ2CDShyCFYFcdkkotIaszAtIa3oDANT6M\njd9hIiIiIiLSlJEA+aMfo...
[debug] [35m[W3C (eef0b46b)][39m Responding to client with driver.getScreenshot() result: "iVBORw0KGgoAAAANSUhEUgAABDgAAAjoCAYAAAA5jhrUAAAABHNCSVQICAgIfAhkiAAAIABJREFU\neJzs3XdYU2f7B/DvScJGFAcqKioq4qirbutGqauOWketr1JX66q2oIj6K1rrqq2KVF9nq9XaVlu1\n7q1o65a6qHWBiCCIoMgmyfn9QclLSAIBEpLA93NdXJrnnPOc+zCSnDvPcz+CKIoiiIiIiIiIiIgs\nmMTUARARERERERERFRcTHERERERERERk8ZjgICIiIiIiIiKLxwQHEREREREREVk8JjiIiIiIiIiI\nyOIxwUFEREREREREFo8JDiIiIiIiIiKyeExwEBEREREREZHFY4KDiIiIiIiIiCweExxERERERERE\nZPGY4CAiIiIiIiIiiyczdQBERERERFQaiBBTnkCRcAPCqzuQJ92HkPwYivQ4iFmvgKxkQFSYOkgi\n/QlSwMoRglV5SGxdAMfakDk1gFi+CaQVm0NwqAVAMHWUlIsgiqJo6iCIiIiIiMgCKTKgjL8MxbPT\nUMaGQEx9AlGeBlFUQBAVgKiAKCoBUQmAtx1kiQRAkEAQJIAghShIIUikgMQWUgc3CNW6QFq1OySV\n2wJSG1MHW+YxwUFERERERIUiJj+EIvJ3yJ8egZgaBTHrNaBIA5RyMJFBZYMASGQQpHaAVTlI7GtC\n4uoNaa0BkDg1MHVwZRYTHEREREREpBdl0t9QhP8M5bOzUKY+hZiRCIhZpg6LyPQEKwg2zpDYu0Ko\n2hky9/chcWpk6qjKHCY4iIiIiIgoX2JqNOSPdkIZcwzK5EcQMxJYT4NIG0EKwcYZgoM7pDW8Ias7\nEoK9q6mjKjOY4CAiIiIiIu1EORRPj0Ee8RPEhFAoU6OZ2CDShyCFYFcdkkotIaszAtIa3oDANT6M\njd9hIiIiIiLSlJEA+aMfoIw6AEXiLUCRbuqIiCyHqICYGgVFRjzE1Ggok+7Dqt5/AJuKpo6sVGOC\ng4iIiI...
[35m[HTTP][39m [37m<-- GET /wd/hub/session/eef0b46b-9f92-4c19-b3dd-048a7d67ccf2/screenshot [39m[32m200[39m [90m709 ms - 116090[39m
[35m[HTTP][39m [90m[39m
[35m[HTTP][39m [37m-->[39m [37mPOST[39m [37m/wd/hub/session/eef0b46b-9f92-4c19-b3dd-048a7d67ccf2/element[39m
[35m[HTTP][39m [90m{"using":"xpath","value":"//android.widget.TextView[@text=\"\"]"}[39m
[debug] [35m[W3C (eef0b46b)][39m Calling AppiumDriver.findElement() with args: ["xpath","//android.widget.TextView[@text=\"\"]","eef0b46b-9f92-4c19-b3dd-048a7d67ccf2"]
[debug] [35m[BaseDriver][39m Valid locator strategies for this request: xpath, id, class name, accessibility id, -android uiautomator
[debug] [35m[BaseDriver][39m Waiting up to 20000 ms for condition
[debug] [35m[WD Proxy][39m Matched '/element' to command name 'findElement'
[debug] [35m[WD Proxy][39m Proxying [POST /element] to [POST http://127.0.0.1:8203/wd/hub/session/aff14b79-4944-4dbd-b1df-6856794f0b92/element] with body: {"strategy":"xpath","selector":"//android.widget.TextView[@text=\"\"]","context":"","multiple":false}
[debug] [35m[WD Proxy][39m Got response with status 200: {"sessionId":"aff14b79-4944-4dbd-b1df-6856794f0b92","value":{"ELEMENT":"99f11774-b97e-4230-af7c-23c52cafd554","element-6066-11e4-a52e-4f735466cecf":"99f11774-b97e-4230-af7c-23c52cafd554"}}
[debug] [35m[W3C (eef0b46b)][39m Responding to client with driver.findElement() result: {"element-6066-11e4-a52e-4f735466cecf":"99f11774-b97e-4230-af7c-23c52cafd554","ELEMENT":"99f11774-b97e-4230-af7c-23c52cafd554"}
[35m[HTTP][39m [37m<-- POST /wd/hub/session/eef0b46b-9f92-4c19-b3dd-048a7d67ccf2/element [39m[32m200[39m [90m238 ms - 137[39m
[35m[HTTP][39m [90m[39m
[35m[HTTP][39m [37m-->[39m [37mGET[39m [37m/wd/hub/session/eef0b46b-9f92-4c19-b3dd-048a7d67ccf2/element/99f11774-b97e-4230-af7c-23c52cafd554/displayed[39m
[35m[HTTP][39m [90m{}[39m
[debug] [35m[W3C (eef0b46b)][39m Calling AppiumDriver.elementDisplayed() with args: ["99f11774-b97e-4230-af7c-23c52cafd554","eef0b46b-9f92-4c19-b3dd-048a7d67ccf2"]
[debug] [35m[WD Proxy][39m Matched '/element/99f11774-b97e-4230-af7c-23c52cafd554/attribute/displayed' to command name 'getAttribute'
[debug] [35m[WD Proxy][39m Proxying [GET /element/99f11774-b97e-4230-af7c-23c52cafd554/attribute/displayed] to [GET http://127.0.0.1:8203/wd/hub/session/aff14b79-4944-4dbd-b1df-6856794f0b92/element/99f11774-b97e-4230-af7c-23c52cafd554/attribute/displayed] with body: {}
[debug] [35m[WD Proxy][39m Got response with status 200: {"sessionId":"aff14b79-4944-4dbd-b1df-6856794f0b92","value":"true"}
[debug] [35m[W3C (eef0b46b)][39m Responding to client with driver.elementDisplayed() result: true
[35m[HTTP][39m [37m<-- GET /wd/hub/session/eef0b46b-9f92-4c19-b3dd-048a7d67ccf2/element/99f11774-b97e-4230-af7c-23c52cafd554/displayed [39m[32m200[39m [90m27 ms - 14[39m
[35m[HTTP][39m [90m[39m
[35m[HTTP][39m [37m-->[39m [37mPOST[39m [37m/wd/hub/session/eef0b46b-9f92-4c19-b3dd-048a7d67ccf2/element/99f11774-b97e-4230-af7c-23c52cafd554/click[39m
[35m[HTTP][39m [90m{"id":"99f11774-b97e-4230-af7c-23c52cafd554"}[39m
[debug] [35m[W3C (eef0b46b)][39m Calling AppiumDriver.click() with args: ["99f11774-b97e-4230-af7c-23c52cafd554","eef0b46b-9f92-4c19-b3dd-048a7d67ccf2"]
[debug] [35m[WD Proxy][39m Matched '/element/99f11774-b97e-4230-af7c-23c52cafd554/click' to command name 'click'
[debug] [35m[WD Proxy][39m Proxying [POST /element/99f11774-b97e-4230-af7c-23c52cafd554/click] to [POST http://127.0.0.1:8203/wd/hub/session/aff14b79-4944-4dbd-b1df-6856794f0b92/element/99f11774-b97e-4230-af7c-23c52cafd554/click] with body: {"element":"99f11774-b97e-4230-af7c-23c52cafd554"}
[debug] [35m[WD Proxy][39m Got response with status 200: {"sessionId":"aff14b79-4944-4dbd-b1df-6856794f0b92","value":null}
[debug] [35m[W3C (eef0b46b)][39m Responding to client with driver.click() result: null
[35m[HTTP][39m [37m<-- POST /wd/hub/session/eef0b46b-9f92-4c19-b3dd-048a7d67ccf2/element/99f11774-b97e-4230-af7c-23c52cafd554/click [39m[32m200[39m [90m1542 ms - 14[39m
[35m[HTTP][39m [90m[39m
[35m[HTTP][39m [37m-->[39m [37mGET[39m [37m/wd/hub/session/eef0b46b-9f92-4c19-b3dd-048a7d67ccf2/screenshot[39m
[35m[HTTP][39m [90m{}[39m
[debug] [35m[W3C (eef0b46b)][39m Calling AppiumDriver.getScreenshot() with args: ["eef0b46b-9f92-4c19-b3dd-048a7d67ccf2"]
[debug] [35m[WD Proxy][39m Matched '/screenshot' to command name 'getScreenshot'
[debug] [35m[WD Proxy][39m Proxying [GET /screenshot] to [GET http://127.0.0.1:8203/wd/hub/session/aff14b79-4944-4dbd-b1df-6856794f0b92/screenshot] with no body
[debug] [35m[WD Proxy][39m Got response with status 200: {"sessionId":"aff14b79-4944-4dbd-b1df-6856794f0b92","value":"iVBORw0KGgoAAAANSUhEUgAABDgAAAjoCAYAAAA5jhrUAAAABHNCSVQICAgIfAhkiAAAIABJREFU\neJzs3XlcVNX7B\/DPZd9EQSXDDRGVUHPXXHBFScv8pWVWmpKp5VbuC1po7uWGpmlmadqmftVMzQUX\ntFxwV9QUQcElEUEQBATm\/v6Auc5lFmaGGYaRz\/v18vtt7nLumWEG5jz3Oc8RRFEUQURERERERERk\nxWws3QEiIiIiIiIiouJigIOIiIiIiIiIrB4DHERERERERERk9RjgICIiIiIiIiKrxwAHERERERER\nEVk9BjiIiIiIiIiIyOoxwEFEREREREREVo8BDiIiIiIiIiKyegxwEBEREREREZHVY4CDiIiIiIiI\niKweAxxEREREREREZPXsLN0BIiIiIiJ6PoiiCEEAIIoAxGfbAOT\/D5GVEfPfyYKgfAMLgCBAFFW3\nUWnBAAcRERERERWD+CygIYrKuIYU0OAYkKyaoHwrF7yxVd\/jEKAMeDCCVzoIoiiKRR9GRERERERU\nQMrQEJmhQWWbLMNDNeBBlsAABxERERER6adwYIPjOCLJs2krDHRYCgMcRERERERUNFEBaRoKx21E\n2uWndCA\/yMF1PUoSa3AQEREREZEOIiAqnmVsMLhBpJsAPJu+JRYEOfjBKQnM4CAiIiIiIs2UWRvg\nkIHIeMzmKCnM4CAiIiIiIjlRWWdDwTICRMWmUoyXtTnMiiEkIiIiIiJSIUKEAmBwg8hkBAH5U72g\nzIoic+AUFSIiIiIiKiCqTEshIvMQWJfDTJjBQUREREREYHCDqKTws2YuDHAQEREREZV1IgdcRCWr\n4DPHCRUmxSKjhaSkpODYsWNITk426nxXV1fUrVsX9evXN3HPiIiIiIjMRBA50CIqccoVijhVxVRY\ng0NFWloa\/vrrLzx9+...
[debug] [35m[W3C (eef0b46b)][39m Responding to client with driver.getScreenshot() result: "iVBORw0KGgoAAAANSUhEUgAABDgAAAjoCAYAAAA5jhrUAAAABHNCSVQICAgIfAhkiAAAIABJREFU\neJzs3XlcVNX7B/DPZd9EQSXDDRGVUHPXXHBFScv8pWVWmpKp5VbuC1po7uWGpmlmadqmftVMzQUX\ntFxwV9QUQcElEUEQBATm/v6Auc5lFmaGGYaRz/v18vtt7nLumWEG5jz3Oc8RRFEUQURERERERERk\nxWws3QEiIiIiIiIiouJigIOIiIiIiIiIrB4DHERERERERERk9RjgICIiIiIiIiKrxwAHERERERER\nEVk9BjiIiIiIiIiIyOoxwEFEREREREREVo8BDiIiIiIiIiKyegxwEBEREREREZHVY4CDiIiIiIiI\niKweAxxEREREREREZPXsLN0BIiIiIiJ6PoiiCEEAIIoAxGfbAOT/D5GVEfPfyYKgfAMLgCBAFFW3\nUWnBAAcRERERERWD+CygIYrKuIYU0OAYkKyaoHwrF7yxVd/jEKAMeDCCVzoIoiiKRR9GRERERERU\nQMrQEJmhQWWbLMNDNeBBlsAABxERERER6adwYIPjOCLJs2krDHRYCgMcRERERERUNFEBaRoKx21E\n2uWndCA/yMF1PUoSa3AQEREREZEOIiAqnmVsMLhBpJsAPJu+JRYEOfjBKQnM4CAiIiIiIs2UWRvg\nkIHIeMzmKCnM4CAiIiIiIjlRWWdDwTICRMWmUoyXtTnMiiEkIiIiIiJSIUKEAmBwg8hkBAH5U72g\nzIoic+AUFSIiIiIiKiCqTEshIvMQWJfDTJjBQUREREREYHCDqKTws2YuDHAQEREREZV1IgdcRCWr\n4DPHCRUmxSKjhaSkpODYsWNITk426nxXV1fUrVsX9evXN3HPiIiIiIjMRBA50CIqccoVijhVxVRY\ng0NFWloa/vrrLzx9+rTYbTVv3hz+/v4m6BU9D/Ly8hAREYGUlBQ0a9YMfn5+BrchiiKOHTuG8+fP\n4+7du3...
[35m[HTTP][39m [37m<-- GET /wd/hub/session/eef0b46b-9f92-4c19-b3dd-048a7d67ccf2/screenshot [39m[32m200[39m [90m677 ms - 120076[39m
[35m[HTTP][39m [90m[39m
[35m[HTTP][39m [37m-->[39m [37mGET[39m [37m/wd/hub/session/eef0b46b-9f92-4c19-b3dd-048a7d67ccf2/screenshot[39m
[35m[HTTP][39m [90m{}[39m
[debug] [35m[W3C (eef0b46b)][39m Calling AppiumDriver.getScreenshot() with args: ["eef0b46b-9f92-4c19-b3dd-048a7d67ccf2"]
[debug] [35m[WD Proxy][39m Matched '/screenshot' to command name 'getScreenshot'
[debug] [35m[WD Proxy][39m Proxying [GET /screenshot] to [GET http://127.0.0.1:8203/wd/hub/session/aff14b79-4944-4dbd-b1df-6856794f0b92/screenshot] with no body
[debug] [35m[WD Proxy][39m Got response with status 200: {"sessionId":"aff14b79-4944-4dbd-b1df-6856794f0b92","value":"iVBORw0KGgoAAAANSUhEUgAABDgAAAjoCAYAAAA5jhrUAAAABHNCSVQICAgIfAhkiAAAIABJREFU\neJzs3Xd8VFX6P\/DPuTOTZNITegIkJBBCk957EVREFCuWr6Jr2V3LuisLiOyqqy6WVUF\/uKuuroiu\nqyiiAiKErnRRKdIT0iAhhZTJJFPu+f0x5JLJzKROMhnyeb9evszcuffcMyGZzH3uc55HSCkliIiI\niIiIiIj8mOLrCRARERERERERNRYDHERERERERETk9xjgICIiIiIiIiK\/xwAHEREREREREfk9BjiI\niIiIiIiIyO8xwEFEREREREREfo8BDiIiIiIiIiLyewxwEBEREREREZHfY4CDiIiIiIiIiPweAxxE\nRERERERE5PcY4CAiIiIiIiIiv6f39QSIiIiIiOgyYSuDtBQAliKo1hLAVgrYKwBphbRbAUhfz5Co\nHgSEzgAIA6ALAvQhUAxhQEAEREA0oA\/29QSpGiGl5LsMERERERHVn1QhK\/Igzecgy3Mh7Gaoqg0C\nEpASgIS8+H8i\/yUghAAgACEgISCEDtAHQwS1hzB2hAhsCwgukPA1BjiIiIiIiKhepLUEKMuCas52\nZG2oVghph5Sqr6dG1GyEUCCFDkIxQOiDIYwxEMGxgCHM11NrtRjgICIiIiKiOpGWIkjTGcjyXMBW\nBqgWBjWI4Ah2QAm4mNXRDiIkHiIgwtfTanUY4CAiIiIiohpJWxmk6QxgPgtpLYW0V4DLTojcEYAu\nwFGrw9gJIiQOgrU6mg0DHERERERE5IGELMuGWnoGwloI1VoGBjaI6kJA6I0QgdGOIEdwDADh60ld\n9thFhYiIiIiIXNkroJamAuYsoOICVGn39YyI\/IiEtJUB9gpIWxmEtQRKaDdAF+jriV3WGOAgIiIi\nIiIn0lIEWZoKWZblu...
[debug] [35m[W3C (eef0b46b)][39m Responding to client with driver.getScreenshot() result: "iVBORw0KGgoAAAANSUhEUgAABDgAAAjoCAYAAAA5jhrUAAAABHNCSVQICAgIfAhkiAAAIABJREFU\neJzs3Xd8VFX6P/DPuTOTZNITegIkJBBCk957EVREFCuWr6Jr2V3LuisLiOyqqy6WVUF/uKuuroiu\nqyiiAiKErnRRKdIT0iAhhZTJJFPu+f0x5JLJzKROMhnyeb9evszcuffcMyGZzH3uc55HSCkliIiI\niIiIiIj8mOLrCRARERERERERNRYDHERERERERETk9xjgICIiIiIiIiK/xwAHEREREREREfk9BjiI\niIiIiIiIyO8xwEFEREREREREfo8BDiIiIiIiIiLyewxwEBEREREREZHfY4CDiIiIiIiIiPweAxxE\nRERERERE5PcY4CAiIiIiIiIiv6f39QSIiIiIiOgyYSuDtBQAliKo1hLAVgrYKwBphbRbAUhfz5Co\nHgSEzgAIA6ALAvQhUAxhQEAEREA0oA/29QSpGiGl5LsMERERERHVn1QhK/Igzecgy3Mh7Gaoqg0C\nEpASgIS8+H8i/yUghAAgACEgISCEDtAHQwS1hzB2hAhsCwgukPA1BjiIiIiIiKhepLUEKMuCas52\nZG2oVghph5Sqr6dG1GyEUCCFDkIxQOiDIYwxEMGxgCHM11NrtRjgICIiIiKiOpGWIkjTGcjyXMBW\nBqgWBjWI4Ah2QAm4mNXRDiIkHiIgwtfTanUY4CAiIiIiohpJWxmk6QxgPgtpLYW0V4DLTojcEYAu\nwFGrw9gJIiQOgrU6mg0DHERERERE5IGELMuGWnoGwloI1VoGBjaI6kJA6I0QgdGOIEdwDADh60ld\n9thFhYiIiIiIXNkroJamAuYsoOICVGn39YyI/IiEtJUB9gpIWxmEtQRKaDdAF+jriV3WGOAgIiIi\nIiIn0lIEWZoKWZbluEhj1gZRg0hpByoKHQFDuxkiNIG1OZoQl6gQEREREdElFflQS05BLcsCVKuv\nZ0N0+V...
[35m[HTTP][39m [37m<-- GET /wd/hub/session/eef0b46b-9f92-4c19-b3dd-048a7d67ccf2/screenshot [39m[32m200[39m [90m700 ms - 123200[39m
[35m[HTTP][39m [90m[39m
