[35m[Appium][39m Welcome to Appium v1.16.0
[35m[Appium][39m Non-default server args:
[35m[Appium][39m   port: 4724
[35m[Appium][39m   sessionOverride: true
[35m[Appium][39m   udid: CLB0218707013241
[35m[Appium][39m Deprecated server args:
[35m[Appium][39m   [31m-U,--udid[39m => --default-capabilities '{"udid":"CLB0218707013241"}'
[35m[Appium][39m Default capabilities, which will be added to each request unless overridden by desired capabilities:
[35m[Appium][39m   udid: CLB0218707013241
[35m[Appium][39m Appium REST http interface listener started on 0.0.0.0:4724
[35m[HTTP][39m [37m-->[39m [37mPOST[39m [37m/wd/hub/session[39m
[35m[HTTP][39m [90m{"capabilities":{"firstMatch":[{"platformName":"Android","appium:appPackage":"com.argrace.oem","appium:appActivity":".MainActivity","appium:noReset":true,"appium:deviceName":"Mi","appium:unicodeKeyboard":true,"appium:resetKeyboard":true}]},"desiredCapabilities":{"platformName":"Android","appPackage":"com.argrace.oem","appActivity":".MainActivity","noReset":true,"deviceName":"Mi","unicodeKeyboard":true,"resetKeyboard":true}}[39m
[debug] [35m[W3C][39m Calling AppiumDriver.createSession() with args: [{"platformName":"Android","appPackage":"com.argrace.oem","appActivity":".MainActivity","noReset":true,"deviceName":"Mi","unicodeKeyboard":true,"resetKeyboard":true},null,{"firstMatch":[{"platformName":"Android","appium:appPackage":"com.argrace.oem","appium:appActivity":".MainActivity","appium:noReset":true,"appium:deviceName":"Mi","appium:unicodeKeyboard":true,"appium:resetKeyboard":true}]}]
[debug] [35m[BaseDriver][39m Event 'newSessionRequested' logged at 1587555046725 (19:30:46 GMT+0800 (China Standard Time))
[35m[BaseDriver][39m The capabilities ["udid"] are not standard capabilities and should have an extension prefix
[35m[Appium][39m 
[35m[Appium][39m ======================================================================
[35m[Appium][39m   DEPRECATION WARNING:
[35m[Appium][39m 
[35m[Appium][39m   The 'automationName' capability was not provided in the desired 
[35m[Appium][39m   capabilities for this Android session
[35m[Appium][39m 
[35m[Appium][39m   Setting 'automationName=UiAutomator2' by default and using the 
[35m[Appium][39m   UiAutomator2 Driver
[35m[Appium][39m 
[35m[Appium][39m   The next major version of Appium (2.x) will **require** the 
[35m[Appium][39m   'automationName' capability to be set for all sessions on all 
[35m[Appium][39m   platforms
[35m[Appium][39m 
[35m[Appium][39m   In previous versions (Appium <= 1.13.x), the default was 
[35m[Appium][39m   'automationName=UiAutomator1'
[35m[Appium][39m 
[35m[Appium][39m   If you wish to use that automation instead of UiAutomator2, please 
[35m[Appium][39m   add 'automationName=UiAutomator1' to your desired capabilities
[35m[Appium][39m 
[35m[Appium][39m   For more information about drivers, please visit 
[35m[Appium][39m   http://appium.io/docs/en/about-appium/intro/ and explore the 
[35m[Appium][39m   'Drivers' menu
[35m[Appium][39m 
[35m[Appium][39m ======================================================================
[35m[Appium][39m 
[35m[Appium][39m Appium v1.16.0 creating new AndroidUiautomator2Driver (v1.40.0) session
[debug] [35m[BaseDriver][39m W3C capabilities and MJSONWP desired capabilities were provided
[debug] [35m[BaseDriver][39m Creating session with W3C capabilities: {
[debug] [35m[BaseDriver][39m   "alwaysMatch": {
[debug] [35m[BaseDriver][39m     "platformName": "Android",
[debug] [35m[BaseDriver][39m     "appium:udid": "CLB0218707013241",
[debug] [35m[BaseDriver][39m     "appium:appPackage": "com.argrace.oem",
[debug] [35m[BaseDriver][39m     "appium:appActivity": ".MainActivity",
[debug] [35m[BaseDriver][39m     "appium:noReset": true,
[debug] [35m[BaseDriver][39m     "appium:deviceName": "Mi",
[debug] [35m[BaseDriver][39m     "appium:unicodeKeyboard": true,
[debug] [35m[BaseDriver][39m     "appium:resetKeyboard": true
[debug] [35m[BaseDriver][39m   },
[debug] [35m[BaseDriver][39m   "firstMatch": [
[debug] [35m[BaseDriver][39m     {}
[debug] [35m[BaseDriver][39m   ]
[debug] [35m[BaseDriver][39m }
[35m[BaseDriver][39m Session created with session id: 2184ed75-f32c-48d6-a147-3f756c459838
[35m[UiAutomator2][39m Starting 'com.argrace.oem' directly on the device
[35m[ADB][39m Found 1 'build-tools' folders under '/Users/hfy/Library/Android/sdk/' (newest first):
[35m[ADB][39m     /Users/hfy/Library/Android/sdk/build-tools/29.0.3
[35m[ADB][39m Using 'adb' from '/Users/hfy/Library/Android/sdk/platform-tools/adb'
[35m[AndroidDriver][39m Retrieving device list
[debug] [35m[ADB][39m Trying to find a connected android device
[debug] [35m[ADB][39m Getting connected devices...
[debug] [35m[ADB][39m Connected devices: [{"udid":"6703ad9e","state":"device"},{"udid":"CLB0218707013241","state":"device"}]
[35m[AndroidDriver][39m Using device: CLB0218707013241
[35m[ADB][39m Using 'adb' from '/Users/hfy/Library/Android/sdk/platform-tools/adb'
[debug] [35m[ADB][39m Setting device id to CLB0218707013241
[debug] [35m[ADB][39m Running '/Users/hfy/Library/Android/sdk/platform-tools/adb -P 5037 -s CLB0218707013241 shell getprop ro.build.version.sdk'
[debug] [35m[ADB][39m Current device property 'ro.build.version.sdk': 29
[debug] [35m[ADB][39m Device API level: 29
[35m[UiAutomator2][39m Relaxing hidden api policy
[debug] [35m[ADB][39m Running '/Users/hfy/Library/Android/sdk/platform-tools/adb -P 5037 -s CLB0218707013241 shell settings put global hidden_api_policy_pre_p_apps 1'
[debug] [35m[ADB][39m Running '/Users/hfy/Library/Android/sdk/platform-tools/adb -P 5037 -s CLB0218707013241 shell settings put global hidden_api_policy_p_apps 1'
[debug] [35m[ADB][39m Running '/Users/hfy/Library/Android/sdk/platform-tools/adb -P 5037 -s CLB0218707013241 shell settings put global hidden_api_policy 1'
[35m[AndroidDriver][39m No app sent in, not parsing package/activity
[debug] [35m[ADB][39m Running '/Users/hfy/Library/Android/sdk/platform-tools/adb -P 5037 -s CLB0218707013241 wait-for-device'
[debug] [35m[ADB][39m Running '/Users/hfy/Library/Android/sdk/platform-tools/adb -P 5037 -s CLB0218707013241 shell echo ping'
[debug] [35m[AndroidDriver][39m Pushing settings apk to device...
[debug] [35m[ADB][39m Getting install status for io.appium.settings
[debug] [35m[ADB][39m Running '/Users/hfy/Library/Android/sdk/platform-tools/adb -P 5037 -s CLB0218707013241 shell dumpsys package io.appium.settings'
[debug] [35m[ADB][39m 'io.appium.settings' is installed
[debug] [35m[ADB][39m Getting package info for 'io.appium.settings'
[debug] [35m[ADB][39m Running '/Users/hfy/Library/Android/sdk/platform-tools/adb -P 5037 -s CLB0218707013241 shell dumpsys package io.appium.settings'
[debug] [35m[ADB][39m The version name of the installed 'io.appium.settings' is greater or equal to the application version name ('2.15.0' >= '2.15.0')
[debug] [35m[ADB][39m There is no need to install/upgrade '/usr/local/lib/node_modules/appium/node_modules/io.appium.settings/apks/settings_apk-debug.apk'
[debug] [35m[ADB][39m Getting IDs of all 'io.appium.settings' processes
[debug] [35m[ADB][39m Running '/Users/hfy/Library/Android/sdk/platform-tools/adb -P 5037 -s CLB0218707013241 shell 'pgrep --help; echo $?''
[debug] [35m[ADB][39m Running '/Users/hfy/Library/Android/sdk/platform-tools/adb -P 5037 -s CLB0218707013241 shell pgrep -f io\\.appium\\.settings'
[debug] [35m[AndroidDriver][39m io.appium.settings is already running. There is no need to reset its permissions.
[debug] [35m[ADB][39m Running '/Users/hfy/Library/Android/sdk/platform-tools/adb -P 5037 -s CLB0218707013241 shell appops set io.appium.settings android\:mock_location allow'
[debug] [35m[Logcat][39m Starting logcat capture
[debug] [35m[AndroidDriver][39m Enabling Unicode keyboard support
[debug] [35m[ADB][39m Running '/Users/hfy/Library/Android/sdk/platform-tools/adb -P 5037 -s CLB0218707013241 shell settings get secure default_input_method'
[debug] [35m[AndroidDriver][39m Unsetting previous IME io.appium.settings/.UnicodeIME
[debug] [35m[AndroidDriver][39m Setting IME to 'io.appium.settings/.UnicodeIME'
[debug] [35m[ADB][39m Running '/Users/hfy/Library/Android/sdk/platform-tools/adb -P 5037 -s CLB0218707013241 shell ime enable io.appium.settings/.UnicodeIME'
[debug] [35m[ADB][39m Running '/Users/hfy/Library/Android/sdk/platform-tools/adb -P 5037 -s CLB0218707013241 shell ime set io.appium.settings/.UnicodeIME'
[debug] [35m[UiAutomator2][39m Forwarding UiAutomator2 Server port 6790 to 8202
[debug] [35m[ADB][39m Forwarding system: 8202 to device: 6790
[debug] [35m[ADB][39m Running '/Users/hfy/Library/Android/sdk/platform-tools/adb -P 5037 -s CLB0218707013241 forward tcp\:8202 tcp\:6790'
[debug] [35m[ADB][39m Getting install status for io.appium.uiautomator2.server
[debug] [35m[ADB][39m Running '/Users/hfy/Library/Android/sdk/platform-tools/adb -P 5037 -s CLB0218707013241 shell dumpsys package io.appium.uiautomator2.server'
[debug] [35m[ADB][39m 'io.appium.uiautomator2.server' is installed
[debug] [35m[ADB][39m Getting package info for 'io.appium.uiautomator2.server'
[debug] [35m[ADB][39m Running '/Users/hfy/Library/Android/sdk/platform-tools/adb -P 5037 -s CLB0218707013241 shell dumpsys package io.appium.uiautomator2.server'
[debug] [35m[ADB][39m The version name of the installed 'io.appium.uiautomator2.server' is greater or equal to the application version name ('4.5.2' >= '4.5.2')
[debug] [35m[UiAutomator2][39m io.appium.uiautomator2.server installation state: sameVersionInstalled
[debug] [35m[ADB][39m Checking app cert for /usr/local/lib/node_modules/appium/node_modules/appium-uiautomator2-server/apks/appium-uiautomator2-server-v4.5.2.apk
[35m[ADB][39m Using 'apksigner' from '/Users/hfy/Library/Android/sdk/build-tools/29.0.3/apksigner'
[debug] [35m[ADB][39m Starting '/Users/hfy/Library/Android/sdk/build-tools/29.0.3/apksigner' with args '["verify","--print-certs","/usr/local/lib/node_modules/appium/node_modules/appium-uiautomator2-server/apks/appium-uiautomator2-server-v4.5.2.apk"]'
[debug] [35m[ADB][39m apksigner stdout: Signer #1 certificate DN: EMAILADDRESS=android@android.com, CN=Android, OU=Android, O=Android, L=Mountain View, ST=California, C=US
[debug] [35m[ADB][39m Signer #1 certificate SHA-256 digest: a40da80a59d170caa950cf15c18c454d47a39b26989d8b640ecd745ba71bf5dc
[debug] [35m[ADB][39m Signer #1 certificate SHA-1 digest: 61ed377e85d386a8dfee6b864bd85b0bfaa5af81
[debug] [35m[ADB][39m Signer #1 certificate MD5 digest: e89b158e4bcf988ebd09eb83f5378e87
[debug] [35m[ADB][39m 
[debug] [35m[ADB][39m '/usr/local/lib/node_modules/appium/node_modules/appium-uiautomator2-server/apks/appium-uiautomator2-server-v4.5.2.apk' is already signed.
[debug] [35m[ADB][39m Getting install status for io.appium.uiautomator2.server.test
[debug] [35m[ADB][39m Running '/Users/hfy/Library/Android/sdk/platform-tools/adb -P 5037 -s CLB0218707013241 shell dumpsys package io.appium.uiautomator2.server.test'
[debug] [35m[ADB][39m 'io.appium.uiautomator2.server.test' is installed
[debug] [35m[ADB][39m Checking app cert for /usr/local/lib/node_modules/appium/node_modules/appium-uiautomator2-server/apks/appium-uiautomator2-server-debug-androidTest.apk
[debug] [35m[ADB][39m Starting '/Users/hfy/Library/Android/sdk/build-tools/29.0.3/apksigner' with args '["verify","--print-certs","/usr/local/lib/node_modules/appium/node_modules/appium-uiautomator2-server/apks/appium-uiautomator2-server-debug-androidTest.apk"]'
[debug] [35m[ADB][39m apksigner stdout: Signer #1 certificate DN: EMAILADDRESS=android@android.com, CN=Android, OU=Android, O=Android, L=Mountain View, ST=California, C=US
[debug] [35m[ADB][39m Signer #1 certificate SHA-256 digest: a40da80a59d170caa950cf15c18c454d47a39b26989d8b640ecd745ba71bf5dc
[debug] [35m[ADB][39m Signer #1 certificate SHA-1 digest: 61ed377e85d386a8dfee6b864bd85b0bfaa5af81
[debug] [35m[ADB][39m Signer #1 certificate MD5 digest: e89b158e4bcf988ebd09eb83f5378e87
[debug] [35m[ADB][39m 
[debug] [35m[ADB][39m '/usr/local/lib/node_modules/appium/node_modules/appium-uiautomator2-server/apks/appium-uiautomator2-server-debug-androidTest.apk' is already signed.
[35m[UiAutomator2][39m Server packages are not going to be (re)installed
[debug] [35m[UiAutomator2][39m Waiting up to 30000ms for services to be available
[debug] [35m[ADB][39m Running '/Users/hfy/Library/Android/sdk/platform-tools/adb -P 5037 -s CLB0218707013241 shell pm list instrumentation'
[debug] [35m[UiAutomator2][39m Instrumentation target 'io.appium.uiautomator2.server.test/androidx.test.runner.AndroidJUnitRunner' is available
[debug] [35m[UiAutomator2][39m No app capability. Assuming it is already on the device
[debug] [35m[UiAutomator2][39m Performing shallow cleanup of automation leftovers
[debug] [35m[UiAutomator2][39m The following obsolete sessions are still running: ["7178c8c5-20f2-4410-8cba-5618c4b85c83"]
[debug] [35m[UiAutomator2][39m Cleaning up the obsolete sessions
[debug] [35m[ADB][39m Running '/Users/hfy/Library/Android/sdk/platform-tools/adb -P 5037 -s CLB0218707013241 shell am force-stop io.appium.uiautomator2.server.test'
[35m[UiAutomator2][39m Starting UIAutomator2 server 4.5.2
[35m[UiAutomator2][39m Using UIAutomator2 server from '/usr/local/lib/node_modules/appium/node_modules/appium-uiautomator2-server/apks/appium-uiautomator2-server-v4.5.2.apk' and test from '/usr/local/lib/node_modules/appium/node_modules/appium-uiautomator2-server/apks/appium-uiautomator2-server-debug-androidTest.apk'
[35m[UiAutomator2][39m Waiting up to 30000ms for UiAutomator2 to be online...
[debug] [35m[ADB][39m Creating ADB subprocess with args: ["-P",5037,"-s","CLB0218707013241","shell","am","instrument","-w","io.appium.uiautomator2.server.test/androidx.test.runner.AndroidJUnitRunner"]
[debug] [35m[Instrumentation][39m io.appium.uiautomator2.server.test.AppiumUiAutomator2Server:
[debug] [35m[WD Proxy][39m Matched '/status' to command name 'getStatus'
[debug] [35m[WD Proxy][39m Proxying [GET /status] to [GET http://127.0.0.1:8202/wd/hub/status] with no body
[35m[WD Proxy][39m Got an unexpected response with status undefined: {"code":"ECONNRESET"}
[debug] [35m[WD Proxy][39m Matched '/status' to command name 'getStatus'
[debug] [35m[WD Proxy][39m Proxying [GET /status] to [GET http://127.0.0.1:8202/wd/hub/status] with no body
[35m[WD Proxy][39m Got an unexpected response with status undefined: {"code":"ECONNRESET"}
[debug] [35m[WD Proxy][39m Matched '/status' to command name 'getStatus'
[debug] [35m[WD Proxy][39m Proxying [GET /status] to [GET http://127.0.0.1:8202/wd/hub/status] with no body
[debug] [35m[WD Proxy][39m Got response with status 200: {"sessionId":"None","value":{"ready":true,"message":"UiAutomator2 Server is ready to accept commands"}}
[debug] [35m[UiAutomator2][39m The initialization of the instrumentation process took 3123ms
[debug] [35m[WD Proxy][39m Matched '/session' to command name 'createSession'
[debug] [35m[WD Proxy][39m Proxying [POST /session] to [POST http://127.0.0.1:8202/wd/hub/session] with body: {"capabilities":{"firstMatch":[{"platform":"LINUX","webStorageEnabled":false,"takesScreenshot":true,"javascriptEnabled":true,"databaseEnabled":false,"networkConnectionEnabled":true,"locationContextEnabled":false,"warnings":{},"desired":{"platformName":"Android","udid":"CLB0218707013241","appPackage":"com.argrace.oem","appActivity":".MainActivity","noReset":true,"deviceName":"Mi","unicodeKeyboard":true,"resetKeyboard":true},"platformName":"Android","udid":"CLB0218707013241","appPackage":"com.argrace.oem","appActivity":".MainActivity","noReset":true,"deviceName":"CLB0218707013241","unicodeKeyboard":true,"resetKeyboard":true,"deviceUDID":"CLB0218707013241"}],"alwaysMatch":{}}}
[debug] [35m[WD Proxy][39m Got response with status 200: {"sessionId":"de0c8a7f-7038-464e-a4c0-2ef5348ec4b5","value":{"sessionId":"de0c8a7f-7038-464e-a4c0-2ef5348ec4b5","capabilities":{"firstMatch":[{"platform":"LINUX","webStorageEnabled":false,"takesScreenshot":true,"javascriptEnabled":true,"databaseEnabled":false,"networkConnectionEnabled":true,"locationContextEnabled":false,"warnings":{},"desired":{"platformName":"Android","udid":"CLB0218707013241","appPackage":"com.argrace.oem","appActivity":".MainActivity","noReset":true,"deviceName":"Mi","unicodeKeyboard":true,"resetKeyboard":true},"platformName":"Android","udid":"CLB0218707013241","appPackage":"com.argrace.oem","appActivity":".MainActivity","noReset":true,"deviceName":"CLB0218707013241","unicodeKeyboard":true,"resetKeyboard":true,"deviceUDID":"CLB0218707013241"}],"alwaysMatch":{}}}}
[35m[WD Proxy][39m Determined the downstream protocol as 'W3C'
[debug] [35m[WD Proxy][39m Proxying [GET /appium/device/info] to [GET http://127.0.0.1:8202/wd/hub/session/de0c8a7f-7038-464e-a4c0-2ef5348ec4b5/appium/device/info] with no body
[debug] [35m[WD Proxy][39m Got response with status 200: {"sessionId":"de0c8a7f-7038-464e-a4c0-2ef5348ec4b5","value":{"androidId":"77633c00d6c4f846","manufacturer":"HUAWEI","model":"EML-AL00","brand":"HUAWEI","apiVersion":"29","platformVersion":"10","carrierName":"中国电信","realDisplaySize":"1080x2244","displayDensity":480,"networks":[{"type":1,"typeName":"WIFI","subtype":0,"subtypeName":"","isConnected":true,"detailedState":"CONNECTED","state":"CONNECTED","extraInfo":null,"isAvailable":true,"isFailover":false,"isRoaming":false,"capabilities":{"transportTypes":"TRANSPORT_WIFI","networkCapabilities":"NET_CAPABILITY_NOT_METERED,NET_CAPABILITY_INTERNET,NET_CAPABILITY_NOT_RESTRICTED,NET_CAPABILITY_TRUSTED,NET_CAPABILITY_NOT_VPN,NET_CAPABILITY_VALIDATED,NET_CAPABILITY_NOT_ROAMING,NET_CAPABILITY_FOREGROUND,NET_CAPABILITY_NOT_CONGESTED,NET_CAPABILITY_NOT_SUSPENDED","linkUpstreamBandwidthKbps":1048576,"linkDownBandwidthKbps":1048576,"signalStrength":-43,"networkSpecifier":null,"SSID":null}}],"locale":"zh_CN_#Hans","timeZone":"Asia\/Shanghai","bluetooth":{"state":"OFF"}}}
[debug] [35m[ADB][39m Running '/Users/hfy/Library/Android/sdk/platform-tools/adb -P 5037 -s CLB0218707013241 shell dumpsys window'
[35m[AndroidDriver][39m Screen already unlocked, doing nothing
[35m[UiAutomator2][39m Starting 'com.argrace.oem/.MainActivity and waiting for 'com.argrace.oem/.MainActivity'
[debug] [35m[ADB][39m Running '/Users/hfy/Library/Android/sdk/platform-tools/adb -P 5037 -s CLB0218707013241 shell am start -W -n com.argrace.oem/.MainActivity -S -a android.intent.action.MAIN -c android.intent.category.LAUNCHER -f 0x10200000'
[debug] [35m[WD Proxy][39m Proxying [GET /appium/device/pixel_ratio] to [GET http://127.0.0.1:8202/wd/hub/session/de0c8a7f-7038-464e-a4c0-2ef5348ec4b5/appium/device/pixel_ratio] with body: {}
[debug] [35m[WD Proxy][39m Got response with status 200: {"sessionId":"de0c8a7f-7038-464e-a4c0-2ef5348ec4b5","value":3}
[debug] [35m[WD Proxy][39m Matched '/appium/device/system_bars' to command name 'getSystemBars'
[debug] [35m[WD Proxy][39m Proxying [GET /appium/device/system_bars] to [GET http://127.0.0.1:8202/wd/hub/session/de0c8a7f-7038-464e-a4c0-2ef5348ec4b5/appium/device/system_bars] with body: {}
[debug] [35m[WD Proxy][39m Got response with status 200: {"sessionId":"de0c8a7f-7038-464e-a4c0-2ef5348ec4b5","value":{"statusBar":85}}
[debug] [35m[WD Proxy][39m Matched '/window/current/size' to command name 'getWindowSize'
[debug] [35m[WD Proxy][39m Proxying [GET /window/current/size] to [GET http://127.0.0.1:8202/wd/hub/session/de0c8a7f-7038-464e-a4c0-2ef5348ec4b5/window/current/size] with body: {}
[debug] [35m[WD Proxy][39m Got response with status 200: {"sessionId":"de0c8a7f-7038-464e-a4c0-2ef5348ec4b5","value":{"height":2159,"width":1080}}
[35m[Appium][39m New AndroidUiautomator2Driver session created successfully, session 2184ed75-f32c-48d6-a147-3f756c459838 added to master session list
[debug] [35m[BaseDriver][39m Event 'newSessionStarted' logged at 1587555054808 (19:30:54 GMT+0800 (China Standard Time))
[debug] [35m[W3C (2184ed75)][39m Cached the protocol value 'W3C' for the new session 2184ed75-f32c-48d6-a147-3f756c459838
[debug] [35m[W3C (2184ed75)][39m Responding to client with driver.createSession() result: {"capabilities":{"platform":"LINUX","webStorageEnabled":false,"takesScreenshot":true,"javascriptEnabled":true,"databaseEnabled":false,"networkConnectionEnabled":true,"locationContextEnabled":false,"warnings":{},"desired":{"platformName":"Android","udid":"CLB0218707013241","appPackage":"com.argrace.oem","appActivity":".MainActivity","noReset":true,"deviceName":"Mi","unicodeKeyboard":true,"resetKeyboard":true},"platformName":"Android","udid":"CLB0218707013241","appPackage":"com.argrace.oem","appActivity":".MainActivity","noReset":true,"deviceName":"CLB0218707013241","unicodeKeyboard":true,"resetKeyboard":true,"deviceUDID":"CLB0218707013241","deviceApiLevel":29,"platformVersion":"10","deviceScreenSize":"1080x2244","deviceScreenDensity":480,"deviceModel":"EML-AL00","deviceManufacturer":"HUAWEI","pixelRatio":3,"statBarHeight":85,"viewportRect":{"left":0,"top":85,"width":1080,"height":2074}}}
[35m[HTTP][39m [37m<-- POST /wd/hub/session [39m[32m200[39m [90m8091 ms - 960[39m
[35m[HTTP][39m [90m[39m
[35m[HTTP][39m [37m-->[39m [37mPOST[39m [37m/wd/hub/session/2184ed75-f32c-48d6-a147-3f756c459838/timeouts[39m
[35m[HTTP][39m [90m{"implicit":20000}[39m
[debug] [35m[W3C (2184ed75)][39m Calling AppiumDriver.timeouts() with args: [null,null,null,null,20000,"2184ed75-f32c-48d6-a147-3f756c459838"]
[debug] [35m[BaseDriver][39m W3C timeout argument: {"implicit":20000}}
[debug] [35m[BaseDriver][39m Set implicit wait to 20000ms
[debug] [35m[W3C (2184ed75)][39m Responding to client with driver.timeouts() result: null
[35m[HTTP][39m [37m<-- POST /wd/hub/session/2184ed75-f32c-48d6-a147-3f756c459838/timeouts [39m[32m200[39m [90m4 ms - 14[39m
[35m[HTTP][39m [90m[39m
[35m[HTTP][39m [37m-->[39m [37mPOST[39m [37m/wd/hub/session/2184ed75-f32c-48d6-a147-3f756c459838/element[39m
[35m[HTTP][39m [90m{"using":"xpath","value":"//android.widget.TextView[@text=\"首页\"]"}[39m
[debug] [35m[W3C (2184ed75)][39m Calling AppiumDriver.findElement() with args: ["xpath","//android.widget.TextView[@text=\"首页\"]","2184ed75-f32c-48d6-a147-3f756c459838"]
[debug] [35m[BaseDriver][39m Valid locator strategies for this request: xpath, id, class name, accessibility id, -android uiautomator
[debug] [35m[BaseDriver][39m Waiting up to 20000 ms for condition
[debug] [35m[WD Proxy][39m Matched '/element' to command name 'findElement'
[debug] [35m[WD Proxy][39m Proxying [POST /element] to [POST http://127.0.0.1:8202/wd/hub/session/de0c8a7f-7038-464e-a4c0-2ef5348ec4b5/element] with body: {"strategy":"xpath","selector":"//android.widget.TextView[@text=\"首页\"]","context":"","multiple":false}
[35m[WD Proxy][39m Got an unexpected response with status 404: {"sessionId":"de0c8a7f-7038-464e-a4c0-2ef5348ec4b5","value":{"error":"no such element","message":"An element could not be located on the page using the given search parameters","stacktrace":"io.appium.uiautomator2.common.exceptions.ElementNotFoundException: An element could not be located on the page using the given search parameters\n\tat io.appium.uiautomator2.handler.FindElement.findElement(FindElement.java:102)\n\tat io.appium.uiautomator2.handler.FindElement.safeHandle(FindElement.java:72)\n\tat io.appium.uiautomator2.handler.request.SafeRequestHandler.handle(SafeRequestHandler.java:38)\n\tat io.appium.uiautomator2.server.AppiumServlet.handleRequest(AppiumServlet.java:252)\n\tat io.appium.uiautomator2.server.AppiumServlet.handleHttpRequest(AppiumServlet.java:242)\n\tat io.appium.uiautomator2.http.ServerHandler.channelRead(ServerHandler.java:51)\n\tat io.netty.channel.AbstractChannelHandlerContext.invokeChannelRead(AbstractChannelHandlerContext.java:366)\n\tat io.netty.channel.AbstractChannelHandlerCon...
[debug] [35m[W3C][39m Matched W3C error code 'no such element' to NoSuchElementError
[debug] [35m[BaseDriver][39m Waited for 713 ms so far
[debug] [35m[WD Proxy][39m Matched '/element' to command name 'findElement'
[debug] [35m[WD Proxy][39m Proxying [POST /element] to [POST http://127.0.0.1:8202/wd/hub/session/de0c8a7f-7038-464e-a4c0-2ef5348ec4b5/element] with body: {"strategy":"xpath","selector":"//android.widget.TextView[@text=\"首页\"]","context":"","multiple":false}
[35m[WD Proxy][39m Got an unexpected response with status 404: {"sessionId":"de0c8a7f-7038-464e-a4c0-2ef5348ec4b5","value":{"error":"no such element","message":"An element could not be located on the page using the given search parameters","stacktrace":"io.appium.uiautomator2.common.exceptions.ElementNotFoundException: An element could not be located on the page using the given search parameters\n\tat io.appium.uiautomator2.handler.FindElement.findElement(FindElement.java:102)\n\tat io.appium.uiautomator2.handler.FindElement.safeHandle(FindElement.java:72)\n\tat io.appium.uiautomator2.handler.request.SafeRequestHandler.handle(SafeRequestHandler.java:38)\n\tat io.appium.uiautomator2.server.AppiumServlet.handleRequest(AppiumServlet.java:252)\n\tat io.appium.uiautomator2.server.AppiumServlet.handleHttpRequest(AppiumServlet.java:242)\n\tat io.appium.uiautomator2.http.ServerHandler.channelRead(ServerHandler.java:51)\n\tat io.netty.channel.AbstractChannelHandlerContext.invokeChannelRead(AbstractChannelHandlerContext.java:366)\n\tat io.netty.channel.AbstractChannelHandlerCon...
[debug] [35m[W3C][39m Matched W3C error code 'no such element' to NoSuchElementError
[debug] [35m[BaseDriver][39m Waited for 1340 ms so far
[debug] [35m[WD Proxy][39m Matched '/element' to command name 'findElement'
[debug] [35m[WD Proxy][39m Proxying [POST /element] to [POST http://127.0.0.1:8202/wd/hub/session/de0c8a7f-7038-464e-a4c0-2ef5348ec4b5/element] with body: {"strategy":"xpath","selector":"//android.widget.TextView[@text=\"首页\"]","context":"","multiple":false}
[debug] [35m[WD Proxy][39m Got response with status 200: {"sessionId":"de0c8a7f-7038-464e-a4c0-2ef5348ec4b5","value":{"ELEMENT":"52ca833f-360f-4ff7-9338-62a074a582b3","element-6066-11e4-a52e-4f735466cecf":"52ca833f-360f-4ff7-9338-62a074a582b3"}}
[debug] [35m[W3C (2184ed75)][39m Responding to client with driver.findElement() result: {"element-6066-11e4-a52e-4f735466cecf":"52ca833f-360f-4ff7-9338-62a074a582b3","ELEMENT":"52ca833f-360f-4ff7-9338-62a074a582b3"}
[35m[HTTP][39m [37m<-- POST /wd/hub/session/2184ed75-f32c-48d6-a147-3f756c459838/element [39m[32m200[39m [90m3097 ms - 137[39m
[35m[HTTP][39m [90m[39m
[35m[HTTP][39m [37m-->[39m [37mGET[39m [37m/wd/hub/session/2184ed75-f32c-48d6-a147-3f756c459838/element/52ca833f-360f-4ff7-9338-62a074a582b3/displayed[39m
[35m[HTTP][39m [90m{}[39m
[debug] [35m[W3C (2184ed75)][39m Calling AppiumDriver.elementDisplayed() with args: ["52ca833f-360f-4ff7-9338-62a074a582b3","2184ed75-f32c-48d6-a147-3f756c459838"]
[debug] [35m[WD Proxy][39m Matched '/element/52ca833f-360f-4ff7-9338-62a074a582b3/attribute/displayed' to command name 'getAttribute'
[debug] [35m[WD Proxy][39m Proxying [GET /element/52ca833f-360f-4ff7-9338-62a074a582b3/attribute/displayed] to [GET http://127.0.0.1:8202/wd/hub/session/de0c8a7f-7038-464e-a4c0-2ef5348ec4b5/element/52ca833f-360f-4ff7-9338-62a074a582b3/attribute/displayed] with body: {}
[debug] [35m[WD Proxy][39m Got response with status 200: {"sessionId":"de0c8a7f-7038-464e-a4c0-2ef5348ec4b5","value":"true"}
[debug] [35m[W3C (2184ed75)][39m Responding to client with driver.elementDisplayed() result: true
[35m[HTTP][39m [37m<-- GET /wd/hub/session/2184ed75-f32c-48d6-a147-3f756c459838/element/52ca833f-360f-4ff7-9338-62a074a582b3/displayed [39m[32m200[39m [90m21 ms - 14[39m
[35m[HTTP][39m [90m[39m
[35m[HTTP][39m [37m-->[39m [37mPOST[39m [37m/wd/hub/session/2184ed75-f32c-48d6-a147-3f756c459838/element/52ca833f-360f-4ff7-9338-62a074a582b3/click[39m
[35m[HTTP][39m [90m{"id":"52ca833f-360f-4ff7-9338-62a074a582b3"}[39m
[debug] [35m[W3C (2184ed75)][39m Calling AppiumDriver.click() with args: ["52ca833f-360f-4ff7-9338-62a074a582b3","2184ed75-f32c-48d6-a147-3f756c459838"]
[debug] [35m[WD Proxy][39m Matched '/element/52ca833f-360f-4ff7-9338-62a074a582b3/click' to command name 'click'
[debug] [35m[WD Proxy][39m Proxying [POST /element/52ca833f-360f-4ff7-9338-62a074a582b3/click] to [POST http://127.0.0.1:8202/wd/hub/session/de0c8a7f-7038-464e-a4c0-2ef5348ec4b5/element/52ca833f-360f-4ff7-9338-62a074a582b3/click] with body: {"element":"52ca833f-360f-4ff7-9338-62a074a582b3"}
[debug] [35m[WD Proxy][39m Got response with status 200: {"sessionId":"de0c8a7f-7038-464e-a4c0-2ef5348ec4b5","value":null}
[debug] [35m[W3C (2184ed75)][39m Responding to client with driver.click() result: null
[35m[HTTP][39m [37m<-- POST /wd/hub/session/2184ed75-f32c-48d6-a147-3f756c459838/element/52ca833f-360f-4ff7-9338-62a074a582b3/click [39m[32m200[39m [90m42 ms - 14[39m
[35m[HTTP][39m [90m[39m
[35m[HTTP][39m [37m-->[39m [37mPOST[39m [37m/wd/hub/session/2184ed75-f32c-48d6-a147-3f756c459838/element[39m
[35m[HTTP][39m [90m{"using":"xpath","value":"//android.widget.TextView[@text=\"客厅\"]"}[39m
[debug] [35m[W3C (2184ed75)][39m Calling AppiumDriver.findElement() with args: ["xpath","//android.widget.TextView[@text=\"客厅\"]","2184ed75-f32c-48d6-a147-3f756c459838"]
[debug] [35m[BaseDriver][39m Valid locator strategies for this request: xpath, id, class name, accessibility id, -android uiautomator
[debug] [35m[BaseDriver][39m Waiting up to 20000 ms for condition
[debug] [35m[WD Proxy][39m Matched '/element' to command name 'findElement'
[debug] [35m[WD Proxy][39m Proxying [POST /element] to [POST http://127.0.0.1:8202/wd/hub/session/de0c8a7f-7038-464e-a4c0-2ef5348ec4b5/element] with body: {"strategy":"xpath","selector":"//android.widget.TextView[@text=\"客厅\"]","context":"","multiple":false}
[debug] [35m[WD Proxy][39m Got response with status 200: {"sessionId":"de0c8a7f-7038-464e-a4c0-2ef5348ec4b5","value":{"ELEMENT":"96560a6c-5475-468e-8116-0514360c13f7","element-6066-11e4-a52e-4f735466cecf":"96560a6c-5475-468e-8116-0514360c13f7"}}
[debug] [35m[W3C (2184ed75)][39m Responding to client with driver.findElement() result: {"element-6066-11e4-a52e-4f735466cecf":"96560a6c-5475-468e-8116-0514360c13f7","ELEMENT":"96560a6c-5475-468e-8116-0514360c13f7"}
[35m[HTTP][39m [37m<-- POST /wd/hub/session/2184ed75-f32c-48d6-a147-3f756c459838/element [39m[32m200[39m [90m170 ms - 137[39m
[35m[HTTP][39m [90m[39m
[35m[HTTP][39m [37m-->[39m [37mGET[39m [37m/wd/hub/session/2184ed75-f32c-48d6-a147-3f756c459838/element/96560a6c-5475-468e-8116-0514360c13f7/displayed[39m
[35m[HTTP][39m [90m{}[39m
[debug] [35m[W3C (2184ed75)][39m Calling AppiumDriver.elementDisplayed() with args: ["96560a6c-5475-468e-8116-0514360c13f7","2184ed75-f32c-48d6-a147-3f756c459838"]
[debug] [35m[WD Proxy][39m Matched '/element/96560a6c-5475-468e-8116-0514360c13f7/attribute/displayed' to command name 'getAttribute'
[debug] [35m[WD Proxy][39m Proxying [GET /element/96560a6c-5475-468e-8116-0514360c13f7/attribute/displayed] to [GET http://127.0.0.1:8202/wd/hub/session/de0c8a7f-7038-464e-a4c0-2ef5348ec4b5/element/96560a6c-5475-468e-8116-0514360c13f7/attribute/displayed] with body: {}
[debug] [35m[WD Proxy][39m Got response with status 200: {"sessionId":"de0c8a7f-7038-464e-a4c0-2ef5348ec4b5","value":"true"}
[debug] [35m[W3C (2184ed75)][39m Responding to client with driver.elementDisplayed() result: true
[35m[HTTP][39m [37m<-- GET /wd/hub/session/2184ed75-f32c-48d6-a147-3f756c459838/element/96560a6c-5475-468e-8116-0514360c13f7/displayed [39m[32m200[39m [90m45 ms - 14[39m
[35m[HTTP][39m [90m[39m
[35m[HTTP][39m [37m-->[39m [37mPOST[39m [37m/wd/hub/session/2184ed75-f32c-48d6-a147-3f756c459838/element/96560a6c-5475-468e-8116-0514360c13f7/click[39m
[35m[HTTP][39m [90m{"id":"96560a6c-5475-468e-8116-0514360c13f7"}[39m
[debug] [35m[W3C (2184ed75)][39m Calling AppiumDriver.click() with args: ["96560a6c-5475-468e-8116-0514360c13f7","2184ed75-f32c-48d6-a147-3f756c459838"]
[debug] [35m[WD Proxy][39m Matched '/element/96560a6c-5475-468e-8116-0514360c13f7/click' to command name 'click'
[debug] [35m[WD Proxy][39m Proxying [POST /element/96560a6c-5475-468e-8116-0514360c13f7/click] to [POST http://127.0.0.1:8202/wd/hub/session/de0c8a7f-7038-464e-a4c0-2ef5348ec4b5/element/96560a6c-5475-468e-8116-0514360c13f7/click] with body: {"element":"96560a6c-5475-468e-8116-0514360c13f7"}
[debug] [35m[WD Proxy][39m Got response with status 200: {"sessionId":"de0c8a7f-7038-464e-a4c0-2ef5348ec4b5","value":null}
[debug] [35m[W3C (2184ed75)][39m Responding to client with driver.click() result: null
[35m[HTTP][39m [37m<-- POST /wd/hub/session/2184ed75-f32c-48d6-a147-3f756c459838/element/96560a6c-5475-468e-8116-0514360c13f7/click [39m[32m200[39m [90m65 ms - 14[39m
[35m[HTTP][39m [90m[39m
[35m[HTTP][39m [37m-->[39m [37mGET[39m [37m/wd/hub/session/2184ed75-f32c-48d6-a147-3f756c459838/screenshot[39m
[35m[HTTP][39m [90m{}[39m
[debug] [35m[W3C (2184ed75)][39m Calling AppiumDriver.getScreenshot() with args: ["2184ed75-f32c-48d6-a147-3f756c459838"]
[debug] [35m[WD Proxy][39m Matched '/screenshot' to command name 'getScreenshot'
[debug] [35m[WD Proxy][39m Proxying [GET /screenshot] to [GET http://127.0.0.1:8202/wd/hub/session/de0c8a7f-7038-464e-a4c0-2ef5348ec4b5/screenshot] with no body
[debug] [35m[WD Proxy][39m Got response with status 200: {"sessionId":"de0c8a7f-7038-464e-a4c0-2ef5348ec4b5","value":"iVBORw0KGgoAAAANSUhEUgAABDgAAAjECAYAAABJ4N+ZAAAAAXNSR0IArs4c6QAAAARzQklUCAgI\nCHwIZIgAACAASURBVHic7N15eFNl3j7w+5wkTZvuOy0NtIW2rFIFFKo4soz6mwEdZ1zG3fF1XBid\nRRQU4WURRFnUcUZxeUUdB9cRR6nLQFlefWlBRArI0gKl0NJ9X9JmO8\/vj7SxadKSpmlLyv25Li6a\nk5PnfNOWXpy7z\/N9JCGEABERERERERGRD5MHugAiIiIiIiIiot5iwEFEREREREREPo8BBxERERER\nERH5PAYcREREREREROTzGHAQERERERERkc9jwEFEREREREREPo8BBxERERERERH5PAYcRERERERE\nROTzGHAQERERERERkc9jwEFEREREREREPo8BBxERERERERH5PAYcREREREREROTzGHAQERERERER\nkc9jwEFEREREREREPo8BBxERERERERH5PAYcREREREREROTzGHAQERERERERkc9jwEFERERERERE\nPo8BBxERERERERH5PAYcREREREREROTzGHAQERERERERkc9jwEFEREREREREPo8BBxERERERERH5\nPAYcREREREREROTzGHAQERERERERkc9TD3QB3pSfn+\/2uQEBAdDr9X1YzWAiAEsjUPQ2rAeXQyW1\nQhgVQBGQZMBq9oPqkqcgkn8PyS8MgNRnlZgKT8KYdwTGY0dgra2BYjBAWMy9GlNSayDrdFCFR0Cb\nNgbaUWPhl5jspYqJiIiIiIioP0hCCDHQRfTW5s2b8cUXX6Cnb+Wee+7B1KlT+6iq7hUVFaGmpgZF\nRUUAgJaWFhQVFSEyMhKRkZEAYP84NTV1QGoEBMThByFOfwhhtgUa9j9CANb2xwAUAaEIyACklBsh\nXbERXgs6FCuU5maYCgtgL...
[debug] [35m[W3C (2184ed75)][39m Responding to client with driver.getScreenshot() result: "iVBORw0KGgoAAAANSUhEUgAABDgAAAjECAYAAABJ4N+ZAAAAAXNSR0IArs4c6QAAAARzQklUCAgI\nCHwIZIgAACAASURBVHic7N15eFNl3j7w+5wkTZvuOy0NtIW2rFIFFKo4soz6mwEdZ1zG3fF1XBid\nRRQU4WURRFnUcUZxeUUdB9cRR6nLQFlefWlBRArI0gKl0NJ9X9JmO8/vj7SxadKSpmlLyv25Li6a\nk5PnfNOWXpy7z/N9JCGEABERERERERGRD5MHugAiIiIiIiIiot5iwEFEREREREREPo8BBxERERER\nERH5PAYcREREREREROTzGHAQERERERERkc9jwEFEREREREREPo8BBxERERERERH5PAYcRERERERE\nROTzGHAQERERERERkc9jwEFEREREREREPo8BBxERERERERH5PAYcREREREREROTzGHAQERERERER\nkc9jwEFEREREREREPo8BBxERERERERH5PAYcREREREREROTzGHAQERERERERkc9jwEFERERERERE\nPo8BBxERERERERH5PAYcREREREREROTzGHAQERERERERkc9jwEFEREREREREPo8BBxERERERERH5\nPAYcREREREREROTzGHAQERERERERkc9TD3QB3pSfn+/2uQEBAdDr9X1YzWAiAEsjUPQ2rAeXQyW1\nQhgVQBGQZMBq9oPqkqcgkn8PyS8MgNRnlZgKT8KYdwTGY0dgra2BYjBAWMy9GlNSayDrdFCFR0Cb\nNgbaUWPhl5jspYqJiIiIiIioP0hCCDHQRfTW5s2b8cUXX6Cnb+Wee+7B1KlT+6iq7hUVFaGmpgZF\nRUUAgJaWFhQVFSEyMhKRkZEAYP84NTV1QGoEBMThByFOfwhhtgUa9j9CANb2xwAUAaEIyACklBsh\nXbERXgs6FCuU5maYCgtgLDgOc3ERrNWVUFoMEGYzoCi9G1+WIWk0kAN0UEVGQ5OghzY5BX6JyZAD\nAwFZ1a...
[35m[HTTP][39m [37m<-- GET /wd/hub/session/2184ed75-f32c-48d6-a147-3f756c459838/screenshot [39m[32m200[39m [90m1329 ms - 1177912[39m
[35m[HTTP][39m [90m[39m
[35m[HTTP][39m [37m-->[39m [37mPOST[39m [37m/wd/hub/session/2184ed75-f32c-48d6-a147-3f756c459838/element[39m
[35m[HTTP][39m [90m{"using":"xpath","value":"//android.widget.TextView[@text=\"常用设备\"]"}[39m
[debug] [35m[W3C (2184ed75)][39m Calling AppiumDriver.findElement() with args: ["xpath","//android.widget.TextView[@text=\"常用设备\"]","2184ed75-f32c-48d6-a147-3f756c459838"]
[debug] [35m[BaseDriver][39m Valid locator strategies for this request: xpath, id, class name, accessibility id, -android uiautomator
[debug] [35m[BaseDriver][39m Waiting up to 20000 ms for condition
[debug] [35m[WD Proxy][39m Matched '/element' to command name 'findElement'
[debug] [35m[WD Proxy][39m Proxying [POST /element] to [POST http://127.0.0.1:8202/wd/hub/session/de0c8a7f-7038-464e-a4c0-2ef5348ec4b5/element] with body: {"strategy":"xpath","selector":"//android.widget.TextView[@text=\"常用设备\"]","context":"","multiple":false}
[debug] [35m[WD Proxy][39m Got response with status 200: {"sessionId":"de0c8a7f-7038-464e-a4c0-2ef5348ec4b5","value":{"ELEMENT":"6ace18ac-b21e-40c8-84fe-f326caad9a75","element-6066-11e4-a52e-4f735466cecf":"6ace18ac-b21e-40c8-84fe-f326caad9a75"}}
[debug] [35m[W3C (2184ed75)][39m Responding to client with driver.findElement() result: {"element-6066-11e4-a52e-4f735466cecf":"6ace18ac-b21e-40c8-84fe-f326caad9a75","ELEMENT":"6ace18ac-b21e-40c8-84fe-f326caad9a75"}
[35m[HTTP][39m [37m<-- POST /wd/hub/session/2184ed75-f32c-48d6-a147-3f756c459838/element [39m[32m200[39m [90m260 ms - 137[39m
[35m[HTTP][39m [90m[39m
[35m[HTTP][39m [37m-->[39m [37mGET[39m [37m/wd/hub/session/2184ed75-f32c-48d6-a147-3f756c459838/element/6ace18ac-b21e-40c8-84fe-f326caad9a75/displayed[39m
[35m[HTTP][39m [90m{}[39m
[debug] [35m[W3C (2184ed75)][39m Calling AppiumDriver.elementDisplayed() with args: ["6ace18ac-b21e-40c8-84fe-f326caad9a75","2184ed75-f32c-48d6-a147-3f756c459838"]
[debug] [35m[WD Proxy][39m Matched '/element/6ace18ac-b21e-40c8-84fe-f326caad9a75/attribute/displayed' to command name 'getAttribute'
[debug] [35m[WD Proxy][39m Proxying [GET /element/6ace18ac-b21e-40c8-84fe-f326caad9a75/attribute/displayed] to [GET http://127.0.0.1:8202/wd/hub/session/de0c8a7f-7038-464e-a4c0-2ef5348ec4b5/element/6ace18ac-b21e-40c8-84fe-f326caad9a75/attribute/displayed] with body: {}
[debug] [35m[WD Proxy][39m Got response with status 200: {"sessionId":"de0c8a7f-7038-464e-a4c0-2ef5348ec4b5","value":"true"}
[debug] [35m[W3C (2184ed75)][39m Responding to client with driver.elementDisplayed() result: true
[35m[HTTP][39m [37m<-- GET /wd/hub/session/2184ed75-f32c-48d6-a147-3f756c459838/element/6ace18ac-b21e-40c8-84fe-f326caad9a75/displayed [39m[32m200[39m [90m19 ms - 14[39m
[35m[HTTP][39m [90m[39m
[35m[HTTP][39m [37m-->[39m [37mPOST[39m [37m/wd/hub/session/2184ed75-f32c-48d6-a147-3f756c459838/element/6ace18ac-b21e-40c8-84fe-f326caad9a75/click[39m
[35m[HTTP][39m [90m{"id":"6ace18ac-b21e-40c8-84fe-f326caad9a75"}[39m
[debug] [35m[W3C (2184ed75)][39m Calling AppiumDriver.click() with args: ["6ace18ac-b21e-40c8-84fe-f326caad9a75","2184ed75-f32c-48d6-a147-3f756c459838"]
[debug] [35m[WD Proxy][39m Matched '/element/6ace18ac-b21e-40c8-84fe-f326caad9a75/click' to command name 'click'
[debug] [35m[WD Proxy][39m Proxying [POST /element/6ace18ac-b21e-40c8-84fe-f326caad9a75/click] to [POST http://127.0.0.1:8202/wd/hub/session/de0c8a7f-7038-464e-a4c0-2ef5348ec4b5/element/6ace18ac-b21e-40c8-84fe-f326caad9a75/click] with body: {"element":"6ace18ac-b21e-40c8-84fe-f326caad9a75"}
[debug] [35m[WD Proxy][39m Got response with status 200: {"sessionId":"de0c8a7f-7038-464e-a4c0-2ef5348ec4b5","value":null}
[debug] [35m[W3C (2184ed75)][39m Responding to client with driver.click() result: null
[35m[HTTP][39m [37m<-- POST /wd/hub/session/2184ed75-f32c-48d6-a147-3f756c459838/element/6ace18ac-b21e-40c8-84fe-f326caad9a75/click [39m[32m200[39m [90m49 ms - 14[39m
[35m[HTTP][39m [90m[39m
[35m[HTTP][39m [37m-->[39m [37mGET[39m [37m/wd/hub/session/2184ed75-f32c-48d6-a147-3f756c459838/screenshot[39m
[35m[HTTP][39m [90m{}[39m
[debug] [35m[W3C (2184ed75)][39m Calling AppiumDriver.getScreenshot() with args: ["2184ed75-f32c-48d6-a147-3f756c459838"]
[debug] [35m[WD Proxy][39m Matched '/screenshot' to command name 'getScreenshot'
[debug] [35m[WD Proxy][39m Proxying [GET /screenshot] to [GET http://127.0.0.1:8202/wd/hub/session/de0c8a7f-7038-464e-a4c0-2ef5348ec4b5/screenshot] with no body
[debug] [35m[WD Proxy][39m Got response with status 200: {"sessionId":"de0c8a7f-7038-464e-a4c0-2ef5348ec4b5","value":"iVBORw0KGgoAAAANSUhEUgAABDgAAAjECAYAAABJ4N+ZAAAAAXNSR0IArs4c6QAAAARzQklUCAgI\nCHwIZIgAACAASURBVHic7N15eFNl3j7w+5wkTZvuOy0NtIW2rFIFFKo4soz6mwEdZ1zG3fF1XBid\nRRQU4WURRFnUcUZxeUUdB9cRR6nLQFlefWlBRArI0gKl0NJ9X9JmO8\/vj7SxadKSpmlLyv25Li6a\nk5PnfNOWXpy7z\/N9JCGEABERERERERGRD5MHugAiIiIiIiIiot5iwEFEREREREREPo8BBxERERER\nERH5PAYcREREREREROTzGHAQERERERERkc9jwEFEREREREREPo8BBxERERERERH5PAYcRERERERE\nROTzGHAQERERERERkc9jwEFEREREREREPo8BBxERERERERH5PAYcREREREREROTzGHAQERERERER\nkc9jwEFEREREREREPo8BBxERERERERH5PAYcREREREREROTzGHAQERERERERkc9jwEFERERERERE\nPo8BBxERERERERH5PAYcREREREREROTzGHAQERERERERkc9jwEFEREREREREPo8BBxERERERERH5\nPAYcREREREREROTzGHAQERERERERkc9TD3QB3pSfn+\/2uQEBAdDr9X1YzWAiAEsjUPQ2rAeXQyW1\nQhgVQBGQZMBq9oPqkqcgkn8PyS8MgNRnlZgKT8KYdwTGY0dgra2BYjBAWMy9GlNSayDrdFCFR0Cb\nNgbaUWPhl5jspYqJiIiIiIioP0hCCDHQRfTW5s2b8cUXX6Cnb+Wee+7B1KlT+6iq7hUVFaGmpgZF\nRUUAgJaWFhQVFSEyMhKRkZEAYP84NTV1QGoEBMThByFOfwhhtgUa9j9CANb2xwAUAaEIyACklBsh\nXbERXgs6FCuU5maYCgtgL...
[debug] [35m[W3C (2184ed75)][39m Responding to client with driver.getScreenshot() result: "iVBORw0KGgoAAAANSUhEUgAABDgAAAjECAYAAABJ4N+ZAAAAAXNSR0IArs4c6QAAAARzQklUCAgI\nCHwIZIgAACAASURBVHic7N15eFNl3j7w+5wkTZvuOy0NtIW2rFIFFKo4soz6mwEdZ1zG3fF1XBid\nRRQU4WURRFnUcUZxeUUdB9cRR6nLQFlefWlBRArI0gKl0NJ9X9JmO8/vj7SxadKSpmlLyv25Li6a\nk5PnfNOWXpy7z/N9JCGEABERERERERGRD5MHugAiIiIiIiIiot5iwEFEREREREREPo8BBxERERER\nERH5PAYcREREREREROTzGHAQERERERERkc9jwEFEREREREREPo8BBxERERERERH5PAYcRERERERE\nROTzGHAQERERERERkc9jwEFEREREREREPo8BBxERERERERH5PAYcREREREREROTzGHAQERERERER\nkc9jwEFEREREREREPo8BBxERERERERH5PAYcREREREREROTzGHAQERERERERkc9jwEFERERERERE\nPo8BBxERERERERH5PAYcREREREREROTzGHAQERERERERkc9jwEFEREREREREPo8BBxERERERERH5\nPAYcREREREREROTzGHAQERERERERkc9TD3QB3pSfn+/2uQEBAdDr9X1YzWAiAEsjUPQ2rAeXQyW1\nQhgVQBGQZMBq9oPqkqcgkn8PyS8MgNRnlZgKT8KYdwTGY0dgra2BYjBAWMy9GlNSayDrdFCFR0Cb\nNgbaUWPhl5jspYqJiIiIiIioP0hCCDHQRfTW5s2b8cUXX6Cnb+Wee+7B1KlT+6iq7hUVFaGmpgZF\nRUUAgJaWFhQVFSEyMhKRkZEAYP84NTV1QGoEBMThByFOfwhhtgUa9j9CANb2xwAUAaEIyACklBsh\nXbERXgs6FCuU5maYCgtgLDgOc3ERrNWVUFoMEGYzoCi9G1+WIWk0kAN0UEVGQ5OghzY5BX6JyZAD\nAwFZ1a...
[35m[HTTP][39m [37m<-- GET /wd/hub/session/2184ed75-f32c-48d6-a147-3f756c459838/screenshot [39m[32m200[39m [90m1233 ms - 1220122[39m
[35m[HTTP][39m [90m[39m
[35m[HTTP][39m [37m-->[39m [37mPOST[39m [37m/wd/hub/session/2184ed75-f32c-48d6-a147-3f756c459838/element[39m
[35m[HTTP][39m [90m{"using":"xpath","value":"//android.widget.TextView[@text=\"客厅\"]"}[39m
[debug] [35m[W3C (2184ed75)][39m Calling AppiumDriver.findElement() with args: ["xpath","//android.widget.TextView[@text=\"客厅\"]","2184ed75-f32c-48d6-a147-3f756c459838"]
[debug] [35m[BaseDriver][39m Valid locator strategies for this request: xpath, id, class name, accessibility id, -android uiautomator
[debug] [35m[BaseDriver][39m Waiting up to 20000 ms for condition
[debug] [35m[WD Proxy][39m Matched '/element' to command name 'findElement'
[debug] [35m[WD Proxy][39m Proxying [POST /element] to [POST http://127.0.0.1:8202/wd/hub/session/de0c8a7f-7038-464e-a4c0-2ef5348ec4b5/element] with body: {"strategy":"xpath","selector":"//android.widget.TextView[@text=\"客厅\"]","context":"","multiple":false}
[debug] [35m[WD Proxy][39m Got response with status 200: {"sessionId":"de0c8a7f-7038-464e-a4c0-2ef5348ec4b5","value":{"ELEMENT":"28f0bc64-a1e5-4cbe-890e-78489b847d66","element-6066-11e4-a52e-4f735466cecf":"28f0bc64-a1e5-4cbe-890e-78489b847d66"}}
[debug] [35m[W3C (2184ed75)][39m Responding to client with driver.findElement() result: {"element-6066-11e4-a52e-4f735466cecf":"28f0bc64-a1e5-4cbe-890e-78489b847d66","ELEMENT":"28f0bc64-a1e5-4cbe-890e-78489b847d66"}
[35m[HTTP][39m [37m<-- POST /wd/hub/session/2184ed75-f32c-48d6-a147-3f756c459838/element [39m[32m200[39m [90m222 ms - 137[39m
[35m[HTTP][39m [90m[39m
[35m[HTTP][39m [37m-->[39m [37mGET[39m [37m/wd/hub/session/2184ed75-f32c-48d6-a147-3f756c459838/element/28f0bc64-a1e5-4cbe-890e-78489b847d66/displayed[39m
[35m[HTTP][39m [90m{}[39m
[debug] [35m[W3C (2184ed75)][39m Calling AppiumDriver.elementDisplayed() with args: ["28f0bc64-a1e5-4cbe-890e-78489b847d66","2184ed75-f32c-48d6-a147-3f756c459838"]
[debug] [35m[WD Proxy][39m Matched '/element/28f0bc64-a1e5-4cbe-890e-78489b847d66/attribute/displayed' to command name 'getAttribute'
[debug] [35m[WD Proxy][39m Proxying [GET /element/28f0bc64-a1e5-4cbe-890e-78489b847d66/attribute/displayed] to [GET http://127.0.0.1:8202/wd/hub/session/de0c8a7f-7038-464e-a4c0-2ef5348ec4b5/element/28f0bc64-a1e5-4cbe-890e-78489b847d66/attribute/displayed] with body: {}
[debug] [35m[WD Proxy][39m Got response with status 200: {"sessionId":"de0c8a7f-7038-464e-a4c0-2ef5348ec4b5","value":"true"}
[debug] [35m[W3C (2184ed75)][39m Responding to client with driver.elementDisplayed() result: true
[35m[HTTP][39m [37m<-- GET /wd/hub/session/2184ed75-f32c-48d6-a147-3f756c459838/element/28f0bc64-a1e5-4cbe-890e-78489b847d66/displayed [39m[32m200[39m [90m20 ms - 14[39m
[35m[HTTP][39m [90m[39m
[35m[HTTP][39m [37m-->[39m [37mPOST[39m [37m/wd/hub/session/2184ed75-f32c-48d6-a147-3f756c459838/element/28f0bc64-a1e5-4cbe-890e-78489b847d66/click[39m
[35m[HTTP][39m [90m{"id":"28f0bc64-a1e5-4cbe-890e-78489b847d66"}[39m
[debug] [35m[W3C (2184ed75)][39m Calling AppiumDriver.click() with args: ["28f0bc64-a1e5-4cbe-890e-78489b847d66","2184ed75-f32c-48d6-a147-3f756c459838"]
[debug] [35m[WD Proxy][39m Matched '/element/28f0bc64-a1e5-4cbe-890e-78489b847d66/click' to command name 'click'
[debug] [35m[WD Proxy][39m Proxying [POST /element/28f0bc64-a1e5-4cbe-890e-78489b847d66/click] to [POST http://127.0.0.1:8202/wd/hub/session/de0c8a7f-7038-464e-a4c0-2ef5348ec4b5/element/28f0bc64-a1e5-4cbe-890e-78489b847d66/click] with body: {"element":"28f0bc64-a1e5-4cbe-890e-78489b847d66"}
[debug] [35m[WD Proxy][39m Got response with status 200: {"sessionId":"de0c8a7f-7038-464e-a4c0-2ef5348ec4b5","value":null}
[debug] [35m[W3C (2184ed75)][39m Responding to client with driver.click() result: null
[35m[HTTP][39m [37m<-- POST /wd/hub/session/2184ed75-f32c-48d6-a147-3f756c459838/element/28f0bc64-a1e5-4cbe-890e-78489b847d66/click [39m[32m200[39m [90m89 ms - 14[39m
[35m[HTTP][39m [90m[39m
[35m[HTTP][39m [37m-->[39m [37mGET[39m [37m/wd/hub/session/2184ed75-f32c-48d6-a147-3f756c459838/screenshot[39m
[35m[HTTP][39m [90m{}[39m
[debug] [35m[W3C (2184ed75)][39m Calling AppiumDriver.getScreenshot() with args: ["2184ed75-f32c-48d6-a147-3f756c459838"]
[debug] [35m[WD Proxy][39m Matched '/screenshot' to command name 'getScreenshot'
[debug] [35m[WD Proxy][39m Proxying [GET /screenshot] to [GET http://127.0.0.1:8202/wd/hub/session/de0c8a7f-7038-464e-a4c0-2ef5348ec4b5/screenshot] with no body
[debug] [35m[WD Proxy][39m Got response with status 200: {"sessionId":"de0c8a7f-7038-464e-a4c0-2ef5348ec4b5","value":"iVBORw0KGgoAAAANSUhEUgAABDgAAAjECAYAAABJ4N+ZAAAAAXNSR0IArs4c6QAAAARzQklUCAgI\nCHwIZIgAACAASURBVHic7N15eFNl3j7w+5wkTZvuOy0NtIW2rFIFFKo4soz6mwEdZ1zG3fF1XBid\nRRQU4WURRFnUcUZxeUUdB9cRR6nLQFlefWlBRArI0gKl0NJ9X9JmO8\/vj7SxadKSpmlLyv25Li6a\nk5PnfNOWXpy7z\/N9JCGEABERERERERGRD5MHugAiIiIiIiIiot5iwEFEREREREREPo8BBxERERER\nERH5PAYcREREREREROTzGHAQERERERERkc9jwEFEREREREREPo8BBxERERERERH5PAYcRERERERE\nROTzGHAQERERERERkc9jwEFEREREREREPo8BBxERERERERH5PAYcREREREREROTzGHAQERERERER\nkc9jwEFEREREREREPo8BBxERERERERH5PAYcREREREREROTzGHAQERERERERkc9jwEFERERERERE\nPo8BBxERERERERH5PAYcREREREREROTzGHAQERERERERkc9jwEFEREREREREPo8BBxERERERERH5\nPAYcREREREREROTzGHAQERERERERkc9TD3QB3pSfn+\/2uQEBAdDr9X1YzWAiAEsjUPQ2rAeXQyW1\nQhgVQBGQZMBq9oPqkqcgkn8PyS8MgNRnlZgKT8KYdwTGY0dgra2BYjBAWMy9GlNSayDrdFCFR0Cb\nNgbaUWPhl5jspYqJiIiIiIioP0hCCDHQRfTW5s2b8cUXX6Cnb+Wee+7B1KlT+6iq7hUVFaGmpgZF\nRUUAgJaWFhQVFSEyMhKRkZEAYP84NTV1QGoEBMThByFOfwhhtgUa9j9CANb2xwAUAaEIyACklBsh\nXbERXgs6FCuU5maYCgtgL...
[debug] [35m[W3C (2184ed75)][39m Responding to client with driver.getScreenshot() result: "iVBORw0KGgoAAAANSUhEUgAABDgAAAjECAYAAABJ4N+ZAAAAAXNSR0IArs4c6QAAAARzQklUCAgI\nCHwIZIgAACAASURBVHic7N15eFNl3j7w+5wkTZvuOy0NtIW2rFIFFKo4soz6mwEdZ1zG3fF1XBid\nRRQU4WURRFnUcUZxeUUdB9cRR6nLQFlefWlBRArI0gKl0NJ9X9JmO8/vj7SxadKSpmlLyv25Li6a\nk5PnfNOWXpy7z/N9JCGEABERERERERGRD5MHugAiIiIiIiIiot5iwEFEREREREREPo8BBxERERER\nERH5PAYcREREREREROTzGHAQERERERERkc9jwEFEREREREREPo8BBxERERERERH5PAYcRERERERE\nROTzGHAQERERERERkc9jwEFEREREREREPo8BBxERERERERH5PAYcREREREREROTzGHAQERERERER\nkc9jwEFEREREREREPo8BBxERERERERH5PAYcREREREREROTzGHAQERERERERkc9jwEFERERERERE\nPo8BBxERERERERH5PAYcREREREREROTzGHAQERERERERkc9jwEFEREREREREPo8BBxERERERERH5\nPAYcREREREREROTzGHAQERERERERkc9TD3QB3pSfn+/2uQEBAdDr9X1YzWAiAEsjUPQ2rAeXQyW1\nQhgVQBGQZMBq9oPqkqcgkn8PyS8MgNRnlZgKT8KYdwTGY0dgra2BYjBAWMy9GlNSayDrdFCFR0Cb\nNgbaUWPhl5jspYqJiIiIiIioP0hCCDHQRfTW5s2b8cUXX6Cnb+Wee+7B1KlT+6iq7hUVFaGmpgZF\nRUUAgJaWFhQVFSEyMhKRkZEAYP84NTV1QGoEBMThByFOfwhhtgUa9j9CANb2xwAUAaEIyACklBsh\nXbERXgs6FCuU5maYCgtgLDgOc3ERrNWVUFoMEGYzoCi9G1+WIWk0kAN0UEVGQ5OghzY5BX6JyZAD\nAwFZ1a...
[35m[HTTP][39m [37m<-- GET /wd/hub/session/2184ed75-f32c-48d6-a147-3f756c459838/screenshot [39m[32m200[39m [90m1378 ms - 1177912[39m
[35m[HTTP][39m [90m[39m
[35m[HTTP][39m [37m-->[39m [37mPOST[39m [37m/wd/hub/session/2184ed75-f32c-48d6-a147-3f756c459838/element[39m
[35m[HTTP][39m [90m{"using":"xpath","value":"//android.widget.TextView[@text=\"常用设备\"]"}[39m
[debug] [35m[W3C (2184ed75)][39m Calling AppiumDriver.findElement() with args: ["xpath","//android.widget.TextView[@text=\"常用设备\"]","2184ed75-f32c-48d6-a147-3f756c459838"]
[debug] [35m[BaseDriver][39m Valid locator strategies for this request: xpath, id, class name, accessibility id, -android uiautomator
[debug] [35m[BaseDriver][39m Waiting up to 20000 ms for condition
[debug] [35m[WD Proxy][39m Matched '/element' to command name 'findElement'
[debug] [35m[WD Proxy][39m Proxying [POST /element] to [POST http://127.0.0.1:8202/wd/hub/session/de0c8a7f-7038-464e-a4c0-2ef5348ec4b5/element] with body: {"strategy":"xpath","selector":"//android.widget.TextView[@text=\"常用设备\"]","context":"","multiple":false}
[debug] [35m[WD Proxy][39m Got response with status 200: {"sessionId":"de0c8a7f-7038-464e-a4c0-2ef5348ec4b5","value":{"ELEMENT":"611fd840-0847-4911-91bd-fe589a1c91dd","element-6066-11e4-a52e-4f735466cecf":"611fd840-0847-4911-91bd-fe589a1c91dd"}}
[debug] [35m[W3C (2184ed75)][39m Responding to client with driver.findElement() result: {"element-6066-11e4-a52e-4f735466cecf":"611fd840-0847-4911-91bd-fe589a1c91dd","ELEMENT":"611fd840-0847-4911-91bd-fe589a1c91dd"}
[35m[HTTP][39m [37m<-- POST /wd/hub/session/2184ed75-f32c-48d6-a147-3f756c459838/element [39m[32m200[39m [90m392 ms - 137[39m
[35m[HTTP][39m [90m[39m
[35m[HTTP][39m [37m-->[39m [37mGET[39m [37m/wd/hub/session/2184ed75-f32c-48d6-a147-3f756c459838/element/611fd840-0847-4911-91bd-fe589a1c91dd/displayed[39m
[35m[HTTP][39m [90m{}[39m
[debug] [35m[W3C (2184ed75)][39m Calling AppiumDriver.elementDisplayed() with args: ["611fd840-0847-4911-91bd-fe589a1c91dd","2184ed75-f32c-48d6-a147-3f756c459838"]
[debug] [35m[WD Proxy][39m Matched '/element/611fd840-0847-4911-91bd-fe589a1c91dd/attribute/displayed' to command name 'getAttribute'
[debug] [35m[WD Proxy][39m Proxying [GET /element/611fd840-0847-4911-91bd-fe589a1c91dd/attribute/displayed] to [GET http://127.0.0.1:8202/wd/hub/session/de0c8a7f-7038-464e-a4c0-2ef5348ec4b5/element/611fd840-0847-4911-91bd-fe589a1c91dd/attribute/displayed] with body: {}
[debug] [35m[WD Proxy][39m Got response with status 200: {"sessionId":"de0c8a7f-7038-464e-a4c0-2ef5348ec4b5","value":"true"}
[debug] [35m[W3C (2184ed75)][39m Responding to client with driver.elementDisplayed() result: true
[35m[HTTP][39m [37m<-- GET /wd/hub/session/2184ed75-f32c-48d6-a147-3f756c459838/element/611fd840-0847-4911-91bd-fe589a1c91dd/displayed [39m[32m200[39m [90m15 ms - 14[39m
[35m[HTTP][39m [90m[39m
[35m[HTTP][39m [37m-->[39m [37mPOST[39m [37m/wd/hub/session/2184ed75-f32c-48d6-a147-3f756c459838/element/611fd840-0847-4911-91bd-fe589a1c91dd/click[39m
[35m[HTTP][39m [90m{"id":"611fd840-0847-4911-91bd-fe589a1c91dd"}[39m
[debug] [35m[W3C (2184ed75)][39m Calling AppiumDriver.click() with args: ["611fd840-0847-4911-91bd-fe589a1c91dd","2184ed75-f32c-48d6-a147-3f756c459838"]
[debug] [35m[WD Proxy][39m Matched '/element/611fd840-0847-4911-91bd-fe589a1c91dd/click' to command name 'click'
[debug] [35m[WD Proxy][39m Proxying [POST /element/611fd840-0847-4911-91bd-fe589a1c91dd/click] to [POST http://127.0.0.1:8202/wd/hub/session/de0c8a7f-7038-464e-a4c0-2ef5348ec4b5/element/611fd840-0847-4911-91bd-fe589a1c91dd/click] with body: {"element":"611fd840-0847-4911-91bd-fe589a1c91dd"}
[debug] [35m[WD Proxy][39m Got response with status 200: {"sessionId":"de0c8a7f-7038-464e-a4c0-2ef5348ec4b5","value":null}
[debug] [35m[W3C (2184ed75)][39m Responding to client with driver.click() result: null
[35m[HTTP][39m [37m<-- POST /wd/hub/session/2184ed75-f32c-48d6-a147-3f756c459838/element/611fd840-0847-4911-91bd-fe589a1c91dd/click [39m[32m200[39m [90m48 ms - 14[39m
[35m[HTTP][39m [90m[39m
[35m[HTTP][39m [37m-->[39m [37mGET[39m [37m/wd/hub/session/2184ed75-f32c-48d6-a147-3f756c459838/screenshot[39m
[35m[HTTP][39m [90m{}[39m
[debug] [35m[W3C (2184ed75)][39m Calling AppiumDriver.getScreenshot() with args: ["2184ed75-f32c-48d6-a147-3f756c459838"]
[debug] [35m[WD Proxy][39m Matched '/screenshot' to command name 'getScreenshot'
[debug] [35m[WD Proxy][39m Proxying [GET /screenshot] to [GET http://127.0.0.1:8202/wd/hub/session/de0c8a7f-7038-464e-a4c0-2ef5348ec4b5/screenshot] with no body
[debug] [35m[WD Proxy][39m Got response with status 200: {"sessionId":"de0c8a7f-7038-464e-a4c0-2ef5348ec4b5","value":"iVBORw0KGgoAAAANSUhEUgAABDgAAAjECAYAAABJ4N+ZAAAAAXNSR0IArs4c6QAAAARzQklUCAgI\nCHwIZIgAACAASURBVHic7N15eFTl3T7w+5yZySSTfSchAyGQhFWigEAUK0vVXwtaW5e6W1+rlmoX\nUVCElx2URa2tovUVbS2uFavEpRCWaklARALIkgAhkJB9XyaZ7Ty\/PyYZM5lJmEwmCRPuz3VxkTlz\n5jnfIcvFufM830cSQggQEREREREREfkwub8LICIiIiIiIiLqKQYcREREREREROTzGHAQERERERER\nkc9jwEFEREREREREPo8BBxERERERERH5PAYcREREREREROTzGHAQERERERERkc9jwEFERERERERE\nPo8BBxERERERERH5PAYcREREREREROTzGHAQERERERERkc9jwEFEREREREREPo8BBxERERERERH5\nPAYcREREREREROTzGHAQERERERERkc9jwEFEREREREREPo8BBxERERERERH5PAYcREREREREROTz\nGHAQERERERERkc9jwEFEREREREREPo8BBxERERERERH5PAYcREREREREROTzGHAQERERERERkc9j\nwEFEREREREREPo8BBxERERERERH5PHV\/F+BNeXl5bp8bEBAAvV7fi9UMJAKwNACFb8F6eDlUUguE\nUQEUAUkGrGY\/qK54BiLp15D8wgBIvVaJqeA0jLnHYDxxDNaaaigGA4TF3KMxJbUGsk4HVXgEtKmj\noR05Bn6JSV6qmIiIiIiIiPqCJIQQ\/V1ET23duhWfffYZuvtW7r\/\/fkydOrWXqupaYWEhqqurUVhY\nCABobm5GYWEhIiMjERkZCQD2j1NSUvqlRkBAHH0E4uz7EGZboGH\/IwRgbXsMQBEQioAMQEq+BdLV\nm+G1oEOxQmlqgqkgH...
[debug] [35m[W3C (2184ed75)][39m Responding to client with driver.getScreenshot() result: "iVBORw0KGgoAAAANSUhEUgAABDgAAAjECAYAAABJ4N+ZAAAAAXNSR0IArs4c6QAAAARzQklUCAgI\nCHwIZIgAACAASURBVHic7N15eFTl3T7w+5yZySSTfSchAyGQhFWigEAUK0vVXwtaW5e6W1+rlmoX\nUVCElx2URa2tovUVbS2uFavEpRCWaklARALIkgAhkJB9XyaZ7Ty/PyYZM5lJmEwmCRPuz3VxkTlz\n5jnfIcvFufM830cSQggQEREREREREfkwub8LICIiIiIiIiLqKQYcREREREREROTzGHAQERERERER\nkc9jwEFEREREREREPo8BBxERERERERH5PAYcREREREREROTzGHAQERERERERkc9jwEFERERERERE\nPo8BBxERERERERH5PAYcREREREREROTzGHAQERERERERkc9jwEFEREREREREPo8BBxERERERERH5\nPAYcREREREREROTzGHAQERERERERkc9jwEFEREREREREPo8BBxERERERERH5PAYcREREREREROTz\nGHAQERERERERkc9jwEFEREREREREPo8BBxERERERERH5PAYcREREREREROTzGHAQERERERERkc9j\nwEFEREREREREPo8BBxERERERERH5PHV/F+BNeXl5bp8bEBAAvV7fi9UMJAKwNACFb8F6eDlUUguE\nUQEUAUkGrGY/qK54BiLp15D8wgBIvVaJqeA0jLnHYDxxDNaaaigGA4TF3KMxJbUGsk4HVXgEtKmj\noR05Bn6JSV6qmIiIiIiIiPqCJIQQ/V1ET23duhWfffYZuvtW7r//fkydOrWXqupaYWEhqqurUVhY\nCABobm5GYWEhIiMjERkZCQD2j1NSUvqlRkBAHH0E4uz7EGZboGH/IwRgbXsMQBEQioAMQEq+BdLV\nm+G1oEOxQmlqgqkgH8b8kzAXFcJaVQGl2QBhNgOK0rPxZRmSRgM5QAdVZDQ0CXpok5Lhl5gEOTAQ\nkFU9Gr...
[35m[HTTP][39m [37m<-- GET /wd/hub/session/2184ed75-f32c-48d6-a147-3f756c459838/screenshot [39m[32m200[39m [90m1289 ms - 1220032[39m
[35m[HTTP][39m [90m[39m
[35m[HTTP][39m [37m-->[39m [37mPOST[39m [37m/wd/hub/session/2184ed75-f32c-48d6-a147-3f756c459838/element[39m
[35m[HTTP][39m [90m{"using":"xpath","value":"//android.widget.TextView[@text=\"客厅\"]"}[39m
[debug] [35m[W3C (2184ed75)][39m Calling AppiumDriver.findElement() with args: ["xpath","//android.widget.TextView[@text=\"客厅\"]","2184ed75-f32c-48d6-a147-3f756c459838"]
[debug] [35m[BaseDriver][39m Valid locator strategies for this request: xpath, id, class name, accessibility id, -android uiautomator
[debug] [35m[BaseDriver][39m Waiting up to 20000 ms for condition
[debug] [35m[WD Proxy][39m Matched '/element' to command name 'findElement'
[debug] [35m[WD Proxy][39m Proxying [POST /element] to [POST http://127.0.0.1:8202/wd/hub/session/de0c8a7f-7038-464e-a4c0-2ef5348ec4b5/element] with body: {"strategy":"xpath","selector":"//android.widget.TextView[@text=\"客厅\"]","context":"","multiple":false}
[debug] [35m[WD Proxy][39m Got response with status 200: {"sessionId":"de0c8a7f-7038-464e-a4c0-2ef5348ec4b5","value":{"ELEMENT":"e880cd26-12e8-4214-96d0-4436b6322e5d","element-6066-11e4-a52e-4f735466cecf":"e880cd26-12e8-4214-96d0-4436b6322e5d"}}
[debug] [35m[W3C (2184ed75)][39m Responding to client with driver.findElement() result: {"element-6066-11e4-a52e-4f735466cecf":"e880cd26-12e8-4214-96d0-4436b6322e5d","ELEMENT":"e880cd26-12e8-4214-96d0-4436b6322e5d"}
[35m[HTTP][39m [37m<-- POST /wd/hub/session/2184ed75-f32c-48d6-a147-3f756c459838/element [39m[32m200[39m [90m382 ms - 137[39m
[35m[HTTP][39m [90m[39m
[35m[HTTP][39m [37m-->[39m [37mGET[39m [37m/wd/hub/session/2184ed75-f32c-48d6-a147-3f756c459838/element/e880cd26-12e8-4214-96d0-4436b6322e5d/displayed[39m
[35m[HTTP][39m [90m{}[39m
[debug] [35m[W3C (2184ed75)][39m Calling AppiumDriver.elementDisplayed() with args: ["e880cd26-12e8-4214-96d0-4436b6322e5d","2184ed75-f32c-48d6-a147-3f756c459838"]
[debug] [35m[WD Proxy][39m Matched '/element/e880cd26-12e8-4214-96d0-4436b6322e5d/attribute/displayed' to command name 'getAttribute'
[debug] [35m[WD Proxy][39m Proxying [GET /element/e880cd26-12e8-4214-96d0-4436b6322e5d/attribute/displayed] to [GET http://127.0.0.1:8202/wd/hub/session/de0c8a7f-7038-464e-a4c0-2ef5348ec4b5/element/e880cd26-12e8-4214-96d0-4436b6322e5d/attribute/displayed] with body: {}
[debug] [35m[WD Proxy][39m Got response with status 200: {"sessionId":"de0c8a7f-7038-464e-a4c0-2ef5348ec4b5","value":"true"}
[debug] [35m[W3C (2184ed75)][39m Responding to client with driver.elementDisplayed() result: true
[35m[HTTP][39m [37m<-- GET /wd/hub/session/2184ed75-f32c-48d6-a147-3f756c459838/element/e880cd26-12e8-4214-96d0-4436b6322e5d/displayed [39m[32m200[39m [90m19 ms - 14[39m
[35m[HTTP][39m [90m[39m
[35m[HTTP][39m [37m-->[39m [37mPOST[39m [37m/wd/hub/session/2184ed75-f32c-48d6-a147-3f756c459838/element/e880cd26-12e8-4214-96d0-4436b6322e5d/click[39m
[35m[HTTP][39m [90m{"id":"e880cd26-12e8-4214-96d0-4436b6322e5d"}[39m
[debug] [35m[W3C (2184ed75)][39m Calling AppiumDriver.click() with args: ["e880cd26-12e8-4214-96d0-4436b6322e5d","2184ed75-f32c-48d6-a147-3f756c459838"]
[debug] [35m[WD Proxy][39m Matched '/element/e880cd26-12e8-4214-96d0-4436b6322e5d/click' to command name 'click'
[debug] [35m[WD Proxy][39m Proxying [POST /element/e880cd26-12e8-4214-96d0-4436b6322e5d/click] to [POST http://127.0.0.1:8202/wd/hub/session/de0c8a7f-7038-464e-a4c0-2ef5348ec4b5/element/e880cd26-12e8-4214-96d0-4436b6322e5d/click] with body: {"element":"e880cd26-12e8-4214-96d0-4436b6322e5d"}
[debug] [35m[WD Proxy][39m Got response with status 200: {"sessionId":"de0c8a7f-7038-464e-a4c0-2ef5348ec4b5","value":null}
[debug] [35m[W3C (2184ed75)][39m Responding to client with driver.click() result: null
[35m[HTTP][39m [37m<-- POST /wd/hub/session/2184ed75-f32c-48d6-a147-3f756c459838/element/e880cd26-12e8-4214-96d0-4436b6322e5d/click [39m[32m200[39m [90m50 ms - 14[39m
[35m[HTTP][39m [90m[39m
[35m[HTTP][39m [37m-->[39m [37mGET[39m [37m/wd/hub/session/2184ed75-f32c-48d6-a147-3f756c459838/screenshot[39m
[35m[HTTP][39m [90m{}[39m
[debug] [35m[W3C (2184ed75)][39m Calling AppiumDriver.getScreenshot() with args: ["2184ed75-f32c-48d6-a147-3f756c459838"]
[debug] [35m[WD Proxy][39m Matched '/screenshot' to command name 'getScreenshot'
[debug] [35m[WD Proxy][39m Proxying [GET /screenshot] to [GET http://127.0.0.1:8202/wd/hub/session/de0c8a7f-7038-464e-a4c0-2ef5348ec4b5/screenshot] with no body
[debug] [35m[WD Proxy][39m Got response with status 200: {"sessionId":"de0c8a7f-7038-464e-a4c0-2ef5348ec4b5","value":"iVBORw0KGgoAAAANSUhEUgAABDgAAAjECAYAAABJ4N+ZAAAAAXNSR0IArs4c6QAAAARzQklUCAgI\nCHwIZIgAACAASURBVHic7N15eFNl3j7w+5wkTZvuOy0NtIW2rFIFFKo4soz6mwEdZ1zG3fF1XBid\nRRQU4WURRFnUcUZxeUUdB9cRR6nLQFlefWlBRArI0gKl0NJ9X9JmO8\/vj7SxadKSpmlLyv25Li6a\nk5PnfNOWXpy7z\/N9JCGEABERERERERGRD5MHugAiIiIiIiIiot5iwEFEREREREREPo8BBxERERER\nERH5PAYcREREREREROTzGHAQERERERERkc9jwEFEREREREREPo8BBxERERERERH5PAYcRERERERE\nROTzGHAQERERERERkc9jwEFEREREREREPo8BBxERERERERH5PAYcREREREREROTzGHAQERERERER\nkc9jwEFEREREREREPo8BBxERERERERH5PAYcREREREREROTzGHAQERERERERkc9jwEFERERERERE\nPo8BBxERERERERH5PAYcREREREREROTzGHAQERERERERkc9jwEFEREREREREPo8BBxERERERERH5\nPAYcREREREREROTzGHAQERERERERkc9TD3QB3pSfn+\/2uQEBAdDr9X1YzWAiAEsjUPQ2rAeXQyW1\nQhgVQBGQZMBq9oPqkqcgkn8PyS8MgNRnlZgKT8KYdwTGY0dgra2BYjBAWMy9GlNSayDrdFCFR0Cb\nNgbaUWPhl5jspYqJiIiIiIioP0hCCDHQRfTW5s2b8cUXX6Cnb+Wee+7B1KlT+6iq7hUVFaGmpgZF\nRUUAgJaWFhQVFSEyMhKRkZEAYP84NTV1QGoEBMThByFOfwhhtgUa9j9CANb2xwAUAaEIyACklBsh\nXbERXgs6FCuU5maYCgtgL...
[debug] [35m[W3C (2184ed75)][39m Responding to client with driver.getScreenshot() result: "iVBORw0KGgoAAAANSUhEUgAABDgAAAjECAYAAABJ4N+ZAAAAAXNSR0IArs4c6QAAAARzQklUCAgI\nCHwIZIgAACAASURBVHic7N15eFNl3j7w+5wkTZvuOy0NtIW2rFIFFKo4soz6mwEdZ1zG3fF1XBid\nRRQU4WURRFnUcUZxeUUdB9cRR6nLQFlefWlBRArI0gKl0NJ9X9JmO8/vj7SxadKSpmlLyv25Li6a\nk5PnfNOWXpy7z/N9JCGEABERERERERGRD5MHugAiIiIiIiIiot5iwEFEREREREREPo8BBxERERER\nERH5PAYcREREREREROTzGHAQERERERERkc9jwEFEREREREREPo8BBxERERERERH5PAYcRERERERE\nROTzGHAQERERERERkc9jwEFEREREREREPo8BBxERERERERH5PAYcREREREREROTzGHAQERERERER\nkc9jwEFEREREREREPo8BBxERERERERH5PAYcREREREREROTzGHAQERERERERkc9jwEFERERERERE\nPo8BBxERERERERH5PAYcREREREREROTzGHAQERERERERkc9jwEFEREREREREPo8BBxERERERERH5\nPAYcREREREREROTzGHAQERERERERkc9TD3QB3pSfn+/2uQEBAdDr9X1YzWAiAEsjUPQ2rAeXQyW1\nQhgVQBGQZMBq9oPqkqcgkn8PyS8MgNRnlZgKT8KYdwTGY0dgra2BYjBAWMy9GlNSayDrdFCFR0Cb\nNgbaUWPhl5jspYqJiIiIiIioP0hCCDHQRfTW5s2b8cUXX6Cnb+Wee+7B1KlT+6iq7hUVFaGmpgZF\nRUUAgJaWFhQVFSEyMhKRkZEAYP84NTV1QGoEBMThByFOfwhhtgUa9j9CANb2xwAUAaEIyACklBsh\nXbERXgs6FCuU5maYCgtgLDgOc3ERrNWVUFoMEGYzoCi9G1+WIWk0kAN0UEVGQ5OghzY5BX6JyZAD\nAwFZ1a...
[35m[HTTP][39m [37m<-- GET /wd/hub/session/2184ed75-f32c-48d6-a147-3f756c459838/screenshot [39m[32m200[39m [90m1253 ms - 1177912[39m
[35m[HTTP][39m [90m[39m
[35m[HTTP][39m [37m-->[39m [37mPOST[39m [37m/wd/hub/session/2184ed75-f32c-48d6-a147-3f756c459838/element[39m
[35m[HTTP][39m [90m{"using":"xpath","value":"//android.widget.TextView[@text=\"常用设备\"]"}[39m
[debug] [35m[W3C (2184ed75)][39m Calling AppiumDriver.findElement() with args: ["xpath","//android.widget.TextView[@text=\"常用设备\"]","2184ed75-f32c-48d6-a147-3f756c459838"]
[debug] [35m[BaseDriver][39m Valid locator strategies for this request: xpath, id, class name, accessibility id, -android uiautomator
[debug] [35m[BaseDriver][39m Waiting up to 20000 ms for condition
[debug] [35m[WD Proxy][39m Matched '/element' to command name 'findElement'
[debug] [35m[WD Proxy][39m Proxying [POST /element] to [POST http://127.0.0.1:8202/wd/hub/session/de0c8a7f-7038-464e-a4c0-2ef5348ec4b5/element] with body: {"strategy":"xpath","selector":"//android.widget.TextView[@text=\"常用设备\"]","context":"","multiple":false}
[debug] [35m[WD Proxy][39m Got response with status 200: {"sessionId":"de0c8a7f-7038-464e-a4c0-2ef5348ec4b5","value":{"ELEMENT":"60ee0669-2a84-43cd-87a4-eeb07fd9f32f","element-6066-11e4-a52e-4f735466cecf":"60ee0669-2a84-43cd-87a4-eeb07fd9f32f"}}
[debug] [35m[W3C (2184ed75)][39m Responding to client with driver.findElement() result: {"element-6066-11e4-a52e-4f735466cecf":"60ee0669-2a84-43cd-87a4-eeb07fd9f32f","ELEMENT":"60ee0669-2a84-43cd-87a4-eeb07fd9f32f"}
[35m[HTTP][39m [37m<-- POST /wd/hub/session/2184ed75-f32c-48d6-a147-3f756c459838/element [39m[32m200[39m [90m142 ms - 137[39m
[35m[HTTP][39m [90m[39m
[35m[HTTP][39m [37m-->[39m [37mGET[39m [37m/wd/hub/session/2184ed75-f32c-48d6-a147-3f756c459838/element/60ee0669-2a84-43cd-87a4-eeb07fd9f32f/displayed[39m
[35m[HTTP][39m [90m{}[39m
[debug] [35m[W3C (2184ed75)][39m Calling AppiumDriver.elementDisplayed() with args: ["60ee0669-2a84-43cd-87a4-eeb07fd9f32f","2184ed75-f32c-48d6-a147-3f756c459838"]
[debug] [35m[WD Proxy][39m Matched '/element/60ee0669-2a84-43cd-87a4-eeb07fd9f32f/attribute/displayed' to command name 'getAttribute'
[debug] [35m[WD Proxy][39m Proxying [GET /element/60ee0669-2a84-43cd-87a4-eeb07fd9f32f/attribute/displayed] to [GET http://127.0.0.1:8202/wd/hub/session/de0c8a7f-7038-464e-a4c0-2ef5348ec4b5/element/60ee0669-2a84-43cd-87a4-eeb07fd9f32f/attribute/displayed] with body: {}
[debug] [35m[WD Proxy][39m Got response with status 200: {"sessionId":"de0c8a7f-7038-464e-a4c0-2ef5348ec4b5","value":"true"}
[debug] [35m[W3C (2184ed75)][39m Responding to client with driver.elementDisplayed() result: true
[35m[HTTP][39m [37m<-- GET /wd/hub/session/2184ed75-f32c-48d6-a147-3f756c459838/element/60ee0669-2a84-43cd-87a4-eeb07fd9f32f/displayed [39m[32m200[39m [90m11 ms - 14[39m
[35m[HTTP][39m [90m[39m
[35m[HTTP][39m [37m-->[39m [37mPOST[39m [37m/wd/hub/session/2184ed75-f32c-48d6-a147-3f756c459838/element/60ee0669-2a84-43cd-87a4-eeb07fd9f32f/click[39m
[35m[HTTP][39m [90m{"id":"60ee0669-2a84-43cd-87a4-eeb07fd9f32f"}[39m
[debug] [35m[W3C (2184ed75)][39m Calling AppiumDriver.click() with args: ["60ee0669-2a84-43cd-87a4-eeb07fd9f32f","2184ed75-f32c-48d6-a147-3f756c459838"]
[debug] [35m[WD Proxy][39m Matched '/element/60ee0669-2a84-43cd-87a4-eeb07fd9f32f/click' to command name 'click'
[debug] [35m[WD Proxy][39m Proxying [POST /element/60ee0669-2a84-43cd-87a4-eeb07fd9f32f/click] to [POST http://127.0.0.1:8202/wd/hub/session/de0c8a7f-7038-464e-a4c0-2ef5348ec4b5/element/60ee0669-2a84-43cd-87a4-eeb07fd9f32f/click] with body: {"element":"60ee0669-2a84-43cd-87a4-eeb07fd9f32f"}
[debug] [35m[WD Proxy][39m Got response with status 200: {"sessionId":"de0c8a7f-7038-464e-a4c0-2ef5348ec4b5","value":null}
[debug] [35m[W3C (2184ed75)][39m Responding to client with driver.click() result: null
[35m[HTTP][39m [37m<-- POST /wd/hub/session/2184ed75-f32c-48d6-a147-3f756c459838/element/60ee0669-2a84-43cd-87a4-eeb07fd9f32f/click [39m[32m200[39m [90m40 ms - 14[39m
[35m[HTTP][39m [90m[39m
[35m[HTTP][39m [37m-->[39m [37mGET[39m [37m/wd/hub/session/2184ed75-f32c-48d6-a147-3f756c459838/screenshot[39m
[35m[HTTP][39m [90m{}[39m
[debug] [35m[W3C (2184ed75)][39m Calling AppiumDriver.getScreenshot() with args: ["2184ed75-f32c-48d6-a147-3f756c459838"]
[debug] [35m[WD Proxy][39m Matched '/screenshot' to command name 'getScreenshot'
[debug] [35m[WD Proxy][39m Proxying [GET /screenshot] to [GET http://127.0.0.1:8202/wd/hub/session/de0c8a7f-7038-464e-a4c0-2ef5348ec4b5/screenshot] with no body
[debug] [35m[WD Proxy][39m Got response with status 200: {"sessionId":"de0c8a7f-7038-464e-a4c0-2ef5348ec4b5","value":"iVBORw0KGgoAAAANSUhEUgAABDgAAAjECAYAAABJ4N+ZAAAAAXNSR0IArs4c6QAAAARzQklUCAgI\nCHwIZIgAACAASURBVHic7N15eFNl3j7w+5wkTZvuOy0NtIW2rFIFFKo4soz6mwEdZ1zG3fF1XBid\nRRQU4WURRFnUcUZxeUUdB9cRR6nLQFlefWlBRArI0gKl0NJ9X9JmO8\/vj7SxadKSpmlLyv25Li6a\nk5PnfNOWXpy7z\/N9JCGEABERERERERGRD5MHugAiIiIiIiIiot5iwEFEREREREREPo8BBxERERER\nERH5PAYcREREREREROTzGHAQERERERERkc9jwEFEREREREREPo8BBxERERERERH5PAYcRERERERE\nROTzGHAQERERERERkc9jwEFEREREREREPo8BBxERERERERH5PAYcREREREREROTzGHAQERERERER\nkc9jwEFEREREREREPo8BBxERERERERH5PAYcREREREREROTzGHAQERERERERkc9jwEFERERERERE\nPo8BBxERERERERH5PAYcREREREREROTzGHAQERERERERkc9jwEFEREREREREPo8BBxERERERERH5\nPAYcREREREREROTzGHAQERERERERkc9TD3QB3pSfn+\/2uQEBAdDr9X1YzWAiAEsjUPQ2rAeXQyW1\nQhgVQBGQZMBq9oPqkqcgkn8PyS8MgNRnlZgKT8KYdwTGY0dgra2BYjBAWMy9GlNSayDrdFCFR0Cb\nNgbaUWPhl5jspYqJiIiIiIioP0hCCDHQRfTW5s2b8cUXX6Cnb+Wee+7B1KlT+6iq7hUVFaGmpgZF\nRUUAgJaWFhQVFSEyMhKRkZEAYP84NTV1QGoEBMThByFOfwhhtgUa9j9CANb2xwAUAaEIyACklBsh\nXbERXgs6FCuU5maYCgtgL...
[debug] [35m[W3C (2184ed75)][39m Responding to client with driver.getScreenshot() result: "iVBORw0KGgoAAAANSUhEUgAABDgAAAjECAYAAABJ4N+ZAAAAAXNSR0IArs4c6QAAAARzQklUCAgI\nCHwIZIgAACAASURBVHic7N15eFNl3j7w+5wkTZvuOy0NtIW2rFIFFKo4soz6mwEdZ1zG3fF1XBid\nRRQU4WURRFnUcUZxeUUdB9cRR6nLQFlefWlBRArI0gKl0NJ9X9JmO8/vj7SxadKSpmlLyv25Li6a\nk5PnfNOWXpy7z/N9JCGEABERERERERGRD5MHugAiIiIiIiIiot5iwEFEREREREREPo8BBxERERER\nERH5PAYcREREREREROTzGHAQERERERERkc9jwEFEREREREREPo8BBxERERERERH5PAYcRERERERE\nROTzGHAQERERERERkc9jwEFEREREREREPo8BBxERERERERH5PAYcREREREREROTzGHAQERERERER\nkc9jwEFEREREREREPo8BBxERERERERH5PAYcREREREREROTzGHAQERERERERkc9jwEFERERERERE\nPo8BBxERERERERH5PAYcREREREREROTzGHAQERERERERkc9jwEFEREREREREPo8BBxERERERERH5\nPAYcREREREREROTzGHAQERERERERkc9TD3QB3pSfn+/2uQEBAdDr9X1YzWAiAEsjUPQ2rAeXQyW1\nQhgVQBGQZMBq9oPqkqcgkn8PyS8MgNRnlZgKT8KYdwTGY0dgra2BYjBAWMy9GlNSayDrdFCFR0Cb\nNgbaUWPhl5jspYqJiIiIiIioP0hCCDHQRfTW5s2b8cUXX6Cnb+Wee+7B1KlT+6iq7hUVFaGmpgZF\nRUUAgJaWFhQVFSEyMhKRkZEAYP84NTV1QGoEBMThByFOfwhhtgUa9j9CANb2xwAUAaEIyACklBsh\nXbERXgs6FCuU5maYCgtgLDgOc3ERrNWVUFoMEGYzoCi9G1+WIWk0kAN0UEVGQ5OghzY5BX6JyZAD\nAwFZ1a...
[35m[HTTP][39m [37m<-- GET /wd/hub/session/2184ed75-f32c-48d6-a147-3f756c459838/screenshot [39m[32m200[39m [90m1267 ms - 1220122[39m
[35m[HTTP][39m [90m[39m
[35m[HTTP][39m [37m-->[39m [37mGET[39m [37m/wd/hub/session/2184ed75-f32c-48d6-a147-3f756c459838/screenshot[39m
[35m[HTTP][39m [90m{}[39m
[debug] [35m[W3C (2184ed75)][39m Calling AppiumDriver.getScreenshot() with args: ["2184ed75-f32c-48d6-a147-3f756c459838"]
[debug] [35m[WD Proxy][39m Matched '/screenshot' to command name 'getScreenshot'
[debug] [35m[WD Proxy][39m Proxying [GET /screenshot] to [GET http://127.0.0.1:8202/wd/hub/session/de0c8a7f-7038-464e-a4c0-2ef5348ec4b5/screenshot] with no body
[debug] [35m[WD Proxy][39m Got response with status 200: {"sessionId":"de0c8a7f-7038-464e-a4c0-2ef5348ec4b5","value":"iVBORw0KGgoAAAANSUhEUgAABDgAAAjECAYAAABJ4N+ZAAAAAXNSR0IArs4c6QAAAARzQklUCAgI\nCHwIZIgAACAASURBVHic7N15eFNl3j7w+5wkTZvuOy0NtIW2rFIFFKo4soz6mwEdZ1zG3fF1XBid\nRRQU4WURRFnUcUZxeUUdB9cRR6nLQFlefWlBRArI0gKl0NJ9X9JmO8\/vj7SxadKSpmlLyv25Li6a\nk5PnfNOWXpy7z\/N9JCGEABERERERERGRD5MHugAiIiIiIiIiot5iwEFEREREREREPo8BBxERERER\nERH5PAYcREREREREROTzGHAQERERERERkc9jwEFEREREREREPo8BBxERERERERH5PAYcRERERERE\nROTzGHAQERERERERkc9jwEFEREREREREPo8BBxERERERERH5PAYcREREREREROTzGHAQERERERER\nkc9jwEFEREREREREPo8BBxERERERERH5PAYcREREREREROTzGHAQERERERERkc9jwEFERERERERE\nPo8BBxERERERERH5PAYcREREREREROTzGHAQERERERERkc9jwEFEREREREREPo8BBxERERERERH5\nPAYcREREREREROTzGHAQERERERERkc9TD3QB3pSfn+\/2uQEBAdDr9X1YzWAiAEsjUPQ2rAeXQyW1\nQhgVQBGQZMBq9oPqkqcgkn8PyS8MgNRnlZgKT8KYdwTGY0dgra2BYjBAWMy9GlNSayDrdFCFR0Cb\nNgbaUWPhl5jspYqJiIiIiIioP0hCCDHQRfTW5s2b8cUXX6Cnb+Wee+7B1KlT+6iq7hUVFaGmpgZF\nRUUAgJaWFhQVFSEyMhKRkZEAYP84NTV1QGoEBMThByFOfwhhtgUa9j9CANb2xwAUAaEIyACklBsh\nXbERXgs6FCuU5maYCgtgL...
[debug] [35m[W3C (2184ed75)][39m Responding to client with driver.getScreenshot() result: "iVBORw0KGgoAAAANSUhEUgAABDgAAAjECAYAAABJ4N+ZAAAAAXNSR0IArs4c6QAAAARzQklUCAgI\nCHwIZIgAACAASURBVHic7N15eFNl3j7w+5wkTZvuOy0NtIW2rFIFFKo4soz6mwEdZ1zG3fF1XBid\nRRQU4WURRFnUcUZxeUUdB9cRR6nLQFlefWlBRArI0gKl0NJ9X9JmO8/vj7SxadKSpmlLyv25Li6a\nk5PnfNOWXpy7z/N9JCGEABERERERERGRD5MHugAiIiIiIiIiot5iwEFEREREREREPo8BBxERERER\nERH5PAYcREREREREROTzGHAQERERERERkc9jwEFEREREREREPo8BBxERERERERH5PAYcRERERERE\nROTzGHAQERERERERkc9jwEFEREREREREPo8BBxERERERERH5PAYcREREREREROTzGHAQERERERER\nkc9jwEFEREREREREPo8BBxERERERERH5PAYcREREREREROTzGHAQERERERERkc9jwEFERERERERE\nPo8BBxERERERERH5PAYcREREREREROTzGHAQERERERERkc9jwEFEREREREREPo8BBxERERERERH5\nPAYcREREREREROTzGHAQERERERERkc9TD3QB3pSfn+/2uQEBAdDr9X1YzWAiAEsjUPQ2rAeXQyW1\nQhgVQBGQZMBq9oPqkqcgkn8PyS8MgNRnlZgKT8KYdwTGY0dgra2BYjBAWMy9GlNSayDrdFCFR0Cb\nNgbaUWPhl5jspYqJiIiIiIioP0hCCDHQRfTW5s2b8cUXX6Cnb+Wee+7B1KlT+6iq7hUVFaGmpgZF\nRUUAgJaWFhQVFSEyMhKRkZEAYP84NTV1QGoEBMThByFOfwhhtgUa9j9CANb2xwAUAaEIyACklBsh\nXbERXgs6FCuU5maYCgtgLDgOc3ERrNWVUFoMEGYzoCi9G1+WIWk0kAN0UEVGQ5OghzY5BX6JyZAD\nAwFZ1a...
[35m[HTTP][39m [37m<-- GET /wd/hub/session/2184ed75-f32c-48d6-a147-3f756c459838/screenshot [39m[32m200[39m [90m1209 ms - 1220122[39m
[35m[HTTP][39m [90m[39m
[35m[HTTP][39m [37m-->[39m [37mPOST[39m [37m/wd/hub/session/2184ed75-f32c-48d6-a147-3f756c459838/element[39m
[35m[HTTP][39m [90m{"using":"xpath","value":"//android.widget.TextView[@text=\"我的\"]"}[39m
[debug] [35m[W3C (2184ed75)][39m Calling AppiumDriver.findElement() with args: ["xpath","//android.widget.TextView[@text=\"我的\"]","2184ed75-f32c-48d6-a147-3f756c459838"]
[debug] [35m[BaseDriver][39m Valid locator strategies for this request: xpath, id, class name, accessibility id, -android uiautomator
[debug] [35m[BaseDriver][39m Waiting up to 20000 ms for condition
[debug] [35m[WD Proxy][39m Matched '/element' to command name 'findElement'
[debug] [35m[WD Proxy][39m Proxying [POST /element] to [POST http://127.0.0.1:8202/wd/hub/session/de0c8a7f-7038-464e-a4c0-2ef5348ec4b5/element] with body: {"strategy":"xpath","selector":"//android.widget.TextView[@text=\"我的\"]","context":"","multiple":false}
[debug] [35m[WD Proxy][39m Got response with status 200: {"sessionId":"de0c8a7f-7038-464e-a4c0-2ef5348ec4b5","value":{"ELEMENT":"12277f58-5906-45a8-a548-7bf574fbf603","element-6066-11e4-a52e-4f735466cecf":"12277f58-5906-45a8-a548-7bf574fbf603"}}
[debug] [35m[W3C (2184ed75)][39m Responding to client with driver.findElement() result: {"element-6066-11e4-a52e-4f735466cecf":"12277f58-5906-45a8-a548-7bf574fbf603","ELEMENT":"12277f58-5906-45a8-a548-7bf574fbf603"}
[35m[HTTP][39m [37m<-- POST /wd/hub/session/2184ed75-f32c-48d6-a147-3f756c459838/element [39m[32m200[39m [90m260 ms - 137[39m
[35m[HTTP][39m [90m[39m
[35m[HTTP][39m [37m-->[39m [37mGET[39m [37m/wd/hub/session/2184ed75-f32c-48d6-a147-3f756c459838/element/12277f58-5906-45a8-a548-7bf574fbf603/displayed[39m
[35m[HTTP][39m [90m{}[39m
[debug] [35m[W3C (2184ed75)][39m Calling AppiumDriver.elementDisplayed() with args: ["12277f58-5906-45a8-a548-7bf574fbf603","2184ed75-f32c-48d6-a147-3f756c459838"]
[debug] [35m[WD Proxy][39m Matched '/element/12277f58-5906-45a8-a548-7bf574fbf603/attribute/displayed' to command name 'getAttribute'
[debug] [35m[WD Proxy][39m Proxying [GET /element/12277f58-5906-45a8-a548-7bf574fbf603/attribute/displayed] to [GET http://127.0.0.1:8202/wd/hub/session/de0c8a7f-7038-464e-a4c0-2ef5348ec4b5/element/12277f58-5906-45a8-a548-7bf574fbf603/attribute/displayed] with body: {}
[debug] [35m[WD Proxy][39m Got response with status 200: {"sessionId":"de0c8a7f-7038-464e-a4c0-2ef5348ec4b5","value":"true"}
[debug] [35m[W3C (2184ed75)][39m Responding to client with driver.elementDisplayed() result: true
[35m[HTTP][39m [37m<-- GET /wd/hub/session/2184ed75-f32c-48d6-a147-3f756c459838/element/12277f58-5906-45a8-a548-7bf574fbf603/displayed [39m[32m200[39m [90m18 ms - 14[39m
[35m[HTTP][39m [90m[39m
[35m[HTTP][39m [37m-->[39m [37mPOST[39m [37m/wd/hub/session/2184ed75-f32c-48d6-a147-3f756c459838/element/12277f58-5906-45a8-a548-7bf574fbf603/click[39m
[35m[HTTP][39m [90m{"id":"12277f58-5906-45a8-a548-7bf574fbf603"}[39m
[debug] [35m[W3C (2184ed75)][39m Calling AppiumDriver.click() with args: ["12277f58-5906-45a8-a548-7bf574fbf603","2184ed75-f32c-48d6-a147-3f756c459838"]
[debug] [35m[WD Proxy][39m Matched '/element/12277f58-5906-45a8-a548-7bf574fbf603/click' to command name 'click'
[debug] [35m[WD Proxy][39m Proxying [POST /element/12277f58-5906-45a8-a548-7bf574fbf603/click] to [POST http://127.0.0.1:8202/wd/hub/session/de0c8a7f-7038-464e-a4c0-2ef5348ec4b5/element/12277f58-5906-45a8-a548-7bf574fbf603/click] with body: {"element":"12277f58-5906-45a8-a548-7bf574fbf603"}
[debug] [35m[WD Proxy][39m Got response with status 200: {"sessionId":"de0c8a7f-7038-464e-a4c0-2ef5348ec4b5","value":null}
[debug] [35m[W3C (2184ed75)][39m Responding to client with driver.click() result: null
[35m[HTTP][39m [37m<-- POST /wd/hub/session/2184ed75-f32c-48d6-a147-3f756c459838/element/12277f58-5906-45a8-a548-7bf574fbf603/click [39m[32m200[39m [90m53 ms - 14[39m
[35m[HTTP][39m [90m[39m
[35m[HTTP][39m [37m-->[39m [37mPOST[39m [37m/wd/hub/session/2184ed75-f32c-48d6-a147-3f756c459838/element[39m
[35m[HTTP][39m [90m{"using":"xpath","value":"//android.widget.TextView[@text=\"4套房屋\"]"}[39m
[debug] [35m[W3C (2184ed75)][39m Calling AppiumDriver.findElement() with args: ["xpath","//android.widget.TextView[@text=\"4套房屋\"]","2184ed75-f32c-48d6-a147-3f756c459838"]
[debug] [35m[BaseDriver][39m Valid locator strategies for this request: xpath, id, class name, accessibility id, -android uiautomator
[debug] [35m[BaseDriver][39m Waiting up to 20000 ms for condition
[debug] [35m[WD Proxy][39m Matched '/element' to command name 'findElement'
[debug] [35m[WD Proxy][39m Proxying [POST /element] to [POST http://127.0.0.1:8202/wd/hub/session/de0c8a7f-7038-464e-a4c0-2ef5348ec4b5/element] with body: {"strategy":"xpath","selector":"//android.widget.TextView[@text=\"4套房屋\"]","context":"","multiple":false}
[35m[WD Proxy][39m Got an unexpected response with status 404: {"sessionId":"de0c8a7f-7038-464e-a4c0-2ef5348ec4b5","value":{"error":"no such element","message":"An element could not be located on the page using the given search parameters","stacktrace":"io.appium.uiautomator2.common.exceptions.ElementNotFoundException: An element could not be located on the page using the given search parameters\n\tat io.appium.uiautomator2.handler.FindElement.findElement(FindElement.java:102)\n\tat io.appium.uiautomator2.handler.FindElement.safeHandle(FindElement.java:72)\n\tat io.appium.uiautomator2.handler.request.SafeRequestHandler.handle(SafeRequestHandler.java:38)\n\tat io.appium.uiautomator2.server.AppiumServlet.handleRequest(AppiumServlet.java:252)\n\tat io.appium.uiautomator2.server.AppiumServlet.handleHttpRequest(AppiumServlet.java:242)\n\tat io.appium.uiautomator2.http.ServerHandler.channelRead(ServerHandler.java:51)\n\tat io.netty.channel.AbstractChannelHandlerContext.invokeChannelRead(AbstractChannelHandlerContext.java:366)\n\tat io.netty.channel.AbstractChannelHandlerCon...
[debug] [35m[W3C][39m Matched W3C error code 'no such element' to NoSuchElementError
[debug] [35m[BaseDriver][39m Waited for 286 ms so far
[debug] [35m[WD Proxy][39m Matched '/element' to command name 'findElement'
[debug] [35m[WD Proxy][39m Proxying [POST /element] to [POST http://127.0.0.1:8202/wd/hub/session/de0c8a7f-7038-464e-a4c0-2ef5348ec4b5/element] with body: {"strategy":"xpath","selector":"//android.widget.TextView[@text=\"4套房屋\"]","context":"","multiple":false}
[debug] [35m[WD Proxy][39m Got response with status 200: {"sessionId":"de0c8a7f-7038-464e-a4c0-2ef5348ec4b5","value":{"ELEMENT":"7c3d6920-6dca-4470-9bb9-bde6678a9bba","element-6066-11e4-a52e-4f735466cecf":"7c3d6920-6dca-4470-9bb9-bde6678a9bba"}}
[debug] [35m[W3C (2184ed75)][39m Responding to client with driver.findElement() result: {"element-6066-11e4-a52e-4f735466cecf":"7c3d6920-6dca-4470-9bb9-bde6678a9bba","ELEMENT":"7c3d6920-6dca-4470-9bb9-bde6678a9bba"}
[35m[HTTP][39m [37m<-- POST /wd/hub/session/2184ed75-f32c-48d6-a147-3f756c459838/element [39m[32m200[39m [90m1039 ms - 137[39m
[35m[HTTP][39m [90m[39m
[35m[HTTP][39m [37m-->[39m [37mGET[39m [37m/wd/hub/session/2184ed75-f32c-48d6-a147-3f756c459838/element/7c3d6920-6dca-4470-9bb9-bde6678a9bba/displayed[39m
[35m[HTTP][39m [90m{}[39m
[debug] [35m[W3C (2184ed75)][39m Calling AppiumDriver.elementDisplayed() with args: ["7c3d6920-6dca-4470-9bb9-bde6678a9bba","2184ed75-f32c-48d6-a147-3f756c459838"]
[debug] [35m[WD Proxy][39m Matched '/element/7c3d6920-6dca-4470-9bb9-bde6678a9bba/attribute/displayed' to command name 'getAttribute'
[debug] [35m[WD Proxy][39m Proxying [GET /element/7c3d6920-6dca-4470-9bb9-bde6678a9bba/attribute/displayed] to [GET http://127.0.0.1:8202/wd/hub/session/de0c8a7f-7038-464e-a4c0-2ef5348ec4b5/element/7c3d6920-6dca-4470-9bb9-bde6678a9bba/attribute/displayed] with body: {}
[debug] [35m[WD Proxy][39m Got response with status 200: {"sessionId":"de0c8a7f-7038-464e-a4c0-2ef5348ec4b5","value":"true"}
[debug] [35m[W3C (2184ed75)][39m Responding to client with driver.elementDisplayed() result: true
[35m[HTTP][39m [37m<-- GET /wd/hub/session/2184ed75-f32c-48d6-a147-3f756c459838/element/7c3d6920-6dca-4470-9bb9-bde6678a9bba/displayed [39m[32m200[39m [90m17 ms - 14[39m
[35m[HTTP][39m [90m[39m
[35m[HTTP][39m [37m-->[39m [37mPOST[39m [37m/wd/hub/session/2184ed75-f32c-48d6-a147-3f756c459838/element/7c3d6920-6dca-4470-9bb9-bde6678a9bba/click[39m
[35m[HTTP][39m [90m{"id":"7c3d6920-6dca-4470-9bb9-bde6678a9bba"}[39m
[debug] [35m[W3C (2184ed75)][39m Calling AppiumDriver.click() with args: ["7c3d6920-6dca-4470-9bb9-bde6678a9bba","2184ed75-f32c-48d6-a147-3f756c459838"]
[debug] [35m[WD Proxy][39m Matched '/element/7c3d6920-6dca-4470-9bb9-bde6678a9bba/click' to command name 'click'
[debug] [35m[WD Proxy][39m Proxying [POST /element/7c3d6920-6dca-4470-9bb9-bde6678a9bba/click] to [POST http://127.0.0.1:8202/wd/hub/session/de0c8a7f-7038-464e-a4c0-2ef5348ec4b5/element/7c3d6920-6dca-4470-9bb9-bde6678a9bba/click] with body: {"element":"7c3d6920-6dca-4470-9bb9-bde6678a9bba"}
[debug] [35m[WD Proxy][39m Got response with status 200: {"sessionId":"de0c8a7f-7038-464e-a4c0-2ef5348ec4b5","value":null}
[debug] [35m[W3C (2184ed75)][39m Responding to client with driver.click() result: null
[35m[HTTP][39m [37m<-- POST /wd/hub/session/2184ed75-f32c-48d6-a147-3f756c459838/element/7c3d6920-6dca-4470-9bb9-bde6678a9bba/click [39m[32m200[39m [90m45 ms - 14[39m
[35m[HTTP][39m [90m[39m
[35m[HTTP][39m [37m-->[39m [37mGET[39m [37m/wd/hub/session/2184ed75-f32c-48d6-a147-3f756c459838/screenshot[39m
[35m[HTTP][39m [90m{}[39m
[debug] [35m[W3C (2184ed75)][39m Calling AppiumDriver.getScreenshot() with args: ["2184ed75-f32c-48d6-a147-3f756c459838"]
[debug] [35m[WD Proxy][39m Matched '/screenshot' to command name 'getScreenshot'
[debug] [35m[WD Proxy][39m Proxying [GET /screenshot] to [GET http://127.0.0.1:8202/wd/hub/session/de0c8a7f-7038-464e-a4c0-2ef5348ec4b5/screenshot] with no body
[debug] [35m[WD Proxy][39m Got response with status 200: {"sessionId":"de0c8a7f-7038-464e-a4c0-2ef5348ec4b5","value":"iVBORw0KGgoAAAANSUhEUgAABDgAAAjECAYAAABJ4N+ZAAAAAXNSR0IArs4c6QAAAARzQklUCAgI\nCHwIZIgAACAASURBVHic7N15XJTl3gbw63lmgwFGdkRBQQPcsTJLS0vtdPS82l5WJ8t2NTPLOrnW\ne0zLJbNM0xY92jF7q1PHEq2j4Jpi1knUxEAFlU12ZBmY7XnePwZGkRmYgWEZvb6fjx9h7mfu54cr\nc819\/25BlmUZREREREREREQeTGzvAoiIiIiIiIiIWooBBxERERERERF5PAYcREREREREROTxGHAQ\nERERERERkcdjwEFEREREREREHo8BBxERERERERF5PAYcREREREREROTxGHAQERERERERkcdjwEFE\nREREREREHo8BBxERERERERF5PAYcREREREREROTxGHAQERERERERkcdjwEFEREREREREHo8BBxER\nERERERF5PAYcREREREREROTxGHAQERERERERkcdjwEFEREREREREHo8BBxERERERERF5PAYcRERE\nREREROTxGHAQERERERERkcdjwEFEREREREREHo8BBxERERERERF5PAYcREREREREROTxGHAQERER\nERERkcdjwEFEREREREREHk\/Z3gW4U3p6utPXent7IzIyshWruZLIgLkCyFoPy9H5UAg1kA0SIMkQ\nRMBiUkNx3RzIPZ6BoPYHILRaJcYzp2FIS4Xhj1RYSksg6fWQzaYWzSkoVRC1WigCAqGJ6wNNr75Q\nR\/VwU8VERERERETUFgRZluX2LqKltmzZgq1bt8LVL2XixIkYMmRIK1XVuKysLJSUlCArKwsAUF1d\njaysLAQFBSEoKAgAbB\/Hxsa2S42ADPn4JMhnv4RssgYath+yDFjqPgcgyZAlGSIAIeZ+CLd8DrcF\nHZIFUlUVjGcyYMg4CVN2...
[debug] [35m[W3C (2184ed75)][39m Responding to client with driver.getScreenshot() result: "iVBORw0KGgoAAAANSUhEUgAABDgAAAjECAYAAABJ4N+ZAAAAAXNSR0IArs4c6QAAAARzQklUCAgI\nCHwIZIgAACAASURBVHic7N15XJTl3gbw63lmgwFGdkRBQQPcsTJLS0vtdPS82l5WJ8t2NTPLOrnW\ne0zLJbNM0xY92jF7q1PHEq2j4Jpi1knUxEAFlU12ZBmY7XnePwZGkRmYgWEZvb6fjx9h7mfu54cr\nc819/25BlmUZREREREREREQeTGzvAoiIiIiIiIiIWooBBxERERERERF5PAYcREREREREROTxGHAQ\nERERERERkcdjwEFEREREREREHo8BBxERERERERF5PAYcREREREREROTxGHAQERERERERkcdjwEFE\nREREREREHo8BBxERERERERF5PAYcREREREREROTxGHAQERERERERkcdjwEFEREREREREHo8BBxER\nERERERF5PAYcREREREREROTxGHAQERERERERkcdjwEFEREREREREHo8BBxERERERERF5PAYcRERE\nREREROTxGHAQERERERERkcdjwEFEREREREREHo8BBxERERERERF5PAYcREREREREROTxGHAQERER\nERERkcdjwEFEREREREREHk/Z3gW4U3p6utPXent7IzIyshWruZLIgLkCyFoPy9H5UAg1kA0SIMkQ\nRMBiUkNx3RzIPZ6BoPYHILRaJcYzp2FIS4Xhj1RYSksg6fWQzaYWzSkoVRC1WigCAqGJ6wNNr75Q\nR/VwU8VERERERETUFgRZluX2LqKltmzZgq1bt8LVL2XixIkYMmRIK1XVuKysLJSUlCArKwsAUF1d\njaysLAQFBSEoKAgAbB/Hxsa2S42ADPn4JMhnv4RssgYath+yDFjqPgcgyZAlGSIAIeZ+CLd8DrcF\nHZIFUlUVjGcyYMg4CVN2FizFhZCq9ZBNJkCSWja/KEJQqSB6a6EICoEqIhKaHjFQR/WA6OMDiIoW\nTV9aWo...
[35m[HTTP][39m [37m<-- GET /wd/hub/session/2184ed75-f32c-48d6-a147-3f756c459838/screenshot [39m[32m200[39m [90m616 ms - 110046[39m
[35m[HTTP][39m [90m[39m
[35m[HTTP][39m [37m-->[39m [37mPOST[39m [37m/wd/hub/session/2184ed75-f32c-48d6-a147-3f756c459838/element[39m
[35m[HTTP][39m [90m{"using":"xpath","value":"//android.widget.TextView[@text=\"\"]"}[39m
[debug] [35m[W3C (2184ed75)][39m Calling AppiumDriver.findElement() with args: ["xpath","//android.widget.TextView[@text=\"\"]","2184ed75-f32c-48d6-a147-3f756c459838"]
[debug] [35m[BaseDriver][39m Valid locator strategies for this request: xpath, id, class name, accessibility id, -android uiautomator
[debug] [35m[BaseDriver][39m Waiting up to 20000 ms for condition
[debug] [35m[WD Proxy][39m Matched '/element' to command name 'findElement'
[debug] [35m[WD Proxy][39m Proxying [POST /element] to [POST http://127.0.0.1:8202/wd/hub/session/de0c8a7f-7038-464e-a4c0-2ef5348ec4b5/element] with body: {"strategy":"xpath","selector":"//android.widget.TextView[@text=\"\"]","context":"","multiple":false}
[debug] [35m[WD Proxy][39m Got response with status 200: {"sessionId":"de0c8a7f-7038-464e-a4c0-2ef5348ec4b5","value":{"ELEMENT":"21800429-832b-44af-a4b8-4f07895bf22f","element-6066-11e4-a52e-4f735466cecf":"21800429-832b-44af-a4b8-4f07895bf22f"}}
[debug] [35m[W3C (2184ed75)][39m Responding to client with driver.findElement() result: {"element-6066-11e4-a52e-4f735466cecf":"21800429-832b-44af-a4b8-4f07895bf22f","ELEMENT":"21800429-832b-44af-a4b8-4f07895bf22f"}
[35m[HTTP][39m [37m<-- POST /wd/hub/session/2184ed75-f32c-48d6-a147-3f756c459838/element [39m[32m200[39m [90m131 ms - 137[39m
[35m[HTTP][39m [90m[39m
[35m[HTTP][39m [37m-->[39m [37mGET[39m [37m/wd/hub/session/2184ed75-f32c-48d6-a147-3f756c459838/element/21800429-832b-44af-a4b8-4f07895bf22f/displayed[39m
[35m[HTTP][39m [90m{}[39m
[debug] [35m[W3C (2184ed75)][39m Calling AppiumDriver.elementDisplayed() with args: ["21800429-832b-44af-a4b8-4f07895bf22f","2184ed75-f32c-48d6-a147-3f756c459838"]
[debug] [35m[WD Proxy][39m Matched '/element/21800429-832b-44af-a4b8-4f07895bf22f/attribute/displayed' to command name 'getAttribute'
[debug] [35m[WD Proxy][39m Proxying [GET /element/21800429-832b-44af-a4b8-4f07895bf22f/attribute/displayed] to [GET http://127.0.0.1:8202/wd/hub/session/de0c8a7f-7038-464e-a4c0-2ef5348ec4b5/element/21800429-832b-44af-a4b8-4f07895bf22f/attribute/displayed] with body: {}
[debug] [35m[WD Proxy][39m Got response with status 200: {"sessionId":"de0c8a7f-7038-464e-a4c0-2ef5348ec4b5","value":"true"}
[debug] [35m[W3C (2184ed75)][39m Responding to client with driver.elementDisplayed() result: true
[35m[HTTP][39m [37m<-- GET /wd/hub/session/2184ed75-f32c-48d6-a147-3f756c459838/element/21800429-832b-44af-a4b8-4f07895bf22f/displayed [39m[32m200[39m [90m14 ms - 14[39m
[35m[HTTP][39m [90m[39m
[35m[HTTP][39m [37m-->[39m [37mPOST[39m [37m/wd/hub/session/2184ed75-f32c-48d6-a147-3f756c459838/element/21800429-832b-44af-a4b8-4f07895bf22f/click[39m
[35m[HTTP][39m [90m{"id":"21800429-832b-44af-a4b8-4f07895bf22f"}[39m
[debug] [35m[W3C (2184ed75)][39m Calling AppiumDriver.click() with args: ["21800429-832b-44af-a4b8-4f07895bf22f","2184ed75-f32c-48d6-a147-3f756c459838"]
[debug] [35m[WD Proxy][39m Matched '/element/21800429-832b-44af-a4b8-4f07895bf22f/click' to command name 'click'
[debug] [35m[WD Proxy][39m Proxying [POST /element/21800429-832b-44af-a4b8-4f07895bf22f/click] to [POST http://127.0.0.1:8202/wd/hub/session/de0c8a7f-7038-464e-a4c0-2ef5348ec4b5/element/21800429-832b-44af-a4b8-4f07895bf22f/click] with body: {"element":"21800429-832b-44af-a4b8-4f07895bf22f"}
[debug] [35m[WD Proxy][39m Got response with status 200: {"sessionId":"de0c8a7f-7038-464e-a4c0-2ef5348ec4b5","value":null}
[debug] [35m[W3C (2184ed75)][39m Responding to client with driver.click() result: null
[35m[HTTP][39m [37m<-- POST /wd/hub/session/2184ed75-f32c-48d6-a147-3f756c459838/element/21800429-832b-44af-a4b8-4f07895bf22f/click [39m[32m200[39m [90m51 ms - 14[39m
[35m[HTTP][39m [90m[39m
[35m[HTTP][39m [37m-->[39m [37mGET[39m [37m/wd/hub/session/2184ed75-f32c-48d6-a147-3f756c459838/screenshot[39m
[35m[HTTP][39m [90m{}[39m
[debug] [35m[W3C (2184ed75)][39m Calling AppiumDriver.getScreenshot() with args: ["2184ed75-f32c-48d6-a147-3f756c459838"]
[debug] [35m[WD Proxy][39m Matched '/screenshot' to command name 'getScreenshot'
[debug] [35m[WD Proxy][39m Proxying [GET /screenshot] to [GET http://127.0.0.1:8202/wd/hub/session/de0c8a7f-7038-464e-a4c0-2ef5348ec4b5/screenshot] with no body
[debug] [35m[WD Proxy][39m Got response with status 200: {"sessionId":"de0c8a7f-7038-464e-a4c0-2ef5348ec4b5","value":"iVBORw0KGgoAAAANSUhEUgAABDgAAAjECAYAAABJ4N+ZAAAAAXNSR0IArs4c6QAAAARzQklUCAgI\nCHwIZIgAACAASURBVHic7N17dFz1fe\/9z957LpoZ3SzJlmRL+IIvYGNswAHslCTYtKUndvOkaaA5\nJ01oz2lJ0jZtQ7PaVeiz2hzSk5xT0melK4eGNik8p2mbpORpi2lOwDYkHOxwCRgCNpLxVbIu1v0y\n99n79\/wxmm3JkmzJki22eb\/W8tJIM\/Ob34wsL89H3+\/3ZxljjAAAAAAAAALMXugNAAAAAAAAzBUB\nBwAAAAAACDwCDgAAAAAAEHgEHAAAAAAAIPAIOAAAAAAAQOARcAAAAAAAgMAj4AAAAAAAAIFHwAEA\nAAAAAAKPgAMAAAAAAAQeAQcAAAAAAAg8Ag4AAAAAABB4BBwAAAAAACDwCDgAAAAAAEDgEXAAAAAA\nAIDAI+AAAAAAAACBR8ABAAAAAAACj4ADAAAAAAAEHgEHAAAAAAAIPAIOAAAAAAAQeAQcAAAAAAAg\n8Ag4AAAAAABA4BFwAAAAAACAwCPgAAAAAAAAgUfAAQAAAAAAAo+AAwAAAAAABF5ooTcwn1pbW2d8\n21gspubm5ku4myuJkQojUtujcl\/\/ghwrI5P1JM\/IsiU3H5Fz4\/0yq35DVqRaknXJdpI7cVTZlkPK\nvnVI7kC\/vFRKppCf05pWKCw7HpezqEbRdesVvWaDIitWzdOOAQAAAACXg2WMMQu9ibl64okn9OST\nT2q2T+Wee+7R1q1bL9Guzq+trU39\/f1qa2uTJKXTabW1tam2tla1tbWS5F9eu3btguxRMjJvfkrm\n5Ldl8sVAw\/9jjOSWPpfkGRnPyJZkrfllWT\/zLc1b0OG58pJJ5U4cU\/bYEeXb2+T29chLp2Tyecnz\n5ra+bcsKh2...
[debug] [35m[W3C (2184ed75)][39m Responding to client with driver.getScreenshot() result: "iVBORw0KGgoAAAANSUhEUgAABDgAAAjECAYAAABJ4N+ZAAAAAXNSR0IArs4c6QAAAARzQklUCAgI\nCHwIZIgAACAASURBVHic7N17dFz1fe/9z957LpoZ3SzJlmRL+IIvYGNswAHslCTYtKUndvOkaaA5\nJ01oz2lJ0jZtQ7PaVeiz2hzSk5xT0melK4eGNik8p2mbpORpi2lOwDYkHOxwCRgCNpLxVbIu1v0y\n99n79/wxmm3JkmzJki22eb/W8tJIM/Ob34wsL89H3+/3ZxljjAAAAAAAAALMXugNAAAAAAAAzBUB\nBwAAAAAACDwCDgAAAAAAEHgEHAAAAAAAIPAIOAAAAAAAQOARcAAAAAAAgMAj4AAAAAAAAIFHwAEA\nAAAAAAKPgAMAAAAAAAQeAQcAAAAAAAg8Ag4AAAAAABB4BBwAAAAAACDwCDgAAAAAAEDgEXAAAAAA\nAIDAI+AAAAAAAACBR8ABAAAAAAACj4ADAAAAAAAEHgEHAAAAAAAIPAIOAAAAAAAQeAQcAAAAAAAg\n8Ag4AAAAAABA4BFwAAAAAACAwCPgAAAAAAAAgUfAAQAAAAAAAo+AAwAAAAAABF5ooTcwn1pbW2d8\n21gspubm5ku4myuJkQojUtujcl//ghwrI5P1JM/IsiU3H5Fz4/0yq35DVqRaknXJdpI7cVTZlkPK\nvnVI7kC/vFRKppCf05pWKCw7HpezqEbRdesVvWaDIitWzdOOAQAAAACXg2WMMQu9ibl64okn9OST\nT2q2T+Wee+7R1q1bL9Guzq+trU39/f1qa2uTJKXTabW1tam2tla1tbWS5F9eu3btguxRMjJvfkrm\n5Ldl8sVAw/9jjOSWPpfkGRnPyJZkrfllWT/zLc1b0OG58pJJ5U4cU/bYEeXb2+T29chLp2Tyecnz\n5ra+bcsKh2XH4nJqFyvc1KzoqjWKrFglO5GQbGdOyw8MDCiTycxtj2PKysq0aNGieVkLAAAAAK4k\ngQ84nn...
[35m[HTTP][39m [37m<-- GET /wd/hub/session/2184ed75-f32c-48d6-a147-3f756c459838/screenshot [39m[32m200[39m [90m630 ms - 135898[39m
[35m[HTTP][39m [90m[39m
[35m[HTTP][39m [37m-->[39m [37mGET[39m [37m/wd/hub/session/2184ed75-f32c-48d6-a147-3f756c459838/screenshot[39m
[35m[HTTP][39m [90m{}[39m
[debug] [35m[W3C (2184ed75)][39m Calling AppiumDriver.getScreenshot() with args: ["2184ed75-f32c-48d6-a147-3f756c459838"]
[debug] [35m[WD Proxy][39m Matched '/screenshot' to command name 'getScreenshot'
[debug] [35m[WD Proxy][39m Proxying [GET /screenshot] to [GET http://127.0.0.1:8202/wd/hub/session/de0c8a7f-7038-464e-a4c0-2ef5348ec4b5/screenshot] with no body
[debug] [35m[WD Proxy][39m Got response with status 200: {"sessionId":"de0c8a7f-7038-464e-a4c0-2ef5348ec4b5","value":"iVBORw0KGgoAAAANSUhEUgAABDgAAAjECAYAAABJ4N+ZAAAAAXNSR0IArs4c6QAAAARzQklUCAgI\nCHwIZIgAACAASURBVHic7N17dFz1fe\/9z957LpoZ3SzJlmRL+IIvYGNswAHslCTYtKUndvOkaaA5\nJ01oz2lJ0jZtQ7PaVeiz2hzSk5xT0melK4eGNik8p2mbpORpi2lOwDYkHOxwCRgCNpLxVbIu1v0y\n99n79\/wxmm3JkmzJki22eb\/W8tJIM\/Ob34wsL89H3+\/3ZxljjAAAAAAAAALMXugNAAAAAAAAzBUB\nBwAAAAAACDwCDgAAAAAAEHgEHAAAAAAAIPAIOAAAAAAAQOARcAAAAAAAgMAj4AAAAAAAAIFHwAEA\nAAAAAAKPgAMAAAAAAAQeAQcAAAAAAAg8Ag4AAAAAABB4BBwAAAAAACDwCDgAAAAAAEDgEXAAAAAA\nAIDAI+AAAAAAAACBR8ABAAAAAAACj4ADAAAAAAAEHgEHAAAAAAAIPAIOAAAAAAAQeAQcAAAAAAAg\n8Ag4AAAAAABA4BFwAAAAAACAwCPgAAAAAAAAgUfAAQAAAAAAAo+AAwAAAAAABF5ooTcwn1pbW2d8\n21gspubm5ku4myuJkQojUtujcl\/\/ghwrI5P1JM\/IsiU3H5Fz4\/0yq35DVqRaknXJdpI7cVTZlkPK\nvnVI7kC\/vFRKppCf05pWKCw7HpezqEbRdesVvWaDIitWzdOOAQAAAACXg2WMMQu9ibl64okn9OST\nT2q2T+Wee+7R1q1bL9Guzq+trU39\/f1qa2uTJKXTabW1tam2tla1tbWS5F9eu3btguxRMjJvfkrm\n5Ldl8sVAw\/9jjOSWPpfkGRnPyJZkrfllWT\/zLc1b0OG58pJJ5U4cU\/bYEeXb2+T29chLp2Tyecnz\n5ra+bcsKh2...
[debug] [35m[W3C (2184ed75)][39m Responding to client with driver.getScreenshot() result: "iVBORw0KGgoAAAANSUhEUgAABDgAAAjECAYAAABJ4N+ZAAAAAXNSR0IArs4c6QAAAARzQklUCAgI\nCHwIZIgAACAASURBVHic7N17dFz1fe/9z957LpoZ3SzJlmRL+IIvYGNswAHslCTYtKUndvOkaaA5\nJ01oz2lJ0jZtQ7PaVeiz2hzSk5xT0melK4eGNik8p2mbpORpi2lOwDYkHOxwCRgCNpLxVbIu1v0y\n99n79/wxmm3JkmzJki22eb/W8tJIM/Ob34wsL89H3+/3ZxljjAAAAAAAAALMXugNAAAAAAAAzBUB\nBwAAAAAACDwCDgAAAAAAEHgEHAAAAAAAIPAIOAAAAAAAQOARcAAAAAAAgMAj4AAAAAAAAIFHwAEA\nAAAAAAKPgAMAAAAAAAQeAQcAAAAAAAg8Ag4AAAAAABB4BBwAAAAAACDwCDgAAAAAAEDgEXAAAAAA\nAIDAI+AAAAAAAACBR8ABAAAAAAACj4ADAAAAAAAEHgEHAAAAAAAIPAIOAAAAAAAQeAQcAAAAAAAg\n8Ag4AAAAAABA4BFwAAAAAACAwCPgAAAAAAAAgUfAAQAAAAAAAo+AAwAAAAAABF5ooTcwn1pbW2d8\n21gspubm5ku4myuJkQojUtujcl//ghwrI5P1JM/IsiU3H5Fz4/0yq35DVqRaknXJdpI7cVTZlkPK\nvnVI7kC/vFRKppCf05pWKCw7HpezqEbRdesVvWaDIitWzdOOAQAAAACXg2WMMQu9ibl64okn9OST\nT2q2T+Wee+7R1q1bL9Guzq+trU39/f1qa2uTJKXTabW1tam2tla1tbWS5F9eu3btguxRMjJvfkrm\n5Ldl8sVAw/9jjOSWPpfkGRnPyJZkrfllWT/zLc1b0OG58pJJ5U4cU/bYEeXb2+T29chLp2Tyecnz\n5ra+bcsKh2XH4nJqFyvc1KzoqjWKrFglO5GQbGdOyw8MDCiTycxtj2PKysq0aNGieVkLAAAAAK4k\ngQ84nn...
[35m[HTTP][39m [37m<-- GET /wd/hub/session/2184ed75-f32c-48d6-a147-3f756c459838/screenshot [39m[32m200[39m [90m586 ms - 135898[39m
[35m[HTTP][39m [90m[39m
