[35m[Appium][39m Welcome to Appium v1.16.0
[35m[Appium][39m Non-default server args:
[35m[Appium][39m   port: 4724
[35m[Appium][39m   sessionOverride: true
[35m[Appium][39m Appium REST http interface listener started on 0.0.0.0:4724
[35m[HTTP][39m [37m-->[39m [37mPOST[39m [37m/wd/hub/session[39m
[35m[HTTP][39m [90m{"capabilities":{"firstMatch":[{"platformName":"Android","appium:appPackage":"com.argrace.oem","appium:appActivity":".MainActivity","appium:noReset":true,"appium:deviceName":"Mi","appium:unicodeKeyboard":true,"appium:resetKeyboard":true}]},"desiredCapabilities":{"platformName":"Android","appPackage":"com.argrace.oem","appActivity":".MainActivity","noReset":true,"deviceName":"Mi","unicodeKeyboard":true,"resetKeyboard":true}}[39m
[debug] [35m[W3C][39m Calling AppiumDriver.createSession() with args: [{"platformName":"Android","appPackage":"com.argrace.oem","appActivity":".MainActivity","noReset":true,"deviceName":"Mi","unicodeKeyboard":true,"resetKeyboard":true},null,{"firstMatch":[{"platformName":"Android","appium:appPackage":"com.argrace.oem","appium:appActivity":".MainActivity","appium:noReset":true,"appium:deviceName":"Mi","appium:unicodeKeyboard":true,"appium:resetKeyboard":true}]}]
[debug] [35m[BaseDriver][39m Event 'newSessionRequested' logged at 1587525993480 (11:26:33 GMT+0800 (China Standard Time))
[35m[Appium][39m 
[35m[Appium][39m ======================================================================
[35m[Appium][39m   DEPRECATION WARNING:
[35m[Appium][39m 
[35m[Appium][39m   The 'automationName' capability was not provided in the desired 
[35m[Appium][39m   capabilities for this Android session
[35m[Appium][39m 
[35m[Appium][39m   Setting 'automationName=UiAutomator2' by default and using the 
[35m[Appium][39m   UiAutomator2 Driver
[35m[Appium][39m 
[35m[Appium][39m   The next major version of Appium (2.x) will **require** the 
[35m[Appium][39m   'automationName' capability to be set for all sessions on all 
[35m[Appium][39m   platforms
[35m[Appium][39m 
[35m[Appium][39m   In previous versions (Appium <= 1.13.x), the default was 
[35m[Appium][39m   'automationName=UiAutomator1'
[35m[Appium][39m 
[35m[Appium][39m   If you wish to use that automation instead of UiAutomator2, please 
[35m[Appium][39m   add 'automationName=UiAutomator1' to your desired capabilities
[35m[Appium][39m 
[35m[Appium][39m   For more information about drivers, please visit 
[35m[Appium][39m   http://appium.io/docs/en/about-appium/intro/ and explore the 
[35m[Appium][39m   'Drivers' menu
[35m[Appium][39m 
[35m[Appium][39m ======================================================================
[35m[Appium][39m 
[35m[Appium][39m Appium v1.16.0 creating new AndroidUiautomator2Driver (v1.40.0) session
[debug] [35m[BaseDriver][39m W3C capabilities and MJSONWP desired capabilities were provided
[debug] [35m[BaseDriver][39m Creating session with W3C capabilities: {
[debug] [35m[BaseDriver][39m   "alwaysMatch": {
[debug] [35m[BaseDriver][39m     "platformName": "Android",
[debug] [35m[BaseDriver][39m     "appium:appPackage": "com.argrace.oem",
[debug] [35m[BaseDriver][39m     "appium:appActivity": ".MainActivity",
[debug] [35m[BaseDriver][39m     "appium:noReset": true,
[debug] [35m[BaseDriver][39m     "appium:deviceName": "Mi",
[debug] [35m[BaseDriver][39m     "appium:unicodeKeyboard": true,
[debug] [35m[BaseDriver][39m     "appium:resetKeyboard": true
[debug] [35m[BaseDriver][39m   },
[debug] [35m[BaseDriver][39m   "firstMatch": [
[debug] [35m[BaseDriver][39m     {}
[debug] [35m[BaseDriver][39m   ]
[debug] [35m[BaseDriver][39m }
[35m[BaseDriver][39m Session created with session id: b75f3043-5847-4b2a-9239-879f9d66dc82
[35m[UiAutomator2][39m Starting 'com.argrace.oem' directly on the device
[35m[ADB][39m Found 1 'build-tools' folders under '/Users/hfy/Library/Android/sdk/' (newest first):
[35m[ADB][39m     /Users/hfy/Library/Android/sdk/build-tools/29.0.3
[35m[ADB][39m Using 'adb' from '/Users/hfy/Library/Android/sdk/platform-tools/adb'
[35m[AndroidDriver][39m Retrieving device list
[debug] [35m[ADB][39m Trying to find a connected android device
[debug] [35m[ADB][39m Getting connected devices...
[debug] [35m[ADB][39m Connected devices: [{"udid":"CLB0218707013241","state":"device"}]
[35m[AndroidDriver][39m Using device: CLB0218707013241
[35m[ADB][39m Using 'adb' from '/Users/hfy/Library/Android/sdk/platform-tools/adb'
[debug] [35m[ADB][39m Setting device id to CLB0218707013241
[debug] [35m[ADB][39m Running '/Users/hfy/Library/Android/sdk/platform-tools/adb -P 5037 -s CLB0218707013241 shell getprop ro.build.version.sdk'
[debug] [35m[ADB][39m Current device property 'ro.build.version.sdk': 29
[debug] [35m[ADB][39m Device API level: 29
[35m[UiAutomator2][39m Relaxing hidden api policy
[debug] [35m[ADB][39m Running '/Users/hfy/Library/Android/sdk/platform-tools/adb -P 5037 -s CLB0218707013241 shell settings put global hidden_api_policy_pre_p_apps 1'
[debug] [35m[ADB][39m Running '/Users/hfy/Library/Android/sdk/platform-tools/adb -P 5037 -s CLB0218707013241 shell settings put global hidden_api_policy_p_apps 1'
[debug] [35m[ADB][39m Running '/Users/hfy/Library/Android/sdk/platform-tools/adb -P 5037 -s CLB0218707013241 shell settings put global hidden_api_policy 1'
[35m[AndroidDriver][39m No app sent in, not parsing package/activity
[debug] [35m[ADB][39m Running '/Users/hfy/Library/Android/sdk/platform-tools/adb -P 5037 -s CLB0218707013241 wait-for-device'
[debug] [35m[ADB][39m Running '/Users/hfy/Library/Android/sdk/platform-tools/adb -P 5037 -s CLB0218707013241 shell echo ping'
[debug] [35m[AndroidDriver][39m Pushing settings apk to device...
[debug] [35m[ADB][39m Getting install status for io.appium.settings
[debug] [35m[ADB][39m Running '/Users/hfy/Library/Android/sdk/platform-tools/adb -P 5037 -s CLB0218707013241 shell dumpsys package io.appium.settings'
[debug] [35m[ADB][39m 'io.appium.settings' is installed
[debug] [35m[ADB][39m Getting package info for 'io.appium.settings'
[debug] [35m[ADB][39m Running '/Users/hfy/Library/Android/sdk/platform-tools/adb -P 5037 -s CLB0218707013241 shell dumpsys package io.appium.settings'
[debug] [35m[ADB][39m The version name of the installed 'io.appium.settings' is greater or equal to the application version name ('2.15.0' >= '2.15.0')
[debug] [35m[ADB][39m There is no need to install/upgrade '/usr/local/lib/node_modules/appium/node_modules/io.appium.settings/apks/settings_apk-debug.apk'
[debug] [35m[ADB][39m Getting IDs of all 'io.appium.settings' processes
[debug] [35m[ADB][39m Running '/Users/hfy/Library/Android/sdk/platform-tools/adb -P 5037 -s CLB0218707013241 shell 'pgrep --help; echo $?''
[debug] [35m[ADB][39m Running '/Users/hfy/Library/Android/sdk/platform-tools/adb -P 5037 -s CLB0218707013241 shell pgrep -f io\\.appium\\.settings'
[debug] [35m[AndroidDriver][39m io.appium.settings is already running. There is no need to reset its permissions.
[debug] [35m[ADB][39m Running '/Users/hfy/Library/Android/sdk/platform-tools/adb -P 5037 -s CLB0218707013241 shell appops set io.appium.settings android\:mock_location allow'
[debug] [35m[Logcat][39m Starting logcat capture
[debug] [35m[AndroidDriver][39m Enabling Unicode keyboard support
[debug] [35m[ADB][39m Running '/Users/hfy/Library/Android/sdk/platform-tools/adb -P 5037 -s CLB0218707013241 shell settings get secure default_input_method'
[debug] [35m[AndroidDriver][39m Unsetting previous IME io.appium.settings/.UnicodeIME
[debug] [35m[AndroidDriver][39m Setting IME to 'io.appium.settings/.UnicodeIME'
[debug] [35m[ADB][39m Running '/Users/hfy/Library/Android/sdk/platform-tools/adb -P 5037 -s CLB0218707013241 shell ime enable io.appium.settings/.UnicodeIME'
[debug] [35m[ADB][39m Running '/Users/hfy/Library/Android/sdk/platform-tools/adb -P 5037 -s CLB0218707013241 shell ime set io.appium.settings/.UnicodeIME'
[debug] [35m[UiAutomator2][39m Forwarding UiAutomator2 Server port 6790 to 8201
[debug] [35m[ADB][39m Forwarding system: 8201 to device: 6790
[debug] [35m[ADB][39m Running '/Users/hfy/Library/Android/sdk/platform-tools/adb -P 5037 -s CLB0218707013241 forward tcp\:8201 tcp\:6790'
[debug] [35m[ADB][39m Getting install status for io.appium.uiautomator2.server
[debug] [35m[ADB][39m Running '/Users/hfy/Library/Android/sdk/platform-tools/adb -P 5037 -s CLB0218707013241 shell dumpsys package io.appium.uiautomator2.server'
[debug] [35m[ADB][39m 'io.appium.uiautomator2.server' is installed
[debug] [35m[ADB][39m Getting package info for 'io.appium.uiautomator2.server'
[debug] [35m[ADB][39m Running '/Users/hfy/Library/Android/sdk/platform-tools/adb -P 5037 -s CLB0218707013241 shell dumpsys package io.appium.uiautomator2.server'
[debug] [35m[ADB][39m The version name of the installed 'io.appium.uiautomator2.server' is greater or equal to the application version name ('4.5.2' >= '4.5.2')
[debug] [35m[UiAutomator2][39m io.appium.uiautomator2.server installation state: sameVersionInstalled
[debug] [35m[ADB][39m Checking app cert for /usr/local/lib/node_modules/appium/node_modules/appium-uiautomator2-server/apks/appium-uiautomator2-server-v4.5.2.apk
[35m[ADB][39m Using 'apksigner' from '/Users/hfy/Library/Android/sdk/build-tools/29.0.3/apksigner'
[debug] [35m[ADB][39m Starting '/Users/hfy/Library/Android/sdk/build-tools/29.0.3/apksigner' with args '["verify","--print-certs","/usr/local/lib/node_modules/appium/node_modules/appium-uiautomator2-server/apks/appium-uiautomator2-server-v4.5.2.apk"]'
[debug] [35m[ADB][39m apksigner stdout: Signer #1 certificate DN: EMAILADDRESS=android@android.com, CN=Android, OU=Android, O=Android, L=Mountain View, ST=California, C=US
[debug] [35m[ADB][39m Signer #1 certificate SHA-256 digest: a40da80a59d170caa950cf15c18c454d47a39b26989d8b640ecd745ba71bf5dc
[debug] [35m[ADB][39m Signer #1 certificate SHA-1 digest: 61ed377e85d386a8dfee6b864bd85b0bfaa5af81
[debug] [35m[ADB][39m Signer #1 certificate MD5 digest: e89b158e4bcf988ebd09eb83f5378e87
[debug] [35m[ADB][39m 
[debug] [35m[ADB][39m '/usr/local/lib/node_modules/appium/node_modules/appium-uiautomator2-server/apks/appium-uiautomator2-server-v4.5.2.apk' is already signed.
[debug] [35m[ADB][39m Getting install status for io.appium.uiautomator2.server.test
[debug] [35m[ADB][39m Running '/Users/hfy/Library/Android/sdk/platform-tools/adb -P 5037 -s CLB0218707013241 shell dumpsys package io.appium.uiautomator2.server.test'
[debug] [35m[ADB][39m 'io.appium.uiautomator2.server.test' is installed
[debug] [35m[ADB][39m Checking app cert for /usr/local/lib/node_modules/appium/node_modules/appium-uiautomator2-server/apks/appium-uiautomator2-server-debug-androidTest.apk
[debug] [35m[ADB][39m Starting '/Users/hfy/Library/Android/sdk/build-tools/29.0.3/apksigner' with args '["verify","--print-certs","/usr/local/lib/node_modules/appium/node_modules/appium-uiautomator2-server/apks/appium-uiautomator2-server-debug-androidTest.apk"]'
[debug] [35m[ADB][39m apksigner stdout: Signer #1 certificate DN: EMAILADDRESS=android@android.com, CN=Android, OU=Android, O=Android, L=Mountain View, ST=California, C=US
[debug] [35m[ADB][39m Signer #1 certificate SHA-256 digest: a40da80a59d170caa950cf15c18c454d47a39b26989d8b640ecd745ba71bf5dc
[debug] [35m[ADB][39m Signer #1 certificate SHA-1 digest: 61ed377e85d386a8dfee6b864bd85b0bfaa5af81
[debug] [35m[ADB][39m Signer #1 certificate MD5 digest: e89b158e4bcf988ebd09eb83f5378e87
[debug] [35m[ADB][39m 
[debug] [35m[ADB][39m '/usr/local/lib/node_modules/appium/node_modules/appium-uiautomator2-server/apks/appium-uiautomator2-server-debug-androidTest.apk' is already signed.
[35m[UiAutomator2][39m Server packages are not going to be (re)installed
[debug] [35m[UiAutomator2][39m Waiting up to 30000ms for services to be available
[debug] [35m[ADB][39m Running '/Users/hfy/Library/Android/sdk/platform-tools/adb -P 5037 -s CLB0218707013241 shell pm list instrumentation'
[debug] [35m[UiAutomator2][39m Instrumentation target 'io.appium.uiautomator2.server.test/androidx.test.runner.AndroidJUnitRunner' is available
[debug] [35m[UiAutomator2][39m No app capability. Assuming it is already on the device
[debug] [35m[UiAutomator2][39m Performing shallow cleanup of automation leftovers
[debug] [35m[UiAutomator2][39m The following obsolete sessions are still running: ["c8d1175a-523e-43bb-9c35-6cf81cc51223"]
[debug] [35m[UiAutomator2][39m Cleaning up the obsolete sessions
[debug] [35m[ADB][39m Running '/Users/hfy/Library/Android/sdk/platform-tools/adb -P 5037 -s CLB0218707013241 shell am force-stop io.appium.uiautomator2.server.test'
[35m[UiAutomator2][39m Starting UIAutomator2 server 4.5.2
[35m[UiAutomator2][39m Using UIAutomator2 server from '/usr/local/lib/node_modules/appium/node_modules/appium-uiautomator2-server/apks/appium-uiautomator2-server-v4.5.2.apk' and test from '/usr/local/lib/node_modules/appium/node_modules/appium-uiautomator2-server/apks/appium-uiautomator2-server-debug-androidTest.apk'
[35m[UiAutomator2][39m Waiting up to 30000ms for UiAutomator2 to be online...
[debug] [35m[ADB][39m Creating ADB subprocess with args: ["-P",5037,"-s","CLB0218707013241","shell","am","instrument","-w","io.appium.uiautomator2.server.test/androidx.test.runner.AndroidJUnitRunner"]
[debug] [35m[WD Proxy][39m Matched '/status' to command name 'getStatus'
[debug] [35m[WD Proxy][39m Proxying [GET /status] to [GET http://127.0.0.1:8201/wd/hub/status] with no body
[35m[WD Proxy][39m Got an unexpected response with status undefined: {"code":"ECONNRESET"}
[debug] [35m[Instrumentation][39m io.appium.uiautomator2.server.test.AppiumUiAutomator2Server:
[debug] [35m[WD Proxy][39m Matched '/status' to command name 'getStatus'
[debug] [35m[WD Proxy][39m Proxying [GET /status] to [GET http://127.0.0.1:8201/wd/hub/status] with no body
[35m[WD Proxy][39m Got an unexpected response with status undefined: {"code":"ECONNRESET"}
[debug] [35m[WD Proxy][39m Matched '/status' to command name 'getStatus'
[debug] [35m[WD Proxy][39m Proxying [GET /status] to [GET http://127.0.0.1:8201/wd/hub/status] with no body
[debug] [35m[WD Proxy][39m Got response with status 200: {"sessionId":"None","value":{"ready":true,"message":"UiAutomator2 Server is ready to accept commands"}}
[debug] [35m[UiAutomator2][39m The initialization of the instrumentation process took 3135ms
[debug] [35m[WD Proxy][39m Matched '/session' to command name 'createSession'
[debug] [35m[WD Proxy][39m Proxying [POST /session] to [POST http://127.0.0.1:8201/wd/hub/session] with body: {"capabilities":{"firstMatch":[{"platform":"LINUX","webStorageEnabled":false,"takesScreenshot":true,"javascriptEnabled":true,"databaseEnabled":false,"networkConnectionEnabled":true,"locationContextEnabled":false,"warnings":{},"desired":{"platformName":"Android","appPackage":"com.argrace.oem","appActivity":".MainActivity","noReset":true,"deviceName":"Mi","unicodeKeyboard":true,"resetKeyboard":true},"platformName":"Android","appPackage":"com.argrace.oem","appActivity":".MainActivity","noReset":true,"deviceName":"CLB0218707013241","unicodeKeyboard":true,"resetKeyboard":true,"deviceUDID":"CLB0218707013241"}],"alwaysMatch":{}}}
[debug] [35m[WD Proxy][39m Got response with status 200: {"sessionId":"69d02787-3aa9-45fd-8476-a957ebd2aee5","value":{"sessionId":"69d02787-3aa9-45fd-8476-a957ebd2aee5","capabilities":{"firstMatch":[{"platform":"LINUX","webStorageEnabled":false,"takesScreenshot":true,"javascriptEnabled":true,"databaseEnabled":false,"networkConnectionEnabled":true,"locationContextEnabled":false,"warnings":{},"desired":{"platformName":"Android","appPackage":"com.argrace.oem","appActivity":".MainActivity","noReset":true,"deviceName":"Mi","unicodeKeyboard":true,"resetKeyboard":true},"platformName":"Android","appPackage":"com.argrace.oem","appActivity":".MainActivity","noReset":true,"deviceName":"CLB0218707013241","unicodeKeyboard":true,"resetKeyboard":true,"deviceUDID":"CLB0218707013241"}],"alwaysMatch":{}}}}
[35m[WD Proxy][39m Determined the downstream protocol as 'W3C'
[debug] [35m[WD Proxy][39m Proxying [GET /appium/device/info] to [GET http://127.0.0.1:8201/wd/hub/session/69d02787-3aa9-45fd-8476-a957ebd2aee5/appium/device/info] with no body
[debug] [35m[WD Proxy][39m Got response with status 200: {"sessionId":"69d02787-3aa9-45fd-8476-a957ebd2aee5","value":{"androidId":"77633c00d6c4f846","manufacturer":"HUAWEI","model":"EML-AL00","brand":"HUAWEI","apiVersion":"29","platformVersion":"10","carrierName":"中国电信","realDisplaySize":"1080x2244","displayDensity":480,"networks":[{"type":1,"typeName":"WIFI","subtype":0,"subtypeName":"","isConnected":true,"detailedState":"CONNECTED","state":"CONNECTED","extraInfo":null,"isAvailable":true,"isFailover":false,"isRoaming":false,"capabilities":{"transportTypes":"TRANSPORT_WIFI","networkCapabilities":"NET_CAPABILITY_NOT_METERED,NET_CAPABILITY_INTERNET,NET_CAPABILITY_NOT_RESTRICTED,NET_CAPABILITY_TRUSTED,NET_CAPABILITY_NOT_VPN,NET_CAPABILITY_VALIDATED,NET_CAPABILITY_NOT_ROAMING,NET_CAPABILITY_FOREGROUND,NET_CAPABILITY_NOT_CONGESTED,NET_CAPABILITY_NOT_SUSPENDED","linkUpstreamBandwidthKbps":1048576,"linkDownBandwidthKbps":1048576,"signalStrength":-51,"networkSpecifier":null,"SSID":null}}],"locale":"zh_CN_#Hans","timeZone":"Asia\/Shanghai","bluetooth":{"state":"OFF"}}}
[debug] [35m[ADB][39m Running '/Users/hfy/Library/Android/sdk/platform-tools/adb -P 5037 -s CLB0218707013241 shell dumpsys window'
[35m[AndroidDriver][39m Screen already unlocked, doing nothing
[35m[UiAutomator2][39m Starting 'com.argrace.oem/.MainActivity and waiting for 'com.argrace.oem/.MainActivity'
[debug] [35m[ADB][39m Running '/Users/hfy/Library/Android/sdk/platform-tools/adb -P 5037 -s CLB0218707013241 shell am start -W -n com.argrace.oem/.MainActivity -S -a android.intent.action.MAIN -c android.intent.category.LAUNCHER -f 0x10200000'
[debug] [35m[WD Proxy][39m Proxying [GET /appium/device/pixel_ratio] to [GET http://127.0.0.1:8201/wd/hub/session/69d02787-3aa9-45fd-8476-a957ebd2aee5/appium/device/pixel_ratio] with body: {}
[debug] [35m[WD Proxy][39m Got response with status 200: {"sessionId":"69d02787-3aa9-45fd-8476-a957ebd2aee5","value":3}
[debug] [35m[WD Proxy][39m Matched '/appium/device/system_bars' to command name 'getSystemBars'
[debug] [35m[WD Proxy][39m Proxying [GET /appium/device/system_bars] to [GET http://127.0.0.1:8201/wd/hub/session/69d02787-3aa9-45fd-8476-a957ebd2aee5/appium/device/system_bars] with body: {}
[debug] [35m[WD Proxy][39m Got response with status 200: {"sessionId":"69d02787-3aa9-45fd-8476-a957ebd2aee5","value":{"statusBar":85}}
[debug] [35m[WD Proxy][39m Matched '/window/current/size' to command name 'getWindowSize'
[debug] [35m[WD Proxy][39m Proxying [GET /window/current/size] to [GET http://127.0.0.1:8201/wd/hub/session/69d02787-3aa9-45fd-8476-a957ebd2aee5/window/current/size] with body: {}
[debug] [35m[WD Proxy][39m Got response with status 200: {"sessionId":"69d02787-3aa9-45fd-8476-a957ebd2aee5","value":{"height":2159,"width":1080}}
[35m[Appium][39m New AndroidUiautomator2Driver session created successfully, session b75f3043-5847-4b2a-9239-879f9d66dc82 added to master session list
[debug] [35m[BaseDriver][39m Event 'newSessionStarted' logged at 1587526001449 (11:26:41 GMT+0800 (China Standard Time))
[debug] [35m[W3C (b75f3043)][39m Cached the protocol value 'W3C' for the new session b75f3043-5847-4b2a-9239-879f9d66dc82
[debug] [35m[W3C (b75f3043)][39m Responding to client with driver.createSession() result: {"capabilities":{"platform":"LINUX","webStorageEnabled":false,"takesScreenshot":true,"javascriptEnabled":true,"databaseEnabled":false,"networkConnectionEnabled":true,"locationContextEnabled":false,"warnings":{},"desired":{"platformName":"Android","appPackage":"com.argrace.oem","appActivity":".MainActivity","noReset":true,"deviceName":"Mi","unicodeKeyboard":true,"resetKeyboard":true},"platformName":"Android","appPackage":"com.argrace.oem","appActivity":".MainActivity","noReset":true,"deviceName":"CLB0218707013241","unicodeKeyboard":true,"resetKeyboard":true,"deviceUDID":"CLB0218707013241","deviceApiLevel":29,"platformVersion":"10","deviceScreenSize":"1080x2244","deviceScreenDensity":480,"deviceModel":"EML-AL00","deviceManufacturer":"HUAWEI","pixelRatio":3,"statBarHeight":85,"viewportRect":{"left":0,"top":85,"width":1080,"height":2074}}}
[35m[HTTP][39m [37m<-- POST /wd/hub/session [39m[32m200[39m [90m7976 ms - 908[39m
[35m[HTTP][39m [90m[39m
[35m[HTTP][39m [37m-->[39m [37mPOST[39m [37m/wd/hub/session/b75f3043-5847-4b2a-9239-879f9d66dc82/timeouts[39m
[35m[HTTP][39m [90m{"implicit":20000}[39m
[debug] [35m[W3C (b75f3043)][39m Calling AppiumDriver.timeouts() with args: [null,null,null,null,20000,"b75f3043-5847-4b2a-9239-879f9d66dc82"]
[debug] [35m[BaseDriver][39m W3C timeout argument: {"implicit":20000}}
[debug] [35m[BaseDriver][39m Set implicit wait to 20000ms
[debug] [35m[W3C (b75f3043)][39m Responding to client with driver.timeouts() result: null
[35m[HTTP][39m [37m<-- POST /wd/hub/session/b75f3043-5847-4b2a-9239-879f9d66dc82/timeouts [39m[32m200[39m [90m4 ms - 14[39m
[35m[HTTP][39m [90m[39m
[35m[HTTP][39m [37m-->[39m [37mPOST[39m [37m/wd/hub/session/b75f3043-5847-4b2a-9239-879f9d66dc82/element[39m
[35m[HTTP][39m [90m{"using":"xpath","value":"//android.widget.TextView[@text=\"首页\"]"}[39m
[debug] [35m[W3C (b75f3043)][39m Calling AppiumDriver.findElement() with args: ["xpath","//android.widget.TextView[@text=\"首页\"]","b75f3043-5847-4b2a-9239-879f9d66dc82"]
[debug] [35m[BaseDriver][39m Valid locator strategies for this request: xpath, id, class name, accessibility id, -android uiautomator
[debug] [35m[BaseDriver][39m Waiting up to 20000 ms for condition
[debug] [35m[WD Proxy][39m Matched '/element' to command name 'findElement'
[debug] [35m[WD Proxy][39m Proxying [POST /element] to [POST http://127.0.0.1:8201/wd/hub/session/69d02787-3aa9-45fd-8476-a957ebd2aee5/element] with body: {"strategy":"xpath","selector":"//android.widget.TextView[@text=\"首页\"]","context":"","multiple":false}
[35m[WD Proxy][39m Got an unexpected response with status 404: {"sessionId":"69d02787-3aa9-45fd-8476-a957ebd2aee5","value":{"error":"no such element","message":"An element could not be located on the page using the given search parameters","stacktrace":"io.appium.uiautomator2.common.exceptions.ElementNotFoundException: An element could not be located on the page using the given search parameters\n\tat io.appium.uiautomator2.handler.FindElement.findElement(FindElement.java:102)\n\tat io.appium.uiautomator2.handler.FindElement.safeHandle(FindElement.java:72)\n\tat io.appium.uiautomator2.handler.request.SafeRequestHandler.handle(SafeRequestHandler.java:38)\n\tat io.appium.uiautomator2.server.AppiumServlet.handleRequest(AppiumServlet.java:252)\n\tat io.appium.uiautomator2.server.AppiumServlet.handleHttpRequest(AppiumServlet.java:242)\n\tat io.appium.uiautomator2.http.ServerHandler.channelRead(ServerHandler.java:51)\n\tat io.netty.channel.AbstractChannelHandlerContext.invokeChannelRead(AbstractChannelHandlerContext.java:366)\n\tat io.netty.channel.AbstractChannelHandlerCon...
[debug] [35m[W3C][39m Matched W3C error code 'no such element' to NoSuchElementError
[debug] [35m[BaseDriver][39m Waited for 530 ms so far
[debug] [35m[WD Proxy][39m Matched '/element' to command name 'findElement'
[debug] [35m[WD Proxy][39m Proxying [POST /element] to [POST http://127.0.0.1:8201/wd/hub/session/69d02787-3aa9-45fd-8476-a957ebd2aee5/element] with body: {"strategy":"xpath","selector":"//android.widget.TextView[@text=\"首页\"]","context":"","multiple":false}
[35m[WD Proxy][39m Got an unexpected response with status 404: {"sessionId":"69d02787-3aa9-45fd-8476-a957ebd2aee5","value":{"error":"no such element","message":"An element could not be located on the page using the given search parameters","stacktrace":"io.appium.uiautomator2.common.exceptions.ElementNotFoundException: An element could not be located on the page using the given search parameters\n\tat io.appium.uiautomator2.handler.FindElement.findElement(FindElement.java:102)\n\tat io.appium.uiautomator2.handler.FindElement.safeHandle(FindElement.java:72)\n\tat io.appium.uiautomator2.handler.request.SafeRequestHandler.handle(SafeRequestHandler.java:38)\n\tat io.appium.uiautomator2.server.AppiumServlet.handleRequest(AppiumServlet.java:252)\n\tat io.appium.uiautomator2.server.AppiumServlet.handleHttpRequest(AppiumServlet.java:242)\n\tat io.appium.uiautomator2.http.ServerHandler.channelRead(ServerHandler.java:51)\n\tat io.netty.channel.AbstractChannelHandlerContext.invokeChannelRead(AbstractChannelHandlerContext.java:366)\n\tat io.netty.channel.AbstractChannelHandlerCon...
[debug] [35m[W3C][39m Matched W3C error code 'no such element' to NoSuchElementError
[debug] [35m[BaseDriver][39m Waited for 1116 ms so far
[debug] [35m[WD Proxy][39m Matched '/element' to command name 'findElement'
[debug] [35m[WD Proxy][39m Proxying [POST /element] to [POST http://127.0.0.1:8201/wd/hub/session/69d02787-3aa9-45fd-8476-a957ebd2aee5/element] with body: {"strategy":"xpath","selector":"//android.widget.TextView[@text=\"首页\"]","context":"","multiple":false}
[debug] [35m[WD Proxy][39m Got response with status 200: {"sessionId":"69d02787-3aa9-45fd-8476-a957ebd2aee5","value":{"ELEMENT":"202ddf92-11bc-4ef2-8bcf-3f79bbf5e642","element-6066-11e4-a52e-4f735466cecf":"202ddf92-11bc-4ef2-8bcf-3f79bbf5e642"}}
[debug] [35m[W3C (b75f3043)][39m Responding to client with driver.findElement() result: {"element-6066-11e4-a52e-4f735466cecf":"202ddf92-11bc-4ef2-8bcf-3f79bbf5e642","ELEMENT":"202ddf92-11bc-4ef2-8bcf-3f79bbf5e642"}
[35m[HTTP][39m [37m<-- POST /wd/hub/session/b75f3043-5847-4b2a-9239-879f9d66dc82/element [39m[32m200[39m [90m3038 ms - 137[39m
[35m[HTTP][39m [90m[39m
[35m[HTTP][39m [37m-->[39m [37mGET[39m [37m/wd/hub/session/b75f3043-5847-4b2a-9239-879f9d66dc82/element/202ddf92-11bc-4ef2-8bcf-3f79bbf5e642/displayed[39m
[35m[HTTP][39m [90m{}[39m
[debug] [35m[W3C (b75f3043)][39m Calling AppiumDriver.elementDisplayed() with args: ["202ddf92-11bc-4ef2-8bcf-3f79bbf5e642","b75f3043-5847-4b2a-9239-879f9d66dc82"]
[debug] [35m[WD Proxy][39m Matched '/element/202ddf92-11bc-4ef2-8bcf-3f79bbf5e642/attribute/displayed' to command name 'getAttribute'
[debug] [35m[WD Proxy][39m Proxying [GET /element/202ddf92-11bc-4ef2-8bcf-3f79bbf5e642/attribute/displayed] to [GET http://127.0.0.1:8201/wd/hub/session/69d02787-3aa9-45fd-8476-a957ebd2aee5/element/202ddf92-11bc-4ef2-8bcf-3f79bbf5e642/attribute/displayed] with body: {}
[debug] [35m[WD Proxy][39m Got response with status 200: {"sessionId":"69d02787-3aa9-45fd-8476-a957ebd2aee5","value":"true"}
[debug] [35m[W3C (b75f3043)][39m Responding to client with driver.elementDisplayed() result: true
[35m[HTTP][39m [37m<-- GET /wd/hub/session/b75f3043-5847-4b2a-9239-879f9d66dc82/element/202ddf92-11bc-4ef2-8bcf-3f79bbf5e642/displayed [39m[32m200[39m [90m20 ms - 14[39m
[35m[HTTP][39m [90m[39m
[35m[HTTP][39m [37m-->[39m [37mPOST[39m [37m/wd/hub/session/b75f3043-5847-4b2a-9239-879f9d66dc82/element/202ddf92-11bc-4ef2-8bcf-3f79bbf5e642/click[39m
[35m[HTTP][39m [90m{"id":"202ddf92-11bc-4ef2-8bcf-3f79bbf5e642"}[39m
[debug] [35m[W3C (b75f3043)][39m Calling AppiumDriver.click() with args: ["202ddf92-11bc-4ef2-8bcf-3f79bbf5e642","b75f3043-5847-4b2a-9239-879f9d66dc82"]
[debug] [35m[WD Proxy][39m Matched '/element/202ddf92-11bc-4ef2-8bcf-3f79bbf5e642/click' to command name 'click'
[debug] [35m[WD Proxy][39m Proxying [POST /element/202ddf92-11bc-4ef2-8bcf-3f79bbf5e642/click] to [POST http://127.0.0.1:8201/wd/hub/session/69d02787-3aa9-45fd-8476-a957ebd2aee5/element/202ddf92-11bc-4ef2-8bcf-3f79bbf5e642/click] with body: {"element":"202ddf92-11bc-4ef2-8bcf-3f79bbf5e642"}
[debug] [35m[WD Proxy][39m Got response with status 200: {"sessionId":"69d02787-3aa9-45fd-8476-a957ebd2aee5","value":null}
[debug] [35m[W3C (b75f3043)][39m Responding to client with driver.click() result: null
[35m[HTTP][39m [37m<-- POST /wd/hub/session/b75f3043-5847-4b2a-9239-879f9d66dc82/element/202ddf92-11bc-4ef2-8bcf-3f79bbf5e642/click [39m[32m200[39m [90m49 ms - 14[39m
[35m[HTTP][39m [90m[39m
[35m[HTTP][39m [37m-->[39m [37mPOST[39m [37m/wd/hub/session/b75f3043-5847-4b2a-9239-879f9d66dc82/element[39m
[35m[HTTP][39m [90m{"using":"xpath","value":"//android.widget.TextView[@text=\"客厅\"]"}[39m
[debug] [35m[W3C (b75f3043)][39m Calling AppiumDriver.findElement() with args: ["xpath","//android.widget.TextView[@text=\"客厅\"]","b75f3043-5847-4b2a-9239-879f9d66dc82"]
[debug] [35m[BaseDriver][39m Valid locator strategies for this request: xpath, id, class name, accessibility id, -android uiautomator
[debug] [35m[BaseDriver][39m Waiting up to 20000 ms for condition
[debug] [35m[WD Proxy][39m Matched '/element' to command name 'findElement'
[debug] [35m[WD Proxy][39m Proxying [POST /element] to [POST http://127.0.0.1:8201/wd/hub/session/69d02787-3aa9-45fd-8476-a957ebd2aee5/element] with body: {"strategy":"xpath","selector":"//android.widget.TextView[@text=\"客厅\"]","context":"","multiple":false}
[debug] [35m[WD Proxy][39m Got response with status 200: {"sessionId":"69d02787-3aa9-45fd-8476-a957ebd2aee5","value":{"ELEMENT":"a98da3ff-a1fb-468d-9ed8-6607b6a4f61c","element-6066-11e4-a52e-4f735466cecf":"a98da3ff-a1fb-468d-9ed8-6607b6a4f61c"}}
[debug] [35m[W3C (b75f3043)][39m Responding to client with driver.findElement() result: {"element-6066-11e4-a52e-4f735466cecf":"a98da3ff-a1fb-468d-9ed8-6607b6a4f61c","ELEMENT":"a98da3ff-a1fb-468d-9ed8-6607b6a4f61c"}
[35m[HTTP][39m [37m<-- POST /wd/hub/session/b75f3043-5847-4b2a-9239-879f9d66dc82/element [39m[32m200[39m [90m167 ms - 137[39m
[35m[HTTP][39m [90m[39m
[35m[HTTP][39m [37m-->[39m [37mGET[39m [37m/wd/hub/session/b75f3043-5847-4b2a-9239-879f9d66dc82/element/a98da3ff-a1fb-468d-9ed8-6607b6a4f61c/displayed[39m
[35m[HTTP][39m [90m{}[39m
[debug] [35m[W3C (b75f3043)][39m Calling AppiumDriver.elementDisplayed() with args: ["a98da3ff-a1fb-468d-9ed8-6607b6a4f61c","b75f3043-5847-4b2a-9239-879f9d66dc82"]
[debug] [35m[WD Proxy][39m Matched '/element/a98da3ff-a1fb-468d-9ed8-6607b6a4f61c/attribute/displayed' to command name 'getAttribute'
[debug] [35m[WD Proxy][39m Proxying [GET /element/a98da3ff-a1fb-468d-9ed8-6607b6a4f61c/attribute/displayed] to [GET http://127.0.0.1:8201/wd/hub/session/69d02787-3aa9-45fd-8476-a957ebd2aee5/element/a98da3ff-a1fb-468d-9ed8-6607b6a4f61c/attribute/displayed] with body: {}
[debug] [35m[WD Proxy][39m Got response with status 200: {"sessionId":"69d02787-3aa9-45fd-8476-a957ebd2aee5","value":"true"}
[debug] [35m[W3C (b75f3043)][39m Responding to client with driver.elementDisplayed() result: true
[35m[HTTP][39m [37m<-- GET /wd/hub/session/b75f3043-5847-4b2a-9239-879f9d66dc82/element/a98da3ff-a1fb-468d-9ed8-6607b6a4f61c/displayed [39m[32m200[39m [90m42 ms - 14[39m
[35m[HTTP][39m [90m[39m
[35m[HTTP][39m [37m-->[39m [37mPOST[39m [37m/wd/hub/session/b75f3043-5847-4b2a-9239-879f9d66dc82/element/a98da3ff-a1fb-468d-9ed8-6607b6a4f61c/click[39m
[35m[HTTP][39m [90m{"id":"a98da3ff-a1fb-468d-9ed8-6607b6a4f61c"}[39m
[debug] [35m[W3C (b75f3043)][39m Calling AppiumDriver.click() with args: ["a98da3ff-a1fb-468d-9ed8-6607b6a4f61c","b75f3043-5847-4b2a-9239-879f9d66dc82"]
[debug] [35m[WD Proxy][39m Matched '/element/a98da3ff-a1fb-468d-9ed8-6607b6a4f61c/click' to command name 'click'
[debug] [35m[WD Proxy][39m Proxying [POST /element/a98da3ff-a1fb-468d-9ed8-6607b6a4f61c/click] to [POST http://127.0.0.1:8201/wd/hub/session/69d02787-3aa9-45fd-8476-a957ebd2aee5/element/a98da3ff-a1fb-468d-9ed8-6607b6a4f61c/click] with body: {"element":"a98da3ff-a1fb-468d-9ed8-6607b6a4f61c"}
[debug] [35m[WD Proxy][39m Got response with status 200: {"sessionId":"69d02787-3aa9-45fd-8476-a957ebd2aee5","value":null}
[debug] [35m[W3C (b75f3043)][39m Responding to client with driver.click() result: null
[35m[HTTP][39m [37m<-- POST /wd/hub/session/b75f3043-5847-4b2a-9239-879f9d66dc82/element/a98da3ff-a1fb-468d-9ed8-6607b6a4f61c/click [39m[32m200[39m [90m84 ms - 14[39m
[35m[HTTP][39m [90m[39m
[35m[HTTP][39m [37m-->[39m [37mGET[39m [37m/wd/hub/session/b75f3043-5847-4b2a-9239-879f9d66dc82/screenshot[39m
[35m[HTTP][39m [90m{}[39m
[debug] [35m[W3C (b75f3043)][39m Calling AppiumDriver.getScreenshot() with args: ["b75f3043-5847-4b2a-9239-879f9d66dc82"]
[debug] [35m[WD Proxy][39m Matched '/screenshot' to command name 'getScreenshot'
[debug] [35m[WD Proxy][39m Proxying [GET /screenshot] to [GET http://127.0.0.1:8201/wd/hub/session/69d02787-3aa9-45fd-8476-a957ebd2aee5/screenshot] with no body
[debug] [35m[WD Proxy][39m Got response with status 200: {"sessionId":"69d02787-3aa9-45fd-8476-a957ebd2aee5","value":"iVBORw0KGgoAAAANSUhEUgAABDgAAAjECAYAAABJ4N+ZAAAAAXNSR0IArs4c6QAAAARzQklUCAgI\nCHwIZIgAACAASURBVHic7N13fFRlvj\/wzzlnSjIppBJKQk8CBCQqSFFRAure3ajLXcUtFtafrsqu\nd3dFYUW4FFGUoq67iuWKeq+Kbd1Vgo0EUZcuEjoJEAIJBNJJmWTaeX5\/TMlMJmUymZSBz\/v1yovM\nmTPPeSaE6Pnk+3wfSQghQEREREREREQUxOSengARERERERERUWcx4CAiIiIiIiKioMeAg4iIiIiI\niIiCHgMOIiIiIiIiIgp6DDiIiIiIiIiIKOgx4CAiIiIiIiKioMeAg4iIiIiIiIiCHgMOIiIiIiIi\nIgp6DDiIiIiIiIiIKOgx4CAiIiIiIiKioMeAg4iIiIiIiIiCHgMOIiIiIiIiIgp6DDiIiIiIiIiI\nKOgx4CAiIiIiIiKioMeAg4iIiIiIiIiCHgMOIiIiIiIiIgp6DDiIiIiIiIiIKOgx4CAiIiIiIiKi\noMeAg4iIiIiIiIiCHgMOIiIiIiIiIgp6DDiIiIiIiIiIKOgx4CAiIiIiIiKioMeAg4iIiIiIiIiC\nHgMOIiIiIiIiIgp6DDiIiIiIiIiIKOhpenoCgZSfn+\/zuaGhoUhKSurC2VxMBGCtBYregm3\/MihS\nI4RJBVQBSQZsFh2UK56AGHY\/JF0UAKlrp7NrKVBxAJBk+4fs+BOS\/XPZkds5n\/f4kBwfbsdkxzHI\nQMQwIOWBTk\/RXHgCprzDMB09DFtVJVSjEcJq6dSYkkYL2WCAEh0Dfepo6EemQTdkWKfnSkRERERE\ndDGQhBCipyfRWRs2bMDGjRvR0bcye\/ZsTJ48uYtm1baioiJUVlaiqKgIANDQ0ICioiLExsYiNjYW\nAFyfp6Sk9MgcAQ...
[debug] [35m[W3C (b75f3043)][39m Responding to client with driver.getScreenshot() result: "iVBORw0KGgoAAAANSUhEUgAABDgAAAjECAYAAABJ4N+ZAAAAAXNSR0IArs4c6QAAAARzQklUCAgI\nCHwIZIgAACAASURBVHic7N13fFRlvj/wzzlnSjIppBJKQk8CBCQqSFFRAure3ajLXcUtFtafrsqu\nd3dFYUW4FFGUoq67iuWKeq+Kbd1Vgo0EUZcuEjoJEAIJBNJJmWTaeX5/TMlMJmUymZSBz/v1yovM\nmTPPeSaE6Pnk+3wfSQghQEREREREREQUxOSengARERERERERUWcx4CAiIiIiIiKioMeAg4iIiIiI\niIiCHgMOIiIiIiIiIgp6DDiIiIiIiIiIKOgx4CAiIiIiIiKioMeAg4iIiIiIiIiCHgMOIiIiIiIi\nIgp6DDiIiIiIiIiIKOgx4CAiIiIiIiKioMeAg4iIiIiIiIiCHgMOIiIiIiIiIgp6DDiIiIiIiIiI\nKOgx4CAiIiIiIiKioMeAg4iIiIiIiIiCHgMOIiIiIiIiIgp6DDiIiIiIiIiIKOgx4CAiIiIiIiKi\noMeAg4iIiIiIiIiCHgMOIiIiIiIiIgp6DDiIiIiIiIiIKOgx4CAiIiIiIiKioMeAg4iIiIiIiIiC\nHgMOIiIiIiIiIgp6DDiIiIiIiIiIKOhpenoCgZSfn+/zuaGhoUhKSurC2VxMBGCtBYregm3/MihS\nI4RJBVQBSQZsFh2UK56AGHY/JF0UAKlrp7NrKVBxAJBk+4fs+BOS/XPZkds5n/f4kBwfbsdkxzHI\nQMQwIOWBTk/RXHgCprzDMB09DFtVJVSjEcJq6dSYkkYL2WCAEh0Dfepo6EemQTdkWKfnSkRERERE\ndDGQhBCipyfRWRs2bMDGjRvR0bcye/ZsTJ48uYtm1baioiJUVlaiqKgIANDQ0ICioiLExsYiNjYW\nAFyfp6Sk9MgcAQFx6EGIUx9AWOyBhutDCMDmfAxAFRCqgAxASr4N0jXvIuBBx65lwPk9jkBDAmTF\nfg1nyA...
[35m[HTTP][39m [37m<-- GET /wd/hub/session/b75f3043-5847-4b2a-9239-879f9d66dc82/screenshot [39m[32m200[39m [90m1278 ms - 1179694[39m
[35m[HTTP][39m [90m[39m
[35m[HTTP][39m [37m-->[39m [37mPOST[39m [37m/wd/hub/session/b75f3043-5847-4b2a-9239-879f9d66dc82/element[39m
[35m[HTTP][39m [90m{"using":"xpath","value":"//android.widget.TextView[@text=\"常用设备\"]"}[39m
[debug] [35m[W3C (b75f3043)][39m Calling AppiumDriver.findElement() with args: ["xpath","//android.widget.TextView[@text=\"常用设备\"]","b75f3043-5847-4b2a-9239-879f9d66dc82"]
[debug] [35m[BaseDriver][39m Valid locator strategies for this request: xpath, id, class name, accessibility id, -android uiautomator
[debug] [35m[BaseDriver][39m Waiting up to 20000 ms for condition
[debug] [35m[WD Proxy][39m Matched '/element' to command name 'findElement'
[debug] [35m[WD Proxy][39m Proxying [POST /element] to [POST http://127.0.0.1:8201/wd/hub/session/69d02787-3aa9-45fd-8476-a957ebd2aee5/element] with body: {"strategy":"xpath","selector":"//android.widget.TextView[@text=\"常用设备\"]","context":"","multiple":false}
[debug] [35m[WD Proxy][39m Got response with status 200: {"sessionId":"69d02787-3aa9-45fd-8476-a957ebd2aee5","value":{"ELEMENT":"d1750922-f7f2-42c1-b5c3-128287be7030","element-6066-11e4-a52e-4f735466cecf":"d1750922-f7f2-42c1-b5c3-128287be7030"}}
[debug] [35m[W3C (b75f3043)][39m Responding to client with driver.findElement() result: {"element-6066-11e4-a52e-4f735466cecf":"d1750922-f7f2-42c1-b5c3-128287be7030","ELEMENT":"d1750922-f7f2-42c1-b5c3-128287be7030"}
[35m[HTTP][39m [37m<-- POST /wd/hub/session/b75f3043-5847-4b2a-9239-879f9d66dc82/element [39m[32m200[39m [90m155 ms - 137[39m
[35m[HTTP][39m [90m[39m
[35m[HTTP][39m [37m-->[39m [37mGET[39m [37m/wd/hub/session/b75f3043-5847-4b2a-9239-879f9d66dc82/element/d1750922-f7f2-42c1-b5c3-128287be7030/displayed[39m
[35m[HTTP][39m [90m{}[39m
[debug] [35m[W3C (b75f3043)][39m Calling AppiumDriver.elementDisplayed() with args: ["d1750922-f7f2-42c1-b5c3-128287be7030","b75f3043-5847-4b2a-9239-879f9d66dc82"]
[debug] [35m[WD Proxy][39m Matched '/element/d1750922-f7f2-42c1-b5c3-128287be7030/attribute/displayed' to command name 'getAttribute'
[debug] [35m[WD Proxy][39m Proxying [GET /element/d1750922-f7f2-42c1-b5c3-128287be7030/attribute/displayed] to [GET http://127.0.0.1:8201/wd/hub/session/69d02787-3aa9-45fd-8476-a957ebd2aee5/element/d1750922-f7f2-42c1-b5c3-128287be7030/attribute/displayed] with body: {}
[debug] [35m[WD Proxy][39m Got response with status 200: {"sessionId":"69d02787-3aa9-45fd-8476-a957ebd2aee5","value":"true"}
[debug] [35m[W3C (b75f3043)][39m Responding to client with driver.elementDisplayed() result: true
[35m[HTTP][39m [37m<-- GET /wd/hub/session/b75f3043-5847-4b2a-9239-879f9d66dc82/element/d1750922-f7f2-42c1-b5c3-128287be7030/displayed [39m[32m200[39m [90m12 ms - 14[39m
[35m[HTTP][39m [90m[39m
[35m[HTTP][39m [37m-->[39m [37mPOST[39m [37m/wd/hub/session/b75f3043-5847-4b2a-9239-879f9d66dc82/element/d1750922-f7f2-42c1-b5c3-128287be7030/click[39m
[35m[HTTP][39m [90m{"id":"d1750922-f7f2-42c1-b5c3-128287be7030"}[39m
[debug] [35m[W3C (b75f3043)][39m Calling AppiumDriver.click() with args: ["d1750922-f7f2-42c1-b5c3-128287be7030","b75f3043-5847-4b2a-9239-879f9d66dc82"]
[debug] [35m[WD Proxy][39m Matched '/element/d1750922-f7f2-42c1-b5c3-128287be7030/click' to command name 'click'
[debug] [35m[WD Proxy][39m Proxying [POST /element/d1750922-f7f2-42c1-b5c3-128287be7030/click] to [POST http://127.0.0.1:8201/wd/hub/session/69d02787-3aa9-45fd-8476-a957ebd2aee5/element/d1750922-f7f2-42c1-b5c3-128287be7030/click] with body: {"element":"d1750922-f7f2-42c1-b5c3-128287be7030"}
[debug] [35m[WD Proxy][39m Got response with status 200: {"sessionId":"69d02787-3aa9-45fd-8476-a957ebd2aee5","value":null}
[debug] [35m[W3C (b75f3043)][39m Responding to client with driver.click() result: null
[35m[HTTP][39m [37m<-- POST /wd/hub/session/b75f3043-5847-4b2a-9239-879f9d66dc82/element/d1750922-f7f2-42c1-b5c3-128287be7030/click [39m[32m200[39m [90m49 ms - 14[39m
[35m[HTTP][39m [90m[39m
[35m[HTTP][39m [37m-->[39m [37mGET[39m [37m/wd/hub/session/b75f3043-5847-4b2a-9239-879f9d66dc82/screenshot[39m
[35m[HTTP][39m [90m{}[39m
[debug] [35m[W3C (b75f3043)][39m Calling AppiumDriver.getScreenshot() with args: ["b75f3043-5847-4b2a-9239-879f9d66dc82"]
[debug] [35m[WD Proxy][39m Matched '/screenshot' to command name 'getScreenshot'
[debug] [35m[WD Proxy][39m Proxying [GET /screenshot] to [GET http://127.0.0.1:8201/wd/hub/session/69d02787-3aa9-45fd-8476-a957ebd2aee5/screenshot] with no body
[debug] [35m[WD Proxy][39m Got response with status 200: {"sessionId":"69d02787-3aa9-45fd-8476-a957ebd2aee5","value":"iVBORw0KGgoAAAANSUhEUgAABDgAAAjECAYAAABJ4N+ZAAAAAXNSR0IArs4c6QAAAARzQklUCAgI\nCHwIZIgAACAASURBVHic7N13fFRlvj\/wzzlnSjIppBJKQk8CBCQqSFFRAure3ajLXcUtFtafrsqu\nd3dFYUW4FFGUoq67iuWKeq+Kbd1Vgo0EUZcuEjoJEAIJBNJJmWTaeX5\/TMlMJmUymZSBz\/v1yovM\nmTPPeSaE6Pnk+3wfSQghQEREREREREQUxOSengARERERERERUWcx4CAiIiIiIiKioMeAg4iIiIiI\niIiCHgMOIiIiIiIiIgp6DDiIiIiIiIiIKOgx4CAiIiIiIiKioMeAg4iIiIiIiIiCHgMOIiIiIiIi\nIgp6DDiIiIiIiIiIKOgx4CAiIiIiIiKioMeAg4iIiIiIiIiCHgMOIiIiIiIiIgp6DDiIiIiIiIiI\nKOgx4CAiIiIiIiKioMeAg4iIiIiIiIiCHgMOIiIiIiIiIgp6DDiIiIiIiIiIKOgx4CAiIiIiIiKi\noMeAg4iIiIiIiIiCHgMOIiIiIiIiIgp6DDiIiIiIiIiIKOgx4CAiIiIiIiKioMeAg4iIiIiIiIiC\nHgMOIiIiIiIiIgp6DDiIiIiIiIiIKOhpenoCgZSfn+\/zuaGhoUhKSurC2VxMBGCtBYregm3\/MihS\nI4RJBVQBSQZsFh2UK56AGHY\/JF0UAKlrp7NrKVBxAJBk+4fs+BOS\/XPZkds5n\/f4kBwfbsdkxzHI\nQMQwIOWBTk\/RXHgCprzDMB09DFtVJVSjEcJq6dSYkkYL2WCAEh0Dfepo6EemQTdkWKfnSkRERERE\ndDGQhBCipyfRWRs2bMDGjRvR0bcye\/ZsTJ48uYtm1baioiJUVlaiqKgIANDQ0ICioiLExsYiNjYW\nAFyfp6Sk9MgcAQ...
[debug] [35m[W3C (b75f3043)][39m Responding to client with driver.getScreenshot() result: "iVBORw0KGgoAAAANSUhEUgAABDgAAAjECAYAAABJ4N+ZAAAAAXNSR0IArs4c6QAAAARzQklUCAgI\nCHwIZIgAACAASURBVHic7N13fFRlvj/wzzlnSjIppBJKQk8CBCQqSFFRAure3ajLXcUtFtafrsqu\nd3dFYUW4FFGUoq67iuWKeq+Kbd1Vgo0EUZcuEjoJEAIJBNJJmWTaeX5/TMlMJmUymZSBz/v1yovM\nmTPPeSaE6Pnk+3wfSQghQEREREREREQUxOSengARERERERERUWcx4CAiIiIiIiKioMeAg4iIiIiI\niIiCHgMOIiIiIiIiIgp6DDiIiIiIiIiIKOgx4CAiIiIiIiKioMeAg4iIiIiIiIiCHgMOIiIiIiIi\nIgp6DDiIiIiIiIiIKOgx4CAiIiIiIiKioMeAg4iIiIiIiIiCHgMOIiIiIiIiIgp6DDiIiIiIiIiI\nKOgx4CAiIiIiIiKioMeAg4iIiIiIiIiCHgMOIiIiIiIiIgp6DDiIiIiIiIiIKOgx4CAiIiIiIiKi\noMeAg4iIiIiIiIiCHgMOIiIiIiIiIgp6DDiIiIiIiIiIKOgx4CAiIiIiIiKioMeAg4iIiIiIiIiC\nHgMOIiIiIiIiIgp6DDiIiIiIiIiIKOhpenoCgZSfn+/zuaGhoUhKSurC2VxMBGCtBYregm3/MihS\nI4RJBVQBSQZsFh2UK56AGHY/JF0UAKlrp7NrKVBxAJBk+4fs+BOS/XPZkds5n/f4kBwfbsdkxzHI\nQMQwIOWBTk/RXHgCprzDMB09DFtVJVSjEcJq6dSYkkYL2WCAEh0Dfepo6EemQTdkWKfnSkRERERE\ndDGQhBCipyfRWRs2bMDGjRvR0bcye/ZsTJ48uYtm1baioiJUVlaiqKgIANDQ0ICioiLExsYiNjYW\nAFyfp6Sk9MgcAQFx6EGIUx9AWOyBhutDCMDmfAxAFRCqgAxASr4N0jXvIuBBx65lwPk9jkBDAmTF\nfg1nyA...
[35m[HTTP][39m [37m<-- GET /wd/hub/session/b75f3043-5847-4b2a-9239-879f9d66dc82/screenshot [39m[32m200[39m [90m1303 ms - 1222708[39m
[35m[HTTP][39m [90m[39m
[35m[HTTP][39m [37m-->[39m [37mPOST[39m [37m/wd/hub/session/b75f3043-5847-4b2a-9239-879f9d66dc82/element[39m
[35m[HTTP][39m [90m{"using":"xpath","value":"//android.widget.TextView[@text=\"客厅\"]"}[39m
[debug] [35m[W3C (b75f3043)][39m Calling AppiumDriver.findElement() with args: ["xpath","//android.widget.TextView[@text=\"客厅\"]","b75f3043-5847-4b2a-9239-879f9d66dc82"]
[debug] [35m[BaseDriver][39m Valid locator strategies for this request: xpath, id, class name, accessibility id, -android uiautomator
[debug] [35m[BaseDriver][39m Waiting up to 20000 ms for condition
[debug] [35m[WD Proxy][39m Matched '/element' to command name 'findElement'
[debug] [35m[WD Proxy][39m Proxying [POST /element] to [POST http://127.0.0.1:8201/wd/hub/session/69d02787-3aa9-45fd-8476-a957ebd2aee5/element] with body: {"strategy":"xpath","selector":"//android.widget.TextView[@text=\"客厅\"]","context":"","multiple":false}
[debug] [35m[WD Proxy][39m Got response with status 200: {"sessionId":"69d02787-3aa9-45fd-8476-a957ebd2aee5","value":{"ELEMENT":"c3b9ea28-3013-4179-bd09-e6ce1a0b686e","element-6066-11e4-a52e-4f735466cecf":"c3b9ea28-3013-4179-bd09-e6ce1a0b686e"}}
[debug] [35m[W3C (b75f3043)][39m Responding to client with driver.findElement() result: {"element-6066-11e4-a52e-4f735466cecf":"c3b9ea28-3013-4179-bd09-e6ce1a0b686e","ELEMENT":"c3b9ea28-3013-4179-bd09-e6ce1a0b686e"}
[35m[HTTP][39m [37m<-- POST /wd/hub/session/b75f3043-5847-4b2a-9239-879f9d66dc82/element [39m[32m200[39m [90m155 ms - 137[39m
[35m[HTTP][39m [90m[39m
[35m[HTTP][39m [37m-->[39m [37mGET[39m [37m/wd/hub/session/b75f3043-5847-4b2a-9239-879f9d66dc82/element/c3b9ea28-3013-4179-bd09-e6ce1a0b686e/displayed[39m
[35m[HTTP][39m [90m{}[39m
[debug] [35m[W3C (b75f3043)][39m Calling AppiumDriver.elementDisplayed() with args: ["c3b9ea28-3013-4179-bd09-e6ce1a0b686e","b75f3043-5847-4b2a-9239-879f9d66dc82"]
[debug] [35m[WD Proxy][39m Matched '/element/c3b9ea28-3013-4179-bd09-e6ce1a0b686e/attribute/displayed' to command name 'getAttribute'
[debug] [35m[WD Proxy][39m Proxying [GET /element/c3b9ea28-3013-4179-bd09-e6ce1a0b686e/attribute/displayed] to [GET http://127.0.0.1:8201/wd/hub/session/69d02787-3aa9-45fd-8476-a957ebd2aee5/element/c3b9ea28-3013-4179-bd09-e6ce1a0b686e/attribute/displayed] with body: {}
[debug] [35m[WD Proxy][39m Got response with status 200: {"sessionId":"69d02787-3aa9-45fd-8476-a957ebd2aee5","value":"true"}
[debug] [35m[W3C (b75f3043)][39m Responding to client with driver.elementDisplayed() result: true
[35m[HTTP][39m [37m<-- GET /wd/hub/session/b75f3043-5847-4b2a-9239-879f9d66dc82/element/c3b9ea28-3013-4179-bd09-e6ce1a0b686e/displayed [39m[32m200[39m [90m14 ms - 14[39m
[35m[HTTP][39m [90m[39m
[35m[HTTP][39m [37m-->[39m [37mPOST[39m [37m/wd/hub/session/b75f3043-5847-4b2a-9239-879f9d66dc82/element/c3b9ea28-3013-4179-bd09-e6ce1a0b686e/click[39m
[35m[HTTP][39m [90m{"id":"c3b9ea28-3013-4179-bd09-e6ce1a0b686e"}[39m
[debug] [35m[W3C (b75f3043)][39m Calling AppiumDriver.click() with args: ["c3b9ea28-3013-4179-bd09-e6ce1a0b686e","b75f3043-5847-4b2a-9239-879f9d66dc82"]
[debug] [35m[WD Proxy][39m Matched '/element/c3b9ea28-3013-4179-bd09-e6ce1a0b686e/click' to command name 'click'
[debug] [35m[WD Proxy][39m Proxying [POST /element/c3b9ea28-3013-4179-bd09-e6ce1a0b686e/click] to [POST http://127.0.0.1:8201/wd/hub/session/69d02787-3aa9-45fd-8476-a957ebd2aee5/element/c3b9ea28-3013-4179-bd09-e6ce1a0b686e/click] with body: {"element":"c3b9ea28-3013-4179-bd09-e6ce1a0b686e"}
[debug] [35m[WD Proxy][39m Got response with status 200: {"sessionId":"69d02787-3aa9-45fd-8476-a957ebd2aee5","value":null}
[debug] [35m[W3C (b75f3043)][39m Responding to client with driver.click() result: null
[35m[HTTP][39m [37m<-- POST /wd/hub/session/b75f3043-5847-4b2a-9239-879f9d66dc82/element/c3b9ea28-3013-4179-bd09-e6ce1a0b686e/click [39m[32m200[39m [90m39 ms - 14[39m
[35m[HTTP][39m [90m[39m
[35m[HTTP][39m [37m-->[39m [37mGET[39m [37m/wd/hub/session/b75f3043-5847-4b2a-9239-879f9d66dc82/screenshot[39m
[35m[HTTP][39m [90m{}[39m
[debug] [35m[W3C (b75f3043)][39m Calling AppiumDriver.getScreenshot() with args: ["b75f3043-5847-4b2a-9239-879f9d66dc82"]
[debug] [35m[WD Proxy][39m Matched '/screenshot' to command name 'getScreenshot'
[debug] [35m[WD Proxy][39m Proxying [GET /screenshot] to [GET http://127.0.0.1:8201/wd/hub/session/69d02787-3aa9-45fd-8476-a957ebd2aee5/screenshot] with no body
[debug] [35m[WD Proxy][39m Got response with status 200: {"sessionId":"69d02787-3aa9-45fd-8476-a957ebd2aee5","value":"iVBORw0KGgoAAAANSUhEUgAABDgAAAjECAYAAABJ4N+ZAAAAAXNSR0IArs4c6QAAAARzQklUCAgI\nCHwIZIgAACAASURBVHic7N13fFRlvj\/wzzlnSjIppBJKQk8CBCQqSFFRAure3ajLXcUtFtafrsqu\nd3dFYUW4FFGUoq67iuWKeq+Kbd1Vgo0EUZcuEjoJEAIJBNJJmWTaeX5\/TMlMJmUymZSBz\/v1yovM\nmTPPeSaE6Pnk+3wfSQghQEREREREREQUxOSengARERERERERUWcx4CAiIiIiIiKioMeAg4iIiIiI\niIiCHgMOIiIiIiIiIgp6DDiIiIiIiIiIKOgx4CAiIiIiIiKioMeAg4iIiIiIiIiCHgMOIiIiIiIi\nIgp6DDiIiIiIiIiIKOgx4CAiIiIiIiKioMeAg4iIiIiIiIiCHgMOIiIiIiIiIgp6DDiIiIiIiIiI\nKOgx4CAiIiIiIiKioMeAg4iIiIiIiIiCHgMOIiIiIiIiIgp6DDiIiIiIiIiIKOgx4CAiIiIiIiKi\noMeAg4iIiIiIiIiCHgMOIiIiIiIiIgp6DDiIiIiIiIiIKOgx4CAiIiIiIiKioMeAg4iIiIiIiIiC\nHgMOIiIiIiIiIgp6DDiIiIiIiIiIKOhpenoCgZSfn+\/zuaGhoUhKSurC2VxMBGCtBYregm3\/MihS\nI4RJBVQBSQZsFh2UK56AGHY\/JF0UAKlrp7NrKVBxAJBk+4fs+BOS\/XPZkds5n\/f4kBwfbsdkxzHI\nQMQwIOWBTk\/RXHgCprzDMB09DFtVJVSjEcJq6dSYkkYL2WCAEh0Dfepo6EemQTdkWKfnSkRERERE\ndDGQhBCipyfRWRs2bMDGjRvR0bcye\/ZsTJ48uYtm1baioiJUVlaiqKgIANDQ0ICioiLExsYiNjYW\nAFyfp6Sk9MgcAQ...
[debug] [35m[W3C (b75f3043)][39m Responding to client with driver.getScreenshot() result: "iVBORw0KGgoAAAANSUhEUgAABDgAAAjECAYAAABJ4N+ZAAAAAXNSR0IArs4c6QAAAARzQklUCAgI\nCHwIZIgAACAASURBVHic7N13fFRlvj/wzzlnSjIppBJKQk8CBCQqSFFRAure3ajLXcUtFtafrsqu\nd3dFYUW4FFGUoq67iuWKeq+Kbd1Vgo0EUZcuEjoJEAIJBNJJmWTaeX5/TMlMJmUymZSBz/v1yovM\nmTPPeSaE6Pnk+3wfSQghQEREREREREQUxOSengARERERERERUWcx4CAiIiIiIiKioMeAg4iIiIiI\niIiCHgMOIiIiIiIiIgp6DDiIiIiIiIiIKOgx4CAiIiIiIiKioMeAg4iIiIiIiIiCHgMOIiIiIiIi\nIgp6DDiIiIiIiIiIKOgx4CAiIiIiIiKioMeAg4iIiIiIiIiCHgMOIiIiIiIiIgp6DDiIiIiIiIiI\nKOgx4CAiIiIiIiKioMeAg4iIiIiIiIiCHgMOIiIiIiIiIgp6DDiIiIiIiIiIKOgx4CAiIiIiIiKi\noMeAg4iIiIiIiIiCHgMOIiIiIiIiIgp6DDiIiIiIiIiIKOgx4CAiIiIiIiKioMeAg4iIiIiIiIiC\nHgMOIiIiIiIiIgp6DDiIiIiIiIiIKOhpenoCgZSfn+/zuaGhoUhKSurC2VxMBGCtBYregm3/MihS\nI4RJBVQBSQZsFh2UK56AGHY/JF0UAKlrp7NrKVBxAJBk+4fs+BOS/XPZkds5n/f4kBwfbsdkxzHI\nQMQwIOWBTk/RXHgCprzDMB09DFtVJVSjEcJq6dSYkkYL2WCAEh0Dfepo6EemQTdkWKfnSkRERERE\ndDGQhBCipyfRWRs2bMDGjRvR0bcye/ZsTJ48uYtm1baioiJUVlaiqKgIANDQ0ICioiLExsYiNjYW\nAFyfp6Sk9MgcAQFx6EGIUx9AWOyBhutDCMDmfAxAFRCqgAxASr4N0jXvIuBBx65lwPk9jkBDAmTF\nfg1nyA...
[35m[HTTP][39m [37m<-- GET /wd/hub/session/b75f3043-5847-4b2a-9239-879f9d66dc82/screenshot [39m[32m200[39m [90m1274 ms - 1179694[39m
[35m[HTTP][39m [90m[39m
[35m[HTTP][39m [37m-->[39m [37mPOST[39m [37m/wd/hub/session/b75f3043-5847-4b2a-9239-879f9d66dc82/element[39m
[35m[HTTP][39m [90m{"using":"xpath","value":"//android.widget.TextView[@text=\"常用设备\"]"}[39m
[debug] [35m[W3C (b75f3043)][39m Calling AppiumDriver.findElement() with args: ["xpath","//android.widget.TextView[@text=\"常用设备\"]","b75f3043-5847-4b2a-9239-879f9d66dc82"]
[debug] [35m[BaseDriver][39m Valid locator strategies for this request: xpath, id, class name, accessibility id, -android uiautomator
[debug] [35m[BaseDriver][39m Waiting up to 20000 ms for condition
[debug] [35m[WD Proxy][39m Matched '/element' to command name 'findElement'
[debug] [35m[WD Proxy][39m Proxying [POST /element] to [POST http://127.0.0.1:8201/wd/hub/session/69d02787-3aa9-45fd-8476-a957ebd2aee5/element] with body: {"strategy":"xpath","selector":"//android.widget.TextView[@text=\"常用设备\"]","context":"","multiple":false}
[debug] [35m[WD Proxy][39m Got response with status 200: {"sessionId":"69d02787-3aa9-45fd-8476-a957ebd2aee5","value":{"ELEMENT":"4a0d49f4-d33b-4b19-a03d-76375054bbda","element-6066-11e4-a52e-4f735466cecf":"4a0d49f4-d33b-4b19-a03d-76375054bbda"}}
[debug] [35m[W3C (b75f3043)][39m Responding to client with driver.findElement() result: {"element-6066-11e4-a52e-4f735466cecf":"4a0d49f4-d33b-4b19-a03d-76375054bbda","ELEMENT":"4a0d49f4-d33b-4b19-a03d-76375054bbda"}
[35m[HTTP][39m [37m<-- POST /wd/hub/session/b75f3043-5847-4b2a-9239-879f9d66dc82/element [39m[32m200[39m [90m400 ms - 137[39m
[35m[HTTP][39m [90m[39m
[35m[HTTP][39m [37m-->[39m [37mGET[39m [37m/wd/hub/session/b75f3043-5847-4b2a-9239-879f9d66dc82/element/4a0d49f4-d33b-4b19-a03d-76375054bbda/displayed[39m
[35m[HTTP][39m [90m{}[39m
[debug] [35m[W3C (b75f3043)][39m Calling AppiumDriver.elementDisplayed() with args: ["4a0d49f4-d33b-4b19-a03d-76375054bbda","b75f3043-5847-4b2a-9239-879f9d66dc82"]
[debug] [35m[WD Proxy][39m Matched '/element/4a0d49f4-d33b-4b19-a03d-76375054bbda/attribute/displayed' to command name 'getAttribute'
[debug] [35m[WD Proxy][39m Proxying [GET /element/4a0d49f4-d33b-4b19-a03d-76375054bbda/attribute/displayed] to [GET http://127.0.0.1:8201/wd/hub/session/69d02787-3aa9-45fd-8476-a957ebd2aee5/element/4a0d49f4-d33b-4b19-a03d-76375054bbda/attribute/displayed] with body: {}
[debug] [35m[WD Proxy][39m Got response with status 200: {"sessionId":"69d02787-3aa9-45fd-8476-a957ebd2aee5","value":"true"}
[debug] [35m[W3C (b75f3043)][39m Responding to client with driver.elementDisplayed() result: true
[35m[HTTP][39m [37m<-- GET /wd/hub/session/b75f3043-5847-4b2a-9239-879f9d66dc82/element/4a0d49f4-d33b-4b19-a03d-76375054bbda/displayed [39m[32m200[39m [90m24 ms - 14[39m
[35m[HTTP][39m [90m[39m
[35m[HTTP][39m [37m-->[39m [37mPOST[39m [37m/wd/hub/session/b75f3043-5847-4b2a-9239-879f9d66dc82/element/4a0d49f4-d33b-4b19-a03d-76375054bbda/click[39m
[35m[HTTP][39m [90m{"id":"4a0d49f4-d33b-4b19-a03d-76375054bbda"}[39m
[debug] [35m[W3C (b75f3043)][39m Calling AppiumDriver.click() with args: ["4a0d49f4-d33b-4b19-a03d-76375054bbda","b75f3043-5847-4b2a-9239-879f9d66dc82"]
[debug] [35m[WD Proxy][39m Matched '/element/4a0d49f4-d33b-4b19-a03d-76375054bbda/click' to command name 'click'
[debug] [35m[WD Proxy][39m Proxying [POST /element/4a0d49f4-d33b-4b19-a03d-76375054bbda/click] to [POST http://127.0.0.1:8201/wd/hub/session/69d02787-3aa9-45fd-8476-a957ebd2aee5/element/4a0d49f4-d33b-4b19-a03d-76375054bbda/click] with body: {"element":"4a0d49f4-d33b-4b19-a03d-76375054bbda"}
[debug] [35m[WD Proxy][39m Got response with status 200: {"sessionId":"69d02787-3aa9-45fd-8476-a957ebd2aee5","value":null}
[debug] [35m[W3C (b75f3043)][39m Responding to client with driver.click() result: null
[35m[HTTP][39m [37m<-- POST /wd/hub/session/b75f3043-5847-4b2a-9239-879f9d66dc82/element/4a0d49f4-d33b-4b19-a03d-76375054bbda/click [39m[32m200[39m [90m61 ms - 14[39m
[35m[HTTP][39m [90m[39m
[35m[HTTP][39m [37m-->[39m [37mGET[39m [37m/wd/hub/session/b75f3043-5847-4b2a-9239-879f9d66dc82/screenshot[39m
[35m[HTTP][39m [90m{}[39m
[debug] [35m[W3C (b75f3043)][39m Calling AppiumDriver.getScreenshot() with args: ["b75f3043-5847-4b2a-9239-879f9d66dc82"]
[debug] [35m[WD Proxy][39m Matched '/screenshot' to command name 'getScreenshot'
[debug] [35m[WD Proxy][39m Proxying [GET /screenshot] to [GET http://127.0.0.1:8201/wd/hub/session/69d02787-3aa9-45fd-8476-a957ebd2aee5/screenshot] with no body
[debug] [35m[WD Proxy][39m Got response with status 200: {"sessionId":"69d02787-3aa9-45fd-8476-a957ebd2aee5","value":"iVBORw0KGgoAAAANSUhEUgAABDgAAAjECAYAAABJ4N+ZAAAAAXNSR0IArs4c6QAAAARzQklUCAgI\nCHwIZIgAACAASURBVHic7N13fFRlvj\/wzzlnSjIppBJKQk8CBCQqSFFRAure3ajLXcUtFtafrsqu\nd3dFYUW4FFGUoq67iuWKeq+Kbd1Vgo0EUZcuEjoJEAIJBNJJmWTaeX5\/TMlMJmUymZSBz\/v1yovM\nmTPPeSaE6Pnk+3wfSQghQEREREREREQUxOSengARERERERERUWcx4CAiIiIiIiKioMeAg4iIiIiI\niIiCHgMOIiIiIiIiIgp6DDiIiIiIiIiIKOgx4CAiIiIiIiKioMeAg4iIiIiIiIiCHgMOIiIiIiIi\nIgp6DDiIiIiIiIiIKOgx4CAiIiIiIiKioMeAg4iIiIiIiIiCHgMOIiIiIiIiIgp6DDiIiIiIiIiI\nKOgx4CAiIiIiIiKioMeAg4iIiIiIiIiCHgMOIiIiIiIiIgp6DDiIiIiIiIiIKOgx4CAiIiIiIiKi\noMeAg4iIiIiIiIiCHgMOIiIiIiIiIgp6DDiIiIiIiIiIKOgx4CAiIiIiIiKioMeAg4iIiIiIiIiC\nHgMOIiIiIiIiIgp6DDiIiIiIiIiIKOhpenoCgZSfn+\/zuaGhoUhKSurC2VxMBGCtBYregm3\/MihS\nI4RJBVQBSQZsFh2UK56AGHY\/JF0UAKlrp7NrKVBxAJBk+4fs+BOS\/XPZkds5n\/f4kBwfbsdkxzHI\nQMQwIOWBTk\/RXHgCprzDMB09DFtVJVSjEcJq6dSYkkYL2WCAEh0Dfepo6EemQTdkWKfnSkRERERE\ndDGQhBCipyfRWRs2bMDGjRvR0bcye\/ZsTJ48uYtm1baioiJUVlaiqKgIANDQ0ICioiLExsYiNjYW\nAFyfp6Sk9MgcAQ...
[debug] [35m[W3C (b75f3043)][39m Responding to client with driver.getScreenshot() result: "iVBORw0KGgoAAAANSUhEUgAABDgAAAjECAYAAABJ4N+ZAAAAAXNSR0IArs4c6QAAAARzQklUCAgI\nCHwIZIgAACAASURBVHic7N13fFRlvj/wzzlnSjIppBJKQk8CBCQqSFFRAure3ajLXcUtFtafrsqu\nd3dFYUW4FFGUoq67iuWKeq+Kbd1Vgo0EUZcuEjoJEAIJBNJJmWTaeX5/TMlMJmUymZSBz/v1yovM\nmTPPeSaE6Pnk+3wfSQghQEREREREREQUxOSengARERERERERUWcx4CAiIiIiIiKioMeAg4iIiIiI\niIiCHgMOIiIiIiIiIgp6DDiIiIiIiIiIKOgx4CAiIiIiIiKioMeAg4iIiIiIiIiCHgMOIiIiIiIi\nIgp6DDiIiIiIiIiIKOgx4CAiIiIiIiKioMeAg4iIiIiIiIiCHgMOIiIiIiIiIgp6DDiIiIiIiIiI\nKOgx4CAiIiIiIiKioMeAg4iIiIiIiIiCHgMOIiIiIiIiIgp6DDiIiIiIiIiIKOgx4CAiIiIiIiKi\noMeAg4iIiIiIiIiCHgMOIiIiIiIiIgp6DDiIiIiIiIiIKOgx4CAiIiIiIiKioMeAg4iIiIiIiIiC\nHgMOIiIiIiIiIgp6DDiIiIiIiIiIKOhpenoCgZSfn+/zuaGhoUhKSurC2VxMBGCtBYregm3/MihS\nI4RJBVQBSQZsFh2UK56AGHY/JF0UAKlrp7NrKVBxAJBk+4fs+BOS/XPZkds5n/f4kBwfbsdkxzHI\nQMQwIOWBTk/RXHgCprzDMB09DFtVJVSjEcJq6dSYkkYL2WCAEh0Dfepo6EemQTdkWKfnSkRERERE\ndDGQhBCipyfRWRs2bMDGjRvR0bcye/ZsTJ48uYtm1baioiJUVlaiqKgIANDQ0ICioiLExsYiNjYW\nAFyfp6Sk9MgcAQFx6EGIUx9AWOyBhutDCMDmfAxAFRCqgAxASr4N0jXvIuBBx65lwPk9jkBDAmTF\nfg1nyA...
[35m[HTTP][39m [37m<-- GET /wd/hub/session/b75f3043-5847-4b2a-9239-879f9d66dc82/screenshot [39m[32m200[39m [90m1265 ms - 1222708[39m
[35m[HTTP][39m [90m[39m
[35m[HTTP][39m [37m-->[39m [37mPOST[39m [37m/wd/hub/session/b75f3043-5847-4b2a-9239-879f9d66dc82/element[39m
[35m[HTTP][39m [90m{"using":"xpath","value":"//android.widget.TextView[@text=\"客厅\"]"}[39m
[debug] [35m[W3C (b75f3043)][39m Calling AppiumDriver.findElement() with args: ["xpath","//android.widget.TextView[@text=\"客厅\"]","b75f3043-5847-4b2a-9239-879f9d66dc82"]
[debug] [35m[BaseDriver][39m Valid locator strategies for this request: xpath, id, class name, accessibility id, -android uiautomator
[debug] [35m[BaseDriver][39m Waiting up to 20000 ms for condition
[debug] [35m[WD Proxy][39m Matched '/element' to command name 'findElement'
[debug] [35m[WD Proxy][39m Proxying [POST /element] to [POST http://127.0.0.1:8201/wd/hub/session/69d02787-3aa9-45fd-8476-a957ebd2aee5/element] with body: {"strategy":"xpath","selector":"//android.widget.TextView[@text=\"客厅\"]","context":"","multiple":false}
[debug] [35m[WD Proxy][39m Got response with status 200: {"sessionId":"69d02787-3aa9-45fd-8476-a957ebd2aee5","value":{"ELEMENT":"c024e79d-23f2-436b-9303-25b8c7069f5a","element-6066-11e4-a52e-4f735466cecf":"c024e79d-23f2-436b-9303-25b8c7069f5a"}}
[debug] [35m[W3C (b75f3043)][39m Responding to client with driver.findElement() result: {"element-6066-11e4-a52e-4f735466cecf":"c024e79d-23f2-436b-9303-25b8c7069f5a","ELEMENT":"c024e79d-23f2-436b-9303-25b8c7069f5a"}
[35m[HTTP][39m [37m<-- POST /wd/hub/session/b75f3043-5847-4b2a-9239-879f9d66dc82/element [39m[32m200[39m [90m398 ms - 137[39m
[35m[HTTP][39m [90m[39m
[35m[HTTP][39m [37m-->[39m [37mGET[39m [37m/wd/hub/session/b75f3043-5847-4b2a-9239-879f9d66dc82/element/c024e79d-23f2-436b-9303-25b8c7069f5a/displayed[39m
[35m[HTTP][39m [90m{}[39m
[debug] [35m[W3C (b75f3043)][39m Calling AppiumDriver.elementDisplayed() with args: ["c024e79d-23f2-436b-9303-25b8c7069f5a","b75f3043-5847-4b2a-9239-879f9d66dc82"]
[debug] [35m[WD Proxy][39m Matched '/element/c024e79d-23f2-436b-9303-25b8c7069f5a/attribute/displayed' to command name 'getAttribute'
[debug] [35m[WD Proxy][39m Proxying [GET /element/c024e79d-23f2-436b-9303-25b8c7069f5a/attribute/displayed] to [GET http://127.0.0.1:8201/wd/hub/session/69d02787-3aa9-45fd-8476-a957ebd2aee5/element/c024e79d-23f2-436b-9303-25b8c7069f5a/attribute/displayed] with body: {}
[debug] [35m[WD Proxy][39m Got response with status 200: {"sessionId":"69d02787-3aa9-45fd-8476-a957ebd2aee5","value":"true"}
[debug] [35m[W3C (b75f3043)][39m Responding to client with driver.elementDisplayed() result: true
[35m[HTTP][39m [37m<-- GET /wd/hub/session/b75f3043-5847-4b2a-9239-879f9d66dc82/element/c024e79d-23f2-436b-9303-25b8c7069f5a/displayed [39m[32m200[39m [90m23 ms - 14[39m
[35m[HTTP][39m [90m[39m
[35m[HTTP][39m [37m-->[39m [37mPOST[39m [37m/wd/hub/session/b75f3043-5847-4b2a-9239-879f9d66dc82/element/c024e79d-23f2-436b-9303-25b8c7069f5a/click[39m
[35m[HTTP][39m [90m{"id":"c024e79d-23f2-436b-9303-25b8c7069f5a"}[39m
[debug] [35m[W3C (b75f3043)][39m Calling AppiumDriver.click() with args: ["c024e79d-23f2-436b-9303-25b8c7069f5a","b75f3043-5847-4b2a-9239-879f9d66dc82"]
[debug] [35m[WD Proxy][39m Matched '/element/c024e79d-23f2-436b-9303-25b8c7069f5a/click' to command name 'click'
[debug] [35m[WD Proxy][39m Proxying [POST /element/c024e79d-23f2-436b-9303-25b8c7069f5a/click] to [POST http://127.0.0.1:8201/wd/hub/session/69d02787-3aa9-45fd-8476-a957ebd2aee5/element/c024e79d-23f2-436b-9303-25b8c7069f5a/click] with body: {"element":"c024e79d-23f2-436b-9303-25b8c7069f5a"}
[debug] [35m[WD Proxy][39m Got response with status 200: {"sessionId":"69d02787-3aa9-45fd-8476-a957ebd2aee5","value":null}
[debug] [35m[W3C (b75f3043)][39m Responding to client with driver.click() result: null
[35m[HTTP][39m [37m<-- POST /wd/hub/session/b75f3043-5847-4b2a-9239-879f9d66dc82/element/c024e79d-23f2-436b-9303-25b8c7069f5a/click [39m[32m200[39m [90m57 ms - 14[39m
[35m[HTTP][39m [90m[39m
[35m[HTTP][39m [37m-->[39m [37mGET[39m [37m/wd/hub/session/b75f3043-5847-4b2a-9239-879f9d66dc82/screenshot[39m
[35m[HTTP][39m [90m{}[39m
[debug] [35m[W3C (b75f3043)][39m Calling AppiumDriver.getScreenshot() with args: ["b75f3043-5847-4b2a-9239-879f9d66dc82"]
[debug] [35m[WD Proxy][39m Matched '/screenshot' to command name 'getScreenshot'
[debug] [35m[WD Proxy][39m Proxying [GET /screenshot] to [GET http://127.0.0.1:8201/wd/hub/session/69d02787-3aa9-45fd-8476-a957ebd2aee5/screenshot] with no body
[debug] [35m[WD Proxy][39m Got response with status 200: {"sessionId":"69d02787-3aa9-45fd-8476-a957ebd2aee5","value":"iVBORw0KGgoAAAANSUhEUgAABDgAAAjECAYAAABJ4N+ZAAAAAXNSR0IArs4c6QAAAARzQklUCAgI\nCHwIZIgAACAASURBVHic7N13fFRlvj\/wzzlnSjIppBJKQk8CBCQqSFFRAure3ajLXcUtFtafrsqu\nd3dFYUW4FFGUoq67iuWKeq+Kbd1Vgo0EUZcuEjoJEAIJBNJJmWTaeX5\/TMlMJmUymZSBz\/v1yovM\nmTPPeSaE6Pnk+3wfSQghQEREREREREQUxOSengARERERERERUWcx4CAiIiIiIiKioMeAg4iIiIiI\niIiCHgMOIiIiIiIiIgp6DDiIiIiIiIiIKOgx4CAiIiIiIiKioMeAg4iIiIiIiIiCHgMOIiIiIiIi\nIgp6DDiIiIiIiIiIKOgx4CAiIiIiIiKioMeAg4iIiIiIiIiCHgMOIiIiIiIiIgp6DDiIiIiIiIiI\nKOgx4CAiIiIiIiKioMeAg4iIiIiIiIiCHgMOIiIiIiIiIgp6DDiIiIiIiIiIKOgx4CAiIiIiIiKi\noMeAg4iIiIiIiIiCHgMOIiIiIiIiIgp6DDiIiIiIiIiIKOgx4CAiIiIiIiKioMeAg4iIiIiIiIiC\nHgMOIiIiIiIiIgp6DDiIiIiIiIiIKOhpenoCgZSfn+\/zuaGhoUhKSurC2VxMBGCtBYregm3\/MihS\nI4RJBVQBSQZsFh2UK56AGHY\/JF0UAKlrp7NrKVBxAJBk+4fs+BOS\/XPZkds5n\/f4kBwfbsdkxzHI\nQMQwIOWBTk\/RXHgCprzDMB09DFtVJVSjEcJq6dSYkkYL2WCAEh0Dfepo6EemQTdkWKfnSkRERERE\ndDGQhBCipyfRWRs2bMDGjRvR0bcye\/ZsTJ48uYtm1baioiJUVlaiqKgIANDQ0ICioiLExsYiNjYW\nAFyfp6Sk9MgcAQ...
[debug] [35m[W3C (b75f3043)][39m Responding to client with driver.getScreenshot() result: "iVBORw0KGgoAAAANSUhEUgAABDgAAAjECAYAAABJ4N+ZAAAAAXNSR0IArs4c6QAAAARzQklUCAgI\nCHwIZIgAACAASURBVHic7N13fFRlvj/wzzlnSjIppBJKQk8CBCQqSFFRAure3ajLXcUtFtafrsqu\nd3dFYUW4FFGUoq67iuWKeq+Kbd1Vgo0EUZcuEjoJEAIJBNJJmWTaeX5/TMlMJmUymZSBz/v1yovM\nmTPPeSaE6Pnk+3wfSQghQEREREREREQUxOSengARERERERERUWcx4CAiIiIiIiKioMeAg4iIiIiI\niIiCHgMOIiIiIiIiIgp6DDiIiIiIiIiIKOgx4CAiIiIiIiKioMeAg4iIiIiIiIiCHgMOIiIiIiIi\nIgp6DDiIiIiIiIiIKOgx4CAiIiIiIiKioMeAg4iIiIiIiIiCHgMOIiIiIiIiIgp6DDiIiIiIiIiI\nKOgx4CAiIiIiIiKioMeAg4iIiIiIiIiCHgMOIiIiIiIiIgp6DDiIiIiIiIiIKOgx4CAiIiIiIiKi\noMeAg4iIiIiIiIiCHgMOIiIiIiIiIgp6DDiIiIiIiIiIKOgx4CAiIiIiIiKioMeAg4iIiIiIiIiC\nHgMOIiIiIiIiIgp6DDiIiIiIiIiIKOhpenoCgZSfn+/zuaGhoUhKSurC2VxMBGCtBYregm3/MihS\nI4RJBVQBSQZsFh2UK56AGHY/JF0UAKlrp7NrKVBxAJBk+4fs+BOS/XPZkds5n/f4kBwfbsdkxzHI\nQMQwIOWBTk/RXHgCprzDMB09DFtVJVSjEcJq6dSYkkYL2WCAEh0Dfepo6EemQTdkWKfnSkRERERE\ndDGQhBCipyfRWRs2bMDGjRvR0bcye/ZsTJ48uYtm1baioiJUVlaiqKgIANDQ0ICioiLExsYiNjYW\nAFyfp6Sk9MgcAQFx6EGIUx9AWOyBhutDCMDmfAxAFRCqgAxASr4N0jXvIuBBx65lwPk9jkBDAmTF\nfg1nyA...
[35m[HTTP][39m [37m<-- GET /wd/hub/session/b75f3043-5847-4b2a-9239-879f9d66dc82/screenshot [39m[32m200[39m [90m1233 ms - 1179694[39m
[35m[HTTP][39m [90m[39m
[35m[HTTP][39m [37m-->[39m [37mPOST[39m [37m/wd/hub/session/b75f3043-5847-4b2a-9239-879f9d66dc82/element[39m
[35m[HTTP][39m [90m{"using":"xpath","value":"//android.widget.TextView[@text=\"常用设备\"]"}[39m
[debug] [35m[W3C (b75f3043)][39m Calling AppiumDriver.findElement() with args: ["xpath","//android.widget.TextView[@text=\"常用设备\"]","b75f3043-5847-4b2a-9239-879f9d66dc82"]
[debug] [35m[BaseDriver][39m Valid locator strategies for this request: xpath, id, class name, accessibility id, -android uiautomator
[debug] [35m[BaseDriver][39m Waiting up to 20000 ms for condition
[debug] [35m[WD Proxy][39m Matched '/element' to command name 'findElement'
[debug] [35m[WD Proxy][39m Proxying [POST /element] to [POST http://127.0.0.1:8201/wd/hub/session/69d02787-3aa9-45fd-8476-a957ebd2aee5/element] with body: {"strategy":"xpath","selector":"//android.widget.TextView[@text=\"常用设备\"]","context":"","multiple":false}
[debug] [35m[WD Proxy][39m Got response with status 200: {"sessionId":"69d02787-3aa9-45fd-8476-a957ebd2aee5","value":{"ELEMENT":"7b2ca006-d2eb-405d-ae2d-c062732a3ddc","element-6066-11e4-a52e-4f735466cecf":"7b2ca006-d2eb-405d-ae2d-c062732a3ddc"}}
[debug] [35m[W3C (b75f3043)][39m Responding to client with driver.findElement() result: {"element-6066-11e4-a52e-4f735466cecf":"7b2ca006-d2eb-405d-ae2d-c062732a3ddc","ELEMENT":"7b2ca006-d2eb-405d-ae2d-c062732a3ddc"}
[35m[HTTP][39m [37m<-- POST /wd/hub/session/b75f3043-5847-4b2a-9239-879f9d66dc82/element [39m[32m200[39m [90m126 ms - 137[39m
[35m[HTTP][39m [90m[39m
[35m[HTTP][39m [37m-->[39m [37mGET[39m [37m/wd/hub/session/b75f3043-5847-4b2a-9239-879f9d66dc82/element/7b2ca006-d2eb-405d-ae2d-c062732a3ddc/displayed[39m
[35m[HTTP][39m [90m{}[39m
[debug] [35m[W3C (b75f3043)][39m Calling AppiumDriver.elementDisplayed() with args: ["7b2ca006-d2eb-405d-ae2d-c062732a3ddc","b75f3043-5847-4b2a-9239-879f9d66dc82"]
[debug] [35m[WD Proxy][39m Matched '/element/7b2ca006-d2eb-405d-ae2d-c062732a3ddc/attribute/displayed' to command name 'getAttribute'
[debug] [35m[WD Proxy][39m Proxying [GET /element/7b2ca006-d2eb-405d-ae2d-c062732a3ddc/attribute/displayed] to [GET http://127.0.0.1:8201/wd/hub/session/69d02787-3aa9-45fd-8476-a957ebd2aee5/element/7b2ca006-d2eb-405d-ae2d-c062732a3ddc/attribute/displayed] with body: {}
[debug] [35m[WD Proxy][39m Got response with status 200: {"sessionId":"69d02787-3aa9-45fd-8476-a957ebd2aee5","value":"true"}
[debug] [35m[W3C (b75f3043)][39m Responding to client with driver.elementDisplayed() result: true
[35m[HTTP][39m [37m<-- GET /wd/hub/session/b75f3043-5847-4b2a-9239-879f9d66dc82/element/7b2ca006-d2eb-405d-ae2d-c062732a3ddc/displayed [39m[32m200[39m [90m12 ms - 14[39m
[35m[HTTP][39m [90m[39m
[35m[HTTP][39m [37m-->[39m [37mPOST[39m [37m/wd/hub/session/b75f3043-5847-4b2a-9239-879f9d66dc82/element/7b2ca006-d2eb-405d-ae2d-c062732a3ddc/click[39m
[35m[HTTP][39m [90m{"id":"7b2ca006-d2eb-405d-ae2d-c062732a3ddc"}[39m
[debug] [35m[W3C (b75f3043)][39m Calling AppiumDriver.click() with args: ["7b2ca006-d2eb-405d-ae2d-c062732a3ddc","b75f3043-5847-4b2a-9239-879f9d66dc82"]
[debug] [35m[WD Proxy][39m Matched '/element/7b2ca006-d2eb-405d-ae2d-c062732a3ddc/click' to command name 'click'
[debug] [35m[WD Proxy][39m Proxying [POST /element/7b2ca006-d2eb-405d-ae2d-c062732a3ddc/click] to [POST http://127.0.0.1:8201/wd/hub/session/69d02787-3aa9-45fd-8476-a957ebd2aee5/element/7b2ca006-d2eb-405d-ae2d-c062732a3ddc/click] with body: {"element":"7b2ca006-d2eb-405d-ae2d-c062732a3ddc"}
[debug] [35m[WD Proxy][39m Got response with status 200: {"sessionId":"69d02787-3aa9-45fd-8476-a957ebd2aee5","value":null}
[debug] [35m[W3C (b75f3043)][39m Responding to client with driver.click() result: null
[35m[HTTP][39m [37m<-- POST /wd/hub/session/b75f3043-5847-4b2a-9239-879f9d66dc82/element/7b2ca006-d2eb-405d-ae2d-c062732a3ddc/click [39m[32m200[39m [90m36 ms - 14[39m
[35m[HTTP][39m [90m[39m
[35m[HTTP][39m [37m-->[39m [37mGET[39m [37m/wd/hub/session/b75f3043-5847-4b2a-9239-879f9d66dc82/screenshot[39m
[35m[HTTP][39m [90m{}[39m
[debug] [35m[W3C (b75f3043)][39m Calling AppiumDriver.getScreenshot() with args: ["b75f3043-5847-4b2a-9239-879f9d66dc82"]
[debug] [35m[WD Proxy][39m Matched '/screenshot' to command name 'getScreenshot'
[debug] [35m[WD Proxy][39m Proxying [GET /screenshot] to [GET http://127.0.0.1:8201/wd/hub/session/69d02787-3aa9-45fd-8476-a957ebd2aee5/screenshot] with no body
[debug] [35m[WD Proxy][39m Got response with status 200: {"sessionId":"69d02787-3aa9-45fd-8476-a957ebd2aee5","value":"iVBORw0KGgoAAAANSUhEUgAABDgAAAjECAYAAABJ4N+ZAAAAAXNSR0IArs4c6QAAAARzQklUCAgI\nCHwIZIgAACAASURBVHic7N13fFRlvj\/wzzlnSjIppBJKQk8CBCQqSFFRAure3ajLXcUtFtafrsqu\nd3dFYUW4FFGUoq67iuWKeq+Kbd1Vgo0EUZcuEjoJEAIJBNJJmWTaeX5\/TMlMJmUymZSBz\/v1yovM\nmTPPeSaE6Pnk+3wfSQghQEREREREREQUxOSengARERERERERUWcx4CAiIiIiIiKioMeAg4iIiIiI\niIiCHgMOIiIiIiIiIgp6DDiIiIiIiIiIKOgx4CAiIiIiIiKioMeAg4iIiIiIiIiCHgMOIiIiIiIi\nIgp6DDiIiIiIiIiIKOgx4CAiIiIiIiKioMeAg4iIiIiIiIiCHgMOIiIiIiIiIgp6DDiIiIiIiIiI\nKOgx4CAiIiIiIiKioMeAg4iIiIiIiIiCHgMOIiIiIiIiIgp6DDiIiIiIiIiIKOgx4CAiIiIiIiKi\noMeAg4iIiIiIiIiCHgMOIiIiIiIiIgp6DDiIiIiIiIiIKOgx4CAiIiIiIiKioMeAg4iIiIiIiIiC\nHgMOIiIiIiIiIgp6DDiIiIiIiIiIKOhpenoCgZSfn+\/zuaGhoUhKSurC2VxMBGCtBYregm3\/MihS\nI4RJBVQBSQZsFh2UK56AGHY\/JF0UAKlrp7NrKVBxAJBk+4fs+BOS\/XPZkds5n\/f4kBwfbsdkxzHI\nQMQwIOWBTk\/RXHgCprzDMB09DFtVJVSjEcJq6dSYkkYL2WCAEh0Dfepo6EemQTdkWKfnSkRERERE\ndDGQhBCipyfRWRs2bMDGjRvR0bcye\/ZsTJ48uYtm1baioiJUVlaiqKgIANDQ0ICioiLExsYiNjYW\nAFyfp6Sk9MgcAQ...
[debug] [35m[W3C (b75f3043)][39m Responding to client with driver.getScreenshot() result: "iVBORw0KGgoAAAANSUhEUgAABDgAAAjECAYAAABJ4N+ZAAAAAXNSR0IArs4c6QAAAARzQklUCAgI\nCHwIZIgAACAASURBVHic7N13fFRlvj/wzzlnSjIppBJKQk8CBCQqSFFRAure3ajLXcUtFtafrsqu\nd3dFYUW4FFGUoq67iuWKeq+Kbd1Vgo0EUZcuEjoJEAIJBNJJmWTaeX5/TMlMJmUymZSBz/v1yovM\nmTPPeSaE6Pnk+3wfSQghQEREREREREQUxOSengARERERERERUWcx4CAiIiIiIiKioMeAg4iIiIiI\niIiCHgMOIiIiIiIiIgp6DDiIiIiIiIiIKOgx4CAiIiIiIiKioMeAg4iIiIiIiIiCHgMOIiIiIiIi\nIgp6DDiIiIiIiIiIKOgx4CAiIiIiIiKioMeAg4iIiIiIiIiCHgMOIiIiIiIiIgp6DDiIiIiIiIiI\nKOgx4CAiIiIiIiKioMeAg4iIiIiIiIiCHgMOIiIiIiIiIgp6DDiIiIiIiIiIKOgx4CAiIiIiIiKi\noMeAg4iIiIiIiIiCHgMOIiIiIiIiIgp6DDiIiIiIiIiIKOgx4CAiIiIiIiKioMeAg4iIiIiIiIiC\nHgMOIiIiIiIiIgp6DDiIiIiIiIiIKOhpenoCgZSfn+/zuaGhoUhKSurC2VxMBGCtBYregm3/MihS\nI4RJBVQBSQZsFh2UK56AGHY/JF0UAKlrp7NrKVBxAJBk+4fs+BOS/XPZkds5n/f4kBwfbsdkxzHI\nQMQwIOWBTk/RXHgCprzDMB09DFtVJVSjEcJq6dSYkkYL2WCAEh0Dfepo6EemQTdkWKfnSkRERERE\ndDGQhBCipyfRWRs2bMDGjRvR0bcye/ZsTJ48uYtm1baioiJUVlaiqKgIANDQ0ICioiLExsYiNjYW\nAFyfp6Sk9MgcAQFx6EGIUx9AWOyBhutDCMDmfAxAFRCqgAxASr4N0jXvIuBBx65lwPk9jkBDAmTF\nfg1nyA...
[35m[HTTP][39m [37m<-- GET /wd/hub/session/b75f3043-5847-4b2a-9239-879f9d66dc82/screenshot [39m[32m200[39m [90m1283 ms - 1222708[39m
[35m[HTTP][39m [90m[39m
[35m[HTTP][39m [37m-->[39m [37mGET[39m [37m/wd/hub/session/b75f3043-5847-4b2a-9239-879f9d66dc82/screenshot[39m
[35m[HTTP][39m [90m{}[39m
[debug] [35m[W3C (b75f3043)][39m Calling AppiumDriver.getScreenshot() with args: ["b75f3043-5847-4b2a-9239-879f9d66dc82"]
[debug] [35m[WD Proxy][39m Matched '/screenshot' to command name 'getScreenshot'
[debug] [35m[WD Proxy][39m Proxying [GET /screenshot] to [GET http://127.0.0.1:8201/wd/hub/session/69d02787-3aa9-45fd-8476-a957ebd2aee5/screenshot] with no body
[debug] [35m[WD Proxy][39m Got response with status 200: {"sessionId":"69d02787-3aa9-45fd-8476-a957ebd2aee5","value":"iVBORw0KGgoAAAANSUhEUgAABDgAAAjECAYAAABJ4N+ZAAAAAXNSR0IArs4c6QAAAARzQklUCAgI\nCHwIZIgAACAASURBVHic7N13fFRlvj\/wzzlnSjIppBJKQk8CBCQqSFFRAure3ajLXcUtFtafrsqu\nd3dFYUW4FFGUoq67iuWKeq+Kbd1Vgo0EUZcuEjoJEAIJBNJJmWTaeX5\/TMlMJmUymZSBz\/v1yovM\nmTPPeSaE6Pnk+3wfSQghQEREREREREQUxOSengARERERERERUWcx4CAiIiIiIiKioMeAg4iIiIiI\niIiCHgMOIiIiIiIiIgp6DDiIiIiIiIiIKOgx4CAiIiIiIiKioMeAg4iIiIiIiIiCHgMOIiIiIiIi\nIgp6DDiIiIiIiIiIKOgx4CAiIiIiIiKioMeAg4iIiIiIiIiCHgMOIiIiIiIiIgp6DDiIiIiIiIiI\nKOgx4CAiIiIiIiKioMeAg4iIiIiIiIiCHgMOIiIiIiIiIgp6DDiIiIiIiIiIKOgx4CAiIiIiIiKi\noMeAg4iIiIiIiIiCHgMOIiIiIiIiIgp6DDiIiIiIiIiIKOgx4CAiIiIiIiKioMeAg4iIiIiIiIiC\nHgMOIiIiIiIiIgp6DDiIiIiIiIiIKOhpenoCgZSfn+\/zuaGhoUhKSurC2VxMBGCtBYregm3\/MihS\nI4RJBVQBSQZsFh2UK56AGHY\/JF0UAKlrp7NrKVBxAJBk+4fs+BOS\/XPZkds5n\/f4kBwfbsdkxzHI\nQMQwIOWBTk\/RXHgCprzDMB09DFtVJVSjEcJq6dSYkkYL2WCAEh0Dfepo6EemQTdkWKfnSkRERERE\ndDGQhBCipyfRWRs2bMDGjRvR0bcye\/ZsTJ48uYtm1baioiJUVlaiqKgIANDQ0ICioiLExsYiNjYW\nAFyfp6Sk9MgcAQ...
[debug] [35m[W3C (b75f3043)][39m Responding to client with driver.getScreenshot() result: "iVBORw0KGgoAAAANSUhEUgAABDgAAAjECAYAAABJ4N+ZAAAAAXNSR0IArs4c6QAAAARzQklUCAgI\nCHwIZIgAACAASURBVHic7N13fFRlvj/wzzlnSjIppBJKQk8CBCQqSFFRAure3ajLXcUtFtafrsqu\nd3dFYUW4FFGUoq67iuWKeq+Kbd1Vgo0EUZcuEjoJEAIJBNJJmWTaeX5/TMlMJmUymZSBz/v1yovM\nmTPPeSaE6Pnk+3wfSQghQEREREREREQUxOSengARERERERERUWcx4CAiIiIiIiKioMeAg4iIiIiI\niIiCHgMOIiIiIiIiIgp6DDiIiIiIiIiIKOgx4CAiIiIiIiKioMeAg4iIiIiIiIiCHgMOIiIiIiIi\nIgp6DDiIiIiIiIiIKOgx4CAiIiIiIiKioMeAg4iIiIiIiIiCHgMOIiIiIiIiIgp6DDiIiIiIiIiI\nKOgx4CAiIiIiIiKioMeAg4iIiIiIiIiCHgMOIiIiIiIiIgp6DDiIiIiIiIiIKOgx4CAiIiIiIiKi\noMeAg4iIiIiIiIiCHgMOIiIiIiIiIgp6DDiIiIiIiIiIKOgx4CAiIiIiIiKioMeAg4iIiIiIiIiC\nHgMOIiIiIiIiIgp6DDiIiIiIiIiIKOhpenoCgZSfn+/zuaGhoUhKSurC2VxMBGCtBYregm3/MihS\nI4RJBVQBSQZsFh2UK56AGHY/JF0UAKlrp7NrKVBxAJBk+4fs+BOS/XPZkds5n/f4kBwfbsdkxzHI\nQMQwIOWBTk/RXHgCprzDMB09DFtVJVSjEcJq6dSYkkYL2WCAEh0Dfepo6EemQTdkWKfnSkRERERE\ndDGQhBCipyfRWRs2bMDGjRvR0bcye/ZsTJ48uYtm1baioiJUVlaiqKgIANDQ0ICioiLExsYiNjYW\nAFyfp6Sk9MgcAQFx6EGIUx9AWOyBhutDCMDmfAxAFRCqgAxASr4N0jXvIuBBx65lwPk9jkBDAmTF\nfg1nyA...
[35m[HTTP][39m [37m<-- GET /wd/hub/session/b75f3043-5847-4b2a-9239-879f9d66dc82/screenshot [39m[32m200[39m [90m1221 ms - 1222708[39m
[35m[HTTP][39m [90m[39m
[35m[HTTP][39m [37m-->[39m [37mPOST[39m [37m/wd/hub/session/b75f3043-5847-4b2a-9239-879f9d66dc82/element[39m
[35m[HTTP][39m [90m{"using":"xpath","value":"//android.widget.TextView[@text=\"我的\"]"}[39m
[debug] [35m[W3C (b75f3043)][39m Calling AppiumDriver.findElement() with args: ["xpath","//android.widget.TextView[@text=\"我的\"]","b75f3043-5847-4b2a-9239-879f9d66dc82"]
[debug] [35m[BaseDriver][39m Valid locator strategies for this request: xpath, id, class name, accessibility id, -android uiautomator
[debug] [35m[BaseDriver][39m Waiting up to 20000 ms for condition
[debug] [35m[WD Proxy][39m Matched '/element' to command name 'findElement'
[debug] [35m[WD Proxy][39m Proxying [POST /element] to [POST http://127.0.0.1:8201/wd/hub/session/69d02787-3aa9-45fd-8476-a957ebd2aee5/element] with body: {"strategy":"xpath","selector":"//android.widget.TextView[@text=\"我的\"]","context":"","multiple":false}
[debug] [35m[WD Proxy][39m Got response with status 200: {"sessionId":"69d02787-3aa9-45fd-8476-a957ebd2aee5","value":{"ELEMENT":"6de613b9-edf1-4773-a5a3-8c7fe2c221d7","element-6066-11e4-a52e-4f735466cecf":"6de613b9-edf1-4773-a5a3-8c7fe2c221d7"}}
[debug] [35m[W3C (b75f3043)][39m Responding to client with driver.findElement() result: {"element-6066-11e4-a52e-4f735466cecf":"6de613b9-edf1-4773-a5a3-8c7fe2c221d7","ELEMENT":"6de613b9-edf1-4773-a5a3-8c7fe2c221d7"}
[35m[HTTP][39m [37m<-- POST /wd/hub/session/b75f3043-5847-4b2a-9239-879f9d66dc82/element [39m[32m200[39m [90m406 ms - 137[39m
[35m[HTTP][39m [90m[39m
[35m[HTTP][39m [37m-->[39m [37mGET[39m [37m/wd/hub/session/b75f3043-5847-4b2a-9239-879f9d66dc82/element/6de613b9-edf1-4773-a5a3-8c7fe2c221d7/displayed[39m
[35m[HTTP][39m [90m{}[39m
[debug] [35m[W3C (b75f3043)][39m Calling AppiumDriver.elementDisplayed() with args: ["6de613b9-edf1-4773-a5a3-8c7fe2c221d7","b75f3043-5847-4b2a-9239-879f9d66dc82"]
[debug] [35m[WD Proxy][39m Matched '/element/6de613b9-edf1-4773-a5a3-8c7fe2c221d7/attribute/displayed' to command name 'getAttribute'
[debug] [35m[WD Proxy][39m Proxying [GET /element/6de613b9-edf1-4773-a5a3-8c7fe2c221d7/attribute/displayed] to [GET http://127.0.0.1:8201/wd/hub/session/69d02787-3aa9-45fd-8476-a957ebd2aee5/element/6de613b9-edf1-4773-a5a3-8c7fe2c221d7/attribute/displayed] with body: {}
[debug] [35m[WD Proxy][39m Got response with status 200: {"sessionId":"69d02787-3aa9-45fd-8476-a957ebd2aee5","value":"true"}
[debug] [35m[W3C (b75f3043)][39m Responding to client with driver.elementDisplayed() result: true
[35m[HTTP][39m [37m<-- GET /wd/hub/session/b75f3043-5847-4b2a-9239-879f9d66dc82/element/6de613b9-edf1-4773-a5a3-8c7fe2c221d7/displayed [39m[32m200[39m [90m21 ms - 14[39m
[35m[HTTP][39m [90m[39m
[35m[HTTP][39m [37m-->[39m [37mPOST[39m [37m/wd/hub/session/b75f3043-5847-4b2a-9239-879f9d66dc82/element/6de613b9-edf1-4773-a5a3-8c7fe2c221d7/click[39m
[35m[HTTP][39m [90m{"id":"6de613b9-edf1-4773-a5a3-8c7fe2c221d7"}[39m
[debug] [35m[W3C (b75f3043)][39m Calling AppiumDriver.click() with args: ["6de613b9-edf1-4773-a5a3-8c7fe2c221d7","b75f3043-5847-4b2a-9239-879f9d66dc82"]
[debug] [35m[WD Proxy][39m Matched '/element/6de613b9-edf1-4773-a5a3-8c7fe2c221d7/click' to command name 'click'
[debug] [35m[WD Proxy][39m Proxying [POST /element/6de613b9-edf1-4773-a5a3-8c7fe2c221d7/click] to [POST http://127.0.0.1:8201/wd/hub/session/69d02787-3aa9-45fd-8476-a957ebd2aee5/element/6de613b9-edf1-4773-a5a3-8c7fe2c221d7/click] with body: {"element":"6de613b9-edf1-4773-a5a3-8c7fe2c221d7"}
[debug] [35m[WD Proxy][39m Got response with status 200: {"sessionId":"69d02787-3aa9-45fd-8476-a957ebd2aee5","value":null}
[debug] [35m[W3C (b75f3043)][39m Responding to client with driver.click() result: null
[35m[HTTP][39m [37m<-- POST /wd/hub/session/b75f3043-5847-4b2a-9239-879f9d66dc82/element/6de613b9-edf1-4773-a5a3-8c7fe2c221d7/click [39m[32m200[39m [90m57 ms - 14[39m
[35m[HTTP][39m [90m[39m
[35m[HTTP][39m [37m-->[39m [37mPOST[39m [37m/wd/hub/session/b75f3043-5847-4b2a-9239-879f9d66dc82/element[39m
[35m[HTTP][39m [90m{"using":"xpath","value":"//android.widget.TextView[@text=\"4套房屋\"]"}[39m
[debug] [35m[W3C (b75f3043)][39m Calling AppiumDriver.findElement() with args: ["xpath","//android.widget.TextView[@text=\"4套房屋\"]","b75f3043-5847-4b2a-9239-879f9d66dc82"]
[debug] [35m[BaseDriver][39m Valid locator strategies for this request: xpath, id, class name, accessibility id, -android uiautomator
[debug] [35m[BaseDriver][39m Waiting up to 20000 ms for condition
[debug] [35m[WD Proxy][39m Matched '/element' to command name 'findElement'
[debug] [35m[WD Proxy][39m Proxying [POST /element] to [POST http://127.0.0.1:8201/wd/hub/session/69d02787-3aa9-45fd-8476-a957ebd2aee5/element] with body: {"strategy":"xpath","selector":"//android.widget.TextView[@text=\"4套房屋\"]","context":"","multiple":false}
[35m[WD Proxy][39m Got an unexpected response with status 404: {"sessionId":"69d02787-3aa9-45fd-8476-a957ebd2aee5","value":{"error":"no such element","message":"An element could not be located on the page using the given search parameters","stacktrace":"io.appium.uiautomator2.common.exceptions.ElementNotFoundException: An element could not be located on the page using the given search parameters\n\tat io.appium.uiautomator2.handler.FindElement.findElement(FindElement.java:102)\n\tat io.appium.uiautomator2.handler.FindElement.safeHandle(FindElement.java:72)\n\tat io.appium.uiautomator2.handler.request.SafeRequestHandler.handle(SafeRequestHandler.java:38)\n\tat io.appium.uiautomator2.server.AppiumServlet.handleRequest(AppiumServlet.java:252)\n\tat io.appium.uiautomator2.server.AppiumServlet.handleHttpRequest(AppiumServlet.java:242)\n\tat io.appium.uiautomator2.http.ServerHandler.channelRead(ServerHandler.java:51)\n\tat io.netty.channel.AbstractChannelHandlerContext.invokeChannelRead(AbstractChannelHandlerContext.java:366)\n\tat io.netty.channel.AbstractChannelHandlerCon...
[debug] [35m[W3C][39m Matched W3C error code 'no such element' to NoSuchElementError
[debug] [35m[BaseDriver][39m Waited for 555 ms so far
[debug] [35m[WD Proxy][39m Matched '/element' to command name 'findElement'
[debug] [35m[WD Proxy][39m Proxying [POST /element] to [POST http://127.0.0.1:8201/wd/hub/session/69d02787-3aa9-45fd-8476-a957ebd2aee5/element] with body: {"strategy":"xpath","selector":"//android.widget.TextView[@text=\"4套房屋\"]","context":"","multiple":false}
[debug] [35m[WD Proxy][39m Got response with status 200: {"sessionId":"69d02787-3aa9-45fd-8476-a957ebd2aee5","value":{"ELEMENT":"bf971231-830b-41bb-967e-ec37e954ba8b","element-6066-11e4-a52e-4f735466cecf":"bf971231-830b-41bb-967e-ec37e954ba8b"}}
[debug] [35m[W3C (b75f3043)][39m Responding to client with driver.findElement() result: {"element-6066-11e4-a52e-4f735466cecf":"bf971231-830b-41bb-967e-ec37e954ba8b","ELEMENT":"bf971231-830b-41bb-967e-ec37e954ba8b"}
[35m[HTTP][39m [37m<-- POST /wd/hub/session/b75f3043-5847-4b2a-9239-879f9d66dc82/element [39m[32m200[39m [90m1294 ms - 137[39m
[35m[HTTP][39m [90m[39m
[35m[HTTP][39m [37m-->[39m [37mGET[39m [37m/wd/hub/session/b75f3043-5847-4b2a-9239-879f9d66dc82/element/bf971231-830b-41bb-967e-ec37e954ba8b/displayed[39m
[35m[HTTP][39m [90m{}[39m
[debug] [35m[W3C (b75f3043)][39m Calling AppiumDriver.elementDisplayed() with args: ["bf971231-830b-41bb-967e-ec37e954ba8b","b75f3043-5847-4b2a-9239-879f9d66dc82"]
[debug] [35m[WD Proxy][39m Matched '/element/bf971231-830b-41bb-967e-ec37e954ba8b/attribute/displayed' to command name 'getAttribute'
[debug] [35m[WD Proxy][39m Proxying [GET /element/bf971231-830b-41bb-967e-ec37e954ba8b/attribute/displayed] to [GET http://127.0.0.1:8201/wd/hub/session/69d02787-3aa9-45fd-8476-a957ebd2aee5/element/bf971231-830b-41bb-967e-ec37e954ba8b/attribute/displayed] with body: {}
[debug] [35m[WD Proxy][39m Got response with status 200: {"sessionId":"69d02787-3aa9-45fd-8476-a957ebd2aee5","value":"true"}
[debug] [35m[W3C (b75f3043)][39m Responding to client with driver.elementDisplayed() result: true
[35m[HTTP][39m [37m<-- GET /wd/hub/session/b75f3043-5847-4b2a-9239-879f9d66dc82/element/bf971231-830b-41bb-967e-ec37e954ba8b/displayed [39m[32m200[39m [90m25 ms - 14[39m
[35m[HTTP][39m [90m[39m
[35m[HTTP][39m [37m-->[39m [37mPOST[39m [37m/wd/hub/session/b75f3043-5847-4b2a-9239-879f9d66dc82/element/bf971231-830b-41bb-967e-ec37e954ba8b/click[39m
[35m[HTTP][39m [90m{"id":"bf971231-830b-41bb-967e-ec37e954ba8b"}[39m
[debug] [35m[W3C (b75f3043)][39m Calling AppiumDriver.click() with args: ["bf971231-830b-41bb-967e-ec37e954ba8b","b75f3043-5847-4b2a-9239-879f9d66dc82"]
[debug] [35m[WD Proxy][39m Matched '/element/bf971231-830b-41bb-967e-ec37e954ba8b/click' to command name 'click'
[debug] [35m[WD Proxy][39m Proxying [POST /element/bf971231-830b-41bb-967e-ec37e954ba8b/click] to [POST http://127.0.0.1:8201/wd/hub/session/69d02787-3aa9-45fd-8476-a957ebd2aee5/element/bf971231-830b-41bb-967e-ec37e954ba8b/click] with body: {"element":"bf971231-830b-41bb-967e-ec37e954ba8b"}
[debug] [35m[WD Proxy][39m Got response with status 200: {"sessionId":"69d02787-3aa9-45fd-8476-a957ebd2aee5","value":null}
[debug] [35m[W3C (b75f3043)][39m Responding to client with driver.click() result: null
[35m[HTTP][39m [37m<-- POST /wd/hub/session/b75f3043-5847-4b2a-9239-879f9d66dc82/element/bf971231-830b-41bb-967e-ec37e954ba8b/click [39m[32m200[39m [90m48 ms - 14[39m
[35m[HTTP][39m [90m[39m
[35m[HTTP][39m [37m-->[39m [37mGET[39m [37m/wd/hub/session/b75f3043-5847-4b2a-9239-879f9d66dc82/screenshot[39m
[35m[HTTP][39m [90m{}[39m
[debug] [35m[W3C (b75f3043)][39m Calling AppiumDriver.getScreenshot() with args: ["b75f3043-5847-4b2a-9239-879f9d66dc82"]
[debug] [35m[WD Proxy][39m Matched '/screenshot' to command name 'getScreenshot'
[debug] [35m[WD Proxy][39m Proxying [GET /screenshot] to [GET http://127.0.0.1:8201/wd/hub/session/69d02787-3aa9-45fd-8476-a957ebd2aee5/screenshot] with no body
[debug] [35m[WD Proxy][39m Got response with status 200: {"sessionId":"69d02787-3aa9-45fd-8476-a957ebd2aee5","value":"iVBORw0KGgoAAAANSUhEUgAABDgAAAjECAYAAABJ4N+ZAAAAAXNSR0IArs4c6QAAAARzQklUCAgI\nCHwIZIgAACAASURBVHic7N15eFTV\/T\/w972zJZNkIDtLwp6EPaiIgIpK1Gobd4VqFVFLFWotgray\nqF9RLIq4oBakYsFS+LkvBLWSsCmLuBAFAgmQIAkBskKWyaz3\/P6YJRMyk0ySyTLwfj1PHpI5d879\nJIIw7znncyQhhAARERERERERURCTO7sAIiIiIiIiIqK2YsBBREREREREREGPAQcRERERERERBT0G\nHEREREREREQU9BhwEBEREREREVHQY8BBREREREREREGPAQcRERERERERBT0GHEREREREREQU9Bhw\nEBEREREREVHQY8BBREREREREREGPAQcRERERERERBT0GHEREREREREQU9BhwEBEREREREVHQY8BB\nREREREREREGPAQcRERERERERBT0GHEREREREREQU9BhwEBEREREREVHQY8BBREREREREREGPAQcR\nERERERERBT0GHEREREREREQU9BhwEBEREREREVHQY8BBREREREREREGPAQcRERERERERBT0GHERE\nREREREQU9BhwEBEREREREVHQU3d2AYGUl5fn97WhoaFITExsx2rOJQKwVQOFq2D\/ZQFUkgnCrACK\ngCQDdqsWqgvnQQyYBknbHYDUvuXsfgYo3wtIsuNDdv4KyfG57MztXOMNPiTnh8djsvMxyEDEACD5\nwTaXaDl6BObcHJgP5sBeWQHFaISwWds0p6TWQNbroYqMgi5lKHSDh0Hbb0CbayUiIiIiIjoXSEII\n0dlFtNX69euxYcMGtPRbmTp1KsaNG9dOVTWtsLAQFRUVKCwsBADU1dWhsLAQ0dHRiI6OBgD358nJ\nyZ1SIyAg9j8E8et7EFZH...
[debug] [35m[W3C (b75f3043)][39m Responding to client with driver.getScreenshot() result: "iVBORw0KGgoAAAANSUhEUgAABDgAAAjECAYAAABJ4N+ZAAAAAXNSR0IArs4c6QAAAARzQklUCAgI\nCHwIZIgAACAASURBVHic7N15eFTV/T/w972zJZNkIDtLwp6EPaiIgIpK1Gobd4VqFVFLFWotgray\nqF9RLIq4oBakYsFS+LkvBLWSsCmLuBAFAgmQIAkBskKWyaz3/P6YJRMyk0ySyTLwfj1PHpI5d879\nJIIw7znncyQhhAARERERERERURCTO7sAIiIiIiIiIqK2YsBBREREREREREGPAQcRERERERERBT0G\nHEREREREREQU9BhwEBEREREREVHQY8BBREREREREREGPAQcRERERERERBT0GHEREREREREQU9Bhw\nEBEREREREVHQY8BBREREREREREGPAQcRERERERERBT0GHEREREREREQU9BhwEBEREREREVHQY8BB\nREREREREREGPAQcRERERERERBT0GHEREREREREQU9BhwEBEREREREVHQY8BBREREREREREGPAQcR\nERERERERBT0GHEREREREREQU9BhwEBEREREREVHQY8BBREREREREREGPAQcRERERERERBT0GHERE\nREREREQU9BhwEBEREREREVHQU3d2AYGUl5fn97WhoaFITExsx2rOJQKwVQOFq2D/ZQFUkgnCrACK\ngCQDdqsWqgvnQQyYBknbHYDUvuXsfgYo3wtIsuNDdv4KyfG57MztXOMNPiTnh8djsvMxyEDEACD5\nwTaXaDl6BObcHJgP5sBeWQHFaISwWds0p6TWQNbroYqMgi5lKHSDh0Hbb0CbayUiIiIiIjoXSEII\n0dlFtNX69euxYcMGtPRbmTp1KsaNG9dOVTWtsLAQFRUVKCwsBADU1dWhsLAQ0dHRiI6OBgD358nJ\nyZ1SIyAg9j8E8et7EFZHoOH+EAKwu74GoAgIRUAGICXdDumy/yLgQcfuBcCpH52BhgTIKsc9XCEH\nPMMLqT...
[35m[HTTP][39m [37m<-- GET /wd/hub/session/b75f3043-5847-4b2a-9239-879f9d66dc82/screenshot [39m[32m200[39m [90m625 ms - 112116[39m
[35m[HTTP][39m [90m[39m
[35m[HTTP][39m [37m-->[39m [37mPOST[39m [37m/wd/hub/session/b75f3043-5847-4b2a-9239-879f9d66dc82/element[39m
[35m[HTTP][39m [90m{"using":"xpath","value":"//android.widget.TextView[@text=\"\"]"}[39m
[debug] [35m[W3C (b75f3043)][39m Calling AppiumDriver.findElement() with args: ["xpath","//android.widget.TextView[@text=\"\"]","b75f3043-5847-4b2a-9239-879f9d66dc82"]
[debug] [35m[BaseDriver][39m Valid locator strategies for this request: xpath, id, class name, accessibility id, -android uiautomator
[debug] [35m[BaseDriver][39m Waiting up to 20000 ms for condition
[debug] [35m[WD Proxy][39m Matched '/element' to command name 'findElement'
[debug] [35m[WD Proxy][39m Proxying [POST /element] to [POST http://127.0.0.1:8201/wd/hub/session/69d02787-3aa9-45fd-8476-a957ebd2aee5/element] with body: {"strategy":"xpath","selector":"//android.widget.TextView[@text=\"\"]","context":"","multiple":false}
[debug] [35m[WD Proxy][39m Got response with status 200: {"sessionId":"69d02787-3aa9-45fd-8476-a957ebd2aee5","value":{"ELEMENT":"b5f57aaf-c2f7-49d9-8b84-b6263213d9b9","element-6066-11e4-a52e-4f735466cecf":"b5f57aaf-c2f7-49d9-8b84-b6263213d9b9"}}
[debug] [35m[W3C (b75f3043)][39m Responding to client with driver.findElement() result: {"element-6066-11e4-a52e-4f735466cecf":"b5f57aaf-c2f7-49d9-8b84-b6263213d9b9","ELEMENT":"b5f57aaf-c2f7-49d9-8b84-b6263213d9b9"}
[35m[HTTP][39m [37m<-- POST /wd/hub/session/b75f3043-5847-4b2a-9239-879f9d66dc82/element [39m[32m200[39m [90m110 ms - 137[39m
[35m[HTTP][39m [90m[39m
[35m[HTTP][39m [37m-->[39m [37mGET[39m [37m/wd/hub/session/b75f3043-5847-4b2a-9239-879f9d66dc82/element/b5f57aaf-c2f7-49d9-8b84-b6263213d9b9/displayed[39m
[35m[HTTP][39m [90m{}[39m
[debug] [35m[W3C (b75f3043)][39m Calling AppiumDriver.elementDisplayed() with args: ["b5f57aaf-c2f7-49d9-8b84-b6263213d9b9","b75f3043-5847-4b2a-9239-879f9d66dc82"]
[debug] [35m[WD Proxy][39m Matched '/element/b5f57aaf-c2f7-49d9-8b84-b6263213d9b9/attribute/displayed' to command name 'getAttribute'
[debug] [35m[WD Proxy][39m Proxying [GET /element/b5f57aaf-c2f7-49d9-8b84-b6263213d9b9/attribute/displayed] to [GET http://127.0.0.1:8201/wd/hub/session/69d02787-3aa9-45fd-8476-a957ebd2aee5/element/b5f57aaf-c2f7-49d9-8b84-b6263213d9b9/attribute/displayed] with body: {}
[debug] [35m[WD Proxy][39m Got response with status 200: {"sessionId":"69d02787-3aa9-45fd-8476-a957ebd2aee5","value":"true"}
[debug] [35m[W3C (b75f3043)][39m Responding to client with driver.elementDisplayed() result: true
[35m[HTTP][39m [37m<-- GET /wd/hub/session/b75f3043-5847-4b2a-9239-879f9d66dc82/element/b5f57aaf-c2f7-49d9-8b84-b6263213d9b9/displayed [39m[32m200[39m [90m13 ms - 14[39m
[35m[HTTP][39m [90m[39m
[35m[HTTP][39m [37m-->[39m [37mPOST[39m [37m/wd/hub/session/b75f3043-5847-4b2a-9239-879f9d66dc82/element/b5f57aaf-c2f7-49d9-8b84-b6263213d9b9/click[39m
[35m[HTTP][39m [90m{"id":"b5f57aaf-c2f7-49d9-8b84-b6263213d9b9"}[39m
[debug] [35m[W3C (b75f3043)][39m Calling AppiumDriver.click() with args: ["b5f57aaf-c2f7-49d9-8b84-b6263213d9b9","b75f3043-5847-4b2a-9239-879f9d66dc82"]
[debug] [35m[WD Proxy][39m Matched '/element/b5f57aaf-c2f7-49d9-8b84-b6263213d9b9/click' to command name 'click'
[debug] [35m[WD Proxy][39m Proxying [POST /element/b5f57aaf-c2f7-49d9-8b84-b6263213d9b9/click] to [POST http://127.0.0.1:8201/wd/hub/session/69d02787-3aa9-45fd-8476-a957ebd2aee5/element/b5f57aaf-c2f7-49d9-8b84-b6263213d9b9/click] with body: {"element":"b5f57aaf-c2f7-49d9-8b84-b6263213d9b9"}
[debug] [35m[WD Proxy][39m Got response with status 200: {"sessionId":"69d02787-3aa9-45fd-8476-a957ebd2aee5","value":null}
[debug] [35m[W3C (b75f3043)][39m Responding to client with driver.click() result: null
[35m[HTTP][39m [37m<-- POST /wd/hub/session/b75f3043-5847-4b2a-9239-879f9d66dc82/element/b5f57aaf-c2f7-49d9-8b84-b6263213d9b9/click [39m[32m200[39m [90m44 ms - 14[39m
[35m[HTTP][39m [90m[39m
[35m[HTTP][39m [37m-->[39m [37mGET[39m [37m/wd/hub/session/b75f3043-5847-4b2a-9239-879f9d66dc82/screenshot[39m
[35m[HTTP][39m [90m{}[39m
[debug] [35m[W3C (b75f3043)][39m Calling AppiumDriver.getScreenshot() with args: ["b75f3043-5847-4b2a-9239-879f9d66dc82"]
[debug] [35m[WD Proxy][39m Matched '/screenshot' to command name 'getScreenshot'
[debug] [35m[WD Proxy][39m Proxying [GET /screenshot] to [GET http://127.0.0.1:8201/wd/hub/session/69d02787-3aa9-45fd-8476-a957ebd2aee5/screenshot] with no body
[debug] [35m[WD Proxy][39m Got response with status 200: {"sessionId":"69d02787-3aa9-45fd-8476-a957ebd2aee5","value":"iVBORw0KGgoAAAANSUhEUgAABDgAAAjECAYAAABJ4N+ZAAAAAXNSR0IArs4c6QAAAARzQklUCAgI\nCHwIZIgAACAASURBVHic7N13dFznfef\/z3PvzAAYVBIgwQJIJEUCFItI2VQhbTVSTpw1Za\/WtpRm\niclGsaVkU6zkl\/wiZY\/ttb3JxpL3OMcrl5Uj7c+WIrdNIspOLJKipIiUaBVKYgPYCXY0EmUw7d7n\n98cUDAiQqCyXfL\/OwcEM5s6dZ4ak7PvB9\/t9jLXWCgAAAAAAIMCci70AAAAAAACA8SLgAAAAAAAA\ngUfAAQAAAAAAAo+AAwAAAAAABB4BBwAAAAAACDwCDgAAAAAAEHgEHAAAAAAAIPAIOAAAAAAAQOAR\ncAAAAAAAgMAj4AAAAAAAAIFHwAEAAAAAAAKPgAMAAAAAAAQeAQcAAAAAAAg8Ag4AAAAAABB4BBwA\nAAAAACDwCDgAAAAAAEDgEXAAAAAAAIDAI+AAAAAAAACBR8ABAAAAAAACj4ADAAAAAAAEHgEHAAAA\nAAAIPAIOAAAAAAAQeAQcAAAAAAAg8Ag4AAAAAABA4BFwAAAAAACAwAtd7AVMpObm5hEfW1JSovr6\n+vO4msuJldLdUstT8t77klwTl034km9lHMlLReR+4BHZOQ\/IRKokmfO7nC1flNrfl4yT+XKy32Uy\nt51sbpd7fMCXyX4V\/MzJ\/kyOVD5HavjsuJeYPLBXiaYdSuzaIa+zQ34sJptOjeucJhSWE43KnTRZ\nRY0LVDR\/oSKz5ox7rQAAAABwOTDWWnuxFzFezz\/\/vF544QWN9q2sWbNGy5cvP0+rOreWlhZ1dHSo\npaVFktTX16eWlhZVV1erurpakvK3GxoaLsoaJSu7\/XOyB5+TTWUCjfyXtZKXuy\/Jt7K+lSPJzPuU\nzId\/oAkPO...
[debug] [35m[W3C (b75f3043)][39m Responding to client with driver.getScreenshot() result: "iVBORw0KGgoAAAANSUhEUgAABDgAAAjECAYAAABJ4N+ZAAAAAXNSR0IArs4c6QAAAARzQklUCAgI\nCHwIZIgAACAASURBVHic7N13dFznfef/z3PvzAAYVBIgwQJIJEUCFItI2VQhbTVSTpw1Za/WtpRm\niclGsaVkU6zkl/wiZY/ttb3JxpL3OMcrl5Uj7c+WIrdNIspOLJKipIiUaBVKYgPYCXY0EmUw7d7n\n98cUDAiQqCyXfL/OwcEM5s6dZ4ak7PvB9/t9jLXWCgAAAAAAIMCci70AAAAAAACA8SLgAAAAAAAA\ngUfAAQAAAAAAAo+AAwAAAAAABB4BBwAAAAAACDwCDgAAAAAAEHgEHAAAAAAAIPAIOAAAAAAAQOAR\ncAAAAAAAgMAj4AAAAAAAAIFHwAEAAAAAAAKPgAMAAAAAAAQeAQcAAAAAAAg8Ag4AAAAAABB4BBwA\nAAAAACDwCDgAAAAAAEDgEXAAAAAAAIDAI+AAAAAAAACBR8ABAAAAAAACj4ADAAAAAAAEHgEHAAAA\nAAAIPAIOAAAAAAAQeAQcAAAAAAAg8Ag4AAAAAABA4BFwAAAAAACAwAtd7AVMpObm5hEfW1JSovr6\n+vO4msuJldLdUstT8t77klwTl034km9lHMlLReR+4BHZOQ/IRKokmfO7nC1flNrfl4yT+XKy32Uy\nt51sbpd7fMCXyX4V/MzJ/kyOVD5HavjsuJeYPLBXiaYdSuzaIa+zQ34sJptOjeucJhSWE43KnTRZ\nRY0LVDR/oSKz5ox7rQAAAABwOTDWWnuxFzFezz//vF544QWN9q2sWbNGy5cvP0+rOreWlhZ1dHSo\npaVFktTX16eWlhZVV1erurpakvK3GxoaLsoaJSu7/XOyB5+TTWUCjfyXtZKXuy/Jt7K+lSPJzPuU\nzId/oAkPOrZ8STrxVjbQMJLjZl4jF3KoMLww/cFHLvwYEIgY5QMRZc/lZEMOY6TK+dI1a0a3Pt+T\n39ur5I...
[35m[HTTP][39m [37m<-- GET /wd/hub/session/b75f3043-5847-4b2a-9239-879f9d66dc82/screenshot [39m[32m200[39m [90m644 ms - 137756[39m
[35m[HTTP][39m [90m[39m
[35m[HTTP][39m [37m-->[39m [37mGET[39m [37m/wd/hub/session/b75f3043-5847-4b2a-9239-879f9d66dc82/screenshot[39m
[35m[HTTP][39m [90m{}[39m
[debug] [35m[W3C (b75f3043)][39m Calling AppiumDriver.getScreenshot() with args: ["b75f3043-5847-4b2a-9239-879f9d66dc82"]
[debug] [35m[WD Proxy][39m Matched '/screenshot' to command name 'getScreenshot'
[debug] [35m[WD Proxy][39m Proxying [GET /screenshot] to [GET http://127.0.0.1:8201/wd/hub/session/69d02787-3aa9-45fd-8476-a957ebd2aee5/screenshot] with no body
[debug] [35m[WD Proxy][39m Got response with status 200: {"sessionId":"69d02787-3aa9-45fd-8476-a957ebd2aee5","value":"iVBORw0KGgoAAAANSUhEUgAABDgAAAjECAYAAABJ4N+ZAAAAAXNSR0IArs4c6QAAAARzQklUCAgI\nCHwIZIgAACAASURBVHic7N13dFznfef\/z3PvzAAYVBIgwQJIJEUCFItI2VQhbTVSTpw1Za\/WtpRm\niclGsaVkU6zkl\/wiZY\/ttb3JxpL3OMcrl5Uj7c+WIrdNIspOLJKipIiUaBVKYgPYCXY0EmUw7d7n\n98cUDAiQqCyXfL\/OwcEM5s6dZ4ak7PvB9\/t9jLXWCgAAAAAAIMCci70AAAAAAACA8SLgAAAAAAAA\ngUfAAQAAAAAAAo+AAwAAAAAABB4BBwAAAAAACDwCDgAAAAAAEHgEHAAAAAAAIPAIOAAAAAAAQOAR\ncAAAAAAAgMAj4AAAAAAAAIFHwAEAAAAAAAKPgAMAAAAAAAQeAQcAAAAAAAg8Ag4AAAAAABB4BBwA\nAAAAACDwCDgAAAAAAEDgEXAAAAAAAIDAI+AAAAAAAACBR8ABAAAAAAACj4ADAAAAAAAEHgEHAAAA\nAAAIPAIOAAAAAAAQeAQcAAAAAAAg8Ag4AAAAAABA4BFwAAAAAACAwAtd7AVMpObm5hEfW1JSovr6\n+vO4msuJldLdUstT8t77klwTl034km9lHMlLReR+4BHZOQ\/IRKokmfO7nC1flNrfl4yT+XKy32Uy\nt51sbpd7fMCXyX4V\/MzJ\/kyOVD5HavjsuJeYPLBXiaYdSuzaIa+zQ34sJptOjeucJhSWE43KnTRZ\nRY0LVDR\/oSKz5ox7rQAAAABwOTDWWnuxFzFezz\/\/vF544QWN9q2sWbNGy5cvP0+rOreWlhZ1dHSo\npaVFktTX16eWlhZVV1erurpakvK3GxoaLsoaJSu7\/XOyB5+TTWUCjfyXtZKXuy\/Jt7K+lSPJzPuU\nzId\/oAkPO...
[debug] [35m[W3C (b75f3043)][39m Responding to client with driver.getScreenshot() result: "iVBORw0KGgoAAAANSUhEUgAABDgAAAjECAYAAABJ4N+ZAAAAAXNSR0IArs4c6QAAAARzQklUCAgI\nCHwIZIgAACAASURBVHic7N13dFznfef/z3PvzAAYVBIgwQJIJEUCFItI2VQhbTVSTpw1Za/WtpRm\niclGsaVkU6zkl/wiZY/ttb3JxpL3OMcrl5Uj7c+WIrdNIspOLJKipIiUaBVKYgPYCXY0EmUw7d7n\n98cUDAiQqCyXfL/OwcEM5s6dZ4ak7PvB9/t9jLXWCgAAAAAAIMCci70AAAAAAACA8SLgAAAAAAAA\ngUfAAQAAAAAAAo+AAwAAAAAABB4BBwAAAAAACDwCDgAAAAAAEHgEHAAAAAAAIPAIOAAAAAAAQOAR\ncAAAAAAAgMAj4AAAAAAAAIFHwAEAAAAAAAKPgAMAAAAAAAQeAQcAAAAAAAg8Ag4AAAAAABB4BBwA\nAAAAACDwCDgAAAAAAEDgEXAAAAAAAIDAI+AAAAAAAACBR8ABAAAAAAACj4ADAAAAAAAEHgEHAAAA\nAAAIPAIOAAAAAAAQeAQcAAAAAAAg8Ag4AAAAAABA4BFwAAAAAACAwAtd7AVMpObm5hEfW1JSovr6\n+vO4msuJldLdUstT8t77klwTl034km9lHMlLReR+4BHZOQ/IRKokmfO7nC1flNrfl4yT+XKy32Uy\nt51sbpd7fMCXyX4V/MzJ/kyOVD5HavjsuJeYPLBXiaYdSuzaIa+zQ34sJptOjeucJhSWE43KnTRZ\nRY0LVDR/oSKz5ox7rQAAAABwOTDWWnuxFzFezz//vF544QWN9q2sWbNGy5cvP0+rOreWlhZ1dHSo\npaVFktTX16eWlhZVV1erurpakvK3GxoaLsoaJSu7/XOyB5+TTWUCjfyXtZKXuy/Jt7K+lSPJzPuU\nzId/oAkPOrZ8STrxVjbQMJLjZl4jF3KoMLww/cFHLvwYEIgY5QMRZc/lZEMOY6TK+dI1a0a3Pt+T\n39ur5I...
[35m[HTTP][39m [37m<-- GET /wd/hub/session/b75f3043-5847-4b2a-9239-879f9d66dc82/screenshot [39m[32m200[39m [90m586 ms - 137756[39m
[35m[HTTP][39m [90m[39m
